[0000001] [14:44:42:151343] [Tid0x00001898] [debug] -->[C1] DL_LoadScatter #(api.cpp, line:2481)
[0000002] [14:44:42:557582] [Tid0x00001898] [debug] used lib version: 2 #(api.cpp, line:2503)
[0000003] [14:44:42:557582] [Tid0x00001898] [debug] <--[C1] DL_LoadScatter
[0000004] [14:44:42:557582] [Tid0x00001898] [debug] -->[C2] DL_AutoLoadRomImages #(api.cpp, line:2701)
[0000005] [14:44:43:963789] [Tid0x00001898] [debug] <--[C2] DL_AutoLoadRomImages
[0000006] [14:44:44:245025] [Tid0x00000574] [debug] -->[C3] DL_GetCount #(api.cpp, line:2621)
[0000007] [14:44:44:245025] [Tid0x00000574] [debug] <--[C3] DL_GetCount
[0000008] [14:44:44:245025] [Tid0x00000574] [debug] -->[C4] DL_Rom_GetInfoAll #(api.cpp, line:2786)
[0000009] [14:44:44:245025] [Tid0x00000574] [debug] <--[C4] DL_Rom_GetInfoAll
[0000010] [14:44:44:276270] [Tid0x00000574] [debug] -->[C5] DL_GetScatterInfo #(api.cpp, line:2722)
[0000011] [14:44:44:276270] [Tid0x00000574] [debug] <--[C5] DL_GetScatterInfo
[0000012] [14:44:44:291897] [Tid0x00000574] [debug] -->[C6] DL_GetCount #(api.cpp, line:2621)
[0000013] [14:44:44:291897] [Tid0x00000574] [debug] <--[C6] DL_GetCount
[0000014] [14:44:44:291897] [Tid0x00000574] [debug] -->[C7] DL_Rom_GetInfoAll #(api.cpp, line:2786)
[0000015] [14:44:44:291897] [Tid0x00000574] [debug] <--[C7] DL_Rom_GetInfoAll
[0000016] [14:44:44:291897] [Tid0x00000574] [debug] -->[C8] DL_Rom_SetEnableAttr #(api.cpp, line:2840)
[0000017] [14:44:44:291897] [Tid0x00000574] [debug] <--[C8] DL_Rom_SetEnableAttr
[0000018] [14:44:44:291897] [Tid0x00000574] [debug] -->[C9] DL_GetCount #(api.cpp, line:2621)
[0000019] [14:44:44:291897] [Tid0x00000574] [debug] <--[C9] DL_GetCount
[0000020] [14:44:44:291897] [Tid0x00000574] [debug] -->[C10] DL_Rom_GetInfoAll #(api.cpp, line:2786)
[0000021] [14:44:44:291897] [Tid0x00000574] [debug] <--[C10] DL_Rom_GetInfoAll
[0000022] [14:44:44:307524] [Tid0x00000574] [debug] -->[C11] DL_Rom_SetEnableAttr #(api.cpp, line:2840)
[0000023] [14:44:44:307524] [Tid0x00000574] [debug] <--[C11] DL_Rom_SetEnableAttr
[0000024] [14:44:44:323147] [Tid0x00000574] [debug] -->[C12] DL_GetCount #(api.cpp, line:2621)
[0000025] [14:44:44:323147] [Tid0x00000574] [debug] <--[C12] DL_GetCount
[0000026] [14:44:44:323147] [Tid0x00000574] [debug] -->[C13] DL_Rom_GetInfoAll #(api.cpp, line:2786)
[0000027] [14:44:44:323147] [Tid0x00000574] [debug] <--[C13] DL_Rom_GetInfoAll
[0000028] [14:44:44:323147] [Tid0x00000574] [debug] -->[C14] DL_Rom_SetEnableAttr #(api.cpp, line:2840)
[0000029] [14:44:44:323147] [Tid0x00000574] [debug] <--[C14] DL_Rom_SetEnableAttr
[0000030] [14:44:44:338771] [Tid0x00000574] [debug] -->[C15] DL_GetCount #(api.cpp, line:2621)
[0000031] [14:44:44:338771] [Tid0x00000574] [debug] <--[C15] DL_GetCount
[0000032] [14:44:44:338771] [Tid0x00000574] [debug] -->[C16] DL_Rom_GetInfoAll #(api.cpp, line:2786)
[0000033] [14:44:44:338771] [Tid0x00000574] [debug] <--[C16] DL_Rom_GetInfoAll
[0000034] [14:44:44:338771] [Tid0x00000574] [debug] -->[C17] DL_Rom_SetEnableAttr #(api.cpp, line:2840)
[0000035] [14:44:44:338771] [Tid0x00000574] [debug] <--[C17] DL_Rom_SetEnableAttr
[0000036] [14:44:44:338771] [Tid0x00000574] [debug] -->[C18] DL_GetCount #(api.cpp, line:2621)
[0000037] [14:44:44:338771] [Tid0x00000574] [debug] <--[C18] DL_GetCount
[0000038] [14:44:44:338771] [Tid0x00000574] [debug] -->[C19] DL_Rom_GetInfoAll #(api.cpp, line:2786)
[0000039] [14:44:44:338771] [Tid0x00000574] [debug] <--[C19] DL_Rom_GetInfoAll
[0000040] [14:44:44:338771] [Tid0x00000574] [debug] -->[C20] DL_Rom_SetEnableAttr #(api.cpp, line:2840)
[0000041] [14:44:44:338771] [Tid0x00000574] [debug] <--[C20] DL_Rom_SetEnableAttr
[0000042] [14:44:44:354396] [Tid0x00000574] [debug] -->[C21] DL_GetCount #(api.cpp, line:2621)
[0000043] [14:44:44:354396] [Tid0x00000574] [debug] <--[C21] DL_GetCount
[0000044] [14:44:44:354396] [Tid0x00000574] [debug] -->[C22] DL_Rom_GetInfoAll #(api.cpp, line:2786)
[0000045] [14:44:44:354396] [Tid0x00000574] [debug] <--[C22] DL_Rom_GetInfoAll
[0000046] [14:44:44:370020] [Tid0x00000574] [debug] -->[C23] DL_Rom_SetEnableAttr #(api.cpp, line:2840)
[0000047] [14:44:44:370020] [Tid0x00000574] [debug] <--[C23] DL_Rom_SetEnableAttr
[0000048] [14:44:44:370020] [Tid0x00000574] [debug] -->[C24] DL_GetCount #(api.cpp, line:2621)
[0000049] [14:44:44:370020] [Tid0x00000574] [debug] <--[C24] DL_GetCount
[0000050] [14:44:44:370020] [Tid0x00000574] [debug] -->[C25] DL_Rom_GetInfoAll #(api.cpp, line:2786)
[0000051] [14:44:44:370020] [Tid0x00000574] [debug] <--[C25] DL_Rom_GetInfoAll
[0000052] [14:44:44:370020] [Tid0x00000574] [debug] -->[C26] DL_Rom_SetEnableAttr #(api.cpp, line:2840)
[0000053] [14:44:44:370020] [Tid0x00000574] [debug] <--[C26] DL_Rom_SetEnableAttr
[0000054] [14:44:44:385643] [Tid0x00000574] [debug] -->[C27] DL_GetCount #(api.cpp, line:2621)
[0000055] [14:44:44:385643] [Tid0x00000574] [debug] <--[C27] DL_GetCount
[0000056] [14:44:44:385643] [Tid0x00000574] [debug] -->[C28] DL_Rom_GetInfoAll #(api.cpp, line:2786)
[0000057] [14:44:44:385643] [Tid0x00000574] [debug] <--[C28] DL_Rom_GetInfoAll
[0000058] [14:44:44:385643] [Tid0x00000574] [debug] -->[C29] DL_Rom_SetEnableAttr #(api.cpp, line:2840)
[0000059] [14:44:44:385643] [Tid0x00000574] [debug] <--[C29] DL_Rom_SetEnableAttr
[0000060] [14:44:44:401269] [Tid0x00000574] [debug] -->[C30] DL_GetCount #(api.cpp, line:2621)
[0000061] [14:44:44:401269] [Tid0x00000574] [debug] <--[C30] DL_GetCount
[0000062] [14:44:44:401269] [Tid0x00000574] [debug] -->[C31] DL_Rom_GetInfoAll #(api.cpp, line:2786)
[0000063] [14:44:44:401269] [Tid0x00000574] [debug] <--[C31] DL_Rom_GetInfoAll
[0000064] [14:44:44:401269] [Tid0x00000574] [debug] -->[C32] DL_Rom_SetEnableAttr #(api.cpp, line:2840)
[0000065] [14:44:44:401269] [Tid0x00000574] [debug] <--[C32] DL_Rom_SetEnableAttr
[0000066] [14:44:44:416894] [Tid0x00000574] [debug] -->[C33] DL_GetCount #(api.cpp, line:2621)
[0000067] [14:44:44:416894] [Tid0x00000574] [debug] <--[C33] DL_GetCount
[0000068] [14:44:44:416894] [Tid0x00000574] [debug] -->[C34] DL_Rom_GetInfoAll #(api.cpp, line:2786)
[0000069] [14:44:44:416894] [Tid0x00000574] [debug] <--[C34] DL_Rom_GetInfoAll
[0000070] [14:44:44:416894] [Tid0x00000574] [debug] -->[C35] DL_Rom_SetEnableAttr #(api.cpp, line:2840)
[0000071] [14:44:44:416894] [Tid0x00000574] [debug] <--[C35] DL_Rom_SetEnableAttr
[0000072] [14:44:44:416894] [Tid0x00000574] [debug] -->[C36] DL_GetCount #(api.cpp, line:2621)
[0000073] [14:44:44:416894] [Tid0x00000574] [debug] <--[C36] DL_GetCount
[0000074] [14:44:44:416894] [Tid0x00000574] [debug] -->[C37] DL_Rom_GetInfoAll #(api.cpp, line:2786)
[0000075] [14:44:44:416894] [Tid0x00000574] [debug] <--[C37] DL_Rom_GetInfoAll
[0000076] [14:44:44:432517] [Tid0x00000574] [debug] -->[C38] DL_Rom_SetEnableAttr #(api.cpp, line:2840)
[0000077] [14:44:44:432517] [Tid0x00000574] [debug] <--[C38] DL_Rom_SetEnableAttr
[0000078] [14:44:44:448143] [Tid0x00000574] [debug] -->[C39] DL_GetCount #(api.cpp, line:2621)
[0000079] [14:44:44:448143] [Tid0x00000574] [debug] <--[C39] DL_GetCount
[0000080] [14:44:44:448143] [Tid0x00000574] [debug] -->[C40] DL_Rom_GetInfoAll #(api.cpp, line:2786)
[0000081] [14:44:44:448143] [Tid0x00000574] [debug] <--[C40] DL_Rom_GetInfoAll
[0000082] [14:44:44:448143] [Tid0x00000574] [debug] -->[C41] DL_Rom_SetEnableAttr #(api.cpp, line:2840)
[0000083] [14:44:44:448143] [Tid0x00000574] [debug] <--[C41] DL_Rom_SetEnableAttr
[0000084] [14:44:44:448143] [Tid0x00000574] [debug] -->[C42] DL_GetCount #(api.cpp, line:2621)
[0000085] [14:44:44:448143] [Tid0x00000574] [debug] <--[C42] DL_GetCount
[0000086] [14:44:44:448143] [Tid0x00000574] [debug] -->[C43] DL_Rom_GetInfoAll #(api.cpp, line:2786)
[0000087] [14:44:44:448143] [Tid0x00000574] [debug] <--[C43] DL_Rom_GetInfoAll
[0000088] [14:44:44:463766] [Tid0x00000574] [debug] -->[C44] DL_Rom_SetEnableAttr #(api.cpp, line:2840)
[0000089] [14:44:44:463766] [Tid0x00000574] [debug] <--[C44] DL_Rom_SetEnableAttr
[0000090] [14:44:44:463766] [Tid0x00000574] [debug] -->[C45] DL_GetCount #(api.cpp, line:2621)
[0000091] [14:44:44:463766] [Tid0x00000574] [debug] <--[C45] DL_GetCount
[0000092] [14:44:44:463766] [Tid0x00000574] [debug] -->[C46] DL_Rom_GetInfoAll #(api.cpp, line:2786)
[0000093] [14:44:44:463766] [Tid0x00000574] [debug] <--[C46] DL_Rom_GetInfoAll
[0000094] [14:44:44:463766] [Tid0x00000574] [debug] -->[C47] DL_Rom_SetEnableAttr #(api.cpp, line:2840)
[0000095] [14:44:44:463766] [Tid0x00000574] [debug] <--[C47] DL_Rom_SetEnableAttr
[0000096] [14:44:44:479392] [Tid0x00000574] [debug] -->[C48] DL_GetCount #(api.cpp, line:2621)
[0000097] [14:44:44:479392] [Tid0x00000574] [debug] <--[C48] DL_GetCount
[0000098] [14:44:44:479392] [Tid0x00000574] [debug] -->[C49] DL_Rom_GetInfoAll #(api.cpp, line:2786)
[0000099] [14:44:44:479392] [Tid0x00000574] [debug] <--[C49] DL_Rom_GetInfoAll
[0000100] [14:44:44:495016] [Tid0x00000574] [debug] -->[C50] DL_Rom_SetEnableAttr #(api.cpp, line:2840)
[0000101] [14:44:44:495016] [Tid0x00000574] [debug] <--[C50] DL_Rom_SetEnableAttr
[0000102] [14:44:44:495016] [Tid0x00000574] [debug] -->[C51] DL_GetCount #(api.cpp, line:2621)
[0000103] [14:44:44:495016] [Tid0x00000574] [debug] <--[C51] DL_GetCount
[0000104] [14:44:44:495016] [Tid0x00000574] [debug] -->[C52] DL_Rom_GetInfoAll #(api.cpp, line:2786)
[0000105] [14:44:44:495016] [Tid0x00000574] [debug] <--[C52] DL_Rom_GetInfoAll
[0000106] [14:44:44:495016] [Tid0x00000574] [debug] -->[C53] DL_Rom_SetEnableAttr #(api.cpp, line:2840)
[0000107] [14:44:44:495016] [Tid0x00000574] [debug] <--[C53] DL_Rom_SetEnableAttr
[0000108] [14:44:44:495016] [Tid0x00000574] [debug] -->[C54] DL_GetCount #(api.cpp, line:2621)
[0000109] [14:44:44:495016] [Tid0x00000574] [debug] <--[C54] DL_GetCount
[0000110] [14:44:44:495016] [Tid0x00000574] [debug] -->[C55] DL_Rom_GetInfoAll #(api.cpp, line:2786)
[0000111] [14:44:44:495016] [Tid0x00000574] [debug] <--[C55] DL_Rom_GetInfoAll
[0000112] [14:44:44:510643] [Tid0x00000574] [debug] -->[C56] DL_Rom_SetEnableAttr #(api.cpp, line:2840)
[0000113] [14:44:44:510643] [Tid0x00000574] [debug] <--[C56] DL_Rom_SetEnableAttr
[0000114] [14:44:44:526268] [Tid0x00000574] [debug] -->[C57] DL_GetCount #(api.cpp, line:2621)
[0000115] [14:44:44:526268] [Tid0x00000574] [debug] <--[C57] DL_GetCount
[0000116] [14:44:44:526268] [Tid0x00000574] [debug] -->[C58] DL_Rom_GetInfoAll #(api.cpp, line:2786)
[0000117] [14:44:44:526268] [Tid0x00000574] [debug] <--[C58] DL_Rom_GetInfoAll
[0000118] [14:44:44:526268] [Tid0x00000574] [debug] -->[C59] DL_Rom_SetEnableAttr #(api.cpp, line:2840)
[0000119] [14:44:44:526268] [Tid0x00000574] [debug] <--[C59] DL_Rom_SetEnableAttr
[0000120] [14:44:44:541890] [Tid0x00000574] [debug] -->[C60] DL_GetCount #(api.cpp, line:2621)
[0000121] [14:44:44:541890] [Tid0x00000574] [debug] <--[C60] DL_GetCount
[0000122] [14:44:44:541890] [Tid0x00000574] [debug] -->[C61] DL_Rom_GetInfoAll #(api.cpp, line:2786)
[0000123] [14:44:44:541890] [Tid0x00000574] [debug] <--[C61] DL_Rom_GetInfoAll
[0000124] [14:44:44:541890] [Tid0x00000574] [debug] -->[C62] DL_Rom_SetEnableAttr #(api.cpp, line:2840)
[0000125] [14:44:44:541890] [Tid0x00000574] [debug] <--[C62] DL_Rom_SetEnableAttr
[0000126] [14:44:44:541890] [Tid0x00000574] [debug] -->[C63] DL_GetCount #(api.cpp, line:2621)
[0000127] [14:44:44:541890] [Tid0x00000574] [debug] <--[C63] DL_GetCount
[0000128] [14:44:44:541890] [Tid0x00000574] [debug] -->[C64] DL_Rom_GetInfoAll #(api.cpp, line:2786)
[0000129] [14:44:44:541890] [Tid0x00000574] [debug] <--[C64] DL_Rom_GetInfoAll
[0000130] [14:44:44:541890] [Tid0x00000574] [debug] -->[C65] DL_Rom_SetEnableAttr #(api.cpp, line:2840)
[0000131] [14:44:44:541890] [Tid0x00000574] [debug] <--[C65] DL_Rom_SetEnableAttr
[0000132] [14:44:44:557515] [Tid0x00000574] [debug] -->[C66] DL_GetCount #(api.cpp, line:2621)
[0000133] [14:44:44:557515] [Tid0x00000574] [debug] <--[C66] DL_GetCount
[0000134] [14:44:44:557515] [Tid0x00000574] [debug] -->[C67] DL_Rom_GetInfoAll #(api.cpp, line:2786)
[0000135] [14:44:44:557515] [Tid0x00000574] [debug] <--[C67] DL_Rom_GetInfoAll
[0000136] [14:44:44:573136] [Tid0x00000574] [debug] -->[C68] DL_Rom_SetEnableAttr #(api.cpp, line:2840)
[0000137] [14:44:44:573136] [Tid0x00000574] [debug] <--[C68] DL_Rom_SetEnableAttr
[0000138] [14:44:44:573136] [Tid0x00000574] [debug] -->[C69] DL_GetCount #(api.cpp, line:2621)
[0000139] [14:44:44:573136] [Tid0x00000574] [debug] <--[C69] DL_GetCount
[0000140] [14:44:44:573136] [Tid0x00000574] [debug] -->[C70] DL_Rom_GetInfoAll #(api.cpp, line:2786)
[0000141] [14:44:44:573136] [Tid0x00000574] [debug] <--[C70] DL_Rom_GetInfoAll
[0000142] [14:44:44:588765] [Tid0x00000574] [debug] -->[C71] DL_Rom_SetEnableAttr #(api.cpp, line:2840)
[0000143] [14:44:44:588765] [Tid0x00000574] [debug] <--[C71] DL_Rom_SetEnableAttr
[0000144] [14:44:44:588765] [Tid0x00000574] [debug] -->[C72] DL_GetCount #(api.cpp, line:2621)
[0000145] [14:44:44:588765] [Tid0x00000574] [debug] <--[C72] DL_GetCount
[0000146] [14:44:44:588765] [Tid0x00000574] [debug] -->[C73] DL_Rom_GetInfoAll #(api.cpp, line:2786)
[0000147] [14:44:44:588765] [Tid0x00000574] [debug] <--[C73] DL_Rom_GetInfoAll
[0000148] [14:44:44:588765] [Tid0x00000574] [debug] -->[C74] DL_Rom_SetEnableAttr #(api.cpp, line:2840)
[0000149] [14:44:44:588765] [Tid0x00000574] [debug] <--[C74] DL_Rom_SetEnableAttr
[0000150] [14:44:44:604390] [Tid0x00000574] [debug] -->[C75] DL_GetCount #(api.cpp, line:2621)
[0000151] [14:44:44:604390] [Tid0x00000574] [debug] <--[C75] DL_GetCount
[0000152] [14:44:44:604390] [Tid0x00000574] [debug] -->[C76] DL_Rom_GetInfoAll #(api.cpp, line:2786)
[0000153] [14:44:44:604390] [Tid0x00000574] [debug] <--[C76] DL_Rom_GetInfoAll
[0000154] [14:44:44:604390] [Tid0x00000574] [debug] -->[C77] DL_Rom_SetEnableAttr #(api.cpp, line:2840)
[0000155] [14:44:44:604390] [Tid0x00000574] [debug] <--[C77] DL_Rom_SetEnableAttr
[0000156] [14:44:44:620012] [Tid0x00000574] [debug] -->[C78] DL_GetCount #(api.cpp, line:2621)
[0000157] [14:44:44:620012] [Tid0x00000574] [debug] <--[C78] DL_GetCount
[0000158] [14:44:44:620012] [Tid0x00000574] [debug] -->[C79] DL_Rom_GetInfoAll #(api.cpp, line:2786)
[0000159] [14:44:44:620012] [Tid0x00000574] [debug] <--[C79] DL_Rom_GetInfoAll
[0000160] [14:44:44:620012] [Tid0x00000574] [debug] -->[C80] DL_Rom_SetEnableAttr #(api.cpp, line:2840)
[0000161] [14:44:44:620012] [Tid0x00000574] [debug] <--[C80] DL_Rom_SetEnableAttr
[0000162] [14:44:44:620012] [Tid0x00000574] [debug] -->[C81] DL_GetCount #(api.cpp, line:2621)
[0000163] [14:44:44:620012] [Tid0x00000574] [debug] <--[C81] DL_GetCount
[0000164] [14:44:44:620012] [Tid0x00000574] [debug] -->[C82] DL_Rom_GetInfoAll #(api.cpp, line:2786)
[0000165] [14:44:44:620012] [Tid0x00000574] [debug] <--[C82] DL_Rom_GetInfoAll
[0000166] [14:44:44:635636] [Tid0x00000574] [debug] -->[C83] DL_Rom_SetEnableAttr #(api.cpp, line:2840)
[0000167] [14:44:44:635636] [Tid0x00000574] [debug] <--[C83] DL_Rom_SetEnableAttr
[0000168] [14:44:44:651261] [Tid0x00000574] [debug] -->[C84] DL_GetCount #(api.cpp, line:2621)
[0000169] [14:44:44:651261] [Tid0x00000574] [debug] <--[C84] DL_GetCount
[0000170] [14:44:44:651261] [Tid0x00000574] [debug] -->[C85] DL_Rom_GetInfoAll #(api.cpp, line:2786)
[0000171] [14:44:44:651261] [Tid0x00000574] [debug] <--[C85] DL_Rom_GetInfoAll
[0000172] [14:44:44:651261] [Tid0x00000574] [debug] -->[C86] DL_Rom_SetEnableAttr #(api.cpp, line:2840)
[0000173] [14:44:44:651261] [Tid0x00000574] [debug] <--[C86] DL_Rom_SetEnableAttr
[0000174] [14:44:44:651261] [Tid0x00000574] [debug] -->[C87] DL_GetCount #(api.cpp, line:2621)
[0000175] [14:44:44:651261] [Tid0x00000574] [debug] <--[C87] DL_GetCount
[0000176] [14:44:44:651261] [Tid0x00000574] [debug] -->[C88] DL_Rom_GetInfoAll #(api.cpp, line:2786)
[0000177] [14:44:44:651261] [Tid0x00000574] [debug] <--[C88] DL_Rom_GetInfoAll
[0000178] [14:44:44:666885] [Tid0x00000574] [debug] -->[C89] DL_Rom_SetEnableAttr #(api.cpp, line:2840)
[0000179] [14:44:44:666885] [Tid0x00000574] [debug] <--[C89] DL_Rom_SetEnableAttr
[0000180] [14:44:44:666885] [Tid0x00000574] [debug] -->[C90] DL_GetCount #(api.cpp, line:2621)
[0000181] [14:44:44:666885] [Tid0x00000574] [debug] <--[C90] DL_GetCount
[0000182] [14:44:44:666885] [Tid0x00000574] [debug] -->[C91] DL_Rom_GetInfoAll #(api.cpp, line:2786)
[0000183] [14:44:44:666885] [Tid0x00000574] [debug] <--[C91] DL_Rom_GetInfoAll
[0000184] [14:44:44:666885] [Tid0x00000574] [debug] -->[C92] DL_Rom_SetEnableAttr #(api.cpp, line:2840)
[0000185] [14:44:44:666885] [Tid0x00000574] [debug] <--[C92] DL_Rom_SetEnableAttr
[0000186] [14:44:44:682512] [Tid0x00000574] [debug] -->[C93] DL_GetCount #(api.cpp, line:2621)
[0000187] [14:44:44:682512] [Tid0x00000574] [debug] <--[C93] DL_GetCount
[0000188] [14:44:44:682512] [Tid0x00000574] [debug] -->[C94] DL_Rom_GetInfoAll #(api.cpp, line:2786)
[0000189] [14:44:44:682512] [Tid0x00000574] [debug] <--[C94] DL_Rom_GetInfoAll
[0000190] [14:44:44:698132] [Tid0x00000574] [debug] -->[C95] DL_Rom_SetEnableAttr #(api.cpp, line:2840)
[0000191] [14:44:44:698132] [Tid0x00000574] [debug] <--[C95] DL_Rom_SetEnableAttr
[0000192] [14:44:44:698132] [Tid0x00000574] [debug] -->[C96] DL_GetCount #(api.cpp, line:2621)
[0000193] [14:44:44:698132] [Tid0x00000574] [debug] <--[C96] DL_GetCount
[0000194] [14:44:44:698132] [Tid0x00000574] [debug] -->[C97] DL_Rom_GetInfoAll #(api.cpp, line:2786)
[0000195] [14:44:44:698132] [Tid0x00000574] [debug] <--[C97] DL_Rom_GetInfoAll
[0000196] [14:44:44:698132] [Tid0x00000574] [debug] -->[C98] DL_Rom_SetEnableAttr #(api.cpp, line:2840)
[0000197] [14:44:44:698132] [Tid0x00000574] [debug] <--[C98] DL_Rom_SetEnableAttr
[0000198] [14:44:44:698132] [Tid0x00000574] [debug] -->[C99] DL_GetCount #(api.cpp, line:2621)
[0000199] [14:44:44:698132] [Tid0x00000574] [debug] <--[C99] DL_GetCount
[0000200] [14:44:44:698132] [Tid0x00000574] [debug] -->[C100] DL_Rom_GetInfoAll #(api.cpp, line:2786)
[0000201] [14:44:44:698132] [Tid0x00000574] [debug] <--[C100] DL_Rom_GetInfoAll
[0000202] [14:44:44:713758] [Tid0x00000574] [debug] -->[C101] DL_Rom_SetEnableAttr #(api.cpp, line:2840)
[0000203] [14:44:44:713758] [Tid0x00000574] [debug] <--[C101] DL_Rom_SetEnableAttr
[0000204] [14:44:44:729381] [Tid0x00000574] [debug] -->[C102] DL_GetCount #(api.cpp, line:2621)
[0000205] [14:44:44:729381] [Tid0x00000574] [debug] <--[C102] DL_GetCount
[0000206] [14:44:44:729381] [Tid0x00000574] [debug] -->[C103] DL_Rom_GetInfoAll #(api.cpp, line:2786)
[0000207] [14:44:44:729381] [Tid0x00000574] [debug] <--[C103] DL_Rom_GetInfoAll
[0000208] [14:44:44:729381] [Tid0x00000574] [debug] -->[C104] DL_Rom_SetEnableAttr #(api.cpp, line:2840)
[0000209] [14:44:44:729381] [Tid0x00000574] [debug] <--[C104] DL_Rom_SetEnableAttr
[0000210] [14:44:44:745007] [Tid0x00000574] [debug] -->[C105] DL_GetCount #(api.cpp, line:2621)
[0000211] [14:44:44:745007] [Tid0x00000574] [debug] <--[C105] DL_GetCount
[0000212] [14:44:44:745007] [Tid0x00000574] [debug] -->[C106] DL_Rom_GetInfoAll #(api.cpp, line:2786)
[0000213] [14:44:44:745007] [Tid0x00000574] [debug] <--[C106] DL_Rom_GetInfoAll
[0000214] [14:44:44:745007] [Tid0x00000574] [debug] -->[C107] DL_Rom_SetEnableAttr #(api.cpp, line:2840)
[0000215] [14:44:44:745007] [Tid0x00000574] [debug] <--[C107] DL_Rom_SetEnableAttr
[0000216] [14:44:44:745007] [Tid0x00000574] [debug] -->[C108] DL_GetCount #(api.cpp, line:2621)
[0000217] [14:44:44:745007] [Tid0x00000574] [debug] <--[C108] DL_GetCount
[0000218] [14:44:44:745007] [Tid0x00000574] [debug] -->[C109] DL_Rom_GetInfoAll #(api.cpp, line:2786)
[0000219] [14:44:44:745007] [Tid0x00000574] [debug] <--[C109] DL_Rom_GetInfoAll
[0000220] [14:44:44:745007] [Tid0x00000574] [debug] -->[C110] DL_Rom_SetEnableAttr #(api.cpp, line:2840)
[0000221] [14:44:44:745007] [Tid0x00000574] [debug] <--[C110] DL_Rom_SetEnableAttr
[0000222] [14:44:44:760633] [Tid0x00000574] [debug] -->[C111] DL_GetCount #(api.cpp, line:2621)
[0000223] [14:44:44:760633] [Tid0x00000574] [debug] <--[C111] DL_GetCount
[0000224] [14:44:44:760633] [Tid0x00000574] [debug] -->[C112] DL_Rom_GetInfoAll #(api.cpp, line:2786)
[0000225] [14:44:44:760633] [Tid0x00000574] [debug] <--[C112] DL_Rom_GetInfoAll
[0000226] [14:44:44:776259] [Tid0x00000574] [debug] -->[C113] DL_Rom_SetEnableAttr #(api.cpp, line:2840)
[0000227] [14:44:44:776259] [Tid0x00000574] [debug] <--[C113] DL_Rom_SetEnableAttr
[0000228] [14:44:44:776259] [Tid0x00000574] [debug] -->[C114] DL_GetCount #(api.cpp, line:2621)
[0000229] [14:44:44:776259] [Tid0x00000574] [debug] <--[C114] DL_GetCount
[0000230] [14:44:44:776259] [Tid0x00000574] [debug] -->[C115] DL_Rom_GetInfoAll #(api.cpp, line:2786)
[0000231] [14:44:44:776259] [Tid0x00000574] [debug] <--[C115] DL_Rom_GetInfoAll
[0000232] [14:44:44:791880] [Tid0x00000574] [debug] -->[C116] DL_Rom_SetEnableAttr #(api.cpp, line:2840)
[0000233] [14:44:44:791880] [Tid0x00000574] [debug] <--[C116] DL_Rom_SetEnableAttr
[0000234] [14:44:44:791880] [Tid0x00000574] [debug] -->[C117] DL_GetCount #(api.cpp, line:2621)
[0000235] [14:44:44:791880] [Tid0x00000574] [debug] <--[C117] DL_GetCount
[0000236] [14:44:44:791880] [Tid0x00000574] [debug] -->[C118] DL_Rom_GetInfoAll #(api.cpp, line:2786)
[0000237] [14:44:44:791880] [Tid0x00000574] [debug] <--[C118] DL_Rom_GetInfoAll
[0000238] [14:44:44:791880] [Tid0x00000574] [debug] -->[C119] DL_Rom_SetEnableAttr #(api.cpp, line:2840)
[0000239] [14:44:44:791880] [Tid0x00000574] [debug] <--[C119] DL_Rom_SetEnableAttr
[0000240] [14:44:44:807508] [Tid0x00000574] [debug] -->[C120] DL_GetCount #(api.cpp, line:2621)
[0000241] [14:44:44:807508] [Tid0x00000574] [debug] <--[C120] DL_GetCount
[0000242] [14:44:44:807508] [Tid0x00000574] [debug] -->[C121] DL_Rom_GetInfoAll #(api.cpp, line:2786)
[0000243] [14:44:44:807508] [Tid0x00000574] [debug] <--[C121] DL_Rom_GetInfoAll
[0000244] [14:44:44:807508] [Tid0x00000574] [debug] -->[C122] DL_Rom_SetEnableAttr #(api.cpp, line:2840)
[0000245] [14:44:44:807508] [Tid0x00000574] [debug] <--[C122] DL_Rom_SetEnableAttr
[0000246] [14:44:44:823128] [Tid0x00000574] [debug] -->[C123] DL_GetCount #(api.cpp, line:2621)
[0000247] [14:44:44:823128] [Tid0x00000574] [debug] <--[C123] DL_GetCount
[0000248] [14:44:44:823128] [Tid0x00000574] [debug] -->[C124] DL_Rom_GetInfoAll #(api.cpp, line:2786)
[0000249] [14:44:44:823128] [Tid0x00000574] [debug] <--[C124] DL_Rom_GetInfoAll
[0000250] [14:44:44:823128] [Tid0x00000574] [debug] -->[C125] DL_Rom_SetEnableAttr #(api.cpp, line:2840)
[0000251] [14:44:44:823128] [Tid0x00000574] [debug] <--[C125] DL_Rom_SetEnableAttr
[0000252] [14:44:44:823128] [Tid0x00000574] [debug] -->[C126] DL_GetCount #(api.cpp, line:2621)
[0000253] [14:44:44:823128] [Tid0x00000574] [debug] <--[C126] DL_GetCount
[0000254] [14:44:44:823128] [Tid0x00000574] [debug] -->[C127] DL_Rom_GetInfoAll #(api.cpp, line:2786)
[0000255] [14:44:44:823128] [Tid0x00000574] [debug] <--[C127] DL_Rom_GetInfoAll
[0000256] [14:44:44:838755] [Tid0x00000574] [debug] -->[C128] DL_Rom_SetEnableAttr #(api.cpp, line:2840)
[0000257] [14:44:44:838755] [Tid0x00000574] [debug] <--[C128] DL_Rom_SetEnableAttr
[0000258] [14:44:44:854378] [Tid0x00000574] [debug] -->[C129] DL_GetCount #(api.cpp, line:2621)
[0000259] [14:44:44:854378] [Tid0x00000574] [debug] <--[C129] DL_GetCount
[0000260] [14:44:44:854378] [Tid0x00000574] [debug] -->[C130] DL_Rom_GetInfoAll #(api.cpp, line:2786)
[0000261] [14:44:44:854378] [Tid0x00000574] [debug] <--[C130] DL_Rom_GetInfoAll
[0000262] [14:44:44:854378] [Tid0x00000574] [debug] -->[C131] DL_Rom_SetEnableAttr #(api.cpp, line:2840)
[0000263] [14:44:44:854378] [Tid0x00000574] [debug] <--[C131] DL_Rom_SetEnableAttr
[0000264] [14:44:44:854378] [Tid0x00000574] [debug] -->[C132] DL_GetCount #(api.cpp, line:2621)
[0000265] [14:44:44:854378] [Tid0x00000574] [debug] <--[C132] DL_GetCount
[0000266] [14:44:44:854378] [Tid0x00000574] [debug] -->[C133] DL_Rom_GetInfoAll #(api.cpp, line:2786)
[0000267] [14:44:44:854378] [Tid0x00000574] [debug] <--[C133] DL_Rom_GetInfoAll
[0000268] [14:44:44:870003] [Tid0x00000574] [debug] -->[C134] DL_Rom_SetEnableAttr #(api.cpp, line:2840)
[0000269] [14:44:44:870003] [Tid0x00000574] [debug] <--[C134] DL_Rom_SetEnableAttr
[0000270] [14:44:44:870003] [Tid0x00000574] [debug] -->[C135] DL_GetCount #(api.cpp, line:2621)
[0000271] [14:44:44:870003] [Tid0x00000574] [debug] <--[C135] DL_GetCount
[0000272] [14:44:44:870003] [Tid0x00000574] [debug] -->[C136] DL_Rom_GetInfoAll #(api.cpp, line:2786)
[0000273] [14:44:44:870003] [Tid0x00000574] [debug] <--[C136] DL_Rom_GetInfoAll
[0000274] [14:44:44:870003] [Tid0x00000574] [debug] -->[C137] DL_Rom_SetEnableAttr #(api.cpp, line:2840)
[0000275] [14:44:44:870003] [Tid0x00000574] [debug] <--[C137] DL_Rom_SetEnableAttr
[0000276] [14:44:44:885629] [Tid0x00000574] [debug] -->[C138] DL_GetCount #(api.cpp, line:2621)
[0000277] [14:44:44:885629] [Tid0x00000574] [debug] <--[C138] DL_GetCount
[0000278] [14:44:44:885629] [Tid0x00000574] [debug] -->[C139] DL_Rom_GetInfoAll #(api.cpp, line:2786)
[0000279] [14:44:44:885629] [Tid0x00000574] [debug] <--[C139] DL_Rom_GetInfoAll
[0000280] [14:44:44:901253] [Tid0x00000574] [debug] -->[C140] DL_Rom_SetEnableAttr #(api.cpp, line:2840)
[0000281] [14:44:44:901253] [Tid0x00000574] [debug] <--[C140] DL_Rom_SetEnableAttr
[0000282] [14:44:44:901253] [Tid0x00000574] [debug] -->[C141] DL_GetCount #(api.cpp, line:2621)
[0000283] [14:44:44:901253] [Tid0x00000574] [debug] <--[C141] DL_GetCount
[0000284] [14:44:44:901253] [Tid0x00000574] [debug] -->[C142] DL_Rom_GetInfoAll #(api.cpp, line:2786)
[0000285] [14:44:44:901253] [Tid0x00000574] [debug] <--[C142] DL_Rom_GetInfoAll
[0000286] [14:44:44:901253] [Tid0x00000574] [debug] -->[C143] DL_Rom_SetEnableAttr #(api.cpp, line:2840)
[0000287] [14:44:44:901253] [Tid0x00000574] [debug] <--[C143] DL_Rom_SetEnableAttr
[0000288] [14:44:44:901253] [Tid0x00000574] [debug] -->[C144] DL_GetCount #(api.cpp, line:2621)
[0000289] [14:44:44:916880] [Tid0x00000574] [debug] <--[C144] DL_GetCount
[0000290] [14:44:44:916880] [Tid0x00000574] [debug] -->[C145] DL_Rom_GetInfoAll #(api.cpp, line:2786)
[0000291] [14:44:44:916880] [Tid0x00000574] [debug] <--[C145] DL_Rom_GetInfoAll
[0000292] [14:44:44:916880] [Tid0x00000574] [debug] -->[C146] DL_Rom_SetEnableAttr #(api.cpp, line:2840)
[0000293] [14:44:44:916880] [Tid0x00000574] [debug] <--[C146] DL_Rom_SetEnableAttr
[0000294] [14:44:44:916880] [Tid0x00000574] [debug] -->[C147] DL_GetCount #(api.cpp, line:2621)
[0000295] [14:44:44:916880] [Tid0x00000574] [debug] <--[C147] DL_GetCount
[0000296] [14:44:44:916880] [Tid0x00000574] [debug] -->[C148] DL_Rom_GetInfoAll #(api.cpp, line:2786)
[0000297] [14:44:44:916880] [Tid0x00000574] [debug] <--[C148] DL_Rom_GetInfoAll
[0000298] [14:44:44:932499] [Tid0x00000574] [debug] -->[C149] DL_Rom_SetEnableAttr #(api.cpp, line:2840)
[0000299] [14:44:44:932499] [Tid0x00000574] [debug] <--[C149] DL_Rom_SetEnableAttr
[0000300] [14:44:44:932499] [Tid0x00000574] [debug] -->[C150] DL_SetChecksumLevel #(api.cpp, line:2523)
[0000301] [14:44:44:932499] [Tid0x00000574] [debug] <--[C150] DL_SetChecksumLevel
[0000302] [14:44:46:901188] [Tid0x00000574] [debug] -->[C151] DL_GetCount #(api.cpp, line:2621)
[0000303] [14:44:46:901188] [Tid0x00000574] [debug] <--[C151] DL_GetCount
[0000304] [14:44:46:901188] [Tid0x00000574] [debug] -->[C152] DL_Rom_GetInfoAll #(api.cpp, line:2786)
[0000305] [14:44:46:901188] [Tid0x00000574] [debug] <--[C152] DL_Rom_GetInfoAll
[0000306] [14:44:46:916811] [Tid0x00000574] [debug] -->[C153] DL_Rom_SetEnableAttr #(api.cpp, line:2840)
[0000307] [14:44:46:916811] [Tid0x00000574] [debug] <--[C153] DL_Rom_SetEnableAttr
[0000308] [14:44:46:916811] [Tid0x00000574] [debug] -->[C154] DL_GetCount #(api.cpp, line:2621)
[0000309] [14:44:46:916811] [Tid0x00000574] [debug] <--[C154] DL_GetCount
[0000310] [14:44:46:916811] [Tid0x00000574] [debug] -->[C155] DL_Rom_GetInfoAll #(api.cpp, line:2786)
[0000311] [14:44:46:916811] [Tid0x00000574] [debug] <--[C155] DL_Rom_GetInfoAll
[0000312] [14:44:46:916811] [Tid0x00000574] [debug] -->[C156] DL_Rom_SetEnableAttr #(api.cpp, line:2840)
[0000313] [14:44:46:916811] [Tid0x00000574] [debug] <--[C156] DL_Rom_SetEnableAttr
[0000314] [14:44:46:916811] [Tid0x00000574] [debug] -->[C157] DL_GetCount #(api.cpp, line:2621)
[0000315] [14:44:46:916811] [Tid0x00000574] [debug] <--[C157] DL_GetCount
[0000316] [14:44:46:916811] [Tid0x00000574] [debug] -->[C158] DL_Rom_GetInfoAll #(api.cpp, line:2786)
[0000317] [14:44:46:916811] [Tid0x00000574] [debug] <--[C158] DL_Rom_GetInfoAll
[0000318] [14:44:46:932438] [Tid0x00000574] [debug] -->[C159] DL_Rom_SetEnableAttr #(api.cpp, line:2840)
[0000319] [14:44:46:932438] [Tid0x00000574] [debug] <--[C159] DL_Rom_SetEnableAttr
[0000320] [14:44:46:932438] [Tid0x00000574] [debug] -->[C160] DL_GetCount #(api.cpp, line:2621)
[0000321] [14:44:46:932438] [Tid0x00000574] [debug] <--[C160] DL_GetCount
[0000322] [14:44:46:932438] [Tid0x00000574] [debug] -->[C161] DL_Rom_GetInfoAll #(api.cpp, line:2786)
[0000323] [14:44:46:932438] [Tid0x00000574] [debug] <--[C161] DL_Rom_GetInfoAll
[0000324] [14:44:46:932438] [Tid0x00000574] [debug] -->[C162] DL_Rom_SetEnableAttr #(api.cpp, line:2840)
[0000325] [14:44:46:932438] [Tid0x00000574] [debug] <--[C162] DL_Rom_SetEnableAttr
[0000326] [14:44:46:932438] [Tid0x00000574] [debug] -->[C163] DL_GetCount #(api.cpp, line:2621)
[0000327] [14:44:46:932438] [Tid0x00000574] [debug] <--[C163] DL_GetCount
[0000328] [14:44:46:932438] [Tid0x00000574] [debug] -->[C164] DL_Rom_GetInfoAll #(api.cpp, line:2786)
[0000329] [14:44:46:932438] [Tid0x00000574] [debug] <--[C164] DL_Rom_GetInfoAll
[0000330] [14:44:46:932438] [Tid0x00000574] [debug] -->[C165] DL_Rom_SetEnableAttr #(api.cpp, line:2840)
[0000331] [14:44:46:932438] [Tid0x00000574] [debug] <--[C165] DL_Rom_SetEnableAttr
[0000332] [14:44:46:932438] [Tid0x00000574] [debug] -->[C166] DL_GetCount #(api.cpp, line:2621)
[0000333] [14:44:46:932438] [Tid0x00000574] [debug] <--[C166] DL_GetCount
[0000334] [14:44:46:932438] [Tid0x00000574] [debug] -->[C167] DL_Rom_GetInfoAll #(api.cpp, line:2786)
[0000335] [14:44:46:932438] [Tid0x00000574] [debug] <--[C167] DL_Rom_GetInfoAll
[0000336] [14:44:46:948062] [Tid0x00000574] [debug] -->[C168] DL_Rom_SetEnableAttr #(api.cpp, line:2840)
[0000337] [14:44:46:948062] [Tid0x00000574] [debug] <--[C168] DL_Rom_SetEnableAttr
[0000338] [14:44:46:948062] [Tid0x00000574] [debug] -->[C169] DL_GetCount #(api.cpp, line:2621)
[0000339] [14:44:46:948062] [Tid0x00000574] [debug] <--[C169] DL_GetCount
[0000340] [14:44:46:948062] [Tid0x00000574] [debug] -->[C170] DL_Rom_GetInfoAll #(api.cpp, line:2786)
[0000341] [14:44:46:948062] [Tid0x00000574] [debug] <--[C170] DL_Rom_GetInfoAll
[0000342] [14:44:46:948062] [Tid0x00000574] [debug] -->[C171] DL_Rom_SetEnableAttr #(api.cpp, line:2840)
[0000343] [14:44:46:948062] [Tid0x00000574] [debug] <--[C171] DL_Rom_SetEnableAttr
[0000344] [14:44:46:948062] [Tid0x00000574] [debug] -->[C172] DL_GetCount #(api.cpp, line:2621)
[0000345] [14:44:46:948062] [Tid0x00000574] [debug] <--[C172] DL_GetCount
[0000346] [14:44:46:948062] [Tid0x00000574] [debug] -->[C173] DL_Rom_GetInfoAll #(api.cpp, line:2786)
[0000347] [14:44:46:948062] [Tid0x00000574] [debug] <--[C173] DL_Rom_GetInfoAll
[0000348] [14:44:46:948062] [Tid0x00000574] [debug] -->[C174] DL_Rom_SetEnableAttr #(api.cpp, line:2840)
[0000349] [14:44:46:948062] [Tid0x00000574] [debug] <--[C174] DL_Rom_SetEnableAttr
[0000350] [14:44:46:948062] [Tid0x00000574] [debug] -->[C175] DL_GetCount #(api.cpp, line:2621)
[0000351] [14:44:46:948062] [Tid0x00000574] [debug] <--[C175] DL_GetCount
[0000352] [14:44:46:948062] [Tid0x00000574] [debug] -->[C176] DL_Rom_GetInfoAll #(api.cpp, line:2786)
[0000353] [14:44:46:948062] [Tid0x00000574] [debug] <--[C176] DL_Rom_GetInfoAll
[0000354] [14:44:46:948062] [Tid0x00000574] [debug] -->[C177] DL_Rom_SetEnableAttr #(api.cpp, line:2840)
[0000355] [14:44:46:948062] [Tid0x00000574] [debug] <--[C177] DL_Rom_SetEnableAttr
[0000356] [14:44:46:948062] [Tid0x00000574] [debug] -->[C178] DL_GetCount #(api.cpp, line:2621)
[0000357] [14:44:46:948062] [Tid0x00000574] [debug] <--[C178] DL_GetCount
[0000358] [14:44:46:948062] [Tid0x00000574] [debug] -->[C179] DL_Rom_GetInfoAll #(api.cpp, line:2786)
[0000359] [14:44:46:963685] [Tid0x00000574] [debug] <--[C179] DL_Rom_GetInfoAll
[0000360] [14:44:46:963685] [Tid0x00000574] [debug] -->[C180] DL_Rom_SetEnableAttr #(api.cpp, line:2840)
[0000361] [14:44:46:963685] [Tid0x00000574] [debug] <--[C180] DL_Rom_SetEnableAttr
[0000362] [14:44:46:963685] [Tid0x00000574] [debug] -->[C181] DL_GetCount #(api.cpp, line:2621)
[0000363] [14:44:46:963685] [Tid0x00000574] [debug] <--[C181] DL_GetCount
[0000364] [14:44:46:963685] [Tid0x00000574] [debug] -->[C182] DL_Rom_GetInfoAll #(api.cpp, line:2786)
[0000365] [14:44:46:963685] [Tid0x00000574] [debug] <--[C182] DL_Rom_GetInfoAll
[0000366] [14:44:46:963685] [Tid0x00000574] [debug] -->[C183] DL_Rom_SetEnableAttr #(api.cpp, line:2840)
[0000367] [14:44:46:963685] [Tid0x00000574] [debug] <--[C183] DL_Rom_SetEnableAttr
[0000368] [14:44:46:963685] [Tid0x00000574] [debug] -->[C184] DL_GetCount #(api.cpp, line:2621)
[0000369] [14:44:46:963685] [Tid0x00000574] [debug] <--[C184] DL_GetCount
[0000370] [14:44:46:963685] [Tid0x00000574] [debug] -->[C185] DL_Rom_GetInfoAll #(api.cpp, line:2786)
[0000371] [14:44:46:963685] [Tid0x00000574] [debug] <--[C185] DL_Rom_GetInfoAll
[0000372] [14:44:46:963685] [Tid0x00000574] [debug] -->[C186] DL_Rom_SetEnableAttr #(api.cpp, line:2840)
[0000373] [14:44:46:963685] [Tid0x00000574] [debug] <--[C186] DL_Rom_SetEnableAttr
[0000374] [14:44:46:963685] [Tid0x00000574] [debug] -->[C187] DL_GetCount #(api.cpp, line:2621)
[0000375] [14:44:46:963685] [Tid0x00000574] [debug] <--[C187] DL_GetCount
[0000376] [14:44:46:963685] [Tid0x00000574] [debug] -->[C188] DL_Rom_GetInfoAll #(api.cpp, line:2786)
[0000377] [14:44:46:963685] [Tid0x00000574] [debug] <--[C188] DL_Rom_GetInfoAll
[0000378] [14:44:46:963685] [Tid0x00000574] [debug] -->[C189] DL_Rom_SetEnableAttr #(api.cpp, line:2840)
[0000379] [14:44:46:963685] [Tid0x00000574] [debug] <--[C189] DL_Rom_SetEnableAttr
[0000380] [14:44:46:963685] [Tid0x00000574] [debug] -->[C190] DL_GetCount #(api.cpp, line:2621)
[0000381] [14:44:46:963685] [Tid0x00000574] [debug] <--[C190] DL_GetCount
[0000382] [14:44:46:963685] [Tid0x00000574] [debug] -->[C191] DL_Rom_GetInfoAll #(api.cpp, line:2786)
[0000383] [14:44:46:963685] [Tid0x00000574] [debug] <--[C191] DL_Rom_GetInfoAll
[0000384] [14:44:46:963685] [Tid0x00000574] [debug] -->[C192] DL_Rom_SetEnableAttr #(api.cpp, line:2840)
[0000385] [14:44:46:963685] [Tid0x00000574] [debug] <--[C192] DL_Rom_SetEnableAttr
[0000386] [14:44:46:963685] [Tid0x00000574] [debug] -->[C193] DL_GetCount #(api.cpp, line:2621)
[0000387] [14:44:46:979310] [Tid0x00000574] [debug] <--[C193] DL_GetCount
[0000388] [14:44:46:979310] [Tid0x00000574] [debug] -->[C194] DL_Rom_GetInfoAll #(api.cpp, line:2786)
[0000389] [14:44:46:979310] [Tid0x00000574] [debug] <--[C194] DL_Rom_GetInfoAll
[0000390] [14:44:46:979310] [Tid0x00000574] [debug] -->[C195] DL_Rom_SetEnableAttr #(api.cpp, line:2840)
[0000391] [14:44:46:979310] [Tid0x00000574] [debug] <--[C195] DL_Rom_SetEnableAttr
[0000392] [14:44:46:979310] [Tid0x00000574] [debug] -->[C196] DL_GetCount #(api.cpp, line:2621)
[0000393] [14:44:46:979310] [Tid0x00000574] [debug] <--[C196] DL_GetCount
[0000394] [14:44:46:979310] [Tid0x00000574] [debug] -->[C197] DL_Rom_GetInfoAll #(api.cpp, line:2786)
[0000395] [14:44:46:979310] [Tid0x00000574] [debug] <--[C197] DL_Rom_GetInfoAll
[0000396] [14:44:46:979310] [Tid0x00000574] [debug] -->[C198] DL_Rom_SetEnableAttr #(api.cpp, line:2840)
[0000397] [14:44:46:979310] [Tid0x00000574] [debug] <--[C198] DL_Rom_SetEnableAttr
[0000398] [14:44:47:838655] [Tid0x00000574] [debug] -->[C199] DL_GetCount #(api.cpp, line:2621)
[0000399] [14:44:47:838655] [Tid0x00000574] [debug] <--[C199] DL_GetCount
[0000400] [14:44:47:838655] [Tid0x00000574] [debug] -->[C200] DL_Rom_GetInfoAll #(api.cpp, line:2786)
[0000401] [14:44:47:838655] [Tid0x00000574] [debug] <--[C200] DL_Rom_GetInfoAll
[0000402] [14:44:47:838655] [Tid0x00000574] [debug] -->[C201] DL_Rom_SetEnableAttr #(api.cpp, line:2840)
[0000403] [14:44:47:838655] [Tid0x00000574] [debug] <--[C201] DL_Rom_SetEnableAttr
[0000404] [14:44:49:088614] [Tid0x00000574] [debug] -->[C202] DL_GetCount #(api.cpp, line:2621)
[0000405] [14:44:49:088614] [Tid0x00000574] [debug] <--[C202] DL_GetCount
[0000406] [14:44:49:088614] [Tid0x00000574] [debug] -->[C203] DL_Rom_GetInfoAll #(api.cpp, line:2786)
[0000407] [14:44:49:088614] [Tid0x00000574] [debug] <--[C203] DL_Rom_GetInfoAll
[0000408] [14:44:49:088614] [Tid0x00000574] [debug] -->[C204] DL_GetCount #(api.cpp, line:2621)
[0000409] [14:44:49:088614] [Tid0x00000574] [debug] <--[C204] DL_GetCount
[0000410] [14:44:49:088614] [Tid0x00000574] [debug] -->[C205] DL_Rom_GetInfoAll #(api.cpp, line:2786)
[0000411] [14:44:49:088614] [Tid0x00000574] [debug] <--[C205] DL_Rom_GetInfoAll
[0000412] [14:44:53:868428] [Tid0x000014dc] [debug] -->[C206] FlashTool_Connect_BROM_ByName #(api.cpp, line:1970)
[0000413] [14:44:53:868428] [Tid0x000014dc] [debug] -->[C207] FlashTool_Connect_BROM_Ex #(api.cpp, line:1875)
[0000414] [14:44:53:868428] [Tid0x000014dc] [debug] bCheckScatter: 1 #(api.cpp, line:1876)
[0000415] [14:44:53:868428] [Tid0x000014dc] [debug] have load scatter already #(api.cpp, line:1880)
[0000416] [14:44:53:868428] [Tid0x000014dc] [debug] libversion 2 #(api.cpp, line:1897)
[0000417] [14:44:53:868428] [Tid0x000014dc] [debug] -->[C208] cflashtool_api::FlashTool_Connect_BROM_Ex #(cflashtool_api.cpp, line:1008)
[0000418] [14:44:53:937075] [Tid0x000014dc] [debug] <--[C208] cflashtool_api::FlashTool_Connect_BROM_Ex
[0000419] [14:44:53:937075] [Tid0x000014dc] [debug] <--[C207] FlashTool_Connect_BROM_Ex
[0000420] [14:44:53:937075] [Tid0x000014dc] [debug] <--[C206] FlashTool_Connect_BROM_ByName
[0000421] [14:44:53:992596] [Tid0x000014dc] [debug] -->[C209] FlashTool_Disconnect_BROM #(api.cpp, line:1051)
[0000422] [14:44:53:992596] [Tid0x000014dc] [debug] -->[C210] cflashtool_api::FlashTool_Disconnect_BROM #(cflashtool_api.cpp, line:54)
[0000423] [14:44:53:992596] [Tid0x000014dc] [debug] <--[C210] cflashtool_api::FlashTool_Disconnect_BROM
[0000424] [14:44:53:992596] [Tid0x000014dc] [debug] <--[C209] FlashTool_Disconnect_BROM
[0000425] [14:45:03:682737] [Tid0x00000574] [debug] -->[C211] DL_GetCount #(api.cpp, line:2621)
[0000426] [14:45:03:682737] [Tid0x00000574] [debug] <--[C211] DL_GetCount
[0000427] [14:45:03:682737] [Tid0x00000574] [debug] -->[C212] DL_Rom_GetInfoAll #(api.cpp, line:2786)
[0000428] [14:45:03:682737] [Tid0x00000574] [debug] <--[C212] DL_Rom_GetInfoAll
[0000429] [14:45:03:682737] [Tid0x00000574] [debug] -->[C213] DL_Rom_SetEnableAttr #(api.cpp, line:2840)
[0000430] [14:45:03:682737] [Tid0x00000574] [debug] <--[C213] DL_Rom_SetEnableAttr
[0000431] [14:45:03:682737] [Tid0x00000574] [debug] -->[C214] DL_GetCount #(api.cpp, line:2621)
[0000432] [14:45:03:682737] [Tid0x00000574] [debug] <--[C214] DL_GetCount
[0000433] [14:45:03:682737] [Tid0x00000574] [debug] -->[C215] DL_Rom_GetInfoAll #(api.cpp, line:2786)
[0000434] [14:45:03:682737] [Tid0x00000574] [debug] <--[C215] DL_Rom_GetInfoAll
[0000435] [14:45:03:682737] [Tid0x00000574] [debug] -->[C216] DL_Rom_SetEnableAttr #(api.cpp, line:2840)
[0000436] [14:45:03:682737] [Tid0x00000574] [debug] <--[C216] DL_Rom_SetEnableAttr
[0000437] [14:45:03:682737] [Tid0x00000574] [debug] -->[C217] DL_GetCount #(api.cpp, line:2621)
[0000438] [14:45:03:682737] [Tid0x00000574] [debug] <--[C217] DL_GetCount
[0000439] [14:45:03:682737] [Tid0x00000574] [debug] -->[C218] DL_Rom_GetInfoAll #(api.cpp, line:2786)
[0000440] [14:45:03:682737] [Tid0x00000574] [debug] <--[C218] DL_Rom_GetInfoAll
[0000441] [14:45:03:682737] [Tid0x00000574] [debug] -->[C219] DL_Rom_SetEnableAttr #(api.cpp, line:2840)
[0000442] [14:45:03:682737] [Tid0x00000574] [debug] <--[C219] DL_Rom_SetEnableAttr
[0000443] [14:45:03:682737] [Tid0x00000574] [debug] -->[C220] DL_GetCount #(api.cpp, line:2621)
[0000444] [14:45:03:682737] [Tid0x00000574] [debug] <--[C220] DL_GetCount
[0000445] [14:45:03:682737] [Tid0x00000574] [debug] -->[C221] DL_Rom_GetInfoAll #(api.cpp, line:2786)
[0000446] [14:45:03:682737] [Tid0x00000574] [debug] <--[C221] DL_Rom_GetInfoAll
[0000447] [14:45:03:682737] [Tid0x00000574] [debug] -->[C222] DL_Rom_SetEnableAttr #(api.cpp, line:2840)
[0000448] [14:45:03:682737] [Tid0x00000574] [debug] <--[C222] DL_Rom_SetEnableAttr
[0000449] [14:45:03:682737] [Tid0x00000574] [debug] -->[C223] DL_GetCount #(api.cpp, line:2621)
[0000450] [14:45:03:682737] [Tid0x00000574] [debug] <--[C223] DL_GetCount
[0000451] [14:45:03:682737] [Tid0x00000574] [debug] -->[C224] DL_Rom_GetInfoAll #(api.cpp, line:2786)
[0000452] [14:45:03:682737] [Tid0x00000574] [debug] <--[C224] DL_Rom_GetInfoAll
[0000453] [14:45:03:682737] [Tid0x00000574] [debug] -->[C225] DL_Rom_SetEnableAttr #(api.cpp, line:2840)
[0000454] [14:45:03:682737] [Tid0x00000574] [debug] <--[C225] DL_Rom_SetEnableAttr
[0000455] [14:45:03:682737] [Tid0x00000574] [debug] -->[C226] DL_GetCount #(api.cpp, line:2621)
[0000456] [14:45:03:682737] [Tid0x00000574] [debug] <--[C226] DL_GetCount
[0000457] [14:45:03:682737] [Tid0x00000574] [debug] -->[C227] DL_Rom_GetInfoAll #(api.cpp, line:2786)
[0000458] [14:45:03:698365] [Tid0x00000574] [debug] <--[C227] DL_Rom_GetInfoAll
[0000459] [14:45:03:698365] [Tid0x00000574] [debug] -->[C228] DL_Rom_SetEnableAttr #(api.cpp, line:2840)
[0000460] [14:45:03:698365] [Tid0x00000574] [debug] <--[C228] DL_Rom_SetEnableAttr
[0000461] [14:45:03:698365] [Tid0x00000574] [debug] -->[C229] DL_GetCount #(api.cpp, line:2621)
[0000462] [14:45:03:698365] [Tid0x00000574] [debug] <--[C229] DL_GetCount
[0000463] [14:45:03:698365] [Tid0x00000574] [debug] -->[C230] DL_Rom_GetInfoAll #(api.cpp, line:2786)
[0000464] [14:45:03:698365] [Tid0x00000574] [debug] <--[C230] DL_Rom_GetInfoAll
[0000465] [14:45:03:698365] [Tid0x00000574] [debug] -->[C231] DL_Rom_SetEnableAttr #(api.cpp, line:2840)
[0000466] [14:45:03:698365] [Tid0x00000574] [debug] <--[C231] DL_Rom_SetEnableAttr
[0000467] [14:45:03:698365] [Tid0x00000574] [debug] -->[C232] DL_GetCount #(api.cpp, line:2621)
[0000468] [14:45:03:698365] [Tid0x00000574] [debug] <--[C232] DL_GetCount
[0000469] [14:45:03:698365] [Tid0x00000574] [debug] -->[C233] DL_Rom_GetInfoAll #(api.cpp, line:2786)
[0000470] [14:45:03:698365] [Tid0x00000574] [debug] <--[C233] DL_Rom_GetInfoAll
[0000471] [14:45:03:698365] [Tid0x00000574] [debug] -->[C234] DL_Rom_SetEnableAttr #(api.cpp, line:2840)
[0000472] [14:45:03:698365] [Tid0x00000574] [debug] <--[C234] DL_Rom_SetEnableAttr
[0000473] [14:45:03:698365] [Tid0x00000574] [debug] -->[C235] DL_GetCount #(api.cpp, line:2621)
[0000474] [14:45:03:698365] [Tid0x00000574] [debug] <--[C235] DL_GetCount
[0000475] [14:45:03:698365] [Tid0x00000574] [debug] -->[C236] DL_Rom_GetInfoAll #(api.cpp, line:2786)
[0000476] [14:45:03:698365] [Tid0x00000574] [debug] <--[C236] DL_Rom_GetInfoAll
[0000477] [14:45:03:698365] [Tid0x00000574] [debug] -->[C237] DL_Rom_SetEnableAttr #(api.cpp, line:2840)
[0000478] [14:45:03:698365] [Tid0x00000574] [debug] <--[C237] DL_Rom_SetEnableAttr
[0000479] [14:45:03:698365] [Tid0x00000574] [debug] -->[C238] DL_GetCount #(api.cpp, line:2621)
[0000480] [14:45:03:698365] [Tid0x00000574] [debug] <--[C238] DL_GetCount
[0000481] [14:45:03:698365] [Tid0x00000574] [debug] -->[C239] DL_Rom_GetInfoAll #(api.cpp, line:2786)
[0000482] [14:45:03:698365] [Tid0x00000574] [debug] <--[C239] DL_Rom_GetInfoAll
[0000483] [14:45:03:698365] [Tid0x00000574] [debug] -->[C240] DL_Rom_SetEnableAttr #(api.cpp, line:2840)
[0000484] [14:45:03:698365] [Tid0x00000574] [debug] <--[C240] DL_Rom_SetEnableAttr
[0000485] [14:45:03:698365] [Tid0x00000574] [debug] -->[C241] DL_GetCount #(api.cpp, line:2621)
[0000486] [14:45:03:698365] [Tid0x00000574] [debug] <--[C241] DL_GetCount
[0000487] [14:45:03:698365] [Tid0x00000574] [debug] -->[C242] DL_Rom_GetInfoAll #(api.cpp, line:2786)
[0000488] [14:45:03:698365] [Tid0x00000574] [debug] <--[C242] DL_Rom_GetInfoAll
[0000489] [14:45:03:698365] [Tid0x00000574] [debug] -->[C243] DL_Rom_SetEnableAttr #(api.cpp, line:2840)
[0000490] [14:45:03:698365] [Tid0x00000574] [debug] <--[C243] DL_Rom_SetEnableAttr
[0000491] [14:45:03:698365] [Tid0x00000574] [debug] -->[C244] DL_GetCount #(api.cpp, line:2621)
[0000492] [14:45:03:698365] [Tid0x00000574] [debug] <--[C244] DL_GetCount
[0000493] [14:45:03:698365] [Tid0x00000574] [debug] -->[C245] DL_Rom_GetInfoAll #(api.cpp, line:2786)
[0000494] [14:45:03:698365] [Tid0x00000574] [debug] <--[C245] DL_Rom_GetInfoAll
[0000495] [14:45:03:698365] [Tid0x00000574] [debug] -->[C246] DL_Rom_SetEnableAttr #(api.cpp, line:2840)
[0000496] [14:45:03:698365] [Tid0x00000574] [debug] <--[C246] DL_Rom_SetEnableAttr
[0000497] [14:45:03:698365] [Tid0x00000574] [debug] -->[C247] DL_GetCount #(api.cpp, line:2621)
[0000498] [14:45:03:698365] [Tid0x00000574] [debug] <--[C247] DL_GetCount
[0000499] [14:45:03:698365] [Tid0x00000574] [debug] -->[C248] DL_Rom_GetInfoAll #(api.cpp, line:2786)
[0000500] [14:45:03:698365] [Tid0x00000574] [debug] <--[C248] DL_Rom_GetInfoAll
[0000501] [14:45:03:698365] [Tid0x00000574] [debug] -->[C249] DL_Rom_SetEnableAttr #(api.cpp, line:2840)
[0000502] [14:45:03:698365] [Tid0x00000574] [debug] <--[C249] DL_Rom_SetEnableAttr
[0000503] [14:45:03:698365] [Tid0x00000574] [debug] -->[C250] DL_GetCount #(api.cpp, line:2621)
[0000504] [14:45:03:698365] [Tid0x00000574] [debug] <--[C250] DL_GetCount
[0000505] [14:45:03:698365] [Tid0x00000574] [debug] -->[C251] DL_Rom_GetInfoAll #(api.cpp, line:2786)
[0000506] [14:45:03:698365] [Tid0x00000574] [debug] <--[C251] DL_Rom_GetInfoAll
[0000507] [14:45:03:698365] [Tid0x00000574] [debug] -->[C252] DL_Rom_SetEnableAttr #(api.cpp, line:2840)
[0000508] [14:45:03:698365] [Tid0x00000574] [debug] <--[C252] DL_Rom_SetEnableAttr
[0000509] [14:45:03:698365] [Tid0x00000574] [debug] -->[C253] DL_GetCount #(api.cpp, line:2621)
[0000510] [14:45:03:698365] [Tid0x00000574] [debug] <--[C253] DL_GetCount
[0000511] [14:45:03:698365] [Tid0x00000574] [debug] -->[C254] DL_Rom_GetInfoAll #(api.cpp, line:2786)
[0000512] [14:45:03:698365] [Tid0x00000574] [debug] <--[C254] DL_Rom_GetInfoAll
[0000513] [14:45:03:698365] [Tid0x00000574] [debug] -->[C255] DL_Rom_SetEnableAttr #(api.cpp, line:2840)
[0000514] [14:45:03:698365] [Tid0x00000574] [debug] <--[C255] DL_Rom_SetEnableAttr
[0000515] [14:45:03:698365] [Tid0x00000574] [debug] -->[C256] DL_GetCount #(api.cpp, line:2621)
[0000516] [14:45:03:698365] [Tid0x00000574] [debug] <--[C256] DL_GetCount
[0000517] [14:45:03:698365] [Tid0x00000574] [debug] -->[C257] DL_Rom_GetInfoAll #(api.cpp, line:2786)
[0000518] [14:45:03:698365] [Tid0x00000574] [debug] <--[C257] DL_Rom_GetInfoAll
[0000519] [14:45:03:698365] [Tid0x00000574] [debug] -->[C258] DL_Rom_SetEnableAttr #(api.cpp, line:2840)
[0000520] [14:45:03:698365] [Tid0x00000574] [debug] <--[C258] DL_Rom_SetEnableAttr
[0000521] [14:45:03:713992] [Tid0x00000574] [debug] -->[C259] DL_GetCount #(api.cpp, line:2621)
[0000522] [14:45:03:713992] [Tid0x00000574] [debug] <--[C259] DL_GetCount
[0000523] [14:45:03:713992] [Tid0x00000574] [debug] -->[C260] DL_Rom_GetInfoAll #(api.cpp, line:2786)
[0000524] [14:45:03:713992] [Tid0x00000574] [debug] <--[C260] DL_Rom_GetInfoAll
[0000525] [14:45:03:713992] [Tid0x00000574] [debug] -->[C261] DL_Rom_SetEnableAttr #(api.cpp, line:2840)
[0000526] [14:45:03:713992] [Tid0x00000574] [debug] <--[C261] DL_Rom_SetEnableAttr
[0000527] [14:45:03:713992] [Tid0x00000574] [debug] -->[C262] DL_GetCount #(api.cpp, line:2621)
[0000528] [14:45:03:713992] [Tid0x00000574] [debug] <--[C262] DL_GetCount
[0000529] [14:45:03:713992] [Tid0x00000574] [debug] -->[C263] DL_Rom_GetInfoAll #(api.cpp, line:2786)
[0000530] [14:45:03:713992] [Tid0x00000574] [debug] <--[C263] DL_Rom_GetInfoAll
[0000531] [14:45:03:713992] [Tid0x00000574] [debug] -->[C264] DL_Rom_SetEnableAttr #(api.cpp, line:2840)
[0000532] [14:45:03:713992] [Tid0x00000574] [debug] <--[C264] DL_Rom_SetEnableAttr
[0000533] [14:45:03:729616] [Tid0x00000574] [debug] -->[C265] DL_GetCount #(api.cpp, line:2621)
[0000534] [14:45:03:729616] [Tid0x00000574] [debug] <--[C265] DL_GetCount
[0000535] [14:45:03:729616] [Tid0x00000574] [debug] -->[C266] DL_Rom_GetInfoAll #(api.cpp, line:2786)
[0000536] [14:45:03:729616] [Tid0x00000574] [debug] <--[C266] DL_Rom_GetInfoAll
[0000537] [14:45:03:729616] [Tid0x00000574] [debug] -->[C267] DL_Rom_SetEnableAttr #(api.cpp, line:2840)
[0000538] [14:45:03:729616] [Tid0x00000574] [debug] <--[C267] DL_Rom_SetEnableAttr
[0000539] [14:45:03:729616] [Tid0x00000574] [debug] -->[C268] DL_GetCount #(api.cpp, line:2621)
[0000540] [14:45:03:729616] [Tid0x00000574] [debug] <--[C268] DL_GetCount
[0000541] [14:45:03:729616] [Tid0x00000574] [debug] -->[C269] DL_Rom_GetInfoAll #(api.cpp, line:2786)
[0000542] [14:45:03:729616] [Tid0x00000574] [debug] <--[C269] DL_Rom_GetInfoAll
[0000543] [14:45:03:729616] [Tid0x00000574] [debug] -->[C270] DL_Rom_SetEnableAttr #(api.cpp, line:2840)
[0000544] [14:45:03:729616] [Tid0x00000574] [debug] <--[C270] DL_Rom_SetEnableAttr
[0000545] [14:45:03:729616] [Tid0x00000574] [debug] -->[C271] DL_GetCount #(api.cpp, line:2621)
[0000546] [14:45:03:745238] [Tid0x00000574] [debug] <--[C271] DL_GetCount
[0000547] [14:45:03:745238] [Tid0x00000574] [debug] -->[C272] DL_Rom_GetInfoAll #(api.cpp, line:2786)
[0000548] [14:45:03:745238] [Tid0x00000574] [debug] <--[C272] DL_Rom_GetInfoAll
[0000549] [14:45:03:745238] [Tid0x00000574] [debug] -->[C273] DL_Rom_SetEnableAttr #(api.cpp, line:2840)
[0000550] [14:45:03:745238] [Tid0x00000574] [debug] <--[C273] DL_Rom_SetEnableAttr
[0000551] [14:45:03:745238] [Tid0x00000574] [debug] -->[C274] DL_GetCount #(api.cpp, line:2621)
[0000552] [14:45:03:745238] [Tid0x00000574] [debug] <--[C274] DL_GetCount
[0000553] [14:45:03:745238] [Tid0x00000574] [debug] -->[C275] DL_Rom_GetInfoAll #(api.cpp, line:2786)
[0000554] [14:45:03:745238] [Tid0x00000574] [debug] <--[C275] DL_Rom_GetInfoAll
[0000555] [14:45:03:745238] [Tid0x00000574] [debug] -->[C276] DL_Rom_SetEnableAttr #(api.cpp, line:2840)
[0000556] [14:45:03:745238] [Tid0x00000574] [debug] <--[C276] DL_Rom_SetEnableAttr
[0000557] [14:45:03:760863] [Tid0x00000574] [debug] -->[C277] DL_GetCount #(api.cpp, line:2621)
[0000558] [14:45:03:760863] [Tid0x00000574] [debug] <--[C277] DL_GetCount
[0000559] [14:45:03:760863] [Tid0x00000574] [debug] -->[C278] DL_Rom_GetInfoAll #(api.cpp, line:2786)
[0000560] [14:45:03:760863] [Tid0x00000574] [debug] <--[C278] DL_Rom_GetInfoAll
[0000561] [14:45:03:760863] [Tid0x00000574] [debug] -->[C279] DL_Rom_SetEnableAttr #(api.cpp, line:2840)
[0000562] [14:45:03:760863] [Tid0x00000574] [debug] <--[C279] DL_Rom_SetEnableAttr
[0000563] [14:45:03:760863] [Tid0x00000574] [debug] -->[C280] DL_GetCount #(api.cpp, line:2621)
[0000564] [14:45:03:760863] [Tid0x00000574] [debug] <--[C280] DL_GetCount
[0000565] [14:45:03:760863] [Tid0x00000574] [debug] -->[C281] DL_Rom_GetInfoAll #(api.cpp, line:2786)
[0000566] [14:45:03:760863] [Tid0x00000574] [debug] <--[C281] DL_Rom_GetInfoAll
[0000567] [14:45:03:760863] [Tid0x00000574] [debug] -->[C282] DL_Rom_SetEnableAttr #(api.cpp, line:2840)
[0000568] [14:45:03:760863] [Tid0x00000574] [debug] <--[C282] DL_Rom_SetEnableAttr
[0000569] [14:45:03:776487] [Tid0x00000574] [debug] -->[C283] DL_GetCount #(api.cpp, line:2621)
[0000570] [14:45:03:776487] [Tid0x00000574] [debug] <--[C283] DL_GetCount
[0000571] [14:45:03:776487] [Tid0x00000574] [debug] -->[C284] DL_Rom_GetInfoAll #(api.cpp, line:2786)
[0000572] [14:45:03:776487] [Tid0x00000574] [debug] <--[C284] DL_Rom_GetInfoAll
[0000573] [14:45:03:776487] [Tid0x00000574] [debug] -->[C285] DL_Rom_SetEnableAttr #(api.cpp, line:2840)
[0000574] [14:45:03:776487] [Tid0x00000574] [debug] <--[C285] DL_Rom_SetEnableAttr
[0000575] [14:45:03:776487] [Tid0x00000574] [debug] -->[C286] DL_GetCount #(api.cpp, line:2621)
[0000576] [14:45:03:776487] [Tid0x00000574] [debug] <--[C286] DL_GetCount
[0000577] [14:45:03:776487] [Tid0x00000574] [debug] -->[C287] DL_Rom_GetInfoAll #(api.cpp, line:2786)
[0000578] [14:45:03:776487] [Tid0x00000574] [debug] <--[C287] DL_Rom_GetInfoAll
[0000579] [14:45:03:792112] [Tid0x00000574] [debug] -->[C288] DL_Rom_SetEnableAttr #(api.cpp, line:2840)
[0000580] [14:45:03:792112] [Tid0x00000574] [debug] <--[C288] DL_Rom_SetEnableAttr
[0000581] [14:45:03:792112] [Tid0x00000574] [debug] -->[C289] DL_GetCount #(api.cpp, line:2621)
[0000582] [14:45:03:792112] [Tid0x00000574] [debug] <--[C289] DL_GetCount
[0000583] [14:45:03:792112] [Tid0x00000574] [debug] -->[C290] DL_Rom_GetInfoAll #(api.cpp, line:2786)
[0000584] [14:45:03:792112] [Tid0x00000574] [debug] <--[C290] DL_Rom_GetInfoAll
[0000585] [14:45:03:792112] [Tid0x00000574] [debug] -->[C291] DL_Rom_SetEnableAttr #(api.cpp, line:2840)
[0000586] [14:45:03:792112] [Tid0x00000574] [debug] <--[C291] DL_Rom_SetEnableAttr
[0000587] [14:45:03:807738] [Tid0x00000574] [debug] -->[C292] DL_GetCount #(api.cpp, line:2621)
[0000588] [14:45:03:807738] [Tid0x00000574] [debug] <--[C292] DL_GetCount
[0000589] [14:45:03:807738] [Tid0x00000574] [debug] -->[C293] DL_Rom_GetInfoAll #(api.cpp, line:2786)
[0000590] [14:45:03:807738] [Tid0x00000574] [debug] <--[C293] DL_Rom_GetInfoAll
[0000591] [14:45:03:807738] [Tid0x00000574] [debug] -->[C294] DL_Rom_SetEnableAttr #(api.cpp, line:2840)
[0000592] [14:45:03:807738] [Tid0x00000574] [debug] <--[C294] DL_Rom_SetEnableAttr
[0000593] [14:45:03:807738] [Tid0x00000574] [debug] -->[C295] DL_GetCount #(api.cpp, line:2621)
[0000594] [14:45:03:807738] [Tid0x00000574] [debug] <--[C295] DL_GetCount
[0000595] [14:45:03:807738] [Tid0x00000574] [debug] -->[C296] DL_Rom_GetInfoAll #(api.cpp, line:2786)
[0000596] [14:45:03:807738] [Tid0x00000574] [debug] <--[C296] DL_Rom_GetInfoAll
[0000597] [14:45:03:823362] [Tid0x00000574] [debug] -->[C297] DL_Rom_SetEnableAttr #(api.cpp, line:2840)
[0000598] [14:45:03:823362] [Tid0x00000574] [debug] <--[C297] DL_Rom_SetEnableAttr
[0000599] [14:45:03:823362] [Tid0x00000574] [debug] -->[C298] DL_GetCount #(api.cpp, line:2621)
[0000600] [14:45:03:823362] [Tid0x00000574] [debug] <--[C298] DL_GetCount
[0000601] [14:45:03:823362] [Tid0x00000574] [debug] -->[C299] DL_Rom_GetInfoAll #(api.cpp, line:2786)
[0000602] [14:45:03:823362] [Tid0x00000574] [debug] <--[C299] DL_Rom_GetInfoAll
[0000603] [14:45:03:823362] [Tid0x00000574] [debug] -->[C300] DL_Rom_SetEnableAttr #(api.cpp, line:2840)
[0000604] [14:45:03:838985] [Tid0x00000574] [debug] <--[C300] DL_Rom_SetEnableAttr
[0000605] [14:45:03:838985] [Tid0x00000574] [debug] -->[C301] DL_GetCount #(api.cpp, line:2621)
[0000606] [14:45:03:838985] [Tid0x00000574] [debug] <--[C301] DL_GetCount
[0000607] [14:45:03:838985] [Tid0x00000574] [debug] -->[C302] DL_Rom_GetInfoAll #(api.cpp, line:2786)
[0000608] [14:45:03:838985] [Tid0x00000574] [debug] <--[C302] DL_Rom_GetInfoAll
[0000609] [14:45:03:838985] [Tid0x00000574] [debug] -->[C303] DL_Rom_SetEnableAttr #(api.cpp, line:2840)
[0000610] [14:45:03:838985] [Tid0x00000574] [debug] <--[C303] DL_Rom_SetEnableAttr
[0000611] [14:45:03:854611] [Tid0x00000574] [debug] -->[C304] DL_GetCount #(api.cpp, line:2621)
[0000612] [14:45:03:854611] [Tid0x00000574] [debug] <--[C304] DL_GetCount
[0000613] [14:45:03:854611] [Tid0x00000574] [debug] -->[C305] DL_Rom_GetInfoAll #(api.cpp, line:2786)
[0000614] [14:45:03:854611] [Tid0x00000574] [debug] <--[C305] DL_Rom_GetInfoAll
[0000615] [14:45:03:854611] [Tid0x00000574] [debug] -->[C306] DL_Rom_SetEnableAttr #(api.cpp, line:2840)
[0000616] [14:45:03:854611] [Tid0x00000574] [debug] <--[C306] DL_Rom_SetEnableAttr
[0000617] [14:45:05:026447] [Tid0x00000574] [debug] -->[C307] DL_GetCount #(api.cpp, line:2621)
[0000618] [14:45:05:026447] [Tid0x00000574] [debug] <--[C307] DL_GetCount
[0000619] [14:45:05:026447] [Tid0x00000574] [debug] -->[C308] DL_Rom_GetInfoAll #(api.cpp, line:2786)
[0000620] [14:45:05:026447] [Tid0x00000574] [debug] <--[C308] DL_Rom_GetInfoAll
[0000621] [14:45:05:042073] [Tid0x00000574] [debug] -->[C309] DL_GetCount #(api.cpp, line:2621)
[0000622] [14:45:05:042073] [Tid0x00000574] [debug] <--[C309] DL_GetCount
[0000623] [14:45:05:042073] [Tid0x00000574] [debug] -->[C310] DL_Rom_GetInfoAll #(api.cpp, line:2786)
[0000624] [14:45:05:042073] [Tid0x00000574] [debug] <--[C310] DL_Rom_GetInfoAll
[0000625] [14:45:09:213965] [Tid0x00000a0c] [debug] -->[C311] FlashTool_Connect_BROM_ByName #(api.cpp, line:1970)
[0000626] [14:45:09:213965] [Tid0x00000a0c] [debug] -->[C312] FlashTool_Connect_BROM_Ex #(api.cpp, line:1875)
[0000627] [14:45:09:213965] [Tid0x00000a0c] [debug] bCheckScatter: 1 #(api.cpp, line:1876)
[0000628] [14:45:09:213965] [Tid0x00000a0c] [debug] have load scatter already #(api.cpp, line:1880)
[0000629] [14:45:09:213965] [Tid0x00000a0c] [debug] libversion 2 #(api.cpp, line:1897)
[0000630] [14:45:09:213965] [Tid0x00000a0c] [debug] -->[C313] cflashtool_api::FlashTool_Connect_BROM_Ex #(cflashtool_api.cpp, line:1008)
[0000631] [14:45:09:229589] [Tid0x00000a0c] [debug] <--[C313] cflashtool_api::FlashTool_Connect_BROM_Ex
[0000632] [14:45:09:229589] [Tid0x00000a0c] [debug] <--[C312] FlashTool_Connect_BROM_Ex
[0000633] [14:45:09:229589] [Tid0x00000a0c] [debug] <--[C311] FlashTool_Connect_BROM_ByName
[0000634] [14:45:09:229589] [Tid0x00000a0c] [debug] -->[C314] FlashTool_Disconnect_BROM #(api.cpp, line:1051)
[0000635] [14:45:09:229589] [Tid0x00000a0c] [debug] -->[C315] cflashtool_api::FlashTool_Disconnect_BROM #(cflashtool_api.cpp, line:54)
[0000636] [14:45:09:229589] [Tid0x00000a0c] [debug] <--[C315] cflashtool_api::FlashTool_Disconnect_BROM
[0000637] [14:45:09:229589] [Tid0x00000a0c] [debug] <--[C314] FlashTool_Disconnect_BROM
[0000638] [14:45:28:213423] [Tid0x000011b4] [debug] -->[C316] DL_LoadScatter #(api.cpp, line:2481)
[0000639] [14:45:28:307169] [Tid0x000011b4] [debug] used lib version: 2 #(api.cpp, line:2503)
[0000640] [14:45:28:307169] [Tid0x000011b4] [debug] <--[C316] DL_LoadScatter
[0000641] [14:45:28:307169] [Tid0x000011b4] [debug] -->[C317] DL_AutoLoadRomImages #(api.cpp, line:2701)
[0000642] [14:45:29:416512] [Tid0x000011b4] [debug] <--[C317] DL_AutoLoadRomImages
[0000643] [14:45:29:432133] [Tid0x00000574] [debug] -->[C318] DL_GetCount #(api.cpp, line:2621)
[0000644] [14:45:29:432133] [Tid0x00000574] [debug] <--[C318] DL_GetCount
[0000645] [14:45:29:432133] [Tid0x00000574] [debug] -->[C319] DL_Rom_GetInfoAll #(api.cpp, line:2786)
[0000646] [14:45:29:432133] [Tid0x00000574] [debug] <--[C319] DL_Rom_GetInfoAll
[0000647] [14:45:29:447757] [Tid0x00000574] [debug] -->[C320] DL_GetScatterInfo #(api.cpp, line:2722)
[0000648] [14:45:29:447757] [Tid0x00000574] [debug] <--[C320] DL_GetScatterInfo
[0000649] [14:45:29:447757] [Tid0x00000574] [debug] -->[C321] DL_GetCount #(api.cpp, line:2621)
[0000650] [14:45:29:463383] [Tid0x00000574] [debug] <--[C321] DL_GetCount
[0000651] [14:45:29:463383] [Tid0x00000574] [debug] -->[C322] DL_Rom_GetInfoAll #(api.cpp, line:2786)
[0000652] [14:45:29:463383] [Tid0x00000574] [debug] <--[C322] DL_Rom_GetInfoAll
[0000653] [14:45:29:463383] [Tid0x00000574] [debug] -->[C323] DL_Rom_SetEnableAttr #(api.cpp, line:2840)
[0000654] [14:45:29:463383] [Tid0x00000574] [debug] <--[C323] DL_Rom_SetEnableAttr
[0000655] [14:45:29:463383] [Tid0x00000574] [debug] -->[C324] DL_GetCount #(api.cpp, line:2621)
[0000656] [14:45:29:463383] [Tid0x00000574] [debug] <--[C324] DL_GetCount
[0000657] [14:45:29:463383] [Tid0x00000574] [debug] -->[C325] DL_Rom_GetInfoAll #(api.cpp, line:2786)
[0000658] [14:45:29:463383] [Tid0x00000574] [debug] <--[C325] DL_Rom_GetInfoAll
[0000659] [14:45:29:479005] [Tid0x00000574] [debug] -->[C326] DL_Rom_SetEnableAttr #(api.cpp, line:2840)
[0000660] [14:45:29:479005] [Tid0x00000574] [debug] <--[C326] DL_Rom_SetEnableAttr
[0000661] [14:45:29:479005] [Tid0x00000574] [debug] -->[C327] DL_GetCount #(api.cpp, line:2621)
[0000662] [14:45:29:479005] [Tid0x00000574] [debug] <--[C327] DL_GetCount
[0000663] [14:45:29:479005] [Tid0x00000574] [debug] -->[C328] DL_Rom_GetInfoAll #(api.cpp, line:2786)
[0000664] [14:45:29:479005] [Tid0x00000574] [debug] <--[C328] DL_Rom_GetInfoAll
[0000665] [14:45:29:494628] [Tid0x00000574] [debug] -->[C329] DL_Rom_SetEnableAttr #(api.cpp, line:2840)
[0000666] [14:45:29:494628] [Tid0x00000574] [debug] <--[C329] DL_Rom_SetEnableAttr
[0000667] [14:45:29:494628] [Tid0x00000574] [debug] -->[C330] DL_GetCount #(api.cpp, line:2621)
[0000668] [14:45:29:494628] [Tid0x00000574] [debug] <--[C330] DL_GetCount
[0000669] [14:45:29:494628] [Tid0x00000574] [debug] -->[C331] DL_Rom_GetInfoAll #(api.cpp, line:2786)
[0000670] [14:45:29:494628] [Tid0x00000574] [debug] <--[C331] DL_Rom_GetInfoAll
[0000671] [14:45:29:510254] [Tid0x00000574] [debug] -->[C332] DL_Rom_SetEnableAttr #(api.cpp, line:2840)
[0000672] [14:45:29:510254] [Tid0x00000574] [debug] <--[C332] DL_Rom_SetEnableAttr
[0000673] [14:45:29:510254] [Tid0x00000574] [debug] -->[C333] DL_GetCount #(api.cpp, line:2621)
[0000674] [14:45:29:510254] [Tid0x00000574] [debug] <--[C333] DL_GetCount
[0000675] [14:45:29:510254] [Tid0x00000574] [debug] -->[C334] DL_Rom_GetInfoAll #(api.cpp, line:2786)
[0000676] [14:45:29:510254] [Tid0x00000574] [debug] <--[C334] DL_Rom_GetInfoAll
[0000677] [14:45:29:525880] [Tid0x00000574] [debug] -->[C335] DL_Rom_SetEnableAttr #(api.cpp, line:2840)
[0000678] [14:45:29:525880] [Tid0x00000574] [debug] <--[C335] DL_Rom_SetEnableAttr
[0000679] [14:45:29:525880] [Tid0x00000574] [debug] -->[C336] DL_GetCount #(api.cpp, line:2621)
[0000680] [14:45:29:525880] [Tid0x00000574] [debug] <--[C336] DL_GetCount
[0000681] [14:45:29:525880] [Tid0x00000574] [debug] -->[C337] DL_Rom_GetInfoAll #(api.cpp, line:2786)
[0000682] [14:45:29:525880] [Tid0x00000574] [debug] <--[C337] DL_Rom_GetInfoAll
[0000683] [14:45:29:541504] [Tid0x00000574] [debug] -->[C338] DL_Rom_SetEnableAttr #(api.cpp, line:2840)
[0000684] [14:45:29:541504] [Tid0x00000574] [debug] <--[C338] DL_Rom_SetEnableAttr
[0000685] [14:45:29:541504] [Tid0x00000574] [debug] -->[C339] DL_GetCount #(api.cpp, line:2621)
[0000686] [14:45:29:541504] [Tid0x00000574] [debug] <--[C339] DL_GetCount
[0000687] [14:45:29:541504] [Tid0x00000574] [debug] -->[C340] DL_Rom_GetInfoAll #(api.cpp, line:2786)
[0000688] [14:45:29:541504] [Tid0x00000574] [debug] <--[C340] DL_Rom_GetInfoAll
[0000689] [14:45:29:557127] [Tid0x00000574] [debug] -->[C341] DL_Rom_SetEnableAttr #(api.cpp, line:2840)
[0000690] [14:45:29:557127] [Tid0x00000574] [debug] <--[C341] DL_Rom_SetEnableAttr
[0000691] [14:45:29:557127] [Tid0x00000574] [debug] -->[C342] DL_GetCount #(api.cpp, line:2621)
[0000692] [14:45:29:557127] [Tid0x00000574] [debug] <--[C342] DL_GetCount
[0000693] [14:45:29:557127] [Tid0x00000574] [debug] -->[C343] DL_Rom_GetInfoAll #(api.cpp, line:2786)
[0000694] [14:45:29:557127] [Tid0x00000574] [debug] <--[C343] DL_Rom_GetInfoAll
[0000695] [14:45:29:557127] [Tid0x00000574] [debug] -->[C344] DL_Rom_SetEnableAttr #(api.cpp, line:2840)
[0000696] [14:45:29:557127] [Tid0x00000574] [debug] <--[C344] DL_Rom_SetEnableAttr
[0000697] [14:45:29:572751] [Tid0x00000574] [debug] -->[C345] DL_GetCount #(api.cpp, line:2621)
[0000698] [14:45:29:572751] [Tid0x00000574] [debug] <--[C345] DL_GetCount
[0000699] [14:45:29:572751] [Tid0x00000574] [debug] -->[C346] DL_Rom_GetInfoAll #(api.cpp, line:2786)
[0000700] [14:45:29:572751] [Tid0x00000574] [debug] <--[C346] DL_Rom_GetInfoAll
[0000701] [14:45:29:572751] [Tid0x00000574] [debug] -->[C347] DL_Rom_SetEnableAttr #(api.cpp, line:2840)
[0000702] [14:45:29:572751] [Tid0x00000574] [debug] <--[C347] DL_Rom_SetEnableAttr
[0000703] [14:45:29:588374] [Tid0x00000574] [debug] -->[C348] DL_GetCount #(api.cpp, line:2621)
[0000704] [14:45:29:588374] [Tid0x00000574] [debug] <--[C348] DL_GetCount
[0000705] [14:45:29:588374] [Tid0x00000574] [debug] -->[C349] DL_Rom_GetInfoAll #(api.cpp, line:2786)
[0000706] [14:45:29:588374] [Tid0x00000574] [debug] <--[C349] DL_Rom_GetInfoAll
[0000707] [14:45:29:588374] [Tid0x00000574] [debug] -->[C350] DL_Rom_SetEnableAttr #(api.cpp, line:2840)
[0000708] [14:45:29:588374] [Tid0x00000574] [debug] <--[C350] DL_Rom_SetEnableAttr
[0000709] [14:45:29:604003] [Tid0x00000574] [debug] -->[C351] DL_GetCount #(api.cpp, line:2621)
[0000710] [14:45:29:604003] [Tid0x00000574] [debug] <--[C351] DL_GetCount
[0000711] [14:45:29:604003] [Tid0x00000574] [debug] -->[C352] DL_Rom_GetInfoAll #(api.cpp, line:2786)
[0000712] [14:45:29:604003] [Tid0x00000574] [debug] <--[C352] DL_Rom_GetInfoAll
[0000713] [14:45:29:604003] [Tid0x00000574] [debug] -->[C353] DL_Rom_SetEnableAttr #(api.cpp, line:2840)
[0000714] [14:45:29:604003] [Tid0x00000574] [debug] <--[C353] DL_Rom_SetEnableAttr
[0000715] [14:45:29:619626] [Tid0x00000574] [debug] -->[C354] DL_GetCount #(api.cpp, line:2621)
[0000716] [14:45:29:619626] [Tid0x00000574] [debug] <--[C354] DL_GetCount
[0000717] [14:45:29:619626] [Tid0x00000574] [debug] -->[C355] DL_Rom_GetInfoAll #(api.cpp, line:2786)
[0000718] [14:45:29:619626] [Tid0x00000574] [debug] <--[C355] DL_Rom_GetInfoAll
[0000719] [14:45:29:619626] [Tid0x00000574] [debug] -->[C356] DL_Rom_SetEnableAttr #(api.cpp, line:2840)
[0000720] [14:45:29:619626] [Tid0x00000574] [debug] <--[C356] DL_Rom_SetEnableAttr
[0000721] [14:45:29:635252] [Tid0x00000574] [debug] -->[C357] DL_GetCount #(api.cpp, line:2621)
[0000722] [14:45:29:635252] [Tid0x00000574] [debug] <--[C357] DL_GetCount
[0000723] [14:45:29:635252] [Tid0x00000574] [debug] -->[C358] DL_Rom_GetInfoAll #(api.cpp, line:2786)
[0000724] [14:45:29:635252] [Tid0x00000574] [debug] <--[C358] DL_Rom_GetInfoAll
[0000725] [14:45:29:635252] [Tid0x00000574] [debug] -->[C359] DL_Rom_SetEnableAttr #(api.cpp, line:2840)
[0000726] [14:45:29:635252] [Tid0x00000574] [debug] <--[C359] DL_Rom_SetEnableAttr
[0000727] [14:45:29:635252] [Tid0x00000574] [debug] -->[C360] DL_GetCount #(api.cpp, line:2621)
[0000728] [14:45:29:635252] [Tid0x00000574] [debug] <--[C360] DL_GetCount
[0000729] [14:45:29:635252] [Tid0x00000574] [debug] -->[C361] DL_Rom_GetInfoAll #(api.cpp, line:2786)
[0000730] [14:45:29:650877] [Tid0x00000574] [debug] <--[C361] DL_Rom_GetInfoAll
[0000731] [14:45:29:650877] [Tid0x00000574] [debug] -->[C362] DL_Rom_SetEnableAttr #(api.cpp, line:2840)
[0000732] [14:45:29:650877] [Tid0x00000574] [debug] <--[C362] DL_Rom_SetEnableAttr
[0000733] [14:45:29:650877] [Tid0x00000574] [debug] -->[C363] DL_GetCount #(api.cpp, line:2621)
[0000734] [14:45:29:650877] [Tid0x00000574] [debug] <--[C363] DL_GetCount
[0000735] [14:45:29:650877] [Tid0x00000574] [debug] -->[C364] DL_Rom_GetInfoAll #(api.cpp, line:2786)
[0000736] [14:45:29:666501] [Tid0x00000574] [debug] <--[C364] DL_Rom_GetInfoAll
[0000737] [14:45:29:666501] [Tid0x00000574] [debug] -->[C365] DL_Rom_SetEnableAttr #(api.cpp, line:2840)
[0000738] [14:45:29:666501] [Tid0x00000574] [debug] <--[C365] DL_Rom_SetEnableAttr
[0000739] [14:45:29:666501] [Tid0x00000574] [debug] -->[C366] DL_GetCount #(api.cpp, line:2621)
[0000740] [14:45:29:666501] [Tid0x00000574] [debug] <--[C366] DL_GetCount
[0000741] [14:45:29:666501] [Tid0x00000574] [debug] -->[C367] DL_Rom_GetInfoAll #(api.cpp, line:2786)
[0000742] [14:45:29:666501] [Tid0x00000574] [debug] <--[C367] DL_Rom_GetInfoAll
[0000743] [14:45:29:682123] [Tid0x00000574] [debug] -->[C368] DL_Rom_SetEnableAttr #(api.cpp, line:2840)
[0000744] [14:45:29:682123] [Tid0x00000574] [debug] <--[C368] DL_Rom_SetEnableAttr
[0000745] [14:45:29:682123] [Tid0x00000574] [debug] -->[C369] DL_GetCount #(api.cpp, line:2621)
[0000746] [14:45:29:682123] [Tid0x00000574] [debug] <--[C369] DL_GetCount
[0000747] [14:45:29:682123] [Tid0x00000574] [debug] -->[C370] DL_Rom_GetInfoAll #(api.cpp, line:2786)
[0000748] [14:45:29:682123] [Tid0x00000574] [debug] <--[C370] DL_Rom_GetInfoAll
[0000749] [14:45:29:697749] [Tid0x00000574] [debug] -->[C371] DL_Rom_SetEnableAttr #(api.cpp, line:2840)
[0000750] [14:45:29:697749] [Tid0x00000574] [debug] <--[C371] DL_Rom_SetEnableAttr
[0000751] [14:45:29:697749] [Tid0x00000574] [debug] -->[C372] DL_GetCount #(api.cpp, line:2621)
[0000752] [14:45:29:697749] [Tid0x00000574] [debug] <--[C372] DL_GetCount
[0000753] [14:45:29:697749] [Tid0x00000574] [debug] -->[C373] DL_Rom_GetInfoAll #(api.cpp, line:2786)
[0000754] [14:45:29:697749] [Tid0x00000574] [debug] <--[C373] DL_Rom_GetInfoAll
[0000755] [14:45:29:697749] [Tid0x00000574] [debug] -->[C374] DL_Rom_SetEnableAttr #(api.cpp, line:2840)
[0000756] [14:45:29:697749] [Tid0x00000574] [debug] <--[C374] DL_Rom_SetEnableAttr
[0000757] [14:45:29:713375] [Tid0x00000574] [debug] -->[C375] DL_GetCount #(api.cpp, line:2621)
[0000758] [14:45:29:713375] [Tid0x00000574] [debug] <--[C375] DL_GetCount
[0000759] [14:45:29:713375] [Tid0x00000574] [debug] -->[C376] DL_Rom_GetInfoAll #(api.cpp, line:2786)
[0000760] [14:45:29:713375] [Tid0x00000574] [debug] <--[C376] DL_Rom_GetInfoAll
[0000761] [14:45:29:713375] [Tid0x00000574] [debug] -->[C377] DL_Rom_SetEnableAttr #(api.cpp, line:2840)
[0000762] [14:45:29:713375] [Tid0x00000574] [debug] <--[C377] DL_Rom_SetEnableAttr
[0000763] [14:45:29:728999] [Tid0x00000574] [debug] -->[C378] DL_GetCount #(api.cpp, line:2621)
[0000764] [14:45:29:728999] [Tid0x00000574] [debug] <--[C378] DL_GetCount
[0000765] [14:45:29:728999] [Tid0x00000574] [debug] -->[C379] DL_Rom_GetInfoAll #(api.cpp, line:2786)
[0000766] [14:45:29:728999] [Tid0x00000574] [debug] <--[C379] DL_Rom_GetInfoAll
[0000767] [14:45:29:728999] [Tid0x00000574] [debug] -->[C380] DL_Rom_SetEnableAttr #(api.cpp, line:2840)
[0000768] [14:45:29:728999] [Tid0x00000574] [debug] <--[C380] DL_Rom_SetEnableAttr
[0000769] [14:45:29:744620] [Tid0x00000574] [debug] -->[C381] DL_GetCount #(api.cpp, line:2621)
[0000770] [14:45:29:744620] [Tid0x00000574] [debug] <--[C381] DL_GetCount
[0000771] [14:45:29:744620] [Tid0x00000574] [debug] -->[C382] DL_Rom_GetInfoAll #(api.cpp, line:2786)
[0000772] [14:45:29:744620] [Tid0x00000574] [debug] <--[C382] DL_Rom_GetInfoAll
[0000773] [14:45:29:744620] [Tid0x00000574] [debug] -->[C383] DL_Rom_SetEnableAttr #(api.cpp, line:2840)
[0000774] [14:45:29:744620] [Tid0x00000574] [debug] <--[C383] DL_Rom_SetEnableAttr
[0000775] [14:45:29:744620] [Tid0x00000574] [debug] -->[C384] DL_GetCount #(api.cpp, line:2621)
[0000776] [14:45:29:744620] [Tid0x00000574] [debug] <--[C384] DL_GetCount
[0000777] [14:45:29:744620] [Tid0x00000574] [debug] -->[C385] DL_Rom_GetInfoAll #(api.cpp, line:2786)
[0000778] [14:45:29:744620] [Tid0x00000574] [debug] <--[C385] DL_Rom_GetInfoAll
[0000779] [14:45:29:760246] [Tid0x00000574] [debug] -->[C386] DL_Rom_SetEnableAttr #(api.cpp, line:2840)
[0000780] [14:45:29:760246] [Tid0x00000574] [debug] <--[C386] DL_Rom_SetEnableAttr
[0000781] [14:45:29:760246] [Tid0x00000574] [debug] -->[C387] DL_GetCount #(api.cpp, line:2621)
[0000782] [14:45:29:760246] [Tid0x00000574] [debug] <--[C387] DL_GetCount
[0000783] [14:45:29:760246] [Tid0x00000574] [debug] -->[C388] DL_Rom_GetInfoAll #(api.cpp, line:2786)
[0000784] [14:45:29:760246] [Tid0x00000574] [debug] <--[C388] DL_Rom_GetInfoAll
[0000785] [14:45:29:775866] [Tid0x00000574] [debug] -->[C389] DL_Rom_SetEnableAttr #(api.cpp, line:2840)
[0000786] [14:45:29:775866] [Tid0x00000574] [debug] <--[C389] DL_Rom_SetEnableAttr
[0000787] [14:45:29:775866] [Tid0x00000574] [debug] -->[C390] DL_GetCount #(api.cpp, line:2621)
[0000788] [14:45:29:775866] [Tid0x00000574] [debug] <--[C390] DL_GetCount
[0000789] [14:45:29:775866] [Tid0x00000574] [debug] -->[C391] DL_Rom_GetInfoAll #(api.cpp, line:2786)
[0000790] [14:45:29:775866] [Tid0x00000574] [debug] <--[C391] DL_Rom_GetInfoAll
[0000791] [14:45:29:791494] [Tid0x00000574] [debug] -->[C392] DL_Rom_SetEnableAttr #(api.cpp, line:2840)
[0000792] [14:45:29:791494] [Tid0x00000574] [debug] <--[C392] DL_Rom_SetEnableAttr
[0000793] [14:45:29:791494] [Tid0x00000574] [debug] -->[C393] DL_GetCount #(api.cpp, line:2621)
[0000794] [14:45:29:791494] [Tid0x00000574] [debug] <--[C393] DL_GetCount
[0000795] [14:45:29:791494] [Tid0x00000574] [debug] -->[C394] DL_Rom_GetInfoAll #(api.cpp, line:2786)
[0000796] [14:45:29:791494] [Tid0x00000574] [debug] <--[C394] DL_Rom_GetInfoAll
[0000797] [14:45:29:807118] [Tid0x00000574] [debug] -->[C395] DL_Rom_SetEnableAttr #(api.cpp, line:2840)
[0000798] [14:45:29:807118] [Tid0x00000574] [debug] <--[C395] DL_Rom_SetEnableAttr
[0000799] [14:45:29:807118] [Tid0x00000574] [debug] -->[C396] DL_GetCount #(api.cpp, line:2621)
[0000800] [14:45:29:807118] [Tid0x00000574] [debug] <--[C396] DL_GetCount
[0000801] [14:45:29:807118] [Tid0x00000574] [debug] -->[C397] DL_Rom_GetInfoAll #(api.cpp, line:2786)
[0000802] [14:45:29:807118] [Tid0x00000574] [debug] <--[C397] DL_Rom_GetInfoAll
[0000803] [14:45:29:807118] [Tid0x00000574] [debug] -->[C398] DL_Rom_SetEnableAttr #(api.cpp, line:2840)
[0000804] [14:45:29:807118] [Tid0x00000574] [debug] <--[C398] DL_Rom_SetEnableAttr
[0000805] [14:45:29:822746] [Tid0x00000574] [debug] -->[C399] DL_GetCount #(api.cpp, line:2621)
[0000806] [14:45:29:822746] [Tid0x00000574] [debug] <--[C399] DL_GetCount
[0000807] [14:45:29:822746] [Tid0x00000574] [debug] -->[C400] DL_Rom_GetInfoAll #(api.cpp, line:2786)
[0000808] [14:45:29:822746] [Tid0x00000574] [debug] <--[C400] DL_Rom_GetInfoAll
[0000809] [14:45:29:822746] [Tid0x00000574] [debug] -->[C401] DL_Rom_SetEnableAttr #(api.cpp, line:2840)
[0000810] [14:45:29:822746] [Tid0x00000574] [debug] <--[C401] DL_Rom_SetEnableAttr
[0000811] [14:45:29:838368] [Tid0x00000574] [debug] -->[C402] DL_GetCount #(api.cpp, line:2621)
[0000812] [14:45:29:838368] [Tid0x00000574] [debug] <--[C402] DL_GetCount
[0000813] [14:45:29:838368] [Tid0x00000574] [debug] -->[C403] DL_Rom_GetInfoAll #(api.cpp, line:2786)
[0000814] [14:45:29:838368] [Tid0x00000574] [debug] <--[C403] DL_Rom_GetInfoAll
[0000815] [14:45:29:838368] [Tid0x00000574] [debug] -->[C404] DL_Rom_SetEnableAttr #(api.cpp, line:2840)
[0000816] [14:45:29:838368] [Tid0x00000574] [debug] <--[C404] DL_Rom_SetEnableAttr
[0000817] [14:45:29:838368] [Tid0x00000574] [debug] -->[C405] DL_GetCount #(api.cpp, line:2621)
[0000818] [14:45:29:838368] [Tid0x00000574] [debug] <--[C405] DL_GetCount
[0000819] [14:45:29:838368] [Tid0x00000574] [debug] -->[C406] DL_Rom_GetInfoAll #(api.cpp, line:2786)
[0000820] [14:45:29:853995] [Tid0x00000574] [debug] <--[C406] DL_Rom_GetInfoAll
[0000821] [14:45:29:853995] [Tid0x00000574] [debug] -->[C407] DL_Rom_SetEnableAttr #(api.cpp, line:2840)
[0000822] [14:45:29:853995] [Tid0x00000574] [debug] <--[C407] DL_Rom_SetEnableAttr
[0000823] [14:45:29:853995] [Tid0x00000574] [debug] -->[C408] DL_GetCount #(api.cpp, line:2621)
[0000824] [14:45:29:853995] [Tid0x00000574] [debug] <--[C408] DL_GetCount
[0000825] [14:45:29:853995] [Tid0x00000574] [debug] -->[C409] DL_Rom_GetInfoAll #(api.cpp, line:2786)
[0000826] [14:45:29:853995] [Tid0x00000574] [debug] <--[C409] DL_Rom_GetInfoAll
[0000827] [14:45:29:869617] [Tid0x00000574] [debug] -->[C410] DL_Rom_SetEnableAttr #(api.cpp, line:2840)
[0000828] [14:45:29:869617] [Tid0x00000574] [debug] <--[C410] DL_Rom_SetEnableAttr
[0000829] [14:45:29:869617] [Tid0x00000574] [debug] -->[C411] DL_GetCount #(api.cpp, line:2621)
[0000830] [14:45:29:869617] [Tid0x00000574] [debug] <--[C411] DL_GetCount
[0000831] [14:45:29:869617] [Tid0x00000574] [debug] -->[C412] DL_Rom_GetInfoAll #(api.cpp, line:2786)
[0000832] [14:45:29:869617] [Tid0x00000574] [debug] <--[C412] DL_Rom_GetInfoAll
[0000833] [14:45:29:885243] [Tid0x00000574] [debug] -->[C413] DL_Rom_SetEnableAttr #(api.cpp, line:2840)
[0000834] [14:45:29:885243] [Tid0x00000574] [debug] <--[C413] DL_Rom_SetEnableAttr
[0000835] [14:45:29:885243] [Tid0x00000574] [debug] -->[C414] DL_GetCount #(api.cpp, line:2621)
[0000836] [14:45:29:885243] [Tid0x00000574] [debug] <--[C414] DL_GetCount
[0000837] [14:45:29:885243] [Tid0x00000574] [debug] -->[C415] DL_Rom_GetInfoAll #(api.cpp, line:2786)
[0000838] [14:45:29:885243] [Tid0x00000574] [debug] <--[C415] DL_Rom_GetInfoAll
[0000839] [14:45:29:900868] [Tid0x00000574] [debug] -->[C416] DL_Rom_SetEnableAttr #(api.cpp, line:2840)
[0000840] [14:45:29:900868] [Tid0x00000574] [debug] <--[C416] DL_Rom_SetEnableAttr
[0000841] [14:45:29:900868] [Tid0x00000574] [debug] -->[C417] DL_SetChecksumLevel #(api.cpp, line:2523)
[0000842] [14:45:29:900868] [Tid0x00000574] [debug] <--[C417] DL_SetChecksumLevel
[0000843] [14:45:30:932093] [Tid0x00000574] [debug] -->[C418] DL_GetCount #(api.cpp, line:2621)
[0000844] [14:45:30:947709] [Tid0x00000574] [debug] <--[C418] DL_GetCount
[0000845] [14:45:30:947709] [Tid0x00000574] [debug] -->[C419] DL_Rom_GetInfoAll #(api.cpp, line:2786)
[0000846] [14:45:30:947709] [Tid0x00000574] [debug] <--[C419] DL_Rom_GetInfoAll
[0000847] [14:45:30:947709] [Tid0x00000574] [debug] -->[C420] DL_GetCount #(api.cpp, line:2621)
[0000848] [14:45:30:947709] [Tid0x00000574] [debug] <--[C420] DL_GetCount
[0000849] [14:45:30:947709] [Tid0x00000574] [debug] -->[C421] DL_Rom_GetInfoAll #(api.cpp, line:2786)
[0000850] [14:45:30:947709] [Tid0x00000574] [debug] <--[C421] DL_Rom_GetInfoAll
[0000851] [14:45:31:103957] [Tid0x00000890] [debug] -->[C422] FlashTool_Connect_BROM_ByName #(api.cpp, line:1970)
[0000852] [14:45:31:103957] [Tid0x00000890] [debug] -->[C423] FlashTool_Connect_BROM_Ex #(api.cpp, line:1875)
[0000853] [14:45:31:103957] [Tid0x00000890] [debug] bCheckScatter: 1 #(api.cpp, line:1876)
[0000854] [14:45:31:103957] [Tid0x00000890] [debug] have load scatter already #(api.cpp, line:1880)
[0000855] [14:45:31:103957] [Tid0x00000890] [debug] libversion 2 #(api.cpp, line:1897)
[0000856] [14:45:31:103957] [Tid0x00000890] [debug] -->[C424] cflashtool_api::FlashTool_Connect_BROM_Ex #(cflashtool_api.cpp, line:1008)
[0000857] [14:45:31:135207] [Tid0x00000890] [debug] <--[C424] cflashtool_api::FlashTool_Connect_BROM_Ex
[0000858] [14:45:31:135207] [Tid0x00000890] [debug] <--[C423] FlashTool_Connect_BROM_Ex
[0000859] [14:45:31:135207] [Tid0x00000890] [debug] <--[C422] FlashTool_Connect_BROM_ByName
[0000860] [14:45:31:135207] [Tid0x00000890] [debug] -->[C425] FlashTool_Disconnect_BROM #(api.cpp, line:1051)
[0000861] [14:45:31:135207] [Tid0x00000890] [debug] -->[C426] cflashtool_api::FlashTool_Disconnect_BROM #(cflashtool_api.cpp, line:54)
[0000862] [14:45:31:135207] [Tid0x00000890] [debug] <--[C426] cflashtool_api::FlashTool_Disconnect_BROM
[0000863] [14:45:31:135207] [Tid0x00000890] [debug] <--[C425] FlashTool_Disconnect_BROM
[0000864] [14:45:42:248812] [Tid0x00000574] [debug] -->[C427] DL_SetChecksumLevel #(api.cpp, line:2523)
[0000865] [14:45:42:248812] [Tid0x00000574] [debug] <--[C427] DL_SetChecksumLevel
[0000866] [14:45:42:436306] [Tid0x00000574] [debug] -->[C428] DL_SetChecksumLevel #(api.cpp, line:2523)
[0000867] [14:45:42:436306] [Tid0x00000574] [debug] <--[C428] DL_SetChecksumLevel
[0000868] [14:45:43:201917] [Tid0x00000574] [debug] -->[C429] DL_SetChecksumLevel #(api.cpp, line:2523)
[0000869] [14:45:43:201917] [Tid0x00000574] [debug] <--[C429] DL_SetChecksumLevel
[0000870] [14:45:43:389400] [Tid0x00000574] [debug] -->[C430] DL_SetChecksumLevel #(api.cpp, line:2523)
[0000871] [14:45:43:389400] [Tid0x00000574] [debug] <--[C430] DL_SetChecksumLevel
[0000872] [14:51:11:398657] [Tid0x00000574] [debug] -->[C431] DL_Rom_UnloadAll #(api.cpp, line:2829)
[0000873] [14:51:11:414285] [Tid0x00000574] [debug] <--[C431] DL_Rom_UnloadAll
