[0000001] [11:23:28:917104] [Tid0x00001e38] [debug] -->[C1] DL_LoadScatter #(api.cpp, line:2481)
[0000002] [11:23:29:057724] [Tid0x00001e38] [debug] used lib version: 2 #(api.cpp, line:2503)
[0000003] [11:23:29:057724] [Tid0x00001e38] [debug] <--[C1] DL_LoadScatter
[0000004] [11:23:29:057724] [Tid0x00001e38] [debug] -->[C2] DL_AutoLoadRomImages #(api.cpp, line:2701)
[0000005] [11:23:29:307718] [Tid0x00001e38] [debug] <--[C2] DL_AutoLoadRomImages
[0000006] [11:23:29:307718] [Tid0x00001e38] [debug] -->[C3] DL_GetCount #(api.cpp, line:2621)
[0000007] [11:23:29:307718] [Tid0x00001e38] [debug] <--[C3] DL_GetCount
[0000008] [11:23:29:307718] [Tid0x00001e38] [debug] -->[C4] DL_Rom_GetInfoAll #(api.cpp, line:2786)
[0000009] [11:23:29:307718] [Tid0x00001e38] [debug] <--[C4] DL_Rom_GetInfoAll
[0000010] [11:23:29:307718] [Tid0x00001e38] [debug] -->[C5] DL_VerifyROMMemBuf #(api.cpp, line:2578)
[0000011] [11:23:29:307718] [Tid0x00001e38] [debug] -->[C6] cflashtool_api::DL_VerifyROMMemBuf #(cflashtool_api.cpp, line:2007)
[0000012] [11:24:35:336868] [Tid0x00001e38] [debug] <--[C6] cflashtool_api::DL_VerifyROMMemBuf
[0000013] [11:24:35:336868] [Tid0x00001e38] [debug] <--[C5] DL_VerifyROMMemBuf
[0000014] [11:24:35:336868] [Tid0x00001e38] [debug] -->[C7] DL_VerifyROMMemBuf #(api.cpp, line:2578)
[0000015] [11:24:35:336868] [Tid0x00001e38] [debug] -->[C8] cflashtool_api::DL_VerifyROMMemBuf #(cflashtool_api.cpp, line:2007)
[0000016] [11:24:35:336868] [Tid0x00001e38] [debug] <--[C8] cflashtool_api::DL_VerifyROMMemBuf
[0000017] [11:24:35:336868] [Tid0x00001e38] [debug] <--[C7] DL_VerifyROMMemBuf
[0000018] [11:24:35:336868] [Tid0x00001e38] [debug] -->[C9] DL_VerifyROMMemBuf #(api.cpp, line:2578)
[0000019] [11:24:35:336868] [Tid0x00001e38] [debug] -->[C10] cflashtool_api::DL_VerifyROMMemBuf #(cflashtool_api.cpp, line:2007)
[0000020] [11:24:35:336868] [Tid0x00001e38] [debug] <--[C10] cflashtool_api::DL_VerifyROMMemBuf
[0000021] [11:24:35:336868] [Tid0x00001e38] [debug] <--[C9] DL_VerifyROMMemBuf
[0000022] [11:24:35:336868] [Tid0x00001e38] [debug] -->[C11] DL_VerifyROMMemBuf #(api.cpp, line:2578)
[0000023] [11:24:35:336868] [Tid0x00001e38] [debug] -->[C12] cflashtool_api::DL_VerifyROMMemBuf #(cflashtool_api.cpp, line:2007)
[0000024] [11:24:35:336868] [Tid0x00001e38] [debug] <--[C12] cflashtool_api::DL_VerifyROMMemBuf
[0000025] [11:24:35:336868] [Tid0x00001e38] [debug] <--[C11] DL_VerifyROMMemBuf
[0000026] [11:24:35:336868] [Tid0x00001e38] [debug] -->[C13] DL_VerifyROMMemBuf #(api.cpp, line:2578)
[0000027] [11:24:35:336868] [Tid0x00001e38] [debug] -->[C14] cflashtool_api::DL_VerifyROMMemBuf #(cflashtool_api.cpp, line:2007)
[0000028] [11:24:35:336868] [Tid0x00001e38] [debug] <--[C14] cflashtool_api::DL_VerifyROMMemBuf
[0000029] [11:24:35:336868] [Tid0x00001e38] [debug] <--[C13] DL_VerifyROMMemBuf
[0000030] [11:24:35:336868] [Tid0x00001e38] [debug] -->[C15] DL_VerifyROMMemBuf #(api.cpp, line:2578)
[0000031] [11:24:35:336868] [Tid0x00001e38] [debug] -->[C16] cflashtool_api::DL_VerifyROMMemBuf #(cflashtool_api.cpp, line:2007)
[0000032] [11:24:35:336868] [Tid0x00001e38] [debug] <--[C16] cflashtool_api::DL_VerifyROMMemBuf
[0000033] [11:24:35:336868] [Tid0x00001e38] [debug] <--[C15] DL_VerifyROMMemBuf
[0000034] [11:24:35:336868] [Tid0x00001e38] [debug] -->[C17] DL_VerifyROMMemBuf #(api.cpp, line:2578)
[0000035] [11:24:35:336868] [Tid0x00001e38] [debug] -->[C18] cflashtool_api::DL_VerifyROMMemBuf #(cflashtool_api.cpp, line:2007)
[0000036] [11:24:35:336868] [Tid0x00001e38] [debug] <--[C18] cflashtool_api::DL_VerifyROMMemBuf
[0000037] [11:24:35:336868] [Tid0x00001e38] [debug] <--[C17] DL_VerifyROMMemBuf
[0000038] [11:24:35:336868] [Tid0x00001e38] [debug] -->[C19] DL_VerifyROMMemBuf #(api.cpp, line:2578)
[0000039] [11:24:35:336868] [Tid0x00001e38] [debug] -->[C20] cflashtool_api::DL_VerifyROMMemBuf #(cflashtool_api.cpp, line:2007)
[0000040] [11:24:35:336868] [Tid0x00001e38] [debug] <--[C20] cflashtool_api::DL_VerifyROMMemBuf
[0000041] [11:24:35:336868] [Tid0x00001e38] [debug] <--[C19] DL_VerifyROMMemBuf
[0000042] [11:24:35:336868] [Tid0x00001e38] [debug] -->[C21] DL_VerifyROMMemBuf #(api.cpp, line:2578)
[0000043] [11:24:35:336868] [Tid0x00001e38] [debug] -->[C22] cflashtool_api::DL_VerifyROMMemBuf #(cflashtool_api.cpp, line:2007)
[0000044] [11:24:35:336868] [Tid0x00001e38] [debug] <--[C22] cflashtool_api::DL_VerifyROMMemBuf
[0000045] [11:24:35:336868] [Tid0x00001e38] [debug] <--[C21] DL_VerifyROMMemBuf
[0000046] [11:24:35:336868] [Tid0x00001e38] [debug] -->[C23] DL_VerifyROMMemBuf #(api.cpp, line:2578)
[0000047] [11:24:35:336868] [Tid0x00001e38] [debug] -->[C24] cflashtool_api::DL_VerifyROMMemBuf #(cflashtool_api.cpp, line:2007)
[0000048] [11:24:35:336868] [Tid0x00001e38] [debug] <--[C24] cflashtool_api::DL_VerifyROMMemBuf
[0000049] [11:24:35:336868] [Tid0x00001e38] [debug] <--[C23] DL_VerifyROMMemBuf
[0000050] [11:24:35:336868] [Tid0x00001e38] [debug] -->[C25] DL_VerifyROMMemBuf #(api.cpp, line:2578)
[0000051] [11:24:35:336868] [Tid0x00001e38] [debug] -->[C26] cflashtool_api::DL_VerifyROMMemBuf #(cflashtool_api.cpp, line:2007)
[0000052] [11:24:35:336868] [Tid0x00001e38] [debug] <--[C26] cflashtool_api::DL_VerifyROMMemBuf
[0000053] [11:24:35:336868] [Tid0x00001e38] [debug] <--[C25] DL_VerifyROMMemBuf
[0000054] [11:24:35:336868] [Tid0x00001e38] [debug] -->[C27] DL_VerifyROMMemBuf #(api.cpp, line:2578)
[0000055] [11:24:35:336868] [Tid0x00001e38] [debug] -->[C28] cflashtool_api::DL_VerifyROMMemBuf #(cflashtool_api.cpp, line:2007)
[0000056] [11:24:35:336868] [Tid0x00001e38] [debug] <--[C28] cflashtool_api::DL_VerifyROMMemBuf
[0000057] [11:24:35:336868] [Tid0x00001e38] [debug] <--[C27] DL_VerifyROMMemBuf
[0000058] [11:24:35:336868] [Tid0x00001e38] [debug] -->[C29] DL_VerifyROMMemBuf #(api.cpp, line:2578)
[0000059] [11:24:35:336868] [Tid0x00001e38] [debug] -->[C30] cflashtool_api::DL_VerifyROMMemBuf #(cflashtool_api.cpp, line:2007)
[0000060] [11:24:35:336868] [Tid0x00001e38] [debug] <--[C30] cflashtool_api::DL_VerifyROMMemBuf
[0000061] [11:24:35:336868] [Tid0x00001e38] [debug] <--[C29] DL_VerifyROMMemBuf
[0000062] [11:24:35:336868] [Tid0x00001e38] [debug] -->[C31] DL_VerifyROMMemBuf #(api.cpp, line:2578)
[0000063] [11:24:35:336868] [Tid0x00001e38] [debug] -->[C32] cflashtool_api::DL_VerifyROMMemBuf #(cflashtool_api.cpp, line:2007)
[0000064] [11:24:35:336868] [Tid0x00001e38] [debug] <--[C32] cflashtool_api::DL_VerifyROMMemBuf
[0000065] [11:24:35:336868] [Tid0x00001e38] [debug] <--[C31] DL_VerifyROMMemBuf
[0000066] [11:24:35:336868] [Tid0x00001e38] [debug] -->[C33] DL_VerifyROMMemBuf #(api.cpp, line:2578)
[0000067] [11:24:35:336868] [Tid0x00001e38] [debug] -->[C34] cflashtool_api::DL_VerifyROMMemBuf #(cflashtool_api.cpp, line:2007)
[0000068] [11:24:35:336868] [Tid0x00001e38] [debug] <--[C34] cflashtool_api::DL_VerifyROMMemBuf
[0000069] [11:24:35:336868] [Tid0x00001e38] [debug] <--[C33] DL_VerifyROMMemBuf
[0000070] [11:24:35:336868] [Tid0x00001e38] [debug] -->[C35] DL_VerifyROMMemBuf #(api.cpp, line:2578)
[0000071] [11:24:35:336868] [Tid0x00001e38] [debug] -->[C36] cflashtool_api::DL_VerifyROMMemBuf #(cflashtool_api.cpp, line:2007)
[0000072] [11:24:35:336868] [Tid0x00001e38] [debug] <--[C36] cflashtool_api::DL_VerifyROMMemBuf
[0000073] [11:24:35:336868] [Tid0x00001e38] [debug] <--[C35] DL_VerifyROMMemBuf
[0000074] [11:24:35:805597] [Tid0x00002020] [debug] -->[C37] DL_GetCount #(api.cpp, line:2621)
[0000075] [11:24:35:805597] [Tid0x00002020] [debug] <--[C37] DL_GetCount
[0000076] [11:24:35:805597] [Tid0x00002020] [debug] -->[C38] DL_Rom_GetInfoAll #(api.cpp, line:2786)
[0000077] [11:24:35:805597] [Tid0x00002020] [debug] <--[C38] DL_Rom_GetInfoAll
[0000078] [11:24:35:883724] [Tid0x00002020] [debug] -->[C39] DL_GetScatterInfo #(api.cpp, line:2722)
[0000079] [11:24:35:883724] [Tid0x00002020] [debug] <--[C39] DL_GetScatterInfo
[0000080] [11:24:35:914971] [Tid0x00002020] [debug] -->[C40] DL_GetCount #(api.cpp, line:2621)
[0000081] [11:24:35:914971] [Tid0x00002020] [debug] <--[C40] DL_GetCount
[0000082] [11:24:35:914971] [Tid0x00002020] [debug] -->[C41] DL_Rom_GetInfoAll #(api.cpp, line:2786)
[0000083] [11:24:35:914971] [Tid0x00002020] [debug] <--[C41] DL_Rom_GetInfoAll
[0000084] [11:24:35:914971] [Tid0x00002020] [debug] -->[C42] DL_Rom_SetEnableAttr #(api.cpp, line:2840)
[0000085] [11:24:35:914971] [Tid0x00002020] [debug] <--[C42] DL_Rom_SetEnableAttr
[0000086] [11:24:35:914971] [Tid0x00002020] [debug] -->[C43] DL_GetCount #(api.cpp, line:2621)
[0000087] [11:24:35:914971] [Tid0x00002020] [debug] <--[C43] DL_GetCount
[0000088] [11:24:35:914971] [Tid0x00002020] [debug] -->[C44] DL_Rom_GetInfoAll #(api.cpp, line:2786)
[0000089] [11:24:35:914971] [Tid0x00002020] [debug] <--[C44] DL_Rom_GetInfoAll
[0000090] [11:24:35:930598] [Tid0x00002020] [debug] -->[C45] DL_Rom_SetEnableAttr #(api.cpp, line:2840)
[0000091] [11:24:35:930598] [Tid0x00002020] [debug] <--[C45] DL_Rom_SetEnableAttr
[0000092] [11:24:35:930598] [Tid0x00002020] [debug] -->[C46] DL_GetCount #(api.cpp, line:2621)
[0000093] [11:24:35:930598] [Tid0x00002020] [debug] <--[C46] DL_GetCount
[0000094] [11:24:35:930598] [Tid0x00002020] [debug] -->[C47] DL_Rom_GetInfoAll #(api.cpp, line:2786)
[0000095] [11:24:35:930598] [Tid0x00002020] [debug] <--[C47] DL_Rom_GetInfoAll
[0000096] [11:24:35:930598] [Tid0x00002020] [debug] -->[C48] DL_Rom_SetEnableAttr #(api.cpp, line:2840)
[0000097] [11:24:35:930598] [Tid0x00002020] [debug] <--[C48] DL_Rom_SetEnableAttr
[0000098] [11:24:35:946221] [Tid0x00002020] [debug] -->[C49] DL_GetCount #(api.cpp, line:2621)
[0000099] [11:24:35:946221] [Tid0x00002020] [debug] <--[C49] DL_GetCount
[0000100] [11:24:35:946221] [Tid0x00002020] [debug] -->[C50] DL_Rom_GetInfoAll #(api.cpp, line:2786)
[0000101] [11:24:35:946221] [Tid0x00002020] [debug] <--[C50] DL_Rom_GetInfoAll
[0000102] [11:24:35:946221] [Tid0x00002020] [debug] -->[C51] DL_Rom_SetEnableAttr #(api.cpp, line:2840)
[0000103] [11:24:35:946221] [Tid0x00002020] [debug] <--[C51] DL_Rom_SetEnableAttr
[0000104] [11:24:35:946221] [Tid0x00002020] [debug] -->[C52] DL_GetCount #(api.cpp, line:2621)
[0000105] [11:24:35:946221] [Tid0x00002020] [debug] <--[C52] DL_GetCount
[0000106] [11:24:35:946221] [Tid0x00002020] [debug] -->[C53] DL_Rom_GetInfoAll #(api.cpp, line:2786)
[0000107] [11:24:35:946221] [Tid0x00002020] [debug] <--[C53] DL_Rom_GetInfoAll
[0000108] [11:24:35:946221] [Tid0x00002020] [debug] -->[C54] DL_Rom_SetEnableAttr #(api.cpp, line:2840)
[0000109] [11:24:35:946221] [Tid0x00002020] [debug] <--[C54] DL_Rom_SetEnableAttr
[0000110] [11:24:35:961848] [Tid0x00002020] [debug] -->[C55] DL_GetCount #(api.cpp, line:2621)
[0000111] [11:24:35:961848] [Tid0x00002020] [debug] <--[C55] DL_GetCount
[0000112] [11:24:35:961848] [Tid0x00002020] [debug] -->[C56] DL_Rom_GetInfoAll #(api.cpp, line:2786)
[0000113] [11:24:35:961848] [Tid0x00002020] [debug] <--[C56] DL_Rom_GetInfoAll
[0000114] [11:24:35:961848] [Tid0x00002020] [debug] -->[C57] DL_Rom_SetEnableAttr #(api.cpp, line:2840)
[0000115] [11:24:35:961848] [Tid0x00002020] [debug] <--[C57] DL_Rom_SetEnableAttr
[0000116] [11:24:35:961848] [Tid0x00002020] [debug] -->[C58] DL_GetCount #(api.cpp, line:2621)
[0000117] [11:24:35:961848] [Tid0x00002020] [debug] <--[C58] DL_GetCount
[0000118] [11:24:35:977472] [Tid0x00002020] [debug] -->[C59] DL_Rom_GetInfoAll #(api.cpp, line:2786)
[0000119] [11:24:35:977472] [Tid0x00002020] [debug] <--[C59] DL_Rom_GetInfoAll
[0000120] [11:24:35:977472] [Tid0x00002020] [debug] -->[C60] DL_Rom_SetEnableAttr #(api.cpp, line:2840)
[0000121] [11:24:35:977472] [Tid0x00002020] [debug] <--[C60] DL_Rom_SetEnableAttr
[0000122] [11:24:35:977472] [Tid0x00002020] [debug] -->[C61] DL_GetCount #(api.cpp, line:2621)
[0000123] [11:24:35:977472] [Tid0x00002020] [debug] <--[C61] DL_GetCount
[0000124] [11:24:35:977472] [Tid0x00002020] [debug] -->[C62] DL_Rom_GetInfoAll #(api.cpp, line:2786)
[0000125] [11:24:35:977472] [Tid0x00002020] [debug] <--[C62] DL_Rom_GetInfoAll
[0000126] [11:24:35:977472] [Tid0x00002020] [debug] -->[C63] DL_Rom_SetEnableAttr #(api.cpp, line:2840)
[0000127] [11:24:35:977472] [Tid0x00002020] [debug] <--[C63] DL_Rom_SetEnableAttr
[0000128] [11:24:35:993095] [Tid0x00002020] [debug] -->[C64] DL_GetCount #(api.cpp, line:2621)
[0000129] [11:24:35:993095] [Tid0x00002020] [debug] <--[C64] DL_GetCount
[0000130] [11:24:35:993095] [Tid0x00002020] [debug] -->[C65] DL_Rom_GetInfoAll #(api.cpp, line:2786)
[0000131] [11:24:35:993095] [Tid0x00002020] [debug] <--[C65] DL_Rom_GetInfoAll
[0000132] [11:24:35:993095] [Tid0x00002020] [debug] -->[C66] DL_Rom_SetEnableAttr #(api.cpp, line:2840)
[0000133] [11:24:35:993095] [Tid0x00002020] [debug] <--[C66] DL_Rom_SetEnableAttr
[0000134] [11:24:35:993095] [Tid0x00002020] [debug] -->[C67] DL_GetCount #(api.cpp, line:2621)
[0000135] [11:24:35:993095] [Tid0x00002020] [debug] <--[C67] DL_GetCount
[0000136] [11:24:35:993095] [Tid0x00002020] [debug] -->[C68] DL_Rom_GetInfoAll #(api.cpp, line:2786)
[0000137] [11:24:35:993095] [Tid0x00002020] [debug] <--[C68] DL_Rom_GetInfoAll
[0000138] [11:24:36:008722] [Tid0x00002020] [debug] -->[C69] DL_Rom_SetEnableAttr #(api.cpp, line:2840)
[0000139] [11:24:36:008722] [Tid0x00002020] [debug] <--[C69] DL_Rom_SetEnableAttr
[0000140] [11:24:36:008722] [Tid0x00002020] [debug] -->[C70] DL_GetCount #(api.cpp, line:2621)
[0000141] [11:24:36:008722] [Tid0x00002020] [debug] <--[C70] DL_GetCount
[0000142] [11:24:36:008722] [Tid0x00002020] [debug] -->[C71] DL_Rom_GetInfoAll #(api.cpp, line:2786)
[0000143] [11:24:36:008722] [Tid0x00002020] [debug] <--[C71] DL_Rom_GetInfoAll
[0000144] [11:24:36:008722] [Tid0x00002020] [debug] -->[C72] DL_Rom_SetEnableAttr #(api.cpp, line:2840)
[0000145] [11:24:36:008722] [Tid0x00002020] [debug] <--[C72] DL_Rom_SetEnableAttr
[0000146] [11:24:36:024344] [Tid0x00002020] [debug] -->[C73] DL_GetCount #(api.cpp, line:2621)
[0000147] [11:24:36:024344] [Tid0x00002020] [debug] <--[C73] DL_GetCount
[0000148] [11:24:36:024344] [Tid0x00002020] [debug] -->[C74] DL_Rom_GetInfoAll #(api.cpp, line:2786)
[0000149] [11:24:36:024344] [Tid0x00002020] [debug] <--[C74] DL_Rom_GetInfoAll
[0000150] [11:24:36:024344] [Tid0x00002020] [debug] -->[C75] DL_Rom_SetEnableAttr #(api.cpp, line:2840)
[0000151] [11:24:36:024344] [Tid0x00002020] [debug] <--[C75] DL_Rom_SetEnableAttr
[0000152] [11:24:36:024344] [Tid0x00002020] [debug] -->[C76] DL_GetCount #(api.cpp, line:2621)
[0000153] [11:24:36:024344] [Tid0x00002020] [debug] <--[C76] DL_GetCount
[0000154] [11:24:36:024344] [Tid0x00002020] [debug] -->[C77] DL_Rom_GetInfoAll #(api.cpp, line:2786)
[0000155] [11:24:36:024344] [Tid0x00002020] [debug] <--[C77] DL_Rom_GetInfoAll
[0000156] [11:24:36:039971] [Tid0x00002020] [debug] -->[C78] DL_Rom_SetEnableAttr #(api.cpp, line:2840)
[0000157] [11:24:36:039971] [Tid0x00002020] [debug] <--[C78] DL_Rom_SetEnableAttr
[0000158] [11:24:36:039971] [Tid0x00002020] [debug] -->[C79] DL_GetCount #(api.cpp, line:2621)
[0000159] [11:24:36:039971] [Tid0x00002020] [debug] <--[C79] DL_GetCount
[0000160] [11:24:36:039971] [Tid0x00002020] [debug] -->[C80] DL_Rom_GetInfoAll #(api.cpp, line:2786)
[0000161] [11:24:36:039971] [Tid0x00002020] [debug] <--[C80] DL_Rom_GetInfoAll
[0000162] [11:24:36:039971] [Tid0x00002020] [debug] -->[C81] DL_Rom_SetEnableAttr #(api.cpp, line:2840)
[0000163] [11:24:36:039971] [Tid0x00002020] [debug] <--[C81] DL_Rom_SetEnableAttr
[0000164] [11:24:36:039971] [Tid0x00002020] [debug] -->[C82] DL_GetCount #(api.cpp, line:2621)
[0000165] [11:24:36:039971] [Tid0x00002020] [debug] <--[C82] DL_GetCount
[0000166] [11:24:36:039971] [Tid0x00002020] [debug] -->[C83] DL_Rom_GetInfoAll #(api.cpp, line:2786)
[0000167] [11:24:36:039971] [Tid0x00002020] [debug] <--[C83] DL_Rom_GetInfoAll
[0000168] [11:24:36:055596] [Tid0x00002020] [debug] -->[C84] DL_Rom_SetEnableAttr #(api.cpp, line:2840)
[0000169] [11:24:36:055596] [Tid0x00002020] [debug] <--[C84] DL_Rom_SetEnableAttr
[0000170] [11:24:36:055596] [Tid0x00002020] [debug] -->[C85] DL_GetCount #(api.cpp, line:2621)
[0000171] [11:24:36:055596] [Tid0x00002020] [debug] <--[C85] DL_GetCount
[0000172] [11:24:36:055596] [Tid0x00002020] [debug] -->[C86] DL_Rom_GetInfoAll #(api.cpp, line:2786)
[0000173] [11:24:36:055596] [Tid0x00002020] [debug] <--[C86] DL_Rom_GetInfoAll
[0000174] [11:24:36:071220] [Tid0x00002020] [debug] -->[C87] DL_Rom_SetEnableAttr #(api.cpp, line:2840)
[0000175] [11:24:36:071220] [Tid0x00002020] [debug] <--[C87] DL_Rom_SetEnableAttr
[0000176] [11:24:36:071220] [Tid0x00002020] [debug] -->[C88] DL_GetCount #(api.cpp, line:2621)
[0000177] [11:24:36:071220] [Tid0x00002020] [debug] <--[C88] DL_GetCount
[0000178] [11:24:36:071220] [Tid0x00002020] [debug] -->[C89] DL_Rom_GetInfoAll #(api.cpp, line:2786)
[0000179] [11:24:36:071220] [Tid0x00002020] [debug] <--[C89] DL_Rom_GetInfoAll
[0000180] [11:24:36:071220] [Tid0x00002020] [debug] -->[C90] DL_Rom_SetEnableAttr #(api.cpp, line:2840)
[0000181] [11:24:36:071220] [Tid0x00002020] [debug] <--[C90] DL_Rom_SetEnableAttr
[0000182] [11:24:36:180648] [Tid0x00002020] [debug] -->[C91] DL_GetCount #(api.cpp, line:2621)
[0000183] [11:24:36:180648] [Tid0x00002020] [debug] <--[C91] DL_GetCount
[0000184] [11:24:36:180648] [Tid0x00002020] [debug] -->[C92] DL_Rom_GetInfoAll #(api.cpp, line:2786)
[0000185] [11:24:36:180648] [Tid0x00002020] [debug] <--[C92] DL_Rom_GetInfoAll
[0000186] [11:24:36:196344] [Tid0x00002020] [debug] -->[C93] DL_Rom_SetEnableAttr #(api.cpp, line:2840)
[0000187] [11:24:36:196344] [Tid0x00002020] [debug] <--[C93] DL_Rom_SetEnableAttr
[0000188] [11:24:36:211838] [Tid0x00002020] [debug] -->[C94] DL_GetCount #(api.cpp, line:2621)
[0000189] [11:24:36:211838] [Tid0x00002020] [debug] <--[C94] DL_GetCount
[0000190] [11:24:36:211838] [Tid0x00002020] [debug] -->[C95] DL_Rom_GetInfoAll #(api.cpp, line:2786)
[0000191] [11:24:36:211838] [Tid0x00002020] [debug] <--[C95] DL_Rom_GetInfoAll
[0000192] [11:24:36:227461] [Tid0x00002020] [debug] -->[C96] DL_Rom_SetEnableAttr #(api.cpp, line:2840)
[0000193] [11:24:36:227461] [Tid0x00002020] [debug] <--[C96] DL_Rom_SetEnableAttr
[0000194] [11:24:36:227461] [Tid0x00002020] [debug] -->[C97] DL_GetCount #(api.cpp, line:2621)
[0000195] [11:24:36:227461] [Tid0x00002020] [debug] <--[C97] DL_GetCount
[0000196] [11:24:36:227461] [Tid0x00002020] [debug] -->[C98] DL_Rom_GetInfoAll #(api.cpp, line:2786)
[0000197] [11:24:36:227461] [Tid0x00002020] [debug] <--[C98] DL_Rom_GetInfoAll
[0000198] [11:24:36:227461] [Tid0x00002020] [debug] -->[C99] DL_Rom_SetEnableAttr #(api.cpp, line:2840)
[0000199] [11:24:36:227461] [Tid0x00002020] [debug] <--[C99] DL_Rom_SetEnableAttr
[0000200] [11:24:36:227461] [Tid0x00002020] [debug] -->[C100] DL_GetCount #(api.cpp, line:2621)
[0000201] [11:24:36:227461] [Tid0x00002020] [debug] <--[C100] DL_GetCount
[0000202] [11:24:36:227461] [Tid0x00002020] [debug] -->[C101] DL_Rom_GetInfoAll #(api.cpp, line:2786)
[0000203] [11:24:36:227461] [Tid0x00002020] [debug] <--[C101] DL_Rom_GetInfoAll
[0000204] [11:24:36:243089] [Tid0x00002020] [debug] -->[C102] DL_Rom_SetEnableAttr #(api.cpp, line:2840)
[0000205] [11:24:36:243089] [Tid0x00002020] [debug] <--[C102] DL_Rom_SetEnableAttr
[0000206] [11:24:36:243089] [Tid0x00002020] [debug] -->[C103] DL_GetCount #(api.cpp, line:2621)
[0000207] [11:24:36:243089] [Tid0x00002020] [debug] <--[C103] DL_GetCount
[0000208] [11:24:36:243089] [Tid0x00002020] [debug] -->[C104] DL_Rom_GetInfoAll #(api.cpp, line:2786)
[0000209] [11:24:36:243089] [Tid0x00002020] [debug] <--[C104] DL_Rom_GetInfoAll
[0000210] [11:24:36:243089] [Tid0x00002020] [debug] -->[C105] DL_Rom_SetEnableAttr #(api.cpp, line:2840)
[0000211] [11:24:36:243089] [Tid0x00002020] [debug] <--[C105] DL_Rom_SetEnableAttr
[0000212] [11:24:36:243089] [Tid0x00002020] [debug] -->[C106] DL_GetCount #(api.cpp, line:2621)
[0000213] [11:24:36:258785] [Tid0x00002020] [debug] <--[C106] DL_GetCount
[0000214] [11:24:36:258785] [Tid0x00002020] [debug] -->[C107] DL_Rom_GetInfoAll #(api.cpp, line:2786)
[0000215] [11:24:36:258785] [Tid0x00002020] [debug] <--[C107] DL_Rom_GetInfoAll
[0000216] [11:24:36:258785] [Tid0x00002020] [debug] -->[C108] DL_Rom_SetEnableAttr #(api.cpp, line:2840)
[0000217] [11:24:36:258785] [Tid0x00002020] [debug] <--[C108] DL_Rom_SetEnableAttr
[0000218] [11:24:36:258785] [Tid0x00002020] [debug] -->[C109] DL_GetCount #(api.cpp, line:2621)
[0000219] [11:24:36:258785] [Tid0x00002020] [debug] <--[C109] DL_GetCount
[0000220] [11:24:36:258785] [Tid0x00002020] [debug] -->[C110] DL_Rom_GetInfoAll #(api.cpp, line:2786)
[0000221] [11:24:36:258785] [Tid0x00002020] [debug] <--[C110] DL_Rom_GetInfoAll
[0000222] [11:24:36:274382] [Tid0x00002020] [debug] -->[C111] DL_Rom_SetEnableAttr #(api.cpp, line:2840)
[0000223] [11:24:36:274382] [Tid0x00002020] [debug] <--[C111] DL_Rom_SetEnableAttr
[0000224] [11:24:36:274382] [Tid0x00002020] [debug] -->[C112] DL_GetCount #(api.cpp, line:2621)
[0000225] [11:24:36:274382] [Tid0x00002020] [debug] <--[C112] DL_GetCount
[0000226] [11:24:36:274382] [Tid0x00002020] [debug] -->[C113] DL_Rom_GetInfoAll #(api.cpp, line:2786)
[0000227] [11:24:36:274382] [Tid0x00002020] [debug] <--[C113] DL_Rom_GetInfoAll
[0000228] [11:24:36:274382] [Tid0x00002020] [debug] -->[C114] DL_Rom_SetEnableAttr #(api.cpp, line:2840)
[0000229] [11:24:36:274382] [Tid0x00002020] [debug] <--[C114] DL_Rom_SetEnableAttr
[0000230] [11:24:36:274382] [Tid0x00002020] [debug] -->[C115] DL_GetCount #(api.cpp, line:2621)
[0000231] [11:24:36:274382] [Tid0x00002020] [debug] <--[C115] DL_GetCount
[0000232] [11:24:36:274382] [Tid0x00002020] [debug] -->[C116] DL_Rom_GetInfoAll #(api.cpp, line:2786)
[0000233] [11:24:36:274382] [Tid0x00002020] [debug] <--[C116] DL_Rom_GetInfoAll
[0000234] [11:24:36:290007] [Tid0x00002020] [debug] -->[C117] DL_Rom_SetEnableAttr #(api.cpp, line:2840)
[0000235] [11:24:36:290007] [Tid0x00002020] [debug] <--[C117] DL_Rom_SetEnableAttr
[0000236] [11:24:36:290007] [Tid0x00002020] [debug] -->[C118] DL_GetCount #(api.cpp, line:2621)
[0000237] [11:24:36:290007] [Tid0x00002020] [debug] <--[C118] DL_GetCount
[0000238] [11:24:36:290007] [Tid0x00002020] [debug] -->[C119] DL_Rom_GetInfoAll #(api.cpp, line:2786)
[0000239] [11:24:36:290007] [Tid0x00002020] [debug] <--[C119] DL_Rom_GetInfoAll
[0000240] [11:24:36:305681] [Tid0x00002020] [debug] -->[C120] DL_Rom_SetEnableAttr #(api.cpp, line:2840)
[0000241] [11:24:36:305681] [Tid0x00002020] [debug] <--[C120] DL_Rom_SetEnableAttr
[0000242] [11:24:36:305681] [Tid0x00002020] [debug] -->[C121] DL_GetCount #(api.cpp, line:2621)
[0000243] [11:24:36:305681] [Tid0x00002020] [debug] <--[C121] DL_GetCount
[0000244] [11:24:36:305681] [Tid0x00002020] [debug] -->[C122] DL_Rom_GetInfoAll #(api.cpp, line:2786)
[0000245] [11:24:36:305681] [Tid0x00002020] [debug] <--[C122] DL_Rom_GetInfoAll
[0000246] [11:24:36:305681] [Tid0x00002020] [debug] -->[C123] DL_Rom_SetEnableAttr #(api.cpp, line:2840)
[0000247] [11:24:36:305681] [Tid0x00002020] [debug] <--[C123] DL_Rom_SetEnableAttr
[0000248] [11:24:36:305681] [Tid0x00002020] [debug] -->[C124] DL_GetCount #(api.cpp, line:2621)
[0000249] [11:24:36:305681] [Tid0x00002020] [debug] <--[C124] DL_GetCount
[0000250] [11:24:36:305681] [Tid0x00002020] [debug] -->[C125] DL_Rom_GetInfoAll #(api.cpp, line:2786)
[0000251] [11:24:36:305681] [Tid0x00002020] [debug] <--[C125] DL_Rom_GetInfoAll
[0000252] [11:24:36:321256] [Tid0x00002020] [debug] -->[C126] DL_Rom_SetEnableAttr #(api.cpp, line:2840)
[0000253] [11:24:36:321256] [Tid0x00002020] [debug] <--[C126] DL_Rom_SetEnableAttr
[0000254] [11:24:36:321256] [Tid0x00002020] [debug] -->[C127] DL_GetCount #(api.cpp, line:2621)
[0000255] [11:24:36:321256] [Tid0x00002020] [debug] <--[C127] DL_GetCount
[0000256] [11:24:36:321256] [Tid0x00002020] [debug] -->[C128] DL_Rom_GetInfoAll #(api.cpp, line:2786)
[0000257] [11:24:36:321256] [Tid0x00002020] [debug] <--[C128] DL_Rom_GetInfoAll
[0000258] [11:24:36:321256] [Tid0x00002020] [debug] -->[C129] DL_Rom_SetEnableAttr #(api.cpp, line:2840)
[0000259] [11:24:36:321256] [Tid0x00002020] [debug] <--[C129] DL_Rom_SetEnableAttr
[0000260] [11:24:36:336833] [Tid0x00002020] [debug] -->[C130] DL_GetCount #(api.cpp, line:2621)
[0000261] [11:24:36:336833] [Tid0x00002020] [debug] <--[C130] DL_GetCount
[0000262] [11:24:36:336833] [Tid0x00002020] [debug] -->[C131] DL_Rom_GetInfoAll #(api.cpp, line:2786)
[0000263] [11:24:36:336833] [Tid0x00002020] [debug] <--[C131] DL_Rom_GetInfoAll
[0000264] [11:24:36:336833] [Tid0x00002020] [debug] -->[C132] DL_Rom_SetEnableAttr #(api.cpp, line:2840)
[0000265] [11:24:36:336833] [Tid0x00002020] [debug] <--[C132] DL_Rom_SetEnableAttr
[0000266] [11:24:36:336833] [Tid0x00002020] [debug] -->[C133] DL_GetCount #(api.cpp, line:2621)
[0000267] [11:24:36:336833] [Tid0x00002020] [debug] <--[C133] DL_GetCount
[0000268] [11:24:36:336833] [Tid0x00002020] [debug] -->[C134] DL_Rom_GetInfoAll #(api.cpp, line:2786)
[0000269] [11:24:36:336833] [Tid0x00002020] [debug] <--[C134] DL_Rom_GetInfoAll
[0000270] [11:24:36:336833] [Tid0x00002020] [debug] -->[C135] DL_Rom_SetEnableAttr #(api.cpp, line:2840)
[0000271] [11:24:36:352462] [Tid0x00002020] [debug] <--[C135] DL_Rom_SetEnableAttr
[0000272] [11:24:36:352462] [Tid0x00002020] [debug] -->[C136] DL_GetCount #(api.cpp, line:2621)
[0000273] [11:24:36:352462] [Tid0x00002020] [debug] <--[C136] DL_GetCount
[0000274] [11:24:36:352462] [Tid0x00002020] [debug] -->[C137] DL_Rom_GetInfoAll #(api.cpp, line:2786)
[0000275] [11:24:36:352462] [Tid0x00002020] [debug] <--[C137] DL_Rom_GetInfoAll
[0000276] [11:24:36:352462] [Tid0x00002020] [debug] -->[C138] DL_Rom_SetEnableAttr #(api.cpp, line:2840)
[0000277] [11:24:36:352462] [Tid0x00002020] [debug] <--[C138] DL_Rom_SetEnableAttr
[0000278] [11:24:36:368082] [Tid0x00002020] [debug] -->[C139] DL_GetCount #(api.cpp, line:2621)
[0000279] [11:24:36:368082] [Tid0x00002020] [debug] <--[C139] DL_GetCount
[0000280] [11:24:36:368082] [Tid0x00002020] [debug] -->[C140] DL_Rom_GetInfoAll #(api.cpp, line:2786)
[0000281] [11:24:36:368082] [Tid0x00002020] [debug] <--[C140] DL_Rom_GetInfoAll
[0000282] [11:24:36:368082] [Tid0x00002020] [debug] -->[C141] DL_Rom_SetEnableAttr #(api.cpp, line:2840)
[0000283] [11:24:36:368082] [Tid0x00002020] [debug] <--[C141] DL_Rom_SetEnableAttr
[0000284] [11:24:36:368082] [Tid0x00002020] [debug] -->[C142] DL_GetCount #(api.cpp, line:2621)
[0000285] [11:24:36:368082] [Tid0x00002020] [debug] <--[C142] DL_GetCount
[0000286] [11:24:36:368082] [Tid0x00002020] [debug] -->[C143] DL_Rom_GetInfoAll #(api.cpp, line:2786)
[0000287] [11:24:36:368082] [Tid0x00002020] [debug] <--[C143] DL_Rom_GetInfoAll
[0000288] [11:24:36:368082] [Tid0x00002020] [debug] -->[C144] DL_Rom_SetEnableAttr #(api.cpp, line:2840)
[0000289] [11:24:36:368082] [Tid0x00002020] [debug] <--[C144] DL_Rom_SetEnableAttr
[0000290] [11:24:36:383706] [Tid0x00002020] [debug] -->[C145] DL_GetCount #(api.cpp, line:2621)
[0000291] [11:24:36:383706] [Tid0x00002020] [debug] <--[C145] DL_GetCount
[0000292] [11:24:36:383706] [Tid0x00002020] [debug] -->[C146] DL_Rom_GetInfoAll #(api.cpp, line:2786)
[0000293] [11:24:36:383706] [Tid0x00002020] [debug] <--[C146] DL_Rom_GetInfoAll
[0000294] [11:24:36:383706] [Tid0x00002020] [debug] -->[C147] DL_Rom_SetEnableAttr #(api.cpp, line:2840)
[0000295] [11:24:36:383706] [Tid0x00002020] [debug] <--[C147] DL_Rom_SetEnableAttr
[0000296] [11:24:36:383706] [Tid0x00002020] [debug] -->[C148] DL_GetCount #(api.cpp, line:2621)
[0000297] [11:24:36:383706] [Tid0x00002020] [debug] <--[C148] DL_GetCount
[0000298] [11:24:36:383706] [Tid0x00002020] [debug] -->[C149] DL_Rom_GetInfoAll #(api.cpp, line:2786)
[0000299] [11:24:36:383706] [Tid0x00002020] [debug] <--[C149] DL_Rom_GetInfoAll
[0000300] [11:24:36:399333] [Tid0x00002020] [debug] -->[C150] DL_Rom_SetEnableAttr #(api.cpp, line:2840)
[0000301] [11:24:36:399333] [Tid0x00002020] [debug] <--[C150] DL_Rom_SetEnableAttr
[0000302] [11:24:36:399333] [Tid0x00002020] [debug] -->[C151] DL_GetCount #(api.cpp, line:2621)
[0000303] [11:24:36:399333] [Tid0x00002020] [debug] <--[C151] DL_GetCount
[0000304] [11:24:36:399333] [Tid0x00002020] [debug] -->[C152] DL_Rom_GetInfoAll #(api.cpp, line:2786)
[0000305] [11:24:36:399333] [Tid0x00002020] [debug] <--[C152] DL_Rom_GetInfoAll
[0000306] [11:24:36:399333] [Tid0x00002020] [debug] -->[C153] DL_Rom_SetEnableAttr #(api.cpp, line:2840)
[0000307] [11:24:36:399333] [Tid0x00002020] [debug] <--[C153] DL_Rom_SetEnableAttr
[0000308] [11:24:36:446248] [Tid0x00002020] [debug] -->[C154] DL_GetCount #(api.cpp, line:2621)
[0000309] [11:24:36:446248] [Tid0x00002020] [debug] <--[C154] DL_GetCount
[0000310] [11:24:36:446248] [Tid0x00002020] [debug] -->[C155] DL_Rom_GetInfoAll #(api.cpp, line:2786)
[0000311] [11:24:36:446248] [Tid0x00002020] [debug] <--[C155] DL_Rom_GetInfoAll
[0000312] [11:24:36:446248] [Tid0x00002020] [debug] -->[C156] DL_Rom_SetEnableAttr #(api.cpp, line:2840)
[0000313] [11:24:36:446248] [Tid0x00002020] [debug] <--[C156] DL_Rom_SetEnableAttr
[0000314] [11:24:36:446248] [Tid0x00002020] [debug] -->[C157] DL_GetCount #(api.cpp, line:2621)
[0000315] [11:24:36:446248] [Tid0x00002020] [debug] <--[C157] DL_GetCount
[0000316] [11:24:36:446248] [Tid0x00002020] [debug] -->[C158] DL_Rom_GetInfoAll #(api.cpp, line:2786)
[0000317] [11:24:36:446248] [Tid0x00002020] [debug] <--[C158] DL_Rom_GetInfoAll
[0000318] [11:24:36:461833] [Tid0x00002020] [debug] -->[C159] DL_Rom_SetEnableAttr #(api.cpp, line:2840)
[0000319] [11:24:36:461833] [Tid0x00002020] [debug] <--[C159] DL_Rom_SetEnableAttr
[0000320] [11:24:36:461833] [Tid0x00002020] [debug] -->[C160] DL_GetCount #(api.cpp, line:2621)
[0000321] [11:24:36:461833] [Tid0x00002020] [debug] <--[C160] DL_GetCount
[0000322] [11:24:36:461833] [Tid0x00002020] [debug] -->[C161] DL_Rom_GetInfoAll #(api.cpp, line:2786)
[0000323] [11:24:36:461833] [Tid0x00002020] [debug] <--[C161] DL_Rom_GetInfoAll
[0000324] [11:24:36:461833] [Tid0x00002020] [debug] -->[C162] DL_Rom_SetEnableAttr #(api.cpp, line:2840)
[0000325] [11:24:36:461833] [Tid0x00002020] [debug] <--[C162] DL_Rom_SetEnableAttr
[0000326] [11:24:36:461833] [Tid0x00002020] [debug] -->[C163] DL_GetCount #(api.cpp, line:2621)
[0000327] [11:24:36:461833] [Tid0x00002020] [debug] <--[C163] DL_GetCount
[0000328] [11:24:36:461833] [Tid0x00002020] [debug] -->[C164] DL_Rom_GetInfoAll #(api.cpp, line:2786)
[0000329] [11:24:36:461833] [Tid0x00002020] [debug] <--[C164] DL_Rom_GetInfoAll
[0000330] [11:24:36:477456] [Tid0x00002020] [debug] -->[C165] DL_Rom_SetEnableAttr #(api.cpp, line:2840)
[0000331] [11:24:36:477456] [Tid0x00002020] [debug] <--[C165] DL_Rom_SetEnableAttr
[0000332] [11:24:36:477456] [Tid0x00002020] [debug] -->[C166] DL_GetCount #(api.cpp, line:2621)
[0000333] [11:24:36:477456] [Tid0x00002020] [debug] <--[C166] DL_GetCount
[0000334] [11:24:36:477456] [Tid0x00002020] [debug] -->[C167] DL_Rom_GetInfoAll #(api.cpp, line:2786)
[0000335] [11:24:36:477456] [Tid0x00002020] [debug] <--[C167] DL_Rom_GetInfoAll
[0000336] [11:24:36:493081] [Tid0x00002020] [debug] -->[C168] DL_Rom_SetEnableAttr #(api.cpp, line:2840)
[0000337] [11:24:36:493081] [Tid0x00002020] [debug] <--[C168] DL_Rom_SetEnableAttr
[0000338] [11:24:36:493081] [Tid0x00002020] [debug] -->[C169] DL_GetCount #(api.cpp, line:2621)
[0000339] [11:24:36:493081] [Tid0x00002020] [debug] <--[C169] DL_GetCount
[0000340] [11:24:36:493081] [Tid0x00002020] [debug] -->[C170] DL_Rom_GetInfoAll #(api.cpp, line:2786)
[0000341] [11:24:36:493081] [Tid0x00002020] [debug] <--[C170] DL_Rom_GetInfoAll
[0000342] [11:24:36:493081] [Tid0x00002020] [debug] -->[C171] DL_Rom_SetEnableAttr #(api.cpp, line:2840)
[0000343] [11:24:36:493081] [Tid0x00002020] [debug] <--[C171] DL_Rom_SetEnableAttr
[0000344] [11:24:36:508821] [Tid0x00002020] [debug] -->[C172] DL_GetCount #(api.cpp, line:2621)
[0000345] [11:24:36:508821] [Tid0x00002020] [debug] <--[C172] DL_GetCount
[0000346] [11:24:36:508821] [Tid0x00002020] [debug] -->[C173] DL_Rom_GetInfoAll #(api.cpp, line:2786)
[0000347] [11:24:36:508821] [Tid0x00002020] [debug] <--[C173] DL_Rom_GetInfoAll
[0000348] [11:24:36:508821] [Tid0x00002020] [debug] -->[C174] DL_Rom_SetEnableAttr #(api.cpp, line:2840)
[0000349] [11:24:36:508821] [Tid0x00002020] [debug] <--[C174] DL_Rom_SetEnableAttr
[0000350] [11:24:36:524422] [Tid0x00002020] [debug] -->[C175] DL_GetCount #(api.cpp, line:2621)
[0000351] [11:24:36:524422] [Tid0x00002020] [debug] <--[C175] DL_GetCount
[0000352] [11:24:36:524422] [Tid0x00002020] [debug] -->[C176] DL_Rom_GetInfoAll #(api.cpp, line:2786)
[0000353] [11:24:36:524422] [Tid0x00002020] [debug] <--[C176] DL_Rom_GetInfoAll
[0000354] [11:24:36:524422] [Tid0x00002020] [debug] -->[C177] DL_Rom_SetEnableAttr #(api.cpp, line:2840)
[0000355] [11:24:36:524422] [Tid0x00002020] [debug] <--[C177] DL_Rom_SetEnableAttr
[0000356] [11:24:36:524422] [Tid0x00002020] [debug] -->[C178] DL_GetCount #(api.cpp, line:2621)
[0000357] [11:24:36:524422] [Tid0x00002020] [debug] <--[C178] DL_GetCount
[0000358] [11:24:36:524422] [Tid0x00002020] [debug] -->[C179] DL_Rom_GetInfoAll #(api.cpp, line:2786)
[0000359] [11:24:36:524422] [Tid0x00002020] [debug] <--[C179] DL_Rom_GetInfoAll
[0000360] [11:24:36:539954] [Tid0x00002020] [debug] -->[C180] DL_Rom_SetEnableAttr #(api.cpp, line:2840)
[0000361] [11:24:36:539954] [Tid0x00002020] [debug] <--[C180] DL_Rom_SetEnableAttr
[0000362] [11:24:36:539954] [Tid0x00002020] [debug] -->[C181] DL_GetCount #(api.cpp, line:2621)
[0000363] [11:24:36:539954] [Tid0x00002020] [debug] <--[C181] DL_GetCount
[0000364] [11:24:36:539954] [Tid0x00002020] [debug] -->[C182] DL_Rom_GetInfoAll #(api.cpp, line:2786)
[0000365] [11:24:36:539954] [Tid0x00002020] [debug] <--[C182] DL_Rom_GetInfoAll
[0000366] [11:24:36:539954] [Tid0x00002020] [debug] -->[C183] DL_Rom_SetEnableAttr #(api.cpp, line:2840)
[0000367] [11:24:36:539954] [Tid0x00002020] [debug] <--[C183] DL_Rom_SetEnableAttr
[0000368] [11:24:36:555576] [Tid0x00002020] [debug] -->[C184] DL_SetChecksumLevel #(api.cpp, line:2523)
[0000369] [11:24:36:555576] [Tid0x00002020] [debug] <--[C184] DL_SetChecksumLevel
[0000370] [11:24:40:563722] [Tid0x00002020] [debug] -->[C185] DL_GetCount #(api.cpp, line:2621)
[0000371] [11:24:40:563722] [Tid0x00002020] [debug] <--[C185] DL_GetCount
[0000372] [11:24:40:563722] [Tid0x00002020] [debug] -->[C186] DL_Rom_GetInfoAll #(api.cpp, line:2786)
[0000373] [11:24:40:563722] [Tid0x00002020] [debug] <--[C186] DL_Rom_GetInfoAll
[0000374] [11:24:40:563722] [Tid0x00002020] [debug] -->[C187] DL_Rom_SetEnableAttr #(api.cpp, line:2840)
[0000375] [11:24:40:563722] [Tid0x00002020] [debug] <--[C187] DL_Rom_SetEnableAttr
[0000376] [11:24:40:579345] [Tid0x00002020] [debug] -->[C188] DL_GetCount #(api.cpp, line:2621)
[0000377] [11:24:40:579345] [Tid0x00002020] [debug] <--[C188] DL_GetCount
[0000378] [11:24:40:579345] [Tid0x00002020] [debug] -->[C189] DL_Rom_GetInfoAll #(api.cpp, line:2786)
[0000379] [11:24:40:579345] [Tid0x00002020] [debug] <--[C189] DL_Rom_GetInfoAll
[0000380] [11:24:40:579345] [Tid0x00002020] [debug] -->[C190] DL_Rom_SetEnableAttr #(api.cpp, line:2840)
[0000381] [11:24:40:579345] [Tid0x00002020] [debug] <--[C190] DL_Rom_SetEnableAttr
[0000382] [11:24:40:579345] [Tid0x00002020] [debug] -->[C191] DL_GetCount #(api.cpp, line:2621)
[0000383] [11:24:40:579345] [Tid0x00002020] [debug] <--[C191] DL_GetCount
[0000384] [11:24:40:579345] [Tid0x00002020] [debug] -->[C192] DL_Rom_GetInfoAll #(api.cpp, line:2786)
[0000385] [11:24:40:579345] [Tid0x00002020] [debug] <--[C192] DL_Rom_GetInfoAll
[0000386] [11:24:40:594974] [Tid0x00002020] [debug] -->[C193] DL_Rom_SetEnableAttr #(api.cpp, line:2840)
[0000387] [11:24:40:594974] [Tid0x00002020] [debug] <--[C193] DL_Rom_SetEnableAttr
[0000388] [11:24:40:594974] [Tid0x00002020] [debug] -->[C194] DL_GetCount #(api.cpp, line:2621)
[0000389] [11:24:40:594974] [Tid0x00002020] [debug] <--[C194] DL_GetCount
[0000390] [11:24:40:594974] [Tid0x00002020] [debug] -->[C195] DL_Rom_GetInfoAll #(api.cpp, line:2786)
[0000391] [11:24:40:594974] [Tid0x00002020] [debug] <--[C195] DL_Rom_GetInfoAll
[0000392] [11:24:40:610595] [Tid0x00002020] [debug] -->[C196] DL_Rom_SetEnableAttr #(api.cpp, line:2840)
[0000393] [11:24:40:610595] [Tid0x00002020] [debug] <--[C196] DL_Rom_SetEnableAttr
[0000394] [11:24:40:610595] [Tid0x00002020] [debug] -->[C197] DL_GetCount #(api.cpp, line:2621)
[0000395] [11:24:40:610595] [Tid0x00002020] [debug] <--[C197] DL_GetCount
[0000396] [11:24:40:610595] [Tid0x00002020] [debug] -->[C198] DL_Rom_GetInfoAll #(api.cpp, line:2786)
[0000397] [11:24:40:610595] [Tid0x00002020] [debug] <--[C198] DL_Rom_GetInfoAll
[0000398] [11:24:40:610595] [Tid0x00002020] [debug] -->[C199] DL_Rom_SetEnableAttr #(api.cpp, line:2840)
[0000399] [11:24:40:610595] [Tid0x00002020] [debug] <--[C199] DL_Rom_SetEnableAttr
[0000400] [11:24:40:626215] [Tid0x00002020] [debug] -->[C200] DL_GetCount #(api.cpp, line:2621)
[0000401] [11:24:40:626215] [Tid0x00002020] [debug] <--[C200] DL_GetCount
[0000402] [11:24:40:626215] [Tid0x00002020] [debug] -->[C201] DL_Rom_GetInfoAll #(api.cpp, line:2786)
[0000403] [11:24:40:626215] [Tid0x00002020] [debug] <--[C201] DL_Rom_GetInfoAll
[0000404] [11:24:40:626215] [Tid0x00002020] [debug] -->[C202] DL_Rom_SetEnableAttr #(api.cpp, line:2840)
[0000405] [11:24:40:626215] [Tid0x00002020] [debug] <--[C202] DL_Rom_SetEnableAttr
[0000406] [11:24:40:626215] [Tid0x00002020] [debug] -->[C203] DL_GetCount #(api.cpp, line:2621)
[0000407] [11:24:40:626215] [Tid0x00002020] [debug] <--[C203] DL_GetCount
[0000408] [11:24:40:626215] [Tid0x00002020] [debug] -->[C204] DL_Rom_GetInfoAll #(api.cpp, line:2786)
[0000409] [11:24:40:626215] [Tid0x00002020] [debug] <--[C204] DL_Rom_GetInfoAll
[0000410] [11:24:40:641840] [Tid0x00002020] [debug] -->[C205] DL_Rom_SetEnableAttr #(api.cpp, line:2840)
[0000411] [11:24:40:641840] [Tid0x00002020] [debug] <--[C205] DL_Rom_SetEnableAttr
[0000412] [11:24:40:641840] [Tid0x00002020] [debug] -->[C206] DL_GetCount #(api.cpp, line:2621)
[0000413] [11:24:40:641840] [Tid0x00002020] [debug] <--[C206] DL_GetCount
[0000414] [11:24:40:641840] [Tid0x00002020] [debug] -->[C207] DL_Rom_GetInfoAll #(api.cpp, line:2786)
[0000415] [11:24:40:641840] [Tid0x00002020] [debug] <--[C207] DL_Rom_GetInfoAll
[0000416] [11:24:40:641840] [Tid0x00002020] [debug] -->[C208] DL_Rom_SetEnableAttr #(api.cpp, line:2840)
[0000417] [11:24:40:641840] [Tid0x00002020] [debug] <--[C208] DL_Rom_SetEnableAttr
[0000418] [11:24:40:657470] [Tid0x00002020] [debug] -->[C209] DL_GetCount #(api.cpp, line:2621)
[0000419] [11:24:40:657470] [Tid0x00002020] [debug] <--[C209] DL_GetCount
[0000420] [11:24:40:657470] [Tid0x00002020] [debug] -->[C210] DL_Rom_GetInfoAll #(api.cpp, line:2786)
[0000421] [11:24:40:657470] [Tid0x00002020] [debug] <--[C210] DL_Rom_GetInfoAll
[0000422] [11:24:40:657470] [Tid0x00002020] [debug] -->[C211] DL_Rom_SetEnableAttr #(api.cpp, line:2840)
[0000423] [11:24:40:657470] [Tid0x00002020] [debug] <--[C211] DL_Rom_SetEnableAttr
[0000424] [11:24:40:657470] [Tid0x00002020] [debug] -->[C212] DL_GetCount #(api.cpp, line:2621)
[0000425] [11:24:40:657470] [Tid0x00002020] [debug] <--[C212] DL_GetCount
[0000426] [11:24:40:657470] [Tid0x00002020] [debug] -->[C213] DL_Rom_GetInfoAll #(api.cpp, line:2786)
[0000427] [11:24:40:657470] [Tid0x00002020] [debug] <--[C213] DL_Rom_GetInfoAll
[0000428] [11:24:40:657470] [Tid0x00002020] [debug] -->[C214] DL_Rom_SetEnableAttr #(api.cpp, line:2840)
[0000429] [11:24:40:657470] [Tid0x00002020] [debug] <--[C214] DL_Rom_SetEnableAttr
[0000430] [11:24:40:673094] [Tid0x00002020] [debug] -->[C215] DL_GetCount #(api.cpp, line:2621)
[0000431] [11:24:40:673094] [Tid0x00002020] [debug] <--[C215] DL_GetCount
[0000432] [11:24:40:673094] [Tid0x00002020] [debug] -->[C216] DL_Rom_GetInfoAll #(api.cpp, line:2786)
[0000433] [11:24:40:673094] [Tid0x00002020] [debug] <--[C216] DL_Rom_GetInfoAll
[0000434] [11:24:40:673094] [Tid0x00002020] [debug] -->[C217] DL_Rom_SetEnableAttr #(api.cpp, line:2840)
[0000435] [11:24:40:673094] [Tid0x00002020] [debug] <--[C217] DL_Rom_SetEnableAttr
[0000436] [11:24:40:673094] [Tid0x00002020] [debug] -->[C218] DL_GetCount #(api.cpp, line:2621)
[0000437] [11:24:40:673094] [Tid0x00002020] [debug] <--[C218] DL_GetCount
[0000438] [11:24:40:673094] [Tid0x00002020] [debug] -->[C219] DL_Rom_GetInfoAll #(api.cpp, line:2786)
[0000439] [11:24:40:673094] [Tid0x00002020] [debug] <--[C219] DL_Rom_GetInfoAll
[0000440] [11:24:40:673094] [Tid0x00002020] [debug] -->[C220] DL_Rom_SetEnableAttr #(api.cpp, line:2840)
[0000441] [11:24:40:673094] [Tid0x00002020] [debug] <--[C220] DL_Rom_SetEnableAttr
[0000442] [11:24:40:688715] [Tid0x00002020] [debug] -->[C221] DL_GetCount #(api.cpp, line:2621)
[0000443] [11:24:40:688715] [Tid0x00002020] [debug] <--[C221] DL_GetCount
[0000444] [11:24:40:688715] [Tid0x00002020] [debug] -->[C222] DL_Rom_GetInfoAll #(api.cpp, line:2786)
[0000445] [11:24:40:688715] [Tid0x00002020] [debug] <--[C222] DL_Rom_GetInfoAll
[0000446] [11:24:40:688715] [Tid0x00002020] [debug] -->[C223] DL_Rom_SetEnableAttr #(api.cpp, line:2840)
[0000447] [11:24:40:688715] [Tid0x00002020] [debug] <--[C223] DL_Rom_SetEnableAttr
[0000448] [11:24:40:688715] [Tid0x00002020] [debug] -->[C224] DL_GetCount #(api.cpp, line:2621)
[0000449] [11:24:40:688715] [Tid0x00002020] [debug] <--[C224] DL_GetCount
[0000450] [11:24:40:688715] [Tid0x00002020] [debug] -->[C225] DL_Rom_GetInfoAll #(api.cpp, line:2786)
[0000451] [11:24:40:688715] [Tid0x00002020] [debug] <--[C225] DL_Rom_GetInfoAll
[0000452] [11:24:40:688715] [Tid0x00002020] [debug] -->[C226] DL_Rom_SetEnableAttr #(api.cpp, line:2840)
[0000453] [11:24:40:688715] [Tid0x00002020] [debug] <--[C226] DL_Rom_SetEnableAttr
[0000454] [11:24:40:704467] [Tid0x00002020] [debug] -->[C227] DL_GetCount #(api.cpp, line:2621)
[0000455] [11:24:40:704467] [Tid0x00002020] [debug] <--[C227] DL_GetCount
[0000456] [11:24:40:704467] [Tid0x00002020] [debug] -->[C228] DL_Rom_GetInfoAll #(api.cpp, line:2786)
[0000457] [11:24:40:704467] [Tid0x00002020] [debug] <--[C228] DL_Rom_GetInfoAll
[0000458] [11:24:40:704467] [Tid0x00002020] [debug] -->[C229] DL_Rom_SetEnableAttr #(api.cpp, line:2840)
[0000459] [11:24:40:704467] [Tid0x00002020] [debug] <--[C229] DL_Rom_SetEnableAttr
[0000460] [11:24:40:704467] [Tid0x00002020] [debug] -->[C230] DL_GetCount #(api.cpp, line:2621)
[0000461] [11:24:40:704467] [Tid0x00002020] [debug] <--[C230] DL_GetCount
[0000462] [11:24:40:704467] [Tid0x00002020] [debug] -->[C231] DL_Rom_GetInfoAll #(api.cpp, line:2786)
[0000463] [11:24:40:704467] [Tid0x00002020] [debug] <--[C231] DL_Rom_GetInfoAll
[0000464] [11:24:40:704467] [Tid0x00002020] [debug] -->[C232] DL_Rom_SetEnableAttr #(api.cpp, line:2840)
[0000465] [11:24:40:704467] [Tid0x00002020] [debug] <--[C232] DL_Rom_SetEnableAttr
[0000466] [11:24:40:720016] [Tid0x00002020] [debug] -->[C233] DL_GetCount #(api.cpp, line:2621)
[0000467] [11:24:40:720016] [Tid0x00002020] [debug] <--[C233] DL_GetCount
[0000468] [11:24:40:720016] [Tid0x00002020] [debug] -->[C234] DL_Rom_GetInfoAll #(api.cpp, line:2786)
[0000469] [11:24:40:720016] [Tid0x00002020] [debug] <--[C234] DL_Rom_GetInfoAll
[0000470] [11:24:40:720016] [Tid0x00002020] [debug] -->[C235] DL_Rom_SetEnableAttr #(api.cpp, line:2840)
[0000471] [11:24:40:720016] [Tid0x00002020] [debug] <--[C235] DL_Rom_SetEnableAttr
[0000472] [11:24:40:720016] [Tid0x00002020] [debug] -->[C236] DL_GetCount #(api.cpp, line:2621)
[0000473] [11:24:40:720016] [Tid0x00002020] [debug] <--[C236] DL_GetCount
[0000474] [11:24:40:720016] [Tid0x00002020] [debug] -->[C237] DL_Rom_GetInfoAll #(api.cpp, line:2786)
[0000475] [11:24:40:720016] [Tid0x00002020] [debug] <--[C237] DL_Rom_GetInfoAll
[0000476] [11:24:40:720016] [Tid0x00002020] [debug] -->[C238] DL_Rom_SetEnableAttr #(api.cpp, line:2840)
[0000477] [11:24:40:720016] [Tid0x00002020] [debug] <--[C238] DL_Rom_SetEnableAttr
[0000478] [11:24:40:720016] [Tid0x00002020] [debug] -->[C239] DL_GetCount #(api.cpp, line:2621)
[0000479] [11:24:40:720016] [Tid0x00002020] [debug] <--[C239] DL_GetCount
[0000480] [11:24:40:720016] [Tid0x00002020] [debug] -->[C240] DL_Rom_GetInfoAll #(api.cpp, line:2786)
[0000481] [11:24:40:720016] [Tid0x00002020] [debug] <--[C240] DL_Rom_GetInfoAll
[0000482] [11:24:40:735637] [Tid0x00002020] [debug] -->[C241] DL_Rom_SetEnableAttr #(api.cpp, line:2840)
[0000483] [11:24:40:735637] [Tid0x00002020] [debug] <--[C241] DL_Rom_SetEnableAttr
[0000484] [11:24:40:735637] [Tid0x00002020] [debug] -->[C242] DL_GetCount #(api.cpp, line:2621)
[0000485] [11:24:40:735637] [Tid0x00002020] [debug] <--[C242] DL_GetCount
[0000486] [11:24:40:735637] [Tid0x00002020] [debug] -->[C243] DL_Rom_GetInfoAll #(api.cpp, line:2786)
[0000487] [11:24:40:735637] [Tid0x00002020] [debug] <--[C243] DL_Rom_GetInfoAll
[0000488] [11:24:40:735637] [Tid0x00002020] [debug] -->[C244] DL_Rom_SetEnableAttr #(api.cpp, line:2840)
[0000489] [11:24:40:735637] [Tid0x00002020] [debug] <--[C244] DL_Rom_SetEnableAttr
[0000490] [11:24:40:735637] [Tid0x00002020] [debug] -->[C245] DL_GetCount #(api.cpp, line:2621)
[0000491] [11:24:40:735637] [Tid0x00002020] [debug] <--[C245] DL_GetCount
[0000492] [11:24:40:735637] [Tid0x00002020] [debug] -->[C246] DL_Rom_GetInfoAll #(api.cpp, line:2786)
[0000493] [11:24:40:735637] [Tid0x00002020] [debug] <--[C246] DL_Rom_GetInfoAll
[0000494] [11:24:40:751216] [Tid0x00002020] [debug] -->[C247] DL_Rom_SetEnableAttr #(api.cpp, line:2840)
[0000495] [11:24:40:751216] [Tid0x00002020] [debug] <--[C247] DL_Rom_SetEnableAttr
[0000496] [11:24:40:751216] [Tid0x00002020] [debug] -->[C248] DL_GetCount #(api.cpp, line:2621)
[0000497] [11:24:40:751216] [Tid0x00002020] [debug] <--[C248] DL_GetCount
[0000498] [11:24:40:751216] [Tid0x00002020] [debug] -->[C249] DL_Rom_GetInfoAll #(api.cpp, line:2786)
[0000499] [11:24:40:751216] [Tid0x00002020] [debug] <--[C249] DL_Rom_GetInfoAll
[0000500] [11:24:40:751216] [Tid0x00002020] [debug] -->[C250] DL_Rom_SetEnableAttr #(api.cpp, line:2840)
[0000501] [11:24:40:751216] [Tid0x00002020] [debug] <--[C250] DL_Rom_SetEnableAttr
[0000502] [11:24:40:751216] [Tid0x00002020] [debug] -->[C251] DL_GetCount #(api.cpp, line:2621)
[0000503] [11:24:40:751216] [Tid0x00002020] [debug] <--[C251] DL_GetCount
[0000504] [11:24:40:751216] [Tid0x00002020] [debug] -->[C252] DL_Rom_GetInfoAll #(api.cpp, line:2786)
[0000505] [11:24:40:751216] [Tid0x00002020] [debug] <--[C252] DL_Rom_GetInfoAll
[0000506] [11:24:40:766937] [Tid0x00002020] [debug] -->[C253] DL_Rom_SetEnableAttr #(api.cpp, line:2840)
[0000507] [11:24:40:766937] [Tid0x00002020] [debug] <--[C253] DL_Rom_SetEnableAttr
[0000508] [11:24:40:766937] [Tid0x00002020] [debug] -->[C254] DL_GetCount #(api.cpp, line:2621)
[0000509] [11:24:40:766937] [Tid0x00002020] [debug] <--[C254] DL_GetCount
[0000510] [11:24:40:766937] [Tid0x00002020] [debug] -->[C255] DL_Rom_GetInfoAll #(api.cpp, line:2786)
[0000511] [11:24:40:766937] [Tid0x00002020] [debug] <--[C255] DL_Rom_GetInfoAll
[0000512] [11:24:40:766937] [Tid0x00002020] [debug] -->[C256] DL_Rom_SetEnableAttr #(api.cpp, line:2840)
[0000513] [11:24:40:766937] [Tid0x00002020] [debug] <--[C256] DL_Rom_SetEnableAttr
[0000514] [11:24:40:766937] [Tid0x00002020] [debug] -->[C257] DL_GetCount #(api.cpp, line:2621)
[0000515] [11:24:40:766937] [Tid0x00002020] [debug] <--[C257] DL_GetCount
[0000516] [11:24:40:782466] [Tid0x00002020] [debug] -->[C258] DL_Rom_GetInfoAll #(api.cpp, line:2786)
[0000517] [11:24:40:782466] [Tid0x00002020] [debug] <--[C258] DL_Rom_GetInfoAll
[0000518] [11:24:40:782466] [Tid0x00002020] [debug] -->[C259] DL_Rom_SetEnableAttr #(api.cpp, line:2840)
[0000519] [11:24:40:782466] [Tid0x00002020] [debug] <--[C259] DL_Rom_SetEnableAttr
[0000520] [11:24:40:782466] [Tid0x00002020] [debug] -->[C260] DL_GetCount #(api.cpp, line:2621)
[0000521] [11:24:40:782466] [Tid0x00002020] [debug] <--[C260] DL_GetCount
[0000522] [11:24:40:782466] [Tid0x00002020] [debug] -->[C261] DL_Rom_GetInfoAll #(api.cpp, line:2786)
[0000523] [11:24:40:782466] [Tid0x00002020] [debug] <--[C261] DL_Rom_GetInfoAll
[0000524] [11:24:40:782466] [Tid0x00002020] [debug] -->[C262] DL_Rom_SetEnableAttr #(api.cpp, line:2840)
[0000525] [11:24:40:782466] [Tid0x00002020] [debug] <--[C262] DL_Rom_SetEnableAttr
[0000526] [11:24:40:798091] [Tid0x00002020] [debug] -->[C263] DL_GetCount #(api.cpp, line:2621)
[0000527] [11:24:40:798091] [Tid0x00002020] [debug] <--[C263] DL_GetCount
[0000528] [11:24:40:798091] [Tid0x00002020] [debug] -->[C264] DL_Rom_GetInfoAll #(api.cpp, line:2786)
[0000529] [11:24:40:798091] [Tid0x00002020] [debug] <--[C264] DL_Rom_GetInfoAll
[0000530] [11:24:40:798091] [Tid0x00002020] [debug] -->[C265] DL_Rom_SetEnableAttr #(api.cpp, line:2840)
[0000531] [11:24:40:798091] [Tid0x00002020] [debug] <--[C265] DL_Rom_SetEnableAttr
[0000532] [11:24:40:798091] [Tid0x00002020] [debug] -->[C266] DL_GetCount #(api.cpp, line:2621)
[0000533] [11:24:40:798091] [Tid0x00002020] [debug] <--[C266] DL_GetCount
[0000534] [11:24:40:798091] [Tid0x00002020] [debug] -->[C267] DL_Rom_GetInfoAll #(api.cpp, line:2786)
[0000535] [11:24:40:798091] [Tid0x00002020] [debug] <--[C267] DL_Rom_GetInfoAll
[0000536] [11:24:40:813713] [Tid0x00002020] [debug] -->[C268] DL_Rom_SetEnableAttr #(api.cpp, line:2840)
[0000537] [11:24:40:813713] [Tid0x00002020] [debug] <--[C268] DL_Rom_SetEnableAttr
[0000538] [11:24:40:813713] [Tid0x00002020] [debug] -->[C269] DL_GetCount #(api.cpp, line:2621)
[0000539] [11:24:40:813713] [Tid0x00002020] [debug] <--[C269] DL_GetCount
[0000540] [11:24:40:813713] [Tid0x00002020] [debug] -->[C270] DL_Rom_GetInfoAll #(api.cpp, line:2786)
[0000541] [11:24:40:813713] [Tid0x00002020] [debug] <--[C270] DL_Rom_GetInfoAll
[0000542] [11:24:40:813713] [Tid0x00002020] [debug] -->[C271] DL_Rom_SetEnableAttr #(api.cpp, line:2840)
[0000543] [11:24:40:813713] [Tid0x00002020] [debug] <--[C271] DL_Rom_SetEnableAttr
[0000544] [11:24:40:829339] [Tid0x00002020] [debug] -->[C272] DL_GetCount #(api.cpp, line:2621)
[0000545] [11:24:40:829339] [Tid0x00002020] [debug] <--[C272] DL_GetCount
[0000546] [11:24:40:829339] [Tid0x00002020] [debug] -->[C273] DL_Rom_GetInfoAll #(api.cpp, line:2786)
[0000547] [11:24:40:829339] [Tid0x00002020] [debug] <--[C273] DL_Rom_GetInfoAll
[0000548] [11:24:40:829339] [Tid0x00002020] [debug] -->[C274] DL_Rom_SetEnableAttr #(api.cpp, line:2840)
[0000549] [11:24:40:829339] [Tid0x00002020] [debug] <--[C274] DL_Rom_SetEnableAttr
[0000550] [11:24:40:829339] [Tid0x00002020] [debug] -->[C275] DL_GetCount #(api.cpp, line:2621)
[0000551] [11:24:40:829339] [Tid0x00002020] [debug] <--[C275] DL_GetCount
[0000552] [11:24:40:829339] [Tid0x00002020] [debug] -->[C276] DL_Rom_GetInfoAll #(api.cpp, line:2786)
[0000553] [11:24:40:829339] [Tid0x00002020] [debug] <--[C276] DL_Rom_GetInfoAll
[0000554] [11:24:40:844965] [Tid0x00002020] [debug] -->[C277] DL_Rom_SetEnableAttr #(api.cpp, line:2840)
[0000555] [11:24:40:844965] [Tid0x00002020] [debug] <--[C277] DL_Rom_SetEnableAttr
[0000556] [11:24:40:844965] [Tid0x00002020] [debug] -->[C278] DL_GetCount #(api.cpp, line:2621)
[0000557] [11:24:40:844965] [Tid0x00002020] [debug] <--[C278] DL_GetCount
[0000558] [11:24:40:844965] [Tid0x00002020] [debug] -->[C279] DL_Rom_GetInfoAll #(api.cpp, line:2786)
[0000559] [11:24:40:844965] [Tid0x00002020] [debug] <--[C279] DL_Rom_GetInfoAll
[0000560] [11:24:40:860589] [Tid0x00002020] [debug] -->[C280] DL_Rom_SetEnableAttr #(api.cpp, line:2840)
[0000561] [11:24:40:860589] [Tid0x00002020] [debug] <--[C280] DL_Rom_SetEnableAttr
[0000562] [11:24:42:063673] [Tid0x00002020] [debug] -->[C281] DL_GetCount #(api.cpp, line:2621)
[0000563] [11:24:42:063673] [Tid0x00002020] [debug] <--[C281] DL_GetCount
[0000564] [11:24:42:063673] [Tid0x00002020] [debug] -->[C282] DL_Rom_GetInfoAll #(api.cpp, line:2786)
[0000565] [11:24:42:063673] [Tid0x00002020] [debug] <--[C282] DL_Rom_GetInfoAll
[0000566] [11:24:42:063673] [Tid0x00002020] [debug] -->[C283] DL_GetCount #(api.cpp, line:2621)
[0000567] [11:24:42:063673] [Tid0x00002020] [debug] <--[C283] DL_GetCount
[0000568] [11:24:42:063673] [Tid0x00002020] [debug] -->[C284] DL_Rom_GetInfoAll #(api.cpp, line:2786)
[0000569] [11:24:42:063673] [Tid0x00002020] [debug] <--[C284] DL_Rom_GetInfoAll
[0000570] [11:24:48:839215] [Tid0x0000147c] [debug] -->[C285] FlashTool_Connect_BROM_ByName #(api.cpp, line:1970)
[0000571] [11:24:48:839215] [Tid0x0000147c] [debug] -->[C286] FlashTool_Connect_BROM_Ex #(api.cpp, line:1875)
[0000572] [11:24:48:839215] [Tid0x0000147c] [debug] bCheckScatter: 1 #(api.cpp, line:1876)
[0000573] [11:24:48:839215] [Tid0x0000147c] [debug] have load scatter already #(api.cpp, line:1880)
[0000574] [11:24:48:839215] [Tid0x0000147c] [debug] libversion 2 #(api.cpp, line:1897)
[0000575] [11:24:48:886083] [Tid0x0000147c] [debug] -->[C287] cflashtool_api::FlashTool_Connect_BROM_Ex #(cflashtool_api.cpp, line:1008)
[0000576] [11:24:50:814139] [Tid0x0000147c] [debug] <--[C287] cflashtool_api::FlashTool_Connect_BROM_Ex
[0000577] [11:24:50:814139] [Tid0x0000147c] [debug] <--[C286] FlashTool_Connect_BROM_Ex
[0000578] [11:24:50:814139] [Tid0x0000147c] [debug] <--[C285] FlashTool_Connect_BROM_ByName
[0000579] [11:24:50:894359] [Tid0x0000147c] [debug] -->[C288] FlashTool_Disconnect_BROM #(api.cpp, line:1051)
[0000580] [11:24:50:894359] [Tid0x0000147c] [debug] -->[C289] cflashtool_api::FlashTool_Disconnect_BROM #(cflashtool_api.cpp, line:54)
[0000581] [11:24:50:894359] [Tid0x0000147c] [debug] <--[C289] cflashtool_api::FlashTool_Disconnect_BROM
[0000582] [11:24:50:894359] [Tid0x0000147c] [debug] <--[C288] FlashTool_Disconnect_BROM
[0000583] [11:24:55:327489] [Tid0x00002020] [debug] -->[C290] DL_GetCount #(api.cpp, line:2621)
[0000584] [11:24:55:327489] [Tid0x00002020] [debug] <--[C290] DL_GetCount
[0000585] [11:24:55:327489] [Tid0x00002020] [debug] -->[C291] DL_Rom_GetInfoAll #(api.cpp, line:2786)
[0000586] [11:24:55:327489] [Tid0x00002020] [debug] <--[C291] DL_Rom_GetInfoAll
[0000587] [11:24:55:343114] [Tid0x00002020] [debug] -->[C292] DL_GetCount #(api.cpp, line:2621)
[0000588] [11:24:55:343114] [Tid0x00002020] [debug] <--[C292] DL_GetCount
[0000589] [11:24:55:343114] [Tid0x00002020] [debug] -->[C293] DL_Rom_GetInfoAll #(api.cpp, line:2786)
[0000590] [11:24:55:343114] [Tid0x00002020] [debug] <--[C293] DL_Rom_GetInfoAll
[0000591] [11:25:16:145661] [Tid0x0000211c] [debug] -->[C294] FlashTool_Connect_BROM_ByName #(api.cpp, line:1970)
[0000592] [11:25:16:145661] [Tid0x0000211c] [debug] -->[C295] FlashTool_Connect_BROM_Ex #(api.cpp, line:1875)
[0000593] [11:25:16:145661] [Tid0x0000211c] [debug] bCheckScatter: 1 #(api.cpp, line:1876)
[0000594] [11:25:16:145661] [Tid0x0000211c] [debug] have load scatter already #(api.cpp, line:1880)
[0000595] [11:25:16:145661] [Tid0x0000211c] [debug] libversion 2 #(api.cpp, line:1897)
[0000596] [11:25:16:161285] [Tid0x0000211c] [debug] -->[C296] cflashtool_api::FlashTool_Connect_BROM_Ex #(cflashtool_api.cpp, line:1008)
[0000597] [11:25:16:640678] [Tid0x0000211c] [warning] Get support Modem fail: 0xc0010007 #(cflashtool_api.cpp, line:1129)
[0000598] [11:25:16:765731] [Tid0x0000211c] [debug] connect_brom_ex OK #(cflashtool_api.cpp, line:1172)
[0000599] [11:25:16:765731] [Tid0x0000211c] [debug] <--[C296] cflashtool_api::FlashTool_Connect_BROM_Ex
[0000600] [11:25:16:765731] [Tid0x0000211c] [debug] <--[C295] FlashTool_Connect_BROM_Ex
[0000601] [11:25:16:765731] [Tid0x0000211c] [debug] <--[C294] FlashTool_Connect_BROM_ByName
[0000602] [11:25:16:765731] [Tid0x0000211c] [debug] -->[C297] FlashTool_GetBootResult #(api.cpp, line:1982)
[0000603] [11:25:16:765731] [Tid0x0000211c] [debug] <--[C297] FlashTool_GetBootResult
[0000604] [11:25:16:765731] [Tid0x0000211c] [debug] -->[C298] FlashTool_Connect_Download_DA #(api.cpp, line:2002)
[0000605] [11:25:16:765731] [Tid0x0000211c] [debug] bCheckScatter: 1 #(api.cpp, line:2003)
[0000606] [11:25:16:811262] [Tid0x0000211c] [debug] -->[C299] cflashtool_api::FlashTool_Connect_Download_DA #(cflashtool_api.cpp, line:1317)
[0000607] [11:25:16:811262] [Tid0x0000211c] [debug] bCheckScatter: 1 #(cflashtool_api.cpp, line:1318)
[0000608] [11:25:16:811262] [Tid0x0000211c] [debug] da_source type: 0 #(cflashtool_api.cpp, line:1333)
[0000609] [11:25:16:811262] [Tid0x0000211c] [debug] enable PCDRAM checksum #(cflashtool_api.cpp, line:1380)
[0000610] [11:25:16:811262] [Tid0x0000211c] [debug] checksum_level: 7,  battery_setting: 2, reset_key_setting: 104 #(cflashtool_api.cpp, line:1434)
[0000611] [11:25:16:811262] [Tid0x0000211c] [debug] connect_da_end_stage: 2,  enable_dram_in_1st_da: 0, da_log_level: 2 #(cflashtool_api.cpp, line:1436)
[0000612] [11:25:20:750493] [Tid0x0000211c] [debug] gpx_count: 0 #(cflashtool_api.cpp, line:1472)
[0000613] [11:25:21:109937] [Tid0x0000211c] [debug] m_emmc_cid[0]: 0x47000115 #(cflashtool_api.cpp, line:1536)
[0000614] [11:25:21:109937] [Tid0x0000211c] [debug] m_emmc_cid[1]: 0x4d423658 #(cflashtool_api.cpp, line:1536)
[0000615] [11:25:21:109937] [Tid0x0000211c] [debug] m_emmc_cid[2]: 0x23fd0342 #(cflashtool_api.cpp, line:1536)
[0000616] [11:25:21:109937] [Tid0x0000211c] [debug] m_emmc_cid[3]: 0x6f943df2 #(cflashtool_api.cpp, line:1536)
[0000617] [11:25:21:109937] [Tid0x0000211c] [debug] m_emmc_fwver[0]: 0x0 #(cflashtool_api.cpp, line:1542)
[0000618] [11:25:21:109937] [Tid0x0000211c] [debug] m_emmc_fwver[1]: 0x0 #(cflashtool_api.cpp, line:1542)
[0000619] [11:25:21:109937] [Tid0x0000211c] [debug] m_emmc_fwver[2]: 0x0 #(cflashtool_api.cpp, line:1542)
[0000620] [11:25:21:109937] [Tid0x0000211c] [debug] m_emmc_fwver[3]: 0x0 #(cflashtool_api.cpp, line:1542)
[0000621] [11:25:21:109937] [Tid0x0000211c] [debug] m_emmc_fwver[4]: 0x0 #(cflashtool_api.cpp, line:1542)
[0000622] [11:25:21:109937] [Tid0x0000211c] [debug] m_emmc_fwver[5]: 0x0 #(cflashtool_api.cpp, line:1542)
[0000623] [11:25:21:109937] [Tid0x0000211c] [debug] m_emmc_fwver[6]: 0x0 #(cflashtool_api.cpp, line:1542)
[0000624] [11:25:21:109937] [Tid0x0000211c] [debug] m_emmc_fwver[7]: 0x0 #(cflashtool_api.cpp, line:1542)
[0000625] [11:25:21:109937] [Tid0x0000211c] [debug] SyncWithDA(): DA_REPORT: BBCHIP_TYPE: MT6757 #(cflashtool_api.cpp, line:1228)
[0000626] [11:25:21:141106] [Tid0x0000211c] [debug] SyncWithDA(): DA_REPORT: BBCHIP: "MT6757", EXT_26M 
[0000627] [11:25:21:172409] [Tid0x0000211c] [debug] SyncWithDA(): DA_REPORT: BBCHIP: CODE(0x6757), VER(0xCB00), SW(0x0001)              
[0000628] [11:25:21:172409] [Tid0x0000211c] [debug] SyncWithDA(): DA_REPORT: NOR: m_nor_ret="S_DA_INVALID_STORAGE_TYPE"(3178)                                  
[0000629] [11:25:21:188045] [Tid0x0000211c] [debug] SyncWithDA(): DA_REPORT: NOR: m_nor_chip_select[0]="CS_0"(0x00)                   
[0000630] [11:25:21:188045] [Tid0x0000211c] [debug] SyncWithDA(): DA_REPORT: NOR: m_nor_chip_select[1]="CS_0"(0x00)                   
[0000631] [11:25:21:188045] [Tid0x0000211c] [debug] SyncWithDA(): DA_REPORT: NOR: m_nor_flash_id(0x0000)="[AMD] AM29DL323D"                         
[0000632] [11:25:21:188045] [Tid0x0000211c] [debug] SyncWithDA(): DA_REPORT: NOR: m_nor_flash_size(0x00000000)                              
[0000633] [11:25:21:188045] [Tid0x0000211c] [debug] SyncWithDA(): DA_REPORT: NOR: m_nor_flash_dev_code_1(0x0000)                        
[0000634] [11:25:21:188045] [Tid0x0000211c] [debug] SyncWithDA(): DA_REPORT: NOR: m_nor_flash_dev_code_2(0x0000)                        
[0000635] [11:25:21:188045] [Tid0x0000211c] [debug] SyncWithDA(): DA_REPORT: NOR: m_nor_flash_dev_code_3(0x0000)                        
[0000636] [11:25:21:188045] [Tid0x0000211c] [debug] SyncWithDA(): DA_REPORT: NOR: m_nor_flash_dev_code_4(0x0000)                        
[0000637] [11:25:21:188045] [Tid0x0000211c] [debug] SyncWithDA(): DA_REPORT: NOR: m_nor_flash_otp_status="S_DONE"(0)                     
[0000638] [11:25:21:188045] [Tid0x0000211c] [debug] SyncWithDA(): DA_REPORT: NOR: m_nor_flash_otp_size(0x00000000)                          
[0000639] [11:25:21:188045] [Tid0x0000211c] [debug] SyncWithDA(): DA_REPORT: NAND: m_nand_ret="S_DA_INVALID_STORAGE_TYPE"(3178)                                
[0000640] [11:25:21:188045] [Tid0x0000211c] [debug] SyncWithDA(): DA_REPORT: NAND: m_nand_chip_select="CS_0"(0x00)                    
[0000641] [11:25:21:188045] [Tid0x0000211c] [debug] SyncWithDA(): DA_REPORT: NAND: m_nand_flash_id(0x0000)="[SAMSUNG] K9F5608Q0C"                       
[0000642] [11:25:21:188045] [Tid0x0000211c] [debug] SyncWithDA(): DA_REPORT: NAND: m_nand_flash_size(0x0000000000000000)                        
[0000643] [11:25:21:188045] [Tid0x0000211c] [debug] SyncWithDA(): DA_REPORT: NAND: m_nand_flash_id_count(0x0000)                        
[0000644] [11:25:21:188045] [Tid0x0000211c] [debug] SyncWithDA(): DA_REPORT: NAND: m_nand_pagesize(0)                                  
[0000645] [11:25:21:188045] [Tid0x0000211c] [debug] SyncWithDA(): DA_REPORT: NAND: m_nand_sparesize(0)                                 
[0000646] [11:25:21:188045] [Tid0x0000211c] [debug] SyncWithDA(): DA_REPORT: NAND: m_nand_pages_per_block(0)                           
[0000647] [11:25:21:188045] [Tid0x0000211c] [debug] SyncWithDA(): DA_REPORT: NAND: m_nand_io_interface( )                              
[0000648] [11:25:21:188045] [Tid0x0000211c] [debug] SyncWithDA(): DA_REPORT: NAND: m_nand_addr_cycle( )                                
[0000649] [11:25:21:188045] [Tid0x0000211c] [debug] SyncWithDA(): DA_REPORT: NAND: m_nand_bmt_exist( )                                
[0000650] [11:25:21:188045] [Tid0x0000211c] [debug] SyncWithDA(): DA_REPORT: eMMC: m_emmc_ret="S_DONE"(0)          
[0000651] [11:25:21:188045] [Tid0x0000211c] [debug] SyncWithDA(): DA_REPORT: eMMC: m_emmc_boot1_size(0x00400000)      
[0000652] [11:25:21:188045] [Tid0x0000211c] [debug] SyncWithDA(): DA_REPORT: eMMC: m_emmc_boot2_size(0x00400000)      
[0000653] [11:25:21:188045] [Tid0x0000211c] [debug] SyncWithDA(): DA_REPORT: eMMC: m_emmc_rpmb_size(0x00400000)       
[0000654] [11:25:21:188045] [Tid0x0000211c] [debug] SyncWithDA(): DA_REPORT: eMMC: m_emmc_gp1_size(0x00000000)        
[0000655] [11:25:21:188045] [Tid0x0000211c] [debug] SyncWithDA(): DA_REPORT: eMMC: m_emmc_gp2_size(0x00000000)        
[0000656] [11:25:21:188045] [Tid0x0000211c] [debug] SyncWithDA(): DA_REPORT: eMMC: m_emmc_gp3_size(0x00000000)        
[0000657] [11:25:21:188045] [Tid0x0000211c] [debug] SyncWithDA(): DA_REPORT: eMMC: m_emmc_gp4_size(0x00000000)        
[0000658] [11:25:21:188045] [Tid0x0000211c] [debug] SyncWithDA(): DA_REPORT: eMMC: m_emmc_ua_size(0x0000000747C00000)      
[0000659] [11:25:21:203612] [Tid0x0000211c] [debug] SyncWithDA(): DA_REPORT: eMMC: m_emmc_cid(0x47000115 0x4D423658 0x23FD0342 0x6F943DF2)      
[0000660] [11:25:21:203612] [Tid0x0000211c] [debug] DA_REPORT: eMMC: m_emmc_fwver(0x0  0x0  0x0  0x0  0x0  0x0  0x0  0x0 )      
[0000661] [11:25:21:203612] [Tid0x0000211c] [debug] SyncWithDA(): DA_REPORT: SDMMC: m_sdmmc_ret="S_DA_INVALID_STORAGE_TYPE"(3178)          
[0000662] [11:25:21:203612] [Tid0x0000211c] [debug] SyncWithDA(): DA_REPORT: SDMMC: m_sdmmc_ua_size(0x0000000000000000)      
[0000663] [11:25:21:203612] [Tid0x0000211c] [debug] SyncWithDA(): DA_REPORT: SDMMC: m_sdmmc_cid(0x00000000 0x00000000 0x00000000 0x00000000)      
[0000664] [11:25:21:203612] [Tid0x0000211c] [debug] SyncWithDA(): DA_REPORT: INT_RAM: m_int_sram_ret="S_DONE"(0)                         
[0000665] [11:25:21:203612] [Tid0x0000211c] [debug] SyncWithDA(): DA_REPORT: INT_RAM: m_int_sram_size(0x00000000)                           
[0000666] [11:25:21:203612] [Tid0x0000211c] [debug] SyncWithDA(): DA_REPORT: EXT_RAM: m_ext_ram_ret="S_DONE"(0)                          
[0000667] [11:25:21:203612] [Tid0x0000211c] [debug] SyncWithDA(): DA_REPORT: EXT_RAM: m_ext_ram_type(0x02)="HW_RAM_DRAM"                     
[0000668] [11:25:21:203612] [Tid0x0000211c] [debug] SyncWithDA(): DA_REPORT: EXT_RAM: m_ext_ram_chip_select(0x00)="CS_0"              
[0000669] [11:25:21:203612] [Tid0x0000211c] [debug] SyncWithDA(): DA_REPORT: EXT_RAM: m_ext_ram_size(0x80000000)                            
[0000670] [11:25:21:203612] [Tid0x0000211c] [debug] SyncWithDA(): DA_REPORT: RandomID: 0xE7384548 0x072A6AB3 0xD89D7810 0x9C7951FE
[0000671] [11:25:21:203612] [Tid0x0000211c] [debug] <--[C299] cflashtool_api::FlashTool_Connect_Download_DA
[0000672] [11:25:21:203612] [Tid0x0000211c] [debug] <--[C298] FlashTool_Connect_Download_DA
[0000673] [11:25:21:203612] [Tid0x0000211c] [debug] -->[C300] FlashTool_CheckUSBStatus #(api.cpp, line:1154)
[0000674] [11:25:21:203612] [Tid0x0000211c] [debug] -->[C301] cflashtool_api::FlashTool_CheckUSBStatus #(cflashtool_api.cpp, line:114)
[0000675] [11:25:21:219234] [Tid0x0000211c] [debug] <--[C301] cflashtool_api::FlashTool_CheckUSBStatus
[0000676] [11:25:21:219234] [Tid0x0000211c] [debug] <--[C300] FlashTool_CheckUSBStatus
[0000677] [11:25:21:219234] [Tid0x0000211c] [debug] -->[C302] FlashTool_CheckUSBStatus #(api.cpp, line:1154)
[0000678] [11:25:21:219234] [Tid0x0000211c] [debug] -->[C303] cflashtool_api::FlashTool_CheckUSBStatus #(cflashtool_api.cpp, line:114)
[0000679] [11:25:21:219234] [Tid0x0000211c] [debug] <--[C303] cflashtool_api::FlashTool_CheckUSBStatus
[0000680] [11:25:21:219234] [Tid0x0000211c] [debug] <--[C302] FlashTool_CheckUSBStatus
[0000681] [11:25:21:250484] [Tid0x0000211c] [debug] -->[C304] FlashTool_GetReservedRomSize #(api.cpp, line:1677)
[0000682] [11:25:21:250484] [Tid0x0000211c] [debug] <--[C304] FlashTool_GetReservedRomSize
[0000683] [11:25:21:250484] [Tid0x0000211c] [debug] -->[C305] FlashTool_Format #(api.cpp, line:1346)
[0000684] [11:25:21:250484] [Tid0x0000211c] [debug] -->[C306] cflashtool_api::FlashTool_Format #(cflashtool_api.cpp, line:662)
[0000685] [11:25:21:344229] [Tid0x0000211c] [debug] <--[C306] cflashtool_api::FlashTool_Format
[0000686] [11:25:21:344229] [Tid0x0000211c] [debug] <--[C305] FlashTool_Format
[0000687] [11:25:21:344229] [Tid0x0000211c] [debug] -->[C307] FlashTool_GetReservedRomSize #(api.cpp, line:1677)
[0000688] [11:25:21:344229] [Tid0x0000211c] [debug] <--[C307] FlashTool_GetReservedRomSize
[0000689] [11:25:21:344229] [Tid0x0000211c] [debug] -->[C308] FlashTool_Format #(api.cpp, line:1346)
[0000690] [11:25:21:344229] [Tid0x0000211c] [debug] -->[C309] cflashtool_api::FlashTool_Format #(cflashtool_api.cpp, line:662)
[0000691] [11:25:21:359853] [Tid0x0000211c] [debug] <--[C309] cflashtool_api::FlashTool_Format
[0000692] [11:25:21:359853] [Tid0x0000211c] [debug] <--[C308] FlashTool_Format
[0000693] [11:25:21:359853] [Tid0x0000211c] [debug] -->[C310] FlashTool_GetReservedRomSize #(api.cpp, line:1677)
[0000694] [11:25:21:359853] [Tid0x0000211c] [debug] <--[C310] FlashTool_GetReservedRomSize
[0000695] [11:25:21:359853] [Tid0x0000211c] [debug] -->[C311] FlashTool_Format #(api.cpp, line:1346)
[0000696] [11:25:21:359853] [Tid0x0000211c] [debug] -->[C312] cflashtool_api::FlashTool_Format #(cflashtool_api.cpp, line:662)
[0000697] [11:25:21:375475] [Tid0x0000211c] [debug] <--[C312] cflashtool_api::FlashTool_Format
[0000698] [11:25:21:375475] [Tid0x0000211c] [debug] <--[C311] FlashTool_Format
[0000699] [11:25:21:375475] [Tid0x0000211c] [debug] -->[C313] FlashTool_GetReservedRomSize #(api.cpp, line:1677)
[0000700] [11:25:21:375475] [Tid0x0000211c] [debug] <--[C313] FlashTool_GetReservedRomSize
[0000701] [11:25:21:375475] [Tid0x0000211c] [debug] -->[C314] FlashTool_Format #(api.cpp, line:1346)
[0000702] [11:25:21:375475] [Tid0x0000211c] [debug] -->[C315] cflashtool_api::FlashTool_Format #(cflashtool_api.cpp, line:662)
[0000703] [11:25:22:156703] [Tid0x0000211c] [debug] <--[C315] cflashtool_api::FlashTool_Format
[0000704] [11:25:22:156703] [Tid0x0000211c] [debug] <--[C314] FlashTool_Format
[0000705] [11:25:22:172330] [Tid0x0000211c] [debug] -->[C316] FlashTool_Download #(api.cpp, line:1300)
[0000706] [11:25:22:172330] [Tid0x0000211c] [debug] -->[C317] cflashtool_api::FlashTool_Download #(cflashtool_api.cpp, line:404)
[0000707] [11:25:22:172330] [Tid0x0000211c] [debug] -->[C318] DL_GetCount #(api.cpp, line:2621)
[0000708] [11:25:22:172330] [Tid0x0000211c] [debug] <--[C318] DL_GetCount
[0000709] [11:25:22:172330] [Tid0x0000211c] [debug] -->[C319] DL_Rom_GetInfoAll #(api.cpp, line:2786)
[0000710] [11:25:22:172330] [Tid0x0000211c] [debug] <--[C319] DL_Rom_GetInfoAll
[0000711] [11:29:24:586810] [Tid0x0000211c] [debug] <--[C317] cflashtool_api::FlashTool_Download
[0000712] [11:29:24:586810] [Tid0x0000211c] [debug] <--[C316] FlashTool_Download
[0000713] [11:29:24:586810] [Tid0x0000211c] [debug] -->[C320] DL_GetCount #(api.cpp, line:2621)
[0000714] [11:29:24:586810] [Tid0x0000211c] [debug] <--[C320] DL_GetCount
[0000715] [11:29:24:586810] [Tid0x0000211c] [debug] -->[C321] DL_Rom_GetInfoAll #(api.cpp, line:2786)
[0000716] [11:29:24:586810] [Tid0x0000211c] [debug] <--[C321] DL_Rom_GetInfoAll
[0000717] [11:29:24:586810] [Tid0x0000211c] [debug] -->[C322] FlashTool_Disconnect #(api.cpp, line:1033)
[0000718] [11:29:24:586810] [Tid0x0000211c] [debug] -->[C323] cflashtool_api::FlashTool_Disconnect #(cflashtool_api.cpp, line:34)
[0000719] [11:29:24:649312] [Tid0x0000211c] [debug] -->[C324] DL_ClearFTHandle #(api.cpp, line:2545)
[0000720] [11:29:24:649312] [Tid0x0000211c] [debug] <--[C324] DL_ClearFTHandle
[0000721] [11:29:24:649312] [Tid0x0000211c] [debug] <--[C323] cflashtool_api::FlashTool_Disconnect
[0000722] [11:29:24:649312] [Tid0x0000211c] [debug] <--[C322] FlashTool_Disconnect
[0000723] [11:29:28:066051] [Tid0x00002020] [debug] -->[C325] DL_Rom_UnloadAll #(api.cpp, line:2829)
[0000724] [11:29:28:081675] [Tid0x00002020] [debug] <--[C325] DL_Rom_UnloadAll
