[0000001] [08:41:36:539870] [Tid0x000015ec] [debug] -->[C1] DL_LoadScatter #(api.cpp, line:2481)
[0000002] [08:41:36:649241] [Tid0x000015ec] [debug] used lib version: 2 #(api.cpp, line:2503)
[0000003] [08:41:36:649241] [Tid0x000015ec] [debug] <--[C1] DL_LoadScatter
[0000004] [08:41:36:649241] [Tid0x000015ec] [debug] -->[C2] DL_AutoLoadRomImages #(api.cpp, line:2701)
[0000005] [08:41:37:946082] [Tid0x000015ec] [debug] <--[C2] DL_AutoLoadRomImages
[0000006] [08:41:37:961702] [Tid0x000015ec] [debug] -->[C3] DL_GetCount #(api.cpp, line:2621)
[0000007] [08:41:37:977332] [Tid0x000015ec] [debug] <--[C3] DL_GetCount
[0000008] [08:41:37:977332] [Tid0x000015ec] [debug] -->[C4] DL_Rom_GetInfoAll #(api.cpp, line:2786)
[0000009] [08:41:37:977332] [Tid0x000015ec] [debug] <--[C4] DL_Rom_GetInfoAll
[0000010] [08:41:37:977332] [Tid0x000015ec] [debug] -->[C5] DL_VerifyROMMemBuf #(api.cpp, line:2578)
[0000011] [08:41:37:977332] [Tid0x000015ec] [debug] -->[C6] cflashtool_api::DL_VerifyROMMemBuf #(cflashtool_api.cpp, line:2007)
[0000012] [08:42:53:195949] [Tid0x000015ec] [debug] <--[C6] cflashtool_api::DL_VerifyROMMemBuf
[0000013] [08:42:53:195949] [Tid0x000015ec] [debug] <--[C5] DL_VerifyROMMemBuf
[0000014] [08:42:53:195949] [Tid0x000015ec] [debug] -->[C7] DL_VerifyROMMemBuf #(api.cpp, line:2578)
[0000015] [08:42:53:195949] [Tid0x000015ec] [debug] -->[C8] cflashtool_api::DL_VerifyROMMemBuf #(cflashtool_api.cpp, line:2007)
[0000016] [08:42:53:195949] [Tid0x000015ec] [debug] <--[C8] cflashtool_api::DL_VerifyROMMemBuf
[0000017] [08:42:53:195949] [Tid0x000015ec] [debug] <--[C7] DL_VerifyROMMemBuf
[0000018] [08:42:53:195949] [Tid0x000015ec] [debug] -->[C9] DL_VerifyROMMemBuf #(api.cpp, line:2578)
[0000019] [08:42:53:195949] [Tid0x000015ec] [debug] -->[C10] cflashtool_api::DL_VerifyROMMemBuf #(cflashtool_api.cpp, line:2007)
[0000020] [08:42:53:195949] [Tid0x000015ec] [debug] <--[C10] cflashtool_api::DL_VerifyROMMemBuf
[0000021] [08:42:53:195949] [Tid0x000015ec] [debug] <--[C9] DL_VerifyROMMemBuf
[0000022] [08:42:53:195949] [Tid0x000015ec] [debug] -->[C11] DL_VerifyROMMemBuf #(api.cpp, line:2578)
[0000023] [08:42:53:195949] [Tid0x000015ec] [debug] -->[C12] cflashtool_api::DL_VerifyROMMemBuf #(cflashtool_api.cpp, line:2007)
[0000024] [08:42:53:195949] [Tid0x000015ec] [debug] <--[C12] cflashtool_api::DL_VerifyROMMemBuf
[0000025] [08:42:53:211574] [Tid0x000015ec] [debug] <--[C11] DL_VerifyROMMemBuf
[0000026] [08:42:53:211574] [Tid0x000015ec] [debug] -->[C13] DL_VerifyROMMemBuf #(api.cpp, line:2578)
[0000027] [08:42:53:211574] [Tid0x000015ec] [debug] -->[C14] cflashtool_api::DL_VerifyROMMemBuf #(cflashtool_api.cpp, line:2007)
[0000028] [08:42:53:211574] [Tid0x000015ec] [debug] <--[C14] cflashtool_api::DL_VerifyROMMemBuf
[0000029] [08:42:53:211574] [Tid0x000015ec] [debug] <--[C13] DL_VerifyROMMemBuf
[0000030] [08:42:53:211574] [Tid0x000015ec] [debug] -->[C15] DL_VerifyROMMemBuf #(api.cpp, line:2578)
[0000031] [08:42:53:211574] [Tid0x000015ec] [debug] -->[C16] cflashtool_api::DL_VerifyROMMemBuf #(cflashtool_api.cpp, line:2007)
[0000032] [08:42:53:211574] [Tid0x000015ec] [debug] <--[C16] cflashtool_api::DL_VerifyROMMemBuf
[0000033] [08:42:53:211574] [Tid0x000015ec] [debug] <--[C15] DL_VerifyROMMemBuf
[0000034] [08:42:53:211574] [Tid0x000015ec] [debug] -->[C17] DL_VerifyROMMemBuf #(api.cpp, line:2578)
[0000035] [08:42:53:211574] [Tid0x000015ec] [debug] -->[C18] cflashtool_api::DL_VerifyROMMemBuf #(cflashtool_api.cpp, line:2007)
[0000036] [08:42:53:211574] [Tid0x000015ec] [debug] <--[C18] cflashtool_api::DL_VerifyROMMemBuf
[0000037] [08:42:53:211574] [Tid0x000015ec] [debug] <--[C17] DL_VerifyROMMemBuf
[0000038] [08:42:53:211574] [Tid0x000015ec] [debug] -->[C19] DL_VerifyROMMemBuf #(api.cpp, line:2578)
[0000039] [08:42:53:211574] [Tid0x000015ec] [debug] -->[C20] cflashtool_api::DL_VerifyROMMemBuf #(cflashtool_api.cpp, line:2007)
[0000040] [08:42:53:211574] [Tid0x000015ec] [debug] <--[C20] cflashtool_api::DL_VerifyROMMemBuf
[0000041] [08:42:53:211574] [Tid0x000015ec] [debug] <--[C19] DL_VerifyROMMemBuf
[0000042] [08:42:53:211574] [Tid0x000015ec] [debug] -->[C21] DL_VerifyROMMemBuf #(api.cpp, line:2578)
[0000043] [08:42:53:211574] [Tid0x000015ec] [debug] -->[C22] cflashtool_api::DL_VerifyROMMemBuf #(cflashtool_api.cpp, line:2007)
[0000044] [08:42:53:211574] [Tid0x000015ec] [debug] <--[C22] cflashtool_api::DL_VerifyROMMemBuf
[0000045] [08:42:53:211574] [Tid0x000015ec] [debug] <--[C21] DL_VerifyROMMemBuf
[0000046] [08:42:53:211574] [Tid0x000015ec] [debug] -->[C23] DL_VerifyROMMemBuf #(api.cpp, line:2578)
[0000047] [08:42:53:211574] [Tid0x000015ec] [debug] -->[C24] cflashtool_api::DL_VerifyROMMemBuf #(cflashtool_api.cpp, line:2007)
[0000048] [08:42:53:211574] [Tid0x000015ec] [debug] <--[C24] cflashtool_api::DL_VerifyROMMemBuf
[0000049] [08:42:53:211574] [Tid0x000015ec] [debug] <--[C23] DL_VerifyROMMemBuf
[0000050] [08:42:53:211574] [Tid0x000015ec] [debug] -->[C25] DL_VerifyROMMemBuf #(api.cpp, line:2578)
[0000051] [08:42:53:211574] [Tid0x000015ec] [debug] -->[C26] cflashtool_api::DL_VerifyROMMemBuf #(cflashtool_api.cpp, line:2007)
[0000052] [08:42:53:211574] [Tid0x000015ec] [debug] <--[C26] cflashtool_api::DL_VerifyROMMemBuf
[0000053] [08:42:53:211574] [Tid0x000015ec] [debug] <--[C25] DL_VerifyROMMemBuf
[0000054] [08:42:53:211574] [Tid0x000015ec] [debug] -->[C27] DL_VerifyROMMemBuf #(api.cpp, line:2578)
[0000055] [08:42:53:211574] [Tid0x000015ec] [debug] -->[C28] cflashtool_api::DL_VerifyROMMemBuf #(cflashtool_api.cpp, line:2007)
[0000056] [08:42:53:211574] [Tid0x000015ec] [debug] <--[C28] cflashtool_api::DL_VerifyROMMemBuf
[0000057] [08:42:53:211574] [Tid0x000015ec] [debug] <--[C27] DL_VerifyROMMemBuf
[0000058] [08:42:53:211574] [Tid0x000015ec] [debug] -->[C29] DL_VerifyROMMemBuf #(api.cpp, line:2578)
[0000059] [08:42:53:211574] [Tid0x000015ec] [debug] -->[C30] cflashtool_api::DL_VerifyROMMemBuf #(cflashtool_api.cpp, line:2007)
[0000060] [08:42:53:211574] [Tid0x000015ec] [debug] <--[C30] cflashtool_api::DL_VerifyROMMemBuf
[0000061] [08:42:53:211574] [Tid0x000015ec] [debug] <--[C29] DL_VerifyROMMemBuf
[0000062] [08:42:53:211574] [Tid0x000015ec] [debug] -->[C31] DL_VerifyROMMemBuf #(api.cpp, line:2578)
[0000063] [08:42:53:211574] [Tid0x000015ec] [debug] -->[C32] cflashtool_api::DL_VerifyROMMemBuf #(cflashtool_api.cpp, line:2007)
[0000064] [08:42:53:211574] [Tid0x000015ec] [debug] <--[C32] cflashtool_api::DL_VerifyROMMemBuf
[0000065] [08:42:53:211574] [Tid0x000015ec] [debug] <--[C31] DL_VerifyROMMemBuf
[0000066] [08:42:53:211574] [Tid0x000015ec] [debug] -->[C33] DL_VerifyROMMemBuf #(api.cpp, line:2578)
[0000067] [08:42:53:211574] [Tid0x000015ec] [debug] -->[C34] cflashtool_api::DL_VerifyROMMemBuf #(cflashtool_api.cpp, line:2007)
[0000068] [08:42:53:211574] [Tid0x000015ec] [debug] <--[C34] cflashtool_api::DL_VerifyROMMemBuf
[0000069] [08:42:53:211574] [Tid0x000015ec] [debug] <--[C33] DL_VerifyROMMemBuf
[0000070] [08:42:53:211574] [Tid0x000015ec] [debug] -->[C35] DL_VerifyROMMemBuf #(api.cpp, line:2578)
[0000071] [08:42:53:211574] [Tid0x000015ec] [debug] -->[C36] cflashtool_api::DL_VerifyROMMemBuf #(cflashtool_api.cpp, line:2007)
[0000072] [08:42:53:211574] [Tid0x000015ec] [debug] <--[C36] cflashtool_api::DL_VerifyROMMemBuf
[0000073] [08:42:53:211574] [Tid0x000015ec] [debug] <--[C35] DL_VerifyROMMemBuf
[0000074] [08:42:53:492812] [Tid0x000007fc] [debug] -->[C37] DL_GetCount #(api.cpp, line:2621)
[0000075] [08:42:53:492812] [Tid0x000007fc] [debug] <--[C37] DL_GetCount
[0000076] [08:42:53:492812] [Tid0x000007fc] [debug] -->[C38] DL_Rom_GetInfoAll #(api.cpp, line:2786)
[0000077] [08:42:53:492812] [Tid0x000007fc] [debug] <--[C38] DL_Rom_GetInfoAll
[0000078] [08:42:53:570933] [Tid0x000007fc] [debug] -->[C39] DL_GetScatterInfo #(api.cpp, line:2722)
[0000079] [08:42:53:570933] [Tid0x000007fc] [debug] <--[C39] DL_GetScatterInfo
[0000080] [08:42:53:602188] [Tid0x000007fc] [debug] -->[C40] DL_GetCount #(api.cpp, line:2621)
[0000081] [08:42:53:617808] [Tid0x000007fc] [debug] <--[C40] DL_GetCount
[0000082] [08:42:53:617808] [Tid0x000007fc] [debug] -->[C41] DL_Rom_GetInfoAll #(api.cpp, line:2786)
[0000083] [08:42:53:617808] [Tid0x000007fc] [debug] <--[C41] DL_Rom_GetInfoAll
[0000084] [08:42:53:617808] [Tid0x000007fc] [debug] -->[C42] DL_Rom_SetEnableAttr #(api.cpp, line:2840)
[0000085] [08:42:53:617808] [Tid0x000007fc] [debug] <--[C42] DL_Rom_SetEnableAttr
[0000086] [08:42:53:617808] [Tid0x000007fc] [debug] -->[C43] DL_GetCount #(api.cpp, line:2621)
[0000087] [08:42:53:617808] [Tid0x000007fc] [debug] <--[C43] DL_GetCount
[0000088] [08:42:53:617808] [Tid0x000007fc] [debug] -->[C44] DL_Rom_GetInfoAll #(api.cpp, line:2786)
[0000089] [08:42:53:617808] [Tid0x000007fc] [debug] <--[C44] DL_Rom_GetInfoAll
[0000090] [08:42:53:617808] [Tid0x000007fc] [debug] -->[C45] DL_Rom_SetEnableAttr #(api.cpp, line:2840)
[0000091] [08:42:53:617808] [Tid0x000007fc] [debug] <--[C45] DL_Rom_SetEnableAttr
[0000092] [08:42:53:633437] [Tid0x000007fc] [debug] -->[C46] DL_GetCount #(api.cpp, line:2621)
[0000093] [08:42:53:633437] [Tid0x000007fc] [debug] <--[C46] DL_GetCount
[0000094] [08:42:53:633437] [Tid0x000007fc] [debug] -->[C47] DL_Rom_GetInfoAll #(api.cpp, line:2786)
[0000095] [08:42:53:633437] [Tid0x000007fc] [debug] <--[C47] DL_Rom_GetInfoAll
[0000096] [08:42:53:649062] [Tid0x000007fc] [debug] -->[C48] DL_Rom_SetEnableAttr #(api.cpp, line:2840)
[0000097] [08:42:53:649062] [Tid0x000007fc] [debug] <--[C48] DL_Rom_SetEnableAttr
[0000098] [08:42:53:649062] [Tid0x000007fc] [debug] -->[C49] DL_GetCount #(api.cpp, line:2621)
[0000099] [08:42:53:649062] [Tid0x000007fc] [debug] <--[C49] DL_GetCount
[0000100] [08:42:53:649062] [Tid0x000007fc] [debug] -->[C50] DL_Rom_GetInfoAll #(api.cpp, line:2786)
[0000101] [08:42:53:649062] [Tid0x000007fc] [debug] <--[C50] DL_Rom_GetInfoAll
[0000102] [08:42:53:649062] [Tid0x000007fc] [debug] -->[C51] DL_Rom_SetEnableAttr #(api.cpp, line:2840)
[0000103] [08:42:53:664685] [Tid0x000007fc] [debug] <--[C51] DL_Rom_SetEnableAttr
[0000104] [08:42:53:664685] [Tid0x000007fc] [debug] -->[C52] DL_GetCount #(api.cpp, line:2621)
[0000105] [08:42:53:664685] [Tid0x000007fc] [debug] <--[C52] DL_GetCount
[0000106] [08:42:53:664685] [Tid0x000007fc] [debug] -->[C53] DL_Rom_GetInfoAll #(api.cpp, line:2786)
[0000107] [08:42:53:664685] [Tid0x000007fc] [debug] <--[C53] DL_Rom_GetInfoAll
[0000108] [08:42:53:664685] [Tid0x000007fc] [debug] -->[C54] DL_Rom_SetEnableAttr #(api.cpp, line:2840)
[0000109] [08:42:53:664685] [Tid0x000007fc] [debug] <--[C54] DL_Rom_SetEnableAttr
[0000110] [08:42:53:680307] [Tid0x000007fc] [debug] -->[C55] DL_GetCount #(api.cpp, line:2621)
[0000111] [08:42:53:680307] [Tid0x000007fc] [debug] <--[C55] DL_GetCount
[0000112] [08:42:53:680307] [Tid0x000007fc] [debug] -->[C56] DL_Rom_GetInfoAll #(api.cpp, line:2786)
[0000113] [08:42:53:680307] [Tid0x000007fc] [debug] <--[C56] DL_Rom_GetInfoAll
[0000114] [08:42:53:680307] [Tid0x000007fc] [debug] -->[C57] DL_Rom_SetEnableAttr #(api.cpp, line:2840)
[0000115] [08:42:53:680307] [Tid0x000007fc] [debug] <--[C57] DL_Rom_SetEnableAttr
[0000116] [08:42:53:695934] [Tid0x000007fc] [debug] -->[C58] DL_GetCount #(api.cpp, line:2621)
[0000117] [08:42:53:695934] [Tid0x000007fc] [debug] <--[C58] DL_GetCount
[0000118] [08:42:53:695934] [Tid0x000007fc] [debug] -->[C59] DL_Rom_GetInfoAll #(api.cpp, line:2786)
[0000119] [08:42:53:695934] [Tid0x000007fc] [debug] <--[C59] DL_Rom_GetInfoAll
[0000120] [08:42:53:695934] [Tid0x000007fc] [debug] -->[C60] DL_Rom_SetEnableAttr #(api.cpp, line:2840)
[0000121] [08:42:53:695934] [Tid0x000007fc] [debug] <--[C60] DL_Rom_SetEnableAttr
[0000122] [08:42:53:695934] [Tid0x000007fc] [debug] -->[C61] DL_GetCount #(api.cpp, line:2621)
[0000123] [08:42:53:695934] [Tid0x000007fc] [debug] <--[C61] DL_GetCount
[0000124] [08:42:53:695934] [Tid0x000007fc] [debug] -->[C62] DL_Rom_GetInfoAll #(api.cpp, line:2786)
[0000125] [08:42:53:695934] [Tid0x000007fc] [debug] <--[C62] DL_Rom_GetInfoAll
[0000126] [08:42:53:695934] [Tid0x000007fc] [debug] -->[C63] DL_Rom_SetEnableAttr #(api.cpp, line:2840)
[0000127] [08:42:53:695934] [Tid0x000007fc] [debug] <--[C63] DL_Rom_SetEnableAttr
[0000128] [08:42:53:711557] [Tid0x000007fc] [debug] -->[C64] DL_GetCount #(api.cpp, line:2621)
[0000129] [08:42:53:711557] [Tid0x000007fc] [debug] <--[C64] DL_GetCount
[0000130] [08:42:53:711557] [Tid0x000007fc] [debug] -->[C65] DL_Rom_GetInfoAll #(api.cpp, line:2786)
[0000131] [08:42:53:711557] [Tid0x000007fc] [debug] <--[C65] DL_Rom_GetInfoAll
[0000132] [08:42:53:727183] [Tid0x000007fc] [debug] -->[C66] DL_Rom_SetEnableAttr #(api.cpp, line:2840)
[0000133] [08:42:53:727183] [Tid0x000007fc] [debug] <--[C66] DL_Rom_SetEnableAttr
[0000134] [08:42:53:727183] [Tid0x000007fc] [debug] -->[C67] DL_GetCount #(api.cpp, line:2621)
[0000135] [08:42:53:727183] [Tid0x000007fc] [debug] <--[C67] DL_GetCount
[0000136] [08:42:53:727183] [Tid0x000007fc] [debug] -->[C68] DL_Rom_GetInfoAll #(api.cpp, line:2786)
[0000137] [08:42:53:727183] [Tid0x000007fc] [debug] <--[C68] DL_Rom_GetInfoAll
[0000138] [08:42:53:742804] [Tid0x000007fc] [debug] -->[C69] DL_Rom_SetEnableAttr #(api.cpp, line:2840)
[0000139] [08:42:53:742804] [Tid0x000007fc] [debug] <--[C69] DL_Rom_SetEnableAttr
[0000140] [08:42:53:742804] [Tid0x000007fc] [debug] -->[C70] DL_GetCount #(api.cpp, line:2621)
[0000141] [08:42:53:742804] [Tid0x000007fc] [debug] <--[C70] DL_GetCount
[0000142] [08:42:53:742804] [Tid0x000007fc] [debug] -->[C71] DL_Rom_GetInfoAll #(api.cpp, line:2786)
[0000143] [08:42:53:742804] [Tid0x000007fc] [debug] <--[C71] DL_Rom_GetInfoAll
[0000144] [08:42:53:742804] [Tid0x000007fc] [debug] -->[C72] DL_Rom_SetEnableAttr #(api.cpp, line:2840)
[0000145] [08:42:53:742804] [Tid0x000007fc] [debug] <--[C72] DL_Rom_SetEnableAttr
[0000146] [08:42:53:758428] [Tid0x000007fc] [debug] -->[C73] DL_GetCount #(api.cpp, line:2621)
[0000147] [08:42:53:758428] [Tid0x000007fc] [debug] <--[C73] DL_GetCount
[0000148] [08:42:53:758428] [Tid0x000007fc] [debug] -->[C74] DL_Rom_GetInfoAll #(api.cpp, line:2786)
[0000149] [08:42:53:758428] [Tid0x000007fc] [debug] <--[C74] DL_Rom_GetInfoAll
[0000150] [08:42:53:758428] [Tid0x000007fc] [debug] -->[C75] DL_Rom_SetEnableAttr #(api.cpp, line:2840)
[0000151] [08:42:53:758428] [Tid0x000007fc] [debug] <--[C75] DL_Rom_SetEnableAttr
[0000152] [08:42:53:774056] [Tid0x000007fc] [debug] -->[C76] DL_GetCount #(api.cpp, line:2621)
[0000153] [08:42:53:774056] [Tid0x000007fc] [debug] <--[C76] DL_GetCount
[0000154] [08:42:53:774056] [Tid0x000007fc] [debug] -->[C77] DL_Rom_GetInfoAll #(api.cpp, line:2786)
[0000155] [08:42:53:774056] [Tid0x000007fc] [debug] <--[C77] DL_Rom_GetInfoAll
[0000156] [08:42:53:774056] [Tid0x000007fc] [debug] -->[C78] DL_Rom_SetEnableAttr #(api.cpp, line:2840)
[0000157] [08:42:53:774056] [Tid0x000007fc] [debug] <--[C78] DL_Rom_SetEnableAttr
[0000158] [08:42:53:774056] [Tid0x000007fc] [debug] -->[C79] DL_GetCount #(api.cpp, line:2621)
[0000159] [08:42:53:774056] [Tid0x000007fc] [debug] <--[C79] DL_GetCount
[0000160] [08:42:53:774056] [Tid0x000007fc] [debug] -->[C80] DL_Rom_GetInfoAll #(api.cpp, line:2786)
[0000161] [08:42:53:774056] [Tid0x000007fc] [debug] <--[C80] DL_Rom_GetInfoAll
[0000162] [08:42:53:774056] [Tid0x000007fc] [debug] -->[C81] DL_Rom_SetEnableAttr #(api.cpp, line:2840)
[0000163] [08:42:53:774056] [Tid0x000007fc] [debug] <--[C81] DL_Rom_SetEnableAttr
[0000164] [08:42:53:789681] [Tid0x000007fc] [debug] -->[C82] DL_GetCount #(api.cpp, line:2621)
[0000165] [08:42:53:805305] [Tid0x000007fc] [debug] <--[C82] DL_GetCount
[0000166] [08:42:53:805305] [Tid0x000007fc] [debug] -->[C83] DL_Rom_GetInfoAll #(api.cpp, line:2786)
[0000167] [08:42:53:805305] [Tid0x000007fc] [debug] <--[C83] DL_Rom_GetInfoAll
[0000168] [08:42:53:805305] [Tid0x000007fc] [debug] -->[C84] DL_Rom_SetEnableAttr #(api.cpp, line:2840)
[0000169] [08:42:53:805305] [Tid0x000007fc] [debug] <--[C84] DL_Rom_SetEnableAttr
[0000170] [08:42:53:805305] [Tid0x000007fc] [debug] -->[C85] DL_GetCount #(api.cpp, line:2621)
[0000171] [08:42:53:805305] [Tid0x000007fc] [debug] <--[C85] DL_GetCount
[0000172] [08:42:53:805305] [Tid0x000007fc] [debug] -->[C86] DL_Rom_GetInfoAll #(api.cpp, line:2786)
[0000173] [08:42:53:805305] [Tid0x000007fc] [debug] <--[C86] DL_Rom_GetInfoAll
[0000174] [08:42:53:820930] [Tid0x000007fc] [debug] -->[C87] DL_Rom_SetEnableAttr #(api.cpp, line:2840)
[0000175] [08:42:53:820930] [Tid0x000007fc] [debug] <--[C87] DL_Rom_SetEnableAttr
[0000176] [08:42:53:820930] [Tid0x000007fc] [debug] -->[C88] DL_GetCount #(api.cpp, line:2621)
[0000177] [08:42:53:820930] [Tid0x000007fc] [debug] <--[C88] DL_GetCount
[0000178] [08:42:53:820930] [Tid0x000007fc] [debug] -->[C89] DL_Rom_GetInfoAll #(api.cpp, line:2786)
[0000179] [08:42:53:820930] [Tid0x000007fc] [debug] <--[C89] DL_Rom_GetInfoAll
[0000180] [08:42:53:820930] [Tid0x000007fc] [debug] -->[C90] DL_Rom_SetEnableAttr #(api.cpp, line:2840)
[0000181] [08:42:53:820930] [Tid0x000007fc] [debug] <--[C90] DL_Rom_SetEnableAttr
[0000182] [08:42:53:836552] [Tid0x000007fc] [debug] -->[C91] DL_GetCount #(api.cpp, line:2621)
[0000183] [08:42:53:836552] [Tid0x000007fc] [debug] <--[C91] DL_GetCount
[0000184] [08:42:53:836552] [Tid0x000007fc] [debug] -->[C92] DL_Rom_GetInfoAll #(api.cpp, line:2786)
[0000185] [08:42:53:836552] [Tid0x000007fc] [debug] <--[C92] DL_Rom_GetInfoAll
[0000186] [08:42:53:836552] [Tid0x000007fc] [debug] -->[C93] DL_Rom_SetEnableAttr #(api.cpp, line:2840)
[0000187] [08:42:53:836552] [Tid0x000007fc] [debug] <--[C93] DL_Rom_SetEnableAttr
[0000188] [08:42:53:852177] [Tid0x000007fc] [debug] -->[C94] DL_GetCount #(api.cpp, line:2621)
[0000189] [08:42:53:852177] [Tid0x000007fc] [debug] <--[C94] DL_GetCount
[0000190] [08:42:53:852177] [Tid0x000007fc] [debug] -->[C95] DL_Rom_GetInfoAll #(api.cpp, line:2786)
[0000191] [08:42:53:852177] [Tid0x000007fc] [debug] <--[C95] DL_Rom_GetInfoAll
[0000192] [08:42:53:852177] [Tid0x000007fc] [debug] -->[C96] DL_Rom_SetEnableAttr #(api.cpp, line:2840)
[0000193] [08:42:53:852177] [Tid0x000007fc] [debug] <--[C96] DL_Rom_SetEnableAttr
[0000194] [08:42:53:852177] [Tid0x000007fc] [debug] -->[C97] DL_GetCount #(api.cpp, line:2621)
[0000195] [08:42:53:852177] [Tid0x000007fc] [debug] <--[C97] DL_GetCount
[0000196] [08:42:53:852177] [Tid0x000007fc] [debug] -->[C98] DL_Rom_GetInfoAll #(api.cpp, line:2786)
[0000197] [08:42:53:852177] [Tid0x000007fc] [debug] <--[C98] DL_Rom_GetInfoAll
[0000198] [08:42:53:867802] [Tid0x000007fc] [debug] -->[C99] DL_Rom_SetEnableAttr #(api.cpp, line:2840)
[0000199] [08:42:53:867802] [Tid0x000007fc] [debug] <--[C99] DL_Rom_SetEnableAttr
[0000200] [08:42:53:883426] [Tid0x000007fc] [debug] -->[C100] DL_GetCount #(api.cpp, line:2621)
[0000201] [08:42:53:883426] [Tid0x000007fc] [debug] <--[C100] DL_GetCount
[0000202] [08:42:53:883426] [Tid0x000007fc] [debug] -->[C101] DL_Rom_GetInfoAll #(api.cpp, line:2786)
[0000203] [08:42:53:883426] [Tid0x000007fc] [debug] <--[C101] DL_Rom_GetInfoAll
[0000204] [08:42:53:883426] [Tid0x000007fc] [debug] -->[C102] DL_Rom_SetEnableAttr #(api.cpp, line:2840)
[0000205] [08:42:53:883426] [Tid0x000007fc] [debug] <--[C102] DL_Rom_SetEnableAttr
[0000206] [08:42:53:883426] [Tid0x000007fc] [debug] -->[C103] DL_GetCount #(api.cpp, line:2621)
[0000207] [08:42:53:883426] [Tid0x000007fc] [debug] <--[C103] DL_GetCount
[0000208] [08:42:53:883426] [Tid0x000007fc] [debug] -->[C104] DL_Rom_GetInfoAll #(api.cpp, line:2786)
[0000209] [08:42:53:883426] [Tid0x000007fc] [debug] <--[C104] DL_Rom_GetInfoAll
[0000210] [08:42:53:899053] [Tid0x000007fc] [debug] -->[C105] DL_Rom_SetEnableAttr #(api.cpp, line:2840)
[0000211] [08:42:53:899053] [Tid0x000007fc] [debug] <--[C105] DL_Rom_SetEnableAttr
[0000212] [08:42:53:899053] [Tid0x000007fc] [debug] -->[C106] DL_GetCount #(api.cpp, line:2621)
[0000213] [08:42:53:899053] [Tid0x000007fc] [debug] <--[C106] DL_GetCount
[0000214] [08:42:53:899053] [Tid0x000007fc] [debug] -->[C107] DL_Rom_GetInfoAll #(api.cpp, line:2786)
[0000215] [08:42:53:899053] [Tid0x000007fc] [debug] <--[C107] DL_Rom_GetInfoAll
[0000216] [08:42:53:899053] [Tid0x000007fc] [debug] -->[C108] DL_Rom_SetEnableAttr #(api.cpp, line:2840)
[0000217] [08:42:53:899053] [Tid0x000007fc] [debug] <--[C108] DL_Rom_SetEnableAttr
[0000218] [08:42:53:914675] [Tid0x000007fc] [debug] -->[C109] DL_GetCount #(api.cpp, line:2621)
[0000219] [08:42:53:914675] [Tid0x000007fc] [debug] <--[C109] DL_GetCount
[0000220] [08:42:53:914675] [Tid0x000007fc] [debug] -->[C110] DL_Rom_GetInfoAll #(api.cpp, line:2786)
[0000221] [08:42:53:914675] [Tid0x000007fc] [debug] <--[C110] DL_Rom_GetInfoAll
[0000222] [08:42:53:914675] [Tid0x000007fc] [debug] -->[C111] DL_Rom_SetEnableAttr #(api.cpp, line:2840)
[0000223] [08:42:53:914675] [Tid0x000007fc] [debug] <--[C111] DL_Rom_SetEnableAttr
[0000224] [08:42:53:930300] [Tid0x000007fc] [debug] -->[C112] DL_GetCount #(api.cpp, line:2621)
[0000225] [08:42:53:930300] [Tid0x000007fc] [debug] <--[C112] DL_GetCount
[0000226] [08:42:53:930300] [Tid0x000007fc] [debug] -->[C113] DL_Rom_GetInfoAll #(api.cpp, line:2786)
[0000227] [08:42:53:930300] [Tid0x000007fc] [debug] <--[C113] DL_Rom_GetInfoAll
[0000228] [08:42:53:930300] [Tid0x000007fc] [debug] -->[C114] DL_Rom_SetEnableAttr #(api.cpp, line:2840)
[0000229] [08:42:53:930300] [Tid0x000007fc] [debug] <--[C114] DL_Rom_SetEnableAttr
[0000230] [08:42:53:930300] [Tid0x000007fc] [debug] -->[C115] DL_GetCount #(api.cpp, line:2621)
[0000231] [08:42:53:930300] [Tid0x000007fc] [debug] <--[C115] DL_GetCount
[0000232] [08:42:53:930300] [Tid0x000007fc] [debug] -->[C116] DL_Rom_GetInfoAll #(api.cpp, line:2786)
[0000233] [08:42:53:930300] [Tid0x000007fc] [debug] <--[C116] DL_Rom_GetInfoAll
[0000234] [08:42:53:945924] [Tid0x000007fc] [debug] -->[C117] DL_Rom_SetEnableAttr #(api.cpp, line:2840)
[0000235] [08:42:53:945924] [Tid0x000007fc] [debug] <--[C117] DL_Rom_SetEnableAttr
[0000236] [08:42:53:961549] [Tid0x000007fc] [debug] -->[C118] DL_GetCount #(api.cpp, line:2621)
[0000237] [08:42:53:961549] [Tid0x000007fc] [debug] <--[C118] DL_GetCount
[0000238] [08:42:53:961549] [Tid0x000007fc] [debug] -->[C119] DL_Rom_GetInfoAll #(api.cpp, line:2786)
[0000239] [08:42:53:961549] [Tid0x000007fc] [debug] <--[C119] DL_Rom_GetInfoAll
[0000240] [08:42:53:961549] [Tid0x000007fc] [debug] -->[C120] DL_Rom_SetEnableAttr #(api.cpp, line:2840)
[0000241] [08:42:53:961549] [Tid0x000007fc] [debug] <--[C120] DL_Rom_SetEnableAttr
[0000242] [08:42:53:961549] [Tid0x000007fc] [debug] -->[C121] DL_GetCount #(api.cpp, line:2621)
[0000243] [08:42:53:961549] [Tid0x000007fc] [debug] <--[C121] DL_GetCount
[0000244] [08:42:53:961549] [Tid0x000007fc] [debug] -->[C122] DL_Rom_GetInfoAll #(api.cpp, line:2786)
[0000245] [08:42:53:961549] [Tid0x000007fc] [debug] <--[C122] DL_Rom_GetInfoAll
[0000246] [08:42:53:977241] [Tid0x000007fc] [debug] -->[C123] DL_Rom_SetEnableAttr #(api.cpp, line:2840)
[0000247] [08:42:53:977241] [Tid0x000007fc] [debug] <--[C123] DL_Rom_SetEnableAttr
[0000248] [08:42:53:977241] [Tid0x000007fc] [debug] -->[C124] DL_GetCount #(api.cpp, line:2621)
[0000249] [08:42:53:977241] [Tid0x000007fc] [debug] <--[C124] DL_GetCount
[0000250] [08:42:53:977241] [Tid0x000007fc] [debug] -->[C125] DL_Rom_GetInfoAll #(api.cpp, line:2786)
[0000251] [08:42:53:977241] [Tid0x000007fc] [debug] <--[C125] DL_Rom_GetInfoAll
[0000252] [08:42:53:977241] [Tid0x000007fc] [debug] -->[C126] DL_Rom_SetEnableAttr #(api.cpp, line:2840)
[0000253] [08:42:53:977241] [Tid0x000007fc] [debug] <--[C126] DL_Rom_SetEnableAttr
[0000254] [08:42:53:992799] [Tid0x000007fc] [debug] -->[C127] DL_GetCount #(api.cpp, line:2621)
[0000255] [08:42:53:992799] [Tid0x000007fc] [debug] <--[C127] DL_GetCount
[0000256] [08:42:53:992799] [Tid0x000007fc] [debug] -->[C128] DL_Rom_GetInfoAll #(api.cpp, line:2786)
[0000257] [08:42:53:992799] [Tid0x000007fc] [debug] <--[C128] DL_Rom_GetInfoAll
[0000258] [08:42:53:992799] [Tid0x000007fc] [debug] -->[C129] DL_Rom_SetEnableAttr #(api.cpp, line:2840)
[0000259] [08:42:53:992799] [Tid0x000007fc] [debug] <--[C129] DL_Rom_SetEnableAttr
[0000260] [08:42:54:008425] [Tid0x000007fc] [debug] -->[C130] DL_GetCount #(api.cpp, line:2621)
[0000261] [08:42:54:008425] [Tid0x000007fc] [debug] <--[C130] DL_GetCount
[0000262] [08:42:54:008425] [Tid0x000007fc] [debug] -->[C131] DL_Rom_GetInfoAll #(api.cpp, line:2786)
[0000263] [08:42:54:008425] [Tid0x000007fc] [debug] <--[C131] DL_Rom_GetInfoAll
[0000264] [08:42:54:008425] [Tid0x000007fc] [debug] -->[C132] DL_Rom_SetEnableAttr #(api.cpp, line:2840)
[0000265] [08:42:54:008425] [Tid0x000007fc] [debug] <--[C132] DL_Rom_SetEnableAttr
[0000266] [08:42:54:008425] [Tid0x000007fc] [debug] -->[C133] DL_GetCount #(api.cpp, line:2621)
[0000267] [08:42:54:008425] [Tid0x000007fc] [debug] <--[C133] DL_GetCount
[0000268] [08:42:54:008425] [Tid0x000007fc] [debug] -->[C134] DL_Rom_GetInfoAll #(api.cpp, line:2786)
[0000269] [08:42:54:008425] [Tid0x000007fc] [debug] <--[C134] DL_Rom_GetInfoAll
[0000270] [08:42:54:024048] [Tid0x000007fc] [debug] -->[C135] DL_Rom_SetEnableAttr #(api.cpp, line:2840)
[0000271] [08:42:54:024048] [Tid0x000007fc] [debug] <--[C135] DL_Rom_SetEnableAttr
[0000272] [08:42:54:039714] [Tid0x000007fc] [debug] -->[C136] DL_GetCount #(api.cpp, line:2621)
[0000273] [08:42:54:039714] [Tid0x000007fc] [debug] <--[C136] DL_GetCount
[0000274] [08:42:54:039714] [Tid0x000007fc] [debug] -->[C137] DL_Rom_GetInfoAll #(api.cpp, line:2786)
[0000275] [08:42:54:039714] [Tid0x000007fc] [debug] <--[C137] DL_Rom_GetInfoAll
[0000276] [08:42:54:039714] [Tid0x000007fc] [debug] -->[C138] DL_Rom_SetEnableAttr #(api.cpp, line:2840)
[0000277] [08:42:54:039714] [Tid0x000007fc] [debug] <--[C138] DL_Rom_SetEnableAttr
[0000278] [08:42:54:039714] [Tid0x000007fc] [debug] -->[C139] DL_GetCount #(api.cpp, line:2621)
[0000279] [08:42:54:039714] [Tid0x000007fc] [debug] <--[C139] DL_GetCount
[0000280] [08:42:54:039714] [Tid0x000007fc] [debug] -->[C140] DL_Rom_GetInfoAll #(api.cpp, line:2786)
[0000281] [08:42:54:039714] [Tid0x000007fc] [debug] <--[C140] DL_Rom_GetInfoAll
[0000282] [08:42:54:055340] [Tid0x000007fc] [debug] -->[C141] DL_Rom_SetEnableAttr #(api.cpp, line:2840)
[0000283] [08:42:54:055340] [Tid0x000007fc] [debug] <--[C141] DL_Rom_SetEnableAttr
[0000284] [08:42:54:055340] [Tid0x000007fc] [debug] -->[C142] DL_GetCount #(api.cpp, line:2621)
[0000285] [08:42:54:055340] [Tid0x000007fc] [debug] <--[C142] DL_GetCount
[0000286] [08:42:54:055340] [Tid0x000007fc] [debug] -->[C143] DL_Rom_GetInfoAll #(api.cpp, line:2786)
[0000287] [08:42:54:055340] [Tid0x000007fc] [debug] <--[C143] DL_Rom_GetInfoAll
[0000288] [08:42:54:055340] [Tid0x000007fc] [debug] -->[C144] DL_Rom_SetEnableAttr #(api.cpp, line:2840)
[0000289] [08:42:54:055340] [Tid0x000007fc] [debug] <--[C144] DL_Rom_SetEnableAttr
[0000290] [08:42:54:071031] [Tid0x000007fc] [debug] -->[C145] DL_GetCount #(api.cpp, line:2621)
[0000291] [08:42:54:071031] [Tid0x000007fc] [debug] <--[C145] DL_GetCount
[0000292] [08:42:54:071031] [Tid0x000007fc] [debug] -->[C146] DL_Rom_GetInfoAll #(api.cpp, line:2786)
[0000293] [08:42:54:071031] [Tid0x000007fc] [debug] <--[C146] DL_Rom_GetInfoAll
[0000294] [08:42:54:086622] [Tid0x000007fc] [debug] -->[C147] DL_Rom_SetEnableAttr #(api.cpp, line:2840)
[0000295] [08:42:54:086622] [Tid0x000007fc] [debug] <--[C147] DL_Rom_SetEnableAttr
[0000296] [08:42:54:086622] [Tid0x000007fc] [debug] -->[C148] DL_GetCount #(api.cpp, line:2621)
[0000297] [08:42:54:086622] [Tid0x000007fc] [debug] <--[C148] DL_GetCount
[0000298] [08:42:54:086622] [Tid0x000007fc] [debug] -->[C149] DL_Rom_GetInfoAll #(api.cpp, line:2786)
[0000299] [08:42:54:086622] [Tid0x000007fc] [debug] <--[C149] DL_Rom_GetInfoAll
[0000300] [08:42:54:086622] [Tid0x000007fc] [debug] -->[C150] DL_Rom_SetEnableAttr #(api.cpp, line:2840)
[0000301] [08:42:54:086622] [Tid0x000007fc] [debug] <--[C150] DL_Rom_SetEnableAttr
[0000302] [08:42:54:086622] [Tid0x000007fc] [debug] -->[C151] DL_GetCount #(api.cpp, line:2621)
[0000303] [08:42:54:086622] [Tid0x000007fc] [debug] <--[C151] DL_GetCount
[0000304] [08:42:54:086622] [Tid0x000007fc] [debug] -->[C152] DL_Rom_GetInfoAll #(api.cpp, line:2786)
[0000305] [08:42:54:086622] [Tid0x000007fc] [debug] <--[C152] DL_Rom_GetInfoAll
[0000306] [08:42:54:102215] [Tid0x000007fc] [debug] -->[C153] DL_Rom_SetEnableAttr #(api.cpp, line:2840)
[0000307] [08:42:54:102215] [Tid0x000007fc] [debug] <--[C153] DL_Rom_SetEnableAttr
[0000308] [08:42:54:117796] [Tid0x000007fc] [debug] -->[C154] DL_GetCount #(api.cpp, line:2621)
[0000309] [08:42:54:117796] [Tid0x000007fc] [debug] <--[C154] DL_GetCount
[0000310] [08:42:54:117796] [Tid0x000007fc] [debug] -->[C155] DL_Rom_GetInfoAll #(api.cpp, line:2786)
[0000311] [08:42:54:117796] [Tid0x000007fc] [debug] <--[C155] DL_Rom_GetInfoAll
[0000312] [08:42:54:117796] [Tid0x000007fc] [debug] -->[C156] DL_Rom_SetEnableAttr #(api.cpp, line:2840)
[0000313] [08:42:54:117796] [Tid0x000007fc] [debug] <--[C156] DL_Rom_SetEnableAttr
[0000314] [08:42:54:117796] [Tid0x000007fc] [debug] -->[C157] DL_GetCount #(api.cpp, line:2621)
[0000315] [08:42:54:117796] [Tid0x000007fc] [debug] <--[C157] DL_GetCount
[0000316] [08:42:54:117796] [Tid0x000007fc] [debug] -->[C158] DL_Rom_GetInfoAll #(api.cpp, line:2786)
[0000317] [08:42:54:117796] [Tid0x000007fc] [debug] <--[C158] DL_Rom_GetInfoAll
[0000318] [08:42:54:133420] [Tid0x000007fc] [debug] -->[C159] DL_Rom_SetEnableAttr #(api.cpp, line:2840)
[0000319] [08:42:54:133420] [Tid0x000007fc] [debug] <--[C159] DL_Rom_SetEnableAttr
[0000320] [08:42:54:133420] [Tid0x000007fc] [debug] -->[C160] DL_GetCount #(api.cpp, line:2621)
[0000321] [08:42:54:133420] [Tid0x000007fc] [debug] <--[C160] DL_GetCount
[0000322] [08:42:54:133420] [Tid0x000007fc] [debug] -->[C161] DL_Rom_GetInfoAll #(api.cpp, line:2786)
[0000323] [08:42:54:133420] [Tid0x000007fc] [debug] <--[C161] DL_Rom_GetInfoAll
[0000324] [08:42:54:133420] [Tid0x000007fc] [debug] -->[C162] DL_Rom_SetEnableAttr #(api.cpp, line:2840)
[0000325] [08:42:54:133420] [Tid0x000007fc] [debug] <--[C162] DL_Rom_SetEnableAttr
[0000326] [08:42:54:149092] [Tid0x000007fc] [debug] -->[C163] DL_GetCount #(api.cpp, line:2621)
[0000327] [08:42:54:149092] [Tid0x000007fc] [debug] <--[C163] DL_GetCount
[0000328] [08:42:54:149092] [Tid0x000007fc] [debug] -->[C164] DL_Rom_GetInfoAll #(api.cpp, line:2786)
[0000329] [08:42:54:149092] [Tid0x000007fc] [debug] <--[C164] DL_Rom_GetInfoAll
[0000330] [08:42:54:164668] [Tid0x000007fc] [debug] -->[C165] DL_Rom_SetEnableAttr #(api.cpp, line:2840)
[0000331] [08:42:54:164668] [Tid0x000007fc] [debug] <--[C165] DL_Rom_SetEnableAttr
[0000332] [08:42:54:164668] [Tid0x000007fc] [debug] -->[C166] DL_GetCount #(api.cpp, line:2621)
[0000333] [08:42:54:164668] [Tid0x000007fc] [debug] <--[C166] DL_GetCount
[0000334] [08:42:54:164668] [Tid0x000007fc] [debug] -->[C167] DL_Rom_GetInfoAll #(api.cpp, line:2786)
[0000335] [08:42:54:164668] [Tid0x000007fc] [debug] <--[C167] DL_Rom_GetInfoAll
[0000336] [08:42:54:164668] [Tid0x000007fc] [debug] -->[C168] DL_Rom_SetEnableAttr #(api.cpp, line:2840)
[0000337] [08:42:54:164668] [Tid0x000007fc] [debug] <--[C168] DL_Rom_SetEnableAttr
[0000338] [08:42:54:164668] [Tid0x000007fc] [debug] -->[C169] DL_GetCount #(api.cpp, line:2621)
[0000339] [08:42:54:164668] [Tid0x000007fc] [debug] <--[C169] DL_GetCount
[0000340] [08:42:54:164668] [Tid0x000007fc] [debug] -->[C170] DL_Rom_GetInfoAll #(api.cpp, line:2786)
[0000341] [08:42:54:164668] [Tid0x000007fc] [debug] <--[C170] DL_Rom_GetInfoAll
[0000342] [08:42:54:180296] [Tid0x000007fc] [debug] -->[C171] DL_Rom_SetEnableAttr #(api.cpp, line:2840)
[0000343] [08:42:54:180296] [Tid0x000007fc] [debug] <--[C171] DL_Rom_SetEnableAttr
[0000344] [08:42:54:195920] [Tid0x000007fc] [debug] -->[C172] DL_GetCount #(api.cpp, line:2621)
[0000345] [08:42:54:195920] [Tid0x000007fc] [debug] <--[C172] DL_GetCount
[0000346] [08:42:54:195920] [Tid0x000007fc] [debug] -->[C173] DL_Rom_GetInfoAll #(api.cpp, line:2786)
[0000347] [08:42:54:195920] [Tid0x000007fc] [debug] <--[C173] DL_Rom_GetInfoAll
[0000348] [08:42:54:195920] [Tid0x000007fc] [debug] -->[C174] DL_Rom_SetEnableAttr #(api.cpp, line:2840)
[0000349] [08:42:54:195920] [Tid0x000007fc] [debug] <--[C174] DL_Rom_SetEnableAttr
[0000350] [08:42:54:195920] [Tid0x000007fc] [debug] -->[C175] DL_GetCount #(api.cpp, line:2621)
[0000351] [08:42:54:195920] [Tid0x000007fc] [debug] <--[C175] DL_GetCount
[0000352] [08:42:54:195920] [Tid0x000007fc] [debug] -->[C176] DL_Rom_GetInfoAll #(api.cpp, line:2786)
[0000353] [08:42:54:195920] [Tid0x000007fc] [debug] <--[C176] DL_Rom_GetInfoAll
[0000354] [08:42:54:211538] [Tid0x000007fc] [debug] -->[C177] DL_Rom_SetEnableAttr #(api.cpp, line:2840)
[0000355] [08:42:54:211538] [Tid0x000007fc] [debug] <--[C177] DL_Rom_SetEnableAttr
[0000356] [08:42:54:211538] [Tid0x000007fc] [debug] -->[C178] DL_GetCount #(api.cpp, line:2621)
[0000357] [08:42:54:211538] [Tid0x000007fc] [debug] <--[C178] DL_GetCount
[0000358] [08:42:54:211538] [Tid0x000007fc] [debug] -->[C179] DL_Rom_GetInfoAll #(api.cpp, line:2786)
[0000359] [08:42:54:211538] [Tid0x000007fc] [debug] <--[C179] DL_Rom_GetInfoAll
[0000360] [08:42:54:211538] [Tid0x000007fc] [debug] -->[C180] DL_Rom_SetEnableAttr #(api.cpp, line:2840)
[0000361] [08:42:54:211538] [Tid0x000007fc] [debug] <--[C180] DL_Rom_SetEnableAttr
[0000362] [08:42:54:227164] [Tid0x000007fc] [debug] -->[C181] DL_GetCount #(api.cpp, line:2621)
[0000363] [08:42:54:227164] [Tid0x000007fc] [debug] <--[C181] DL_GetCount
[0000364] [08:42:54:227164] [Tid0x000007fc] [debug] -->[C182] DL_Rom_GetInfoAll #(api.cpp, line:2786)
[0000365] [08:42:54:227164] [Tid0x000007fc] [debug] <--[C182] DL_Rom_GetInfoAll
[0000366] [08:42:54:227164] [Tid0x000007fc] [debug] -->[C183] DL_Rom_SetEnableAttr #(api.cpp, line:2840)
[0000367] [08:42:54:227164] [Tid0x000007fc] [debug] <--[C183] DL_Rom_SetEnableAttr
[0000368] [08:42:54:227164] [Tid0x000007fc] [debug] -->[C184] DL_SetChecksumLevel #(api.cpp, line:2523)
[0000369] [08:42:54:227164] [Tid0x000007fc] [debug] <--[C184] DL_SetChecksumLevel
[0000370] [08:42:59:245808] [Tid0x000007fc] [debug] -->[C185] DL_GetCount #(api.cpp, line:2621)
[0000371] [08:42:59:245808] [Tid0x000007fc] [debug] <--[C185] DL_GetCount
[0000372] [08:42:59:245808] [Tid0x000007fc] [debug] -->[C186] DL_Rom_GetInfoAll #(api.cpp, line:2786)
[0000373] [08:42:59:245808] [Tid0x000007fc] [debug] <--[C186] DL_Rom_GetInfoAll
[0000374] [08:42:59:261433] [Tid0x000007fc] [debug] -->[C187] DL_Rom_SetEnableAttr #(api.cpp, line:2840)
[0000375] [08:42:59:261433] [Tid0x000007fc] [debug] <--[C187] DL_Rom_SetEnableAttr
[0000376] [08:42:59:277054] [Tid0x000007fc] [debug] -->[C188] DL_GetCount #(api.cpp, line:2621)
[0000377] [08:42:59:277054] [Tid0x000007fc] [debug] <--[C188] DL_GetCount
[0000378] [08:42:59:277054] [Tid0x000007fc] [debug] -->[C189] DL_Rom_GetInfoAll #(api.cpp, line:2786)
[0000379] [08:42:59:277054] [Tid0x000007fc] [debug] <--[C189] DL_Rom_GetInfoAll
[0000380] [08:42:59:277054] [Tid0x000007fc] [debug] -->[C190] DL_Rom_SetEnableAttr #(api.cpp, line:2840)
[0000381] [08:42:59:277054] [Tid0x000007fc] [debug] <--[C190] DL_Rom_SetEnableAttr
[0000382] [08:42:59:292681] [Tid0x000007fc] [debug] -->[C191] DL_GetCount #(api.cpp, line:2621)
[0000383] [08:42:59:292681] [Tid0x000007fc] [debug] <--[C191] DL_GetCount
[0000384] [08:42:59:292681] [Tid0x000007fc] [debug] -->[C192] DL_Rom_GetInfoAll #(api.cpp, line:2786)
[0000385] [08:42:59:292681] [Tid0x000007fc] [debug] <--[C192] DL_Rom_GetInfoAll
[0000386] [08:42:59:292681] [Tid0x000007fc] [debug] -->[C193] DL_Rom_SetEnableAttr #(api.cpp, line:2840)
[0000387] [08:42:59:292681] [Tid0x000007fc] [debug] <--[C193] DL_Rom_SetEnableAttr
[0000388] [08:42:59:292681] [Tid0x000007fc] [debug] -->[C194] DL_GetCount #(api.cpp, line:2621)
[0000389] [08:42:59:292681] [Tid0x000007fc] [debug] <--[C194] DL_GetCount
[0000390] [08:42:59:292681] [Tid0x000007fc] [debug] -->[C195] DL_Rom_GetInfoAll #(api.cpp, line:2786)
[0000391] [08:42:59:292681] [Tid0x000007fc] [debug] <--[C195] DL_Rom_GetInfoAll
[0000392] [08:42:59:308304] [Tid0x000007fc] [debug] -->[C196] DL_Rom_SetEnableAttr #(api.cpp, line:2840)
[0000393] [08:42:59:308304] [Tid0x000007fc] [debug] <--[C196] DL_Rom_SetEnableAttr
[0000394] [08:42:59:308304] [Tid0x000007fc] [debug] -->[C197] DL_GetCount #(api.cpp, line:2621)
[0000395] [08:42:59:308304] [Tid0x000007fc] [debug] <--[C197] DL_GetCount
[0000396] [08:42:59:308304] [Tid0x000007fc] [debug] -->[C198] DL_Rom_GetInfoAll #(api.cpp, line:2786)
[0000397] [08:42:59:308304] [Tid0x000007fc] [debug] <--[C198] DL_Rom_GetInfoAll
[0000398] [08:42:59:308304] [Tid0x000007fc] [debug] -->[C199] DL_Rom_SetEnableAttr #(api.cpp, line:2840)
[0000399] [08:42:59:308304] [Tid0x000007fc] [debug] <--[C199] DL_Rom_SetEnableAttr
[0000400] [08:42:59:323927] [Tid0x000007fc] [debug] -->[C200] DL_GetCount #(api.cpp, line:2621)
[0000401] [08:42:59:323927] [Tid0x000007fc] [debug] <--[C200] DL_GetCount
[0000402] [08:42:59:323927] [Tid0x000007fc] [debug] -->[C201] DL_Rom_GetInfoAll #(api.cpp, line:2786)
[0000403] [08:42:59:323927] [Tid0x000007fc] [debug] <--[C201] DL_Rom_GetInfoAll
[0000404] [08:42:59:323927] [Tid0x000007fc] [debug] -->[C202] DL_Rom_SetEnableAttr #(api.cpp, line:2840)
[0000405] [08:42:59:323927] [Tid0x000007fc] [debug] <--[C202] DL_Rom_SetEnableAttr
[0000406] [08:42:59:323927] [Tid0x000007fc] [debug] -->[C203] DL_GetCount #(api.cpp, line:2621)
[0000407] [08:42:59:323927] [Tid0x000007fc] [debug] <--[C203] DL_GetCount
[0000408] [08:42:59:323927] [Tid0x000007fc] [debug] -->[C204] DL_Rom_GetInfoAll #(api.cpp, line:2786)
[0000409] [08:42:59:323927] [Tid0x000007fc] [debug] <--[C204] DL_Rom_GetInfoAll
[0000410] [08:42:59:339555] [Tid0x000007fc] [debug] -->[C205] DL_Rom_SetEnableAttr #(api.cpp, line:2840)
[0000411] [08:42:59:339555] [Tid0x000007fc] [debug] <--[C205] DL_Rom_SetEnableAttr
[0000412] [08:42:59:339555] [Tid0x000007fc] [debug] -->[C206] DL_GetCount #(api.cpp, line:2621)
[0000413] [08:42:59:339555] [Tid0x000007fc] [debug] <--[C206] DL_GetCount
[0000414] [08:42:59:339555] [Tid0x000007fc] [debug] -->[C207] DL_Rom_GetInfoAll #(api.cpp, line:2786)
[0000415] [08:42:59:339555] [Tid0x000007fc] [debug] <--[C207] DL_Rom_GetInfoAll
[0000416] [08:42:59:339555] [Tid0x000007fc] [debug] -->[C208] DL_Rom_SetEnableAttr #(api.cpp, line:2840)
[0000417] [08:42:59:339555] [Tid0x000007fc] [debug] <--[C208] DL_Rom_SetEnableAttr
[0000418] [08:42:59:339555] [Tid0x000007fc] [debug] -->[C209] DL_GetCount #(api.cpp, line:2621)
[0000419] [08:42:59:339555] [Tid0x000007fc] [debug] <--[C209] DL_GetCount
[0000420] [08:42:59:355180] [Tid0x000007fc] [debug] -->[C210] DL_Rom_GetInfoAll #(api.cpp, line:2786)
[0000421] [08:42:59:355180] [Tid0x000007fc] [debug] <--[C210] DL_Rom_GetInfoAll
[0000422] [08:42:59:355180] [Tid0x000007fc] [debug] -->[C211] DL_Rom_SetEnableAttr #(api.cpp, line:2840)
[0000423] [08:42:59:355180] [Tid0x000007fc] [debug] <--[C211] DL_Rom_SetEnableAttr
[0000424] [08:42:59:355180] [Tid0x000007fc] [debug] -->[C212] DL_GetCount #(api.cpp, line:2621)
[0000425] [08:42:59:355180] [Tid0x000007fc] [debug] <--[C212] DL_GetCount
[0000426] [08:42:59:355180] [Tid0x000007fc] [debug] -->[C213] DL_Rom_GetInfoAll #(api.cpp, line:2786)
[0000427] [08:42:59:355180] [Tid0x000007fc] [debug] <--[C213] DL_Rom_GetInfoAll
[0000428] [08:42:59:355180] [Tid0x000007fc] [debug] -->[C214] DL_Rom_SetEnableAttr #(api.cpp, line:2840)
[0000429] [08:42:59:355180] [Tid0x000007fc] [debug] <--[C214] DL_Rom_SetEnableAttr
[0000430] [08:42:59:370807] [Tid0x000007fc] [debug] -->[C215] DL_GetCount #(api.cpp, line:2621)
[0000431] [08:42:59:370807] [Tid0x000007fc] [debug] <--[C215] DL_GetCount
[0000432] [08:42:59:370807] [Tid0x000007fc] [debug] -->[C216] DL_Rom_GetInfoAll #(api.cpp, line:2786)
[0000433] [08:42:59:370807] [Tid0x000007fc] [debug] <--[C216] DL_Rom_GetInfoAll
[0000434] [08:42:59:370807] [Tid0x000007fc] [debug] -->[C217] DL_Rom_SetEnableAttr #(api.cpp, line:2840)
[0000435] [08:42:59:370807] [Tid0x000007fc] [debug] <--[C217] DL_Rom_SetEnableAttr
[0000436] [08:42:59:370807] [Tid0x000007fc] [debug] -->[C218] DL_GetCount #(api.cpp, line:2621)
[0000437] [08:42:59:370807] [Tid0x000007fc] [debug] <--[C218] DL_GetCount
[0000438] [08:42:59:370807] [Tid0x000007fc] [debug] -->[C219] DL_Rom_GetInfoAll #(api.cpp, line:2786)
[0000439] [08:42:59:370807] [Tid0x000007fc] [debug] <--[C219] DL_Rom_GetInfoAll
[0000440] [08:42:59:370807] [Tid0x000007fc] [debug] -->[C220] DL_Rom_SetEnableAttr #(api.cpp, line:2840)
[0000441] [08:42:59:370807] [Tid0x000007fc] [debug] <--[C220] DL_Rom_SetEnableAttr
[0000442] [08:42:59:386429] [Tid0x000007fc] [debug] -->[C221] DL_GetCount #(api.cpp, line:2621)
[0000443] [08:42:59:386429] [Tid0x000007fc] [debug] <--[C221] DL_GetCount
[0000444] [08:42:59:386429] [Tid0x000007fc] [debug] -->[C222] DL_Rom_GetInfoAll #(api.cpp, line:2786)
[0000445] [08:42:59:386429] [Tid0x000007fc] [debug] <--[C222] DL_Rom_GetInfoAll
[0000446] [08:42:59:386429] [Tid0x000007fc] [debug] -->[C223] DL_Rom_SetEnableAttr #(api.cpp, line:2840)
[0000447] [08:42:59:386429] [Tid0x000007fc] [debug] <--[C223] DL_Rom_SetEnableAttr
[0000448] [08:42:59:386429] [Tid0x000007fc] [debug] -->[C224] DL_GetCount #(api.cpp, line:2621)
[0000449] [08:42:59:386429] [Tid0x000007fc] [debug] <--[C224] DL_GetCount
[0000450] [08:42:59:386429] [Tid0x000007fc] [debug] -->[C225] DL_Rom_GetInfoAll #(api.cpp, line:2786)
[0000451] [08:42:59:386429] [Tid0x000007fc] [debug] <--[C225] DL_Rom_GetInfoAll
[0000452] [08:42:59:386429] [Tid0x000007fc] [debug] -->[C226] DL_Rom_SetEnableAttr #(api.cpp, line:2840)
[0000453] [08:42:59:386429] [Tid0x000007fc] [debug] <--[C226] DL_Rom_SetEnableAttr
[0000454] [08:42:59:402056] [Tid0x000007fc] [debug] -->[C227] DL_GetCount #(api.cpp, line:2621)
[0000455] [08:42:59:402056] [Tid0x000007fc] [debug] <--[C227] DL_GetCount
[0000456] [08:42:59:402056] [Tid0x000007fc] [debug] -->[C228] DL_Rom_GetInfoAll #(api.cpp, line:2786)
[0000457] [08:42:59:402056] [Tid0x000007fc] [debug] <--[C228] DL_Rom_GetInfoAll
[0000458] [08:42:59:402056] [Tid0x000007fc] [debug] -->[C229] DL_Rom_SetEnableAttr #(api.cpp, line:2840)
[0000459] [08:42:59:402056] [Tid0x000007fc] [debug] <--[C229] DL_Rom_SetEnableAttr
[0000460] [08:42:59:402056] [Tid0x000007fc] [debug] -->[C230] DL_GetCount #(api.cpp, line:2621)
[0000461] [08:42:59:402056] [Tid0x000007fc] [debug] <--[C230] DL_GetCount
[0000462] [08:42:59:402056] [Tid0x000007fc] [debug] -->[C231] DL_Rom_GetInfoAll #(api.cpp, line:2786)
[0000463] [08:42:59:402056] [Tid0x000007fc] [debug] <--[C231] DL_Rom_GetInfoAll
[0000464] [08:42:59:402056] [Tid0x000007fc] [debug] -->[C232] DL_Rom_SetEnableAttr #(api.cpp, line:2840)
[0000465] [08:42:59:402056] [Tid0x000007fc] [debug] <--[C232] DL_Rom_SetEnableAttr
[0000466] [08:42:59:417675] [Tid0x000007fc] [debug] -->[C233] DL_GetCount #(api.cpp, line:2621)
[0000467] [08:42:59:417675] [Tid0x000007fc] [debug] <--[C233] DL_GetCount
[0000468] [08:42:59:417675] [Tid0x000007fc] [debug] -->[C234] DL_Rom_GetInfoAll #(api.cpp, line:2786)
[0000469] [08:42:59:417675] [Tid0x000007fc] [debug] <--[C234] DL_Rom_GetInfoAll
[0000470] [08:42:59:417675] [Tid0x000007fc] [debug] -->[C235] DL_Rom_SetEnableAttr #(api.cpp, line:2840)
[0000471] [08:42:59:417675] [Tid0x000007fc] [debug] <--[C235] DL_Rom_SetEnableAttr
[0000472] [08:42:59:417675] [Tid0x000007fc] [debug] -->[C236] DL_GetCount #(api.cpp, line:2621)
[0000473] [08:42:59:417675] [Tid0x000007fc] [debug] <--[C236] DL_GetCount
[0000474] [08:42:59:417675] [Tid0x000007fc] [debug] -->[C237] DL_Rom_GetInfoAll #(api.cpp, line:2786)
[0000475] [08:42:59:417675] [Tid0x000007fc] [debug] <--[C237] DL_Rom_GetInfoAll
[0000476] [08:42:59:417675] [Tid0x000007fc] [debug] -->[C238] DL_Rom_SetEnableAttr #(api.cpp, line:2840)
[0000477] [08:42:59:417675] [Tid0x000007fc] [debug] <--[C238] DL_Rom_SetEnableAttr
[0000478] [08:42:59:417675] [Tid0x000007fc] [debug] -->[C239] DL_GetCount #(api.cpp, line:2621)
[0000479] [08:42:59:417675] [Tid0x000007fc] [debug] <--[C239] DL_GetCount
[0000480] [08:42:59:417675] [Tid0x000007fc] [debug] -->[C240] DL_Rom_GetInfoAll #(api.cpp, line:2786)
[0000481] [08:42:59:417675] [Tid0x000007fc] [debug] <--[C240] DL_Rom_GetInfoAll
[0000482] [08:42:59:417675] [Tid0x000007fc] [debug] -->[C241] DL_Rom_SetEnableAttr #(api.cpp, line:2840)
[0000483] [08:42:59:417675] [Tid0x000007fc] [debug] <--[C241] DL_Rom_SetEnableAttr
[0000484] [08:42:59:433299] [Tid0x000007fc] [debug] -->[C242] DL_GetCount #(api.cpp, line:2621)
[0000485] [08:42:59:433299] [Tid0x000007fc] [debug] <--[C242] DL_GetCount
[0000486] [08:42:59:433299] [Tid0x000007fc] [debug] -->[C243] DL_Rom_GetInfoAll #(api.cpp, line:2786)
[0000487] [08:42:59:433299] [Tid0x000007fc] [debug] <--[C243] DL_Rom_GetInfoAll
[0000488] [08:42:59:433299] [Tid0x000007fc] [debug] -->[C244] DL_Rom_SetEnableAttr #(api.cpp, line:2840)
[0000489] [08:42:59:433299] [Tid0x000007fc] [debug] <--[C244] DL_Rom_SetEnableAttr
[0000490] [08:42:59:433299] [Tid0x000007fc] [debug] -->[C245] DL_GetCount #(api.cpp, line:2621)
[0000491] [08:42:59:433299] [Tid0x000007fc] [debug] <--[C245] DL_GetCount
[0000492] [08:42:59:433299] [Tid0x000007fc] [debug] -->[C246] DL_Rom_GetInfoAll #(api.cpp, line:2786)
[0000493] [08:42:59:433299] [Tid0x000007fc] [debug] <--[C246] DL_Rom_GetInfoAll
[0000494] [08:42:59:433299] [Tid0x000007fc] [debug] -->[C247] DL_Rom_SetEnableAttr #(api.cpp, line:2840)
[0000495] [08:42:59:433299] [Tid0x000007fc] [debug] <--[C247] DL_Rom_SetEnableAttr
[0000496] [08:42:59:448927] [Tid0x000007fc] [debug] -->[C248] DL_GetCount #(api.cpp, line:2621)
[0000497] [08:42:59:448927] [Tid0x000007fc] [debug] <--[C248] DL_GetCount
[0000498] [08:42:59:448927] [Tid0x000007fc] [debug] -->[C249] DL_Rom_GetInfoAll #(api.cpp, line:2786)
[0000499] [08:42:59:448927] [Tid0x000007fc] [debug] <--[C249] DL_Rom_GetInfoAll
[0000500] [08:42:59:448927] [Tid0x000007fc] [debug] -->[C250] DL_Rom_SetEnableAttr #(api.cpp, line:2840)
[0000501] [08:42:59:448927] [Tid0x000007fc] [debug] <--[C250] DL_Rom_SetEnableAttr
[0000502] [08:42:59:448927] [Tid0x000007fc] [debug] -->[C251] DL_GetCount #(api.cpp, line:2621)
[0000503] [08:42:59:448927] [Tid0x000007fc] [debug] <--[C251] DL_GetCount
[0000504] [08:42:59:448927] [Tid0x000007fc] [debug] -->[C252] DL_Rom_GetInfoAll #(api.cpp, line:2786)
[0000505] [08:42:59:448927] [Tid0x000007fc] [debug] <--[C252] DL_Rom_GetInfoAll
[0000506] [08:42:59:464551] [Tid0x000007fc] [debug] -->[C253] DL_Rom_SetEnableAttr #(api.cpp, line:2840)
[0000507] [08:42:59:464551] [Tid0x000007fc] [debug] <--[C253] DL_Rom_SetEnableAttr
[0000508] [08:42:59:464551] [Tid0x000007fc] [debug] -->[C254] DL_GetCount #(api.cpp, line:2621)
[0000509] [08:42:59:464551] [Tid0x000007fc] [debug] <--[C254] DL_GetCount
[0000510] [08:42:59:464551] [Tid0x000007fc] [debug] -->[C255] DL_Rom_GetInfoAll #(api.cpp, line:2786)
[0000511] [08:42:59:464551] [Tid0x000007fc] [debug] <--[C255] DL_Rom_GetInfoAll
[0000512] [08:42:59:464551] [Tid0x000007fc] [debug] -->[C256] DL_Rom_SetEnableAttr #(api.cpp, line:2840)
[0000513] [08:42:59:464551] [Tid0x000007fc] [debug] <--[C256] DL_Rom_SetEnableAttr
[0000514] [08:42:59:464551] [Tid0x000007fc] [debug] -->[C257] DL_GetCount #(api.cpp, line:2621)
[0000515] [08:42:59:464551] [Tid0x000007fc] [debug] <--[C257] DL_GetCount
[0000516] [08:42:59:464551] [Tid0x000007fc] [debug] -->[C258] DL_Rom_GetInfoAll #(api.cpp, line:2786)
[0000517] [08:42:59:464551] [Tid0x000007fc] [debug] <--[C258] DL_Rom_GetInfoAll
[0000518] [08:42:59:480176] [Tid0x000007fc] [debug] -->[C259] DL_Rom_SetEnableAttr #(api.cpp, line:2840)
[0000519] [08:42:59:480176] [Tid0x000007fc] [debug] <--[C259] DL_Rom_SetEnableAttr
[0000520] [08:42:59:480176] [Tid0x000007fc] [debug] -->[C260] DL_GetCount #(api.cpp, line:2621)
[0000521] [08:42:59:480176] [Tid0x000007fc] [debug] <--[C260] DL_GetCount
[0000522] [08:42:59:480176] [Tid0x000007fc] [debug] -->[C261] DL_Rom_GetInfoAll #(api.cpp, line:2786)
[0000523] [08:42:59:480176] [Tid0x000007fc] [debug] <--[C261] DL_Rom_GetInfoAll
[0000524] [08:42:59:480176] [Tid0x000007fc] [debug] -->[C262] DL_Rom_SetEnableAttr #(api.cpp, line:2840)
[0000525] [08:42:59:480176] [Tid0x000007fc] [debug] <--[C262] DL_Rom_SetEnableAttr
[0000526] [08:42:59:495803] [Tid0x000007fc] [debug] -->[C263] DL_GetCount #(api.cpp, line:2621)
[0000527] [08:42:59:495803] [Tid0x000007fc] [debug] <--[C263] DL_GetCount
[0000528] [08:42:59:495803] [Tid0x000007fc] [debug] -->[C264] DL_Rom_GetInfoAll #(api.cpp, line:2786)
[0000529] [08:42:59:495803] [Tid0x000007fc] [debug] <--[C264] DL_Rom_GetInfoAll
[0000530] [08:42:59:495803] [Tid0x000007fc] [debug] -->[C265] DL_Rom_SetEnableAttr #(api.cpp, line:2840)
[0000531] [08:42:59:495803] [Tid0x000007fc] [debug] <--[C265] DL_Rom_SetEnableAttr
[0000532] [08:42:59:495803] [Tid0x000007fc] [debug] -->[C266] DL_GetCount #(api.cpp, line:2621)
[0000533] [08:42:59:495803] [Tid0x000007fc] [debug] <--[C266] DL_GetCount
[0000534] [08:42:59:495803] [Tid0x000007fc] [debug] -->[C267] DL_Rom_GetInfoAll #(api.cpp, line:2786)
[0000535] [08:42:59:495803] [Tid0x000007fc] [debug] <--[C267] DL_Rom_GetInfoAll
[0000536] [08:42:59:511424] [Tid0x000007fc] [debug] -->[C268] DL_Rom_SetEnableAttr #(api.cpp, line:2840)
[0000537] [08:42:59:511424] [Tid0x000007fc] [debug] <--[C268] DL_Rom_SetEnableAttr
[0000538] [08:42:59:511424] [Tid0x000007fc] [debug] -->[C269] DL_GetCount #(api.cpp, line:2621)
[0000539] [08:42:59:511424] [Tid0x000007fc] [debug] <--[C269] DL_GetCount
[0000540] [08:42:59:511424] [Tid0x000007fc] [debug] -->[C270] DL_Rom_GetInfoAll #(api.cpp, line:2786)
[0000541] [08:42:59:511424] [Tid0x000007fc] [debug] <--[C270] DL_Rom_GetInfoAll
[0000542] [08:42:59:511424] [Tid0x000007fc] [debug] -->[C271] DL_Rom_SetEnableAttr #(api.cpp, line:2840)
[0000543] [08:42:59:511424] [Tid0x000007fc] [debug] <--[C271] DL_Rom_SetEnableAttr
[0000544] [08:42:59:527050] [Tid0x000007fc] [debug] -->[C272] DL_GetCount #(api.cpp, line:2621)
[0000545] [08:42:59:527050] [Tid0x000007fc] [debug] <--[C272] DL_GetCount
[0000546] [08:42:59:527050] [Tid0x000007fc] [debug] -->[C273] DL_Rom_GetInfoAll #(api.cpp, line:2786)
[0000547] [08:42:59:527050] [Tid0x000007fc] [debug] <--[C273] DL_Rom_GetInfoAll
[0000548] [08:42:59:527050] [Tid0x000007fc] [debug] -->[C274] DL_Rom_SetEnableAttr #(api.cpp, line:2840)
[0000549] [08:42:59:527050] [Tid0x000007fc] [debug] <--[C274] DL_Rom_SetEnableAttr
[0000550] [08:42:59:527050] [Tid0x000007fc] [debug] -->[C275] DL_GetCount #(api.cpp, line:2621)
[0000551] [08:42:59:527050] [Tid0x000007fc] [debug] <--[C275] DL_GetCount
[0000552] [08:42:59:527050] [Tid0x000007fc] [debug] -->[C276] DL_Rom_GetInfoAll #(api.cpp, line:2786)
[0000553] [08:42:59:527050] [Tid0x000007fc] [debug] <--[C276] DL_Rom_GetInfoAll
[0000554] [08:42:59:542672] [Tid0x000007fc] [debug] -->[C277] DL_Rom_SetEnableAttr #(api.cpp, line:2840)
[0000555] [08:42:59:542672] [Tid0x000007fc] [debug] <--[C277] DL_Rom_SetEnableAttr
[0000556] [08:42:59:542672] [Tid0x000007fc] [debug] -->[C278] DL_GetCount #(api.cpp, line:2621)
[0000557] [08:42:59:542672] [Tid0x000007fc] [debug] <--[C278] DL_GetCount
[0000558] [08:42:59:542672] [Tid0x000007fc] [debug] -->[C279] DL_Rom_GetInfoAll #(api.cpp, line:2786)
[0000559] [08:42:59:542672] [Tid0x000007fc] [debug] <--[C279] DL_Rom_GetInfoAll
[0000560] [08:42:59:542672] [Tid0x000007fc] [debug] -->[C280] DL_Rom_SetEnableAttr #(api.cpp, line:2840)
[0000561] [08:42:59:542672] [Tid0x000007fc] [debug] <--[C280] DL_Rom_SetEnableAttr
[0000562] [08:43:00:558266] [Tid0x000007fc] [debug] -->[C281] DL_GetCount #(api.cpp, line:2621)
[0000563] [08:43:00:558266] [Tid0x000007fc] [debug] <--[C281] DL_GetCount
[0000564] [08:43:00:573887] [Tid0x000007fc] [debug] -->[C282] DL_Rom_GetInfoAll #(api.cpp, line:2786)
[0000565] [08:43:00:573887] [Tid0x000007fc] [debug] <--[C282] DL_Rom_GetInfoAll
[0000566] [08:43:00:573887] [Tid0x000007fc] [debug] -->[C283] DL_GetCount #(api.cpp, line:2621)
[0000567] [08:43:00:573887] [Tid0x000007fc] [debug] <--[C283] DL_GetCount
[0000568] [08:43:00:573887] [Tid0x000007fc] [debug] -->[C284] DL_Rom_GetInfoAll #(api.cpp, line:2786)
[0000569] [08:43:00:573887] [Tid0x000007fc] [debug] <--[C284] DL_Rom_GetInfoAll
[0000570] [08:43:55:827366] [Tid0x00000b7c] [debug] -->[C285] FlashTool_Connect_BROM_ByName #(api.cpp, line:1970)
[0000571] [08:43:55:827366] [Tid0x00000b7c] [debug] -->[C286] FlashTool_Connect_BROM_Ex #(api.cpp, line:1875)
[0000572] [08:43:55:827366] [Tid0x00000b7c] [debug] bCheckScatter: 1 #(api.cpp, line:1876)
[0000573] [08:43:55:827366] [Tid0x00000b7c] [debug] have load scatter already #(api.cpp, line:1880)
[0000574] [08:43:55:827366] [Tid0x00000b7c] [debug] libversion 2 #(api.cpp, line:1897)
[0000575] [08:43:55:957139] [Tid0x00000b7c] [debug] -->[C287] cflashtool_api::FlashTool_Connect_BROM_Ex #(cflashtool_api.cpp, line:1008)
[0000576] [08:43:58:540674] [Tid0x00000b7c] [debug] <--[C287] cflashtool_api::FlashTool_Connect_BROM_Ex
[0000577] [08:43:58:540674] [Tid0x00000b7c] [debug] <--[C286] FlashTool_Connect_BROM_Ex
[0000578] [08:43:58:540674] [Tid0x00000b7c] [debug] <--[C285] FlashTool_Connect_BROM_ByName
[0000579] [08:43:58:700319] [Tid0x00000b7c] [debug] -->[C288] FlashTool_Disconnect_BROM #(api.cpp, line:1051)
[0000580] [08:43:58:700319] [Tid0x00000b7c] [debug] -->[C289] cflashtool_api::FlashTool_Disconnect_BROM #(cflashtool_api.cpp, line:54)
[0000581] [08:43:58:700319] [Tid0x00000b7c] [debug] <--[C289] cflashtool_api::FlashTool_Disconnect_BROM
[0000582] [08:43:58:700319] [Tid0x00000b7c] [debug] <--[C288] FlashTool_Disconnect_BROM
[0000583] [08:44:03:153279] [Tid0x000007fc] [debug] -->[C290] DL_GetCount #(api.cpp, line:2621)
[0000584] [08:44:03:153279] [Tid0x000007fc] [debug] <--[C290] DL_GetCount
[0000585] [08:44:03:153279] [Tid0x000007fc] [debug] -->[C291] DL_Rom_GetInfoAll #(api.cpp, line:2786)
[0000586] [08:44:03:163442] [Tid0x000007fc] [debug] <--[C291] DL_Rom_GetInfoAll
[0000587] [08:44:03:163442] [Tid0x000007fc] [debug] -->[C292] DL_GetCount #(api.cpp, line:2621)
[0000588] [08:44:03:163442] [Tid0x000007fc] [debug] <--[C292] DL_GetCount
[0000589] [08:44:03:163442] [Tid0x000007fc] [debug] -->[C293] DL_Rom_GetInfoAll #(api.cpp, line:2786)
[0000590] [08:44:03:163442] [Tid0x000007fc] [debug] <--[C293] DL_Rom_GetInfoAll
[0000591] [08:44:04:000875] [Tid0x00001804] [debug] -->[C294] FlashTool_Connect_BROM_ByName #(api.cpp, line:1970)
[0000592] [08:44:04:000875] [Tid0x00001804] [debug] -->[C295] FlashTool_Connect_BROM_Ex #(api.cpp, line:1875)
[0000593] [08:44:04:000875] [Tid0x00001804] [debug] bCheckScatter: 1 #(api.cpp, line:1876)
[0000594] [08:44:04:000875] [Tid0x00001804] [debug] have load scatter already #(api.cpp, line:1880)
[0000595] [08:44:04:000875] [Tid0x00001804] [debug] libversion 2 #(api.cpp, line:1897)
[0000596] [08:44:04:000875] [Tid0x00001804] [debug] -->[C296] cflashtool_api::FlashTool_Connect_BROM_Ex #(cflashtool_api.cpp, line:1008)
[0000597] [08:44:04:484804] [Tid0x00001804] [warning] Get support Modem fail: 0xc0010007 #(cflashtool_api.cpp, line:1129)
[0000598] [08:44:04:501546] [Tid0x00001804] [debug] connect_brom_ex OK #(cflashtool_api.cpp, line:1172)
[0000599] [08:44:04:501546] [Tid0x00001804] [debug] <--[C296] cflashtool_api::FlashTool_Connect_BROM_Ex
[0000600] [08:44:04:501546] [Tid0x00001804] [debug] <--[C295] FlashTool_Connect_BROM_Ex
[0000601] [08:44:04:501546] [Tid0x00001804] [debug] <--[C294] FlashTool_Connect_BROM_ByName
[0000602] [08:44:04:501546] [Tid0x00001804] [debug] -->[C297] FlashTool_GetBootResult #(api.cpp, line:1982)
[0000603] [08:44:04:501546] [Tid0x00001804] [debug] <--[C297] FlashTool_GetBootResult
[0000604] [08:44:04:504926] [Tid0x00001804] [debug] -->[C298] FlashTool_Connect_Download_DA #(api.cpp, line:2002)
[0000605] [08:44:04:504926] [Tid0x00001804] [debug] bCheckScatter: 1 #(api.cpp, line:2003)
[0000606] [08:44:04:504926] [Tid0x00001804] [debug] -->[C299] cflashtool_api::FlashTool_Connect_Download_DA #(cflashtool_api.cpp, line:1317)
[0000607] [08:44:04:504926] [Tid0x00001804] [debug] bCheckScatter: 1 #(cflashtool_api.cpp, line:1318)
[0000608] [08:44:04:605456] [Tid0x00001804] [debug] da_source type: 0 #(cflashtool_api.cpp, line:1333)
[0000609] [08:44:04:605456] [Tid0x00001804] [debug] enable PCDRAM checksum #(cflashtool_api.cpp, line:1380)
[0000610] [08:44:04:610032] [Tid0x00001804] [debug] checksum_level: 7,  battery_setting: 2, reset_key_setting: 104 #(cflashtool_api.cpp, line:1434)
[0000611] [08:44:04:610032] [Tid0x00001804] [debug] connect_da_end_stage: 2,  enable_dram_in_1st_da: 0, da_log_level: 2 #(cflashtool_api.cpp, line:1436)
[0000612] [08:44:08:441568] [Tid0x00001804] [debug] gpx_count: 0 #(cflashtool_api.cpp, line:1472)
[0000613] [08:44:08:488445] [Tid0x00001804] [debug] m_emmc_cid[0]: 0x47000115 #(cflashtool_api.cpp, line:1536)
[0000614] [08:44:08:488445] [Tid0x00001804] [debug] m_emmc_cid[1]: 0x4d423658 #(cflashtool_api.cpp, line:1536)
[0000615] [08:44:08:488445] [Tid0x00001804] [debug] m_emmc_cid[2]: 0x23fd0342 #(cflashtool_api.cpp, line:1536)
[0000616] [08:44:08:488445] [Tid0x00001804] [debug] m_emmc_cid[3]: 0x6f943df2 #(cflashtool_api.cpp, line:1536)
[0000617] [08:44:08:488445] [Tid0x00001804] [debug] m_emmc_fwver[0]: 0x0 #(cflashtool_api.cpp, line:1542)
[0000618] [08:44:08:488445] [Tid0x00001804] [debug] m_emmc_fwver[1]: 0x0 #(cflashtool_api.cpp, line:1542)
[0000619] [08:44:08:488445] [Tid0x00001804] [debug] m_emmc_fwver[2]: 0x0 #(cflashtool_api.cpp, line:1542)
[0000620] [08:44:08:488445] [Tid0x00001804] [debug] m_emmc_fwver[3]: 0x0 #(cflashtool_api.cpp, line:1542)
[0000621] [08:44:08:488445] [Tid0x00001804] [debug] m_emmc_fwver[4]: 0x0 #(cflashtool_api.cpp, line:1542)
[0000622] [08:44:08:488445] [Tid0x00001804] [debug] m_emmc_fwver[5]: 0x0 #(cflashtool_api.cpp, line:1542)
[0000623] [08:44:08:488445] [Tid0x00001804] [debug] m_emmc_fwver[6]: 0x0 #(cflashtool_api.cpp, line:1542)
[0000624] [08:44:08:488445] [Tid0x00001804] [debug] m_emmc_fwver[7]: 0x0 #(cflashtool_api.cpp, line:1542)
[0000625] [08:44:08:488445] [Tid0x00001804] [debug] SyncWithDA(): DA_REPORT: BBCHIP_TYPE: MT6757 #(cflashtool_api.cpp, line:1228)
[0000626] [08:44:08:504072] [Tid0x00001804] [debug] SyncWithDA(): DA_REPORT: BBCHIP: "MT6757", EXT_26M 
[0000627] [08:44:08:519695] [Tid0x00001804] [debug] SyncWithDA(): DA_REPORT: BBCHIP: CODE(0x6757), VER(0xCB00), SW(0x0001)              
[0000628] [08:44:08:519695] [Tid0x00001804] [debug] SyncWithDA(): DA_REPORT: NOR: m_nor_ret="S_DA_INVALID_STORAGE_TYPE"(3178)                                  
[0000629] [08:44:08:519695] [Tid0x00001804] [debug] SyncWithDA(): DA_REPORT: NOR: m_nor_chip_select[0]="CS_0"(0x00)                   
[0000630] [08:44:08:519695] [Tid0x00001804] [debug] SyncWithDA(): DA_REPORT: NOR: m_nor_chip_select[1]="CS_0"(0x00)                   
[0000631] [08:44:08:519695] [Tid0x00001804] [debug] SyncWithDA(): DA_REPORT: NOR: m_nor_flash_id(0x0000)="[AMD] AM29DL323D"                         
[0000632] [08:44:08:519695] [Tid0x00001804] [debug] SyncWithDA(): DA_REPORT: NOR: m_nor_flash_size(0x00000000)                              
[0000633] [08:44:08:519695] [Tid0x00001804] [debug] SyncWithDA(): DA_REPORT: NOR: m_nor_flash_dev_code_1(0x0000)                        
[0000634] [08:44:08:519695] [Tid0x00001804] [debug] SyncWithDA(): DA_REPORT: NOR: m_nor_flash_dev_code_2(0x0000)                        
[0000635] [08:44:08:519695] [Tid0x00001804] [debug] SyncWithDA(): DA_REPORT: NOR: m_nor_flash_dev_code_3(0x0000)                        
[0000636] [08:44:08:519695] [Tid0x00001804] [debug] SyncWithDA(): DA_REPORT: NOR: m_nor_flash_dev_code_4(0x0000)                        
[0000637] [08:44:08:519695] [Tid0x00001804] [debug] SyncWithDA(): DA_REPORT: NOR: m_nor_flash_otp_status="S_DONE"(0)                     
[0000638] [08:44:08:519695] [Tid0x00001804] [debug] SyncWithDA(): DA_REPORT: NOR: m_nor_flash_otp_size(0x00000000)                          
[0000639] [08:44:08:519695] [Tid0x00001804] [debug] SyncWithDA(): DA_REPORT: NAND: m_nand_ret="S_DA_INVALID_STORAGE_TYPE"(3178)                                
[0000640] [08:44:08:519695] [Tid0x00001804] [debug] SyncWithDA(): DA_REPORT: NAND: m_nand_chip_select="CS_0"(0x00)                    
[0000641] [08:44:08:519695] [Tid0x00001804] [debug] SyncWithDA(): DA_REPORT: NAND: m_nand_flash_id(0x0000)="[SAMSUNG] K9F5608Q0C"                       
[0000642] [08:44:08:519695] [Tid0x00001804] [debug] SyncWithDA(): DA_REPORT: NAND: m_nand_flash_size(0x0000000000000000)                        
[0000643] [08:44:08:519695] [Tid0x00001804] [debug] SyncWithDA(): DA_REPORT: NAND: m_nand_flash_id_count(0x0000)                        
[0000644] [08:44:08:519695] [Tid0x00001804] [debug] SyncWithDA(): DA_REPORT: NAND: m_nand_pagesize(0)                                  
[0000645] [08:44:08:519695] [Tid0x00001804] [debug] SyncWithDA(): DA_REPORT: NAND: m_nand_sparesize(0)                                 
[0000646] [08:44:08:519695] [Tid0x00001804] [debug] SyncWithDA(): DA_REPORT: NAND: m_nand_pages_per_block(0)                           
[0000647] [08:44:08:519695] [Tid0x00001804] [debug] SyncWithDA(): DA_REPORT: NAND: m_nand_io_interface( )                              
[0000648] [08:44:08:519695] [Tid0x00001804] [debug] SyncWithDA(): DA_REPORT: NAND: m_nand_addr_cycle( )                                
[0000649] [08:44:08:519695] [Tid0x00001804] [debug] SyncWithDA(): DA_REPORT: NAND: m_nand_bmt_exist( )                                
[0000650] [08:44:08:519695] [Tid0x00001804] [debug] SyncWithDA(): DA_REPORT: eMMC: m_emmc_ret="S_DONE"(0)          
[0000651] [08:44:08:519695] [Tid0x00001804] [debug] SyncWithDA(): DA_REPORT: eMMC: m_emmc_boot1_size(0x00400000)      
[0000652] [08:44:08:519695] [Tid0x00001804] [debug] SyncWithDA(): DA_REPORT: eMMC: m_emmc_boot2_size(0x00400000)      
[0000653] [08:44:08:519695] [Tid0x00001804] [debug] SyncWithDA(): DA_REPORT: eMMC: m_emmc_rpmb_size(0x00400000)       
[0000654] [08:44:08:519695] [Tid0x00001804] [debug] SyncWithDA(): DA_REPORT: eMMC: m_emmc_gp1_size(0x00000000)        
[0000655] [08:44:08:519695] [Tid0x00001804] [debug] SyncWithDA(): DA_REPORT: eMMC: m_emmc_gp2_size(0x00000000)        
[0000656] [08:44:08:519695] [Tid0x00001804] [debug] SyncWithDA(): DA_REPORT: eMMC: m_emmc_gp3_size(0x00000000)        
[0000657] [08:44:08:519695] [Tid0x00001804] [debug] SyncWithDA(): DA_REPORT: eMMC: m_emmc_gp4_size(0x00000000)        
[0000658] [08:44:08:519695] [Tid0x00001804] [debug] SyncWithDA(): DA_REPORT: eMMC: m_emmc_ua_size(0x0000000747C00000)      
[0000659] [08:44:08:519695] [Tid0x00001804] [debug] SyncWithDA(): DA_REPORT: eMMC: m_emmc_cid(0x47000115 0x4D423658 0x23FD0342 0x6F943DF2)      
[0000660] [08:44:08:519695] [Tid0x00001804] [debug] DA_REPORT: eMMC: m_emmc_fwver(0x0  0x0  0x0  0x0  0x0  0x0  0x0  0x0 )      
[0000661] [08:44:08:519695] [Tid0x00001804] [debug] SyncWithDA(): DA_REPORT: SDMMC: m_sdmmc_ret="S_DA_INVALID_STORAGE_TYPE"(3178)          
[0000662] [08:44:08:519695] [Tid0x00001804] [debug] SyncWithDA(): DA_REPORT: SDMMC: m_sdmmc_ua_size(0x0000000000000000)      
[0000663] [08:44:08:519695] [Tid0x00001804] [debug] SyncWithDA(): DA_REPORT: SDMMC: m_sdmmc_cid(0x00000000 0x00000000 0x00000000 0x00000000)      
[0000664] [08:44:08:519695] [Tid0x00001804] [debug] SyncWithDA(): DA_REPORT: INT_RAM: m_int_sram_ret="S_DONE"(0)                         
[0000665] [08:44:08:519695] [Tid0x00001804] [debug] SyncWithDA(): DA_REPORT: INT_RAM: m_int_sram_size(0x00000000)                           
[0000666] [08:44:08:519695] [Tid0x00001804] [debug] SyncWithDA(): DA_REPORT: EXT_RAM: m_ext_ram_ret="S_DONE"(0)                          
[0000667] [08:44:08:519695] [Tid0x00001804] [debug] SyncWithDA(): DA_REPORT: EXT_RAM: m_ext_ram_type(0x02)="HW_RAM_DRAM"                     
[0000668] [08:44:08:519695] [Tid0x00001804] [debug] SyncWithDA(): DA_REPORT: EXT_RAM: m_ext_ram_chip_select(0x00)="CS_0"              
[0000669] [08:44:08:519695] [Tid0x00001804] [debug] SyncWithDA(): DA_REPORT: EXT_RAM: m_ext_ram_size(0x80000000)                            
[0000670] [08:44:08:519695] [Tid0x00001804] [debug] SyncWithDA(): DA_REPORT: RandomID: 0xE7384548 0x072A6AB3 0xD89D7810 0x9C7951FE
[0000671] [08:44:08:519695] [Tid0x00001804] [debug] <--[C299] cflashtool_api::FlashTool_Connect_Download_DA
[0000672] [08:44:08:519695] [Tid0x00001804] [debug] <--[C298] FlashTool_Connect_Download_DA
[0000673] [08:44:08:519695] [Tid0x00001804] [debug] -->[C300] FlashTool_CheckUSBStatus #(api.cpp, line:1154)
[0000674] [08:44:08:519695] [Tid0x00001804] [debug] -->[C301] cflashtool_api::FlashTool_CheckUSBStatus #(cflashtool_api.cpp, line:114)
[0000675] [08:44:08:519695] [Tid0x00001804] [debug] <--[C301] cflashtool_api::FlashTool_CheckUSBStatus
[0000676] [08:44:08:519695] [Tid0x00001804] [debug] <--[C300] FlashTool_CheckUSBStatus
[0000677] [08:44:08:519695] [Tid0x00001804] [debug] -->[C302] FlashTool_CheckUSBStatus #(api.cpp, line:1154)
[0000678] [08:44:08:519695] [Tid0x00001804] [debug] -->[C303] cflashtool_api::FlashTool_CheckUSBStatus #(cflashtool_api.cpp, line:114)
[0000679] [08:44:08:519695] [Tid0x00001804] [debug] <--[C303] cflashtool_api::FlashTool_CheckUSBStatus
[0000680] [08:44:08:519695] [Tid0x00001804] [debug] <--[C302] FlashTool_CheckUSBStatus
[0000681] [08:44:08:535318] [Tid0x00001804] [debug] -->[C304] FlashTool_GetReservedRomSize #(api.cpp, line:1677)
[0000682] [08:44:08:535318] [Tid0x00001804] [debug] <--[C304] FlashTool_GetReservedRomSize
[0000683] [08:44:08:535318] [Tid0x00001804] [debug] -->[C305] FlashTool_Format #(api.cpp, line:1346)
[0000684] [08:44:08:535318] [Tid0x00001804] [debug] -->[C306] cflashtool_api::FlashTool_Format #(cflashtool_api.cpp, line:662)
[0000685] [08:44:08:613441] [Tid0x00001804] [debug] <--[C306] cflashtool_api::FlashTool_Format
[0000686] [08:44:08:613441] [Tid0x00001804] [debug] <--[C305] FlashTool_Format
[0000687] [08:44:08:613441] [Tid0x00001804] [debug] -->[C307] FlashTool_GetReservedRomSize #(api.cpp, line:1677)
[0000688] [08:44:08:613441] [Tid0x00001804] [debug] <--[C307] FlashTool_GetReservedRomSize
[0000689] [08:44:08:613441] [Tid0x00001804] [debug] -->[C308] FlashTool_Format #(api.cpp, line:1346)
[0000690] [08:44:08:613441] [Tid0x00001804] [debug] -->[C309] cflashtool_api::FlashTool_Format #(cflashtool_api.cpp, line:662)
[0000691] [08:44:08:629062] [Tid0x00001804] [debug] <--[C309] cflashtool_api::FlashTool_Format
[0000692] [08:44:08:629062] [Tid0x00001804] [debug] <--[C308] FlashTool_Format
[0000693] [08:44:08:629062] [Tid0x00001804] [debug] -->[C310] FlashTool_GetReservedRomSize #(api.cpp, line:1677)
[0000694] [08:44:08:629062] [Tid0x00001804] [debug] <--[C310] FlashTool_GetReservedRomSize
[0000695] [08:44:08:629062] [Tid0x00001804] [debug] -->[C311] FlashTool_Format #(api.cpp, line:1346)
[0000696] [08:44:08:629062] [Tid0x00001804] [debug] -->[C312] cflashtool_api::FlashTool_Format #(cflashtool_api.cpp, line:662)
[0000697] [08:44:08:644687] [Tid0x00001804] [debug] <--[C312] cflashtool_api::FlashTool_Format
[0000698] [08:44:08:644687] [Tid0x00001804] [debug] <--[C311] FlashTool_Format
[0000699] [08:44:08:644687] [Tid0x00001804] [debug] -->[C313] FlashTool_GetReservedRomSize #(api.cpp, line:1677)
[0000700] [08:44:08:644687] [Tid0x00001804] [debug] <--[C313] FlashTool_GetReservedRomSize
[0000701] [08:44:08:644687] [Tid0x00001804] [debug] -->[C314] FlashTool_Format #(api.cpp, line:1346)
[0000702] [08:44:08:644687] [Tid0x00001804] [debug] -->[C315] cflashtool_api::FlashTool_Format #(cflashtool_api.cpp, line:662)
[0000703] [08:44:09:425973] [Tid0x00001804] [debug] <--[C315] cflashtool_api::FlashTool_Format
[0000704] [08:44:09:425973] [Tid0x00001804] [debug] <--[C314] FlashTool_Format
[0000705] [08:44:09:425973] [Tid0x00001804] [debug] -->[C316] FlashTool_Download #(api.cpp, line:1300)
[0000706] [08:44:09:425973] [Tid0x00001804] [debug] -->[C317] cflashtool_api::FlashTool_Download #(cflashtool_api.cpp, line:404)
[0000707] [08:44:09:425973] [Tid0x00001804] [debug] -->[C318] DL_GetCount #(api.cpp, line:2621)
[0000708] [08:44:09:425973] [Tid0x00001804] [debug] <--[C318] DL_GetCount
[0000709] [08:44:09:425973] [Tid0x00001804] [debug] -->[C319] DL_Rom_GetInfoAll #(api.cpp, line:2786)
[0000710] [08:44:09:425973] [Tid0x00001804] [debug] <--[C319] DL_Rom_GetInfoAll
[0000711] [08:48:12:686960] [Tid0x00001804] [debug] <--[C317] cflashtool_api::FlashTool_Download
[0000712] [08:48:12:686960] [Tid0x00001804] [debug] <--[C316] FlashTool_Download
[0000713] [08:48:12:686960] [Tid0x00001804] [debug] -->[C320] DL_GetCount #(api.cpp, line:2621)
[0000714] [08:48:12:686960] [Tid0x00001804] [debug] <--[C320] DL_GetCount
[0000715] [08:48:12:686960] [Tid0x00001804] [debug] -->[C321] DL_Rom_GetInfoAll #(api.cpp, line:2786)
[0000716] [08:48:12:686960] [Tid0x00001804] [debug] <--[C321] DL_Rom_GetInfoAll
[0000717] [08:48:12:686960] [Tid0x00001804] [debug] -->[C322] FlashTool_Disconnect #(api.cpp, line:1033)
[0000718] [08:48:12:686960] [Tid0x00001804] [debug] -->[C323] cflashtool_api::FlashTool_Disconnect #(cflashtool_api.cpp, line:34)
[0000719] [08:48:12:780707] [Tid0x00001804] [debug] -->[C324] DL_ClearFTHandle #(api.cpp, line:2545)
[0000720] [08:48:12:780707] [Tid0x00001804] [debug] <--[C324] DL_ClearFTHandle
[0000721] [08:48:12:780707] [Tid0x00001804] [debug] <--[C323] cflashtool_api::FlashTool_Disconnect
[0000722] [08:48:12:780707] [Tid0x00001804] [debug] <--[C322] FlashTool_Disconnect
[0000723] [08:57:49:458281] [Tid0x000007fc] [debug] -->[C325] DL_Rom_UnloadAll #(api.cpp, line:2829)
[0000724] [08:57:49:458281] [Tid0x000007fc] [debug] <--[C325] DL_Rom_UnloadAll
