[0000001] [09:47:53:280964] [Tid0x00000718] [debug] -->[C1] DL_LoadScatter #(api.cpp, line:2481)
[0000002] [09:47:53:461885] [Tid0x00000718] [debug] used lib version: 2 #(api.cpp, line:2503)
[0000003] [09:47:53:461885] [Tid0x00000718] [debug] <--[C1] DL_LoadScatter
[0000004] [09:47:53:461885] [Tid0x00000718] [debug] -->[C2] DL_AutoLoadRomImages #(api.cpp, line:2701)
[0000005] [09:47:55:487945] [Tid0x00000718] [debug] <--[C2] DL_AutoLoadRomImages
[0000006] [09:47:55:487945] [Tid0x00000718] [debug] -->[C3] DL_GetCount #(api.cpp, line:2621)
[0000007] [09:47:55:503568] [Tid0x00000718] [debug] <--[C3] DL_GetCount
[0000008] [09:47:55:503568] [Tid0x00000718] [debug] -->[C4] DL_Rom_GetInfoAll #(api.cpp, line:2786)
[0000009] [09:47:55:503568] [Tid0x00000718] [debug] <--[C4] DL_Rom_GetInfoAll
[0000010] [09:47:55:503568] [Tid0x00000718] [debug] -->[C5] DL_VerifyROMMemBuf #(api.cpp, line:2578)
[0000011] [09:47:55:503568] [Tid0x00000718] [debug] -->[C6] cflashtool_api::DL_VerifyROMMemBuf #(cflashtool_api.cpp, line:2007)
[0000012] [09:49:13:425639] [Tid0x00000718] [debug] <--[C6] cflashtool_api::DL_VerifyROMMemBuf
[0000013] [09:49:13:425639] [Tid0x00000718] [debug] <--[C5] DL_VerifyROMMemBuf
[0000014] [09:49:13:425639] [Tid0x00000718] [debug] -->[C7] DL_VerifyROMMemBuf #(api.cpp, line:2578)
[0000015] [09:49:13:425639] [Tid0x00000718] [debug] -->[C8] cflashtool_api::DL_VerifyROMMemBuf #(cflashtool_api.cpp, line:2007)
[0000016] [09:49:13:425639] [Tid0x00000718] [debug] <--[C8] cflashtool_api::DL_VerifyROMMemBuf
[0000017] [09:49:13:425639] [Tid0x00000718] [debug] <--[C7] DL_VerifyROMMemBuf
[0000018] [09:49:13:425639] [Tid0x00000718] [debug] -->[C9] DL_VerifyROMMemBuf #(api.cpp, line:2578)
[0000019] [09:49:13:425639] [Tid0x00000718] [debug] -->[C10] cflashtool_api::DL_VerifyROMMemBuf #(cflashtool_api.cpp, line:2007)
[0000020] [09:49:13:425639] [Tid0x00000718] [debug] <--[C10] cflashtool_api::DL_VerifyROMMemBuf
[0000021] [09:49:13:425639] [Tid0x00000718] [debug] <--[C9] DL_VerifyROMMemBuf
[0000022] [09:49:13:425639] [Tid0x00000718] [debug] -->[C11] DL_VerifyROMMemBuf #(api.cpp, line:2578)
[0000023] [09:49:13:425639] [Tid0x00000718] [debug] -->[C12] cflashtool_api::DL_VerifyROMMemBuf #(cflashtool_api.cpp, line:2007)
[0000024] [09:49:13:425639] [Tid0x00000718] [debug] <--[C12] cflashtool_api::DL_VerifyROMMemBuf
[0000025] [09:49:13:425639] [Tid0x00000718] [debug] <--[C11] DL_VerifyROMMemBuf
[0000026] [09:49:13:425639] [Tid0x00000718] [debug] -->[C13] DL_VerifyROMMemBuf #(api.cpp, line:2578)
[0000027] [09:49:13:425639] [Tid0x00000718] [debug] -->[C14] cflashtool_api::DL_VerifyROMMemBuf #(cflashtool_api.cpp, line:2007)
[0000028] [09:49:13:425639] [Tid0x00000718] [debug] <--[C14] cflashtool_api::DL_VerifyROMMemBuf
[0000029] [09:49:13:425639] [Tid0x00000718] [debug] <--[C13] DL_VerifyROMMemBuf
[0000030] [09:49:13:425639] [Tid0x00000718] [debug] -->[C15] DL_VerifyROMMemBuf #(api.cpp, line:2578)
[0000031] [09:49:13:425639] [Tid0x00000718] [debug] -->[C16] cflashtool_api::DL_VerifyROMMemBuf #(cflashtool_api.cpp, line:2007)
[0000032] [09:49:13:425639] [Tid0x00000718] [debug] <--[C16] cflashtool_api::DL_VerifyROMMemBuf
[0000033] [09:49:13:425639] [Tid0x00000718] [debug] <--[C15] DL_VerifyROMMemBuf
[0000034] [09:49:13:430646] [Tid0x00000718] [debug] -->[C17] DL_VerifyROMMemBuf #(api.cpp, line:2578)
[0000035] [09:49:13:430646] [Tid0x00000718] [debug] -->[C18] cflashtool_api::DL_VerifyROMMemBuf #(cflashtool_api.cpp, line:2007)
[0000036] [09:49:13:430646] [Tid0x00000718] [debug] <--[C18] cflashtool_api::DL_VerifyROMMemBuf
[0000037] [09:49:13:430646] [Tid0x00000718] [debug] <--[C17] DL_VerifyROMMemBuf
[0000038] [09:49:13:430646] [Tid0x00000718] [debug] -->[C19] DL_VerifyROMMemBuf #(api.cpp, line:2578)
[0000039] [09:49:13:430646] [Tid0x00000718] [debug] -->[C20] cflashtool_api::DL_VerifyROMMemBuf #(cflashtool_api.cpp, line:2007)
[0000040] [09:49:13:430646] [Tid0x00000718] [debug] <--[C20] cflashtool_api::DL_VerifyROMMemBuf
[0000041] [09:49:13:430646] [Tid0x00000718] [debug] <--[C19] DL_VerifyROMMemBuf
[0000042] [09:49:13:430646] [Tid0x00000718] [debug] -->[C21] DL_VerifyROMMemBuf #(api.cpp, line:2578)
[0000043] [09:49:13:430646] [Tid0x00000718] [debug] -->[C22] cflashtool_api::DL_VerifyROMMemBuf #(cflashtool_api.cpp, line:2007)
[0000044] [09:49:13:430646] [Tid0x00000718] [debug] <--[C22] cflashtool_api::DL_VerifyROMMemBuf
[0000045] [09:49:13:430646] [Tid0x00000718] [debug] <--[C21] DL_VerifyROMMemBuf
[0000046] [09:49:13:430646] [Tid0x00000718] [debug] -->[C23] DL_VerifyROMMemBuf #(api.cpp, line:2578)
[0000047] [09:49:13:430646] [Tid0x00000718] [debug] -->[C24] cflashtool_api::DL_VerifyROMMemBuf #(cflashtool_api.cpp, line:2007)
[0000048] [09:49:13:430646] [Tid0x00000718] [debug] <--[C24] cflashtool_api::DL_VerifyROMMemBuf
[0000049] [09:49:13:430646] [Tid0x00000718] [debug] <--[C23] DL_VerifyROMMemBuf
[0000050] [09:49:13:430646] [Tid0x00000718] [debug] -->[C25] DL_VerifyROMMemBuf #(api.cpp, line:2578)
[0000051] [09:49:13:430646] [Tid0x00000718] [debug] -->[C26] cflashtool_api::DL_VerifyROMMemBuf #(cflashtool_api.cpp, line:2007)
[0000052] [09:49:13:430646] [Tid0x00000718] [debug] <--[C26] cflashtool_api::DL_VerifyROMMemBuf
[0000053] [09:49:13:430646] [Tid0x00000718] [debug] <--[C25] DL_VerifyROMMemBuf
[0000054] [09:49:13:430646] [Tid0x00000718] [debug] -->[C27] DL_VerifyROMMemBuf #(api.cpp, line:2578)
[0000055] [09:49:13:430646] [Tid0x00000718] [debug] -->[C28] cflashtool_api::DL_VerifyROMMemBuf #(cflashtool_api.cpp, line:2007)
[0000056] [09:49:13:430646] [Tid0x00000718] [debug] <--[C28] cflashtool_api::DL_VerifyROMMemBuf
[0000057] [09:49:13:430646] [Tid0x00000718] [debug] <--[C27] DL_VerifyROMMemBuf
[0000058] [09:49:13:430646] [Tid0x00000718] [debug] -->[C29] DL_VerifyROMMemBuf #(api.cpp, line:2578)
[0000059] [09:49:13:430646] [Tid0x00000718] [debug] -->[C30] cflashtool_api::DL_VerifyROMMemBuf #(cflashtool_api.cpp, line:2007)
[0000060] [09:49:13:430646] [Tid0x00000718] [debug] <--[C30] cflashtool_api::DL_VerifyROMMemBuf
[0000061] [09:49:13:430646] [Tid0x00000718] [debug] <--[C29] DL_VerifyROMMemBuf
[0000062] [09:49:13:430646] [Tid0x00000718] [debug] -->[C31] DL_VerifyROMMemBuf #(api.cpp, line:2578)
[0000063] [09:49:13:430646] [Tid0x00000718] [debug] -->[C32] cflashtool_api::DL_VerifyROMMemBuf #(cflashtool_api.cpp, line:2007)
[0000064] [09:49:13:430646] [Tid0x00000718] [debug] <--[C32] cflashtool_api::DL_VerifyROMMemBuf
[0000065] [09:49:13:430646] [Tid0x00000718] [debug] <--[C31] DL_VerifyROMMemBuf
[0000066] [09:49:13:430646] [Tid0x00000718] [debug] -->[C33] DL_VerifyROMMemBuf #(api.cpp, line:2578)
[0000067] [09:49:13:430646] [Tid0x00000718] [debug] -->[C34] cflashtool_api::DL_VerifyROMMemBuf #(cflashtool_api.cpp, line:2007)
[0000068] [09:49:13:430646] [Tid0x00000718] [debug] <--[C34] cflashtool_api::DL_VerifyROMMemBuf
[0000069] [09:49:13:430646] [Tid0x00000718] [debug] <--[C33] DL_VerifyROMMemBuf
[0000070] [09:49:13:430646] [Tid0x00000718] [debug] -->[C35] DL_VerifyROMMemBuf #(api.cpp, line:2578)
[0000071] [09:49:13:430646] [Tid0x00000718] [debug] -->[C36] cflashtool_api::DL_VerifyROMMemBuf #(cflashtool_api.cpp, line:2007)
[0000072] [09:49:13:430646] [Tid0x00000718] [debug] <--[C36] cflashtool_api::DL_VerifyROMMemBuf
[0000073] [09:49:13:430646] [Tid0x00000718] [debug] <--[C35] DL_VerifyROMMemBuf
[0000074] [09:49:13:721097] [Tid0x000004dc] [debug] -->[C37] DL_GetCount #(api.cpp, line:2621)
[0000075] [09:49:13:721097] [Tid0x000004dc] [debug] <--[C37] DL_GetCount
[0000076] [09:49:13:721097] [Tid0x000004dc] [debug] -->[C38] DL_Rom_GetInfoAll #(api.cpp, line:2786)
[0000077] [09:49:13:721097] [Tid0x000004dc] [debug] <--[C38] DL_Rom_GetInfoAll
[0000078] [09:49:13:830235] [Tid0x000004dc] [debug] -->[C39] DL_GetScatterInfo #(api.cpp, line:2722)
[0000079] [09:49:13:830235] [Tid0x000004dc] [debug] <--[C39] DL_GetScatterInfo
[0000080] [09:49:14:050202] [Tid0x000004dc] [debug] -->[C40] DL_GetCount #(api.cpp, line:2621)
[0000081] [09:49:14:050202] [Tid0x000004dc] [debug] <--[C40] DL_GetCount
[0000082] [09:49:14:050202] [Tid0x000004dc] [debug] -->[C41] DL_Rom_GetInfoAll #(api.cpp, line:2786)
[0000083] [09:49:14:050202] [Tid0x000004dc] [debug] <--[C41] DL_Rom_GetInfoAll
[0000084] [09:49:14:070393] [Tid0x000004dc] [debug] -->[C42] DL_Rom_SetEnableAttr #(api.cpp, line:2840)
[0000085] [09:49:14:070393] [Tid0x000004dc] [debug] <--[C42] DL_Rom_SetEnableAttr
[0000086] [09:49:14:070393] [Tid0x000004dc] [debug] -->[C43] DL_GetCount #(api.cpp, line:2621)
[0000087] [09:49:14:070393] [Tid0x000004dc] [debug] <--[C43] DL_GetCount
[0000088] [09:49:14:070393] [Tid0x000004dc] [debug] -->[C44] DL_Rom_GetInfoAll #(api.cpp, line:2786)
[0000089] [09:49:14:070393] [Tid0x000004dc] [debug] <--[C44] DL_Rom_GetInfoAll
[0000090] [09:49:14:085651] [Tid0x000004dc] [debug] -->[C45] DL_Rom_SetEnableAttr #(api.cpp, line:2840)
[0000091] [09:49:14:085651] [Tid0x000004dc] [debug] <--[C45] DL_Rom_SetEnableAttr
[0000092] [09:49:14:105276] [Tid0x000004dc] [debug] -->[C46] DL_GetCount #(api.cpp, line:2621)
[0000093] [09:49:14:105276] [Tid0x000004dc] [debug] <--[C46] DL_GetCount
[0000094] [09:49:14:105276] [Tid0x000004dc] [debug] -->[C47] DL_Rom_GetInfoAll #(api.cpp, line:2786)
[0000095] [09:49:14:105276] [Tid0x000004dc] [debug] <--[C47] DL_Rom_GetInfoAll
[0000096] [09:49:14:110289] [Tid0x000004dc] [debug] -->[C48] DL_Rom_SetEnableAttr #(api.cpp, line:2840)
[0000097] [09:49:14:110289] [Tid0x000004dc] [debug] <--[C48] DL_Rom_SetEnableAttr
[0000098] [09:49:14:115415] [Tid0x000004dc] [debug] -->[C49] DL_GetCount #(api.cpp, line:2621)
[0000099] [09:49:14:115415] [Tid0x000004dc] [debug] <--[C49] DL_GetCount
[0000100] [09:49:14:115415] [Tid0x000004dc] [debug] -->[C50] DL_Rom_GetInfoAll #(api.cpp, line:2786)
[0000101] [09:49:14:115415] [Tid0x000004dc] [debug] <--[C50] DL_Rom_GetInfoAll
[0000102] [09:49:14:125361] [Tid0x000004dc] [debug] -->[C51] DL_Rom_SetEnableAttr #(api.cpp, line:2840)
[0000103] [09:49:14:125361] [Tid0x000004dc] [debug] <--[C51] DL_Rom_SetEnableAttr
[0000104] [09:49:14:125361] [Tid0x000004dc] [debug] -->[C52] DL_GetCount #(api.cpp, line:2621)
[0000105] [09:49:14:125361] [Tid0x000004dc] [debug] <--[C52] DL_GetCount
[0000106] [09:49:14:125361] [Tid0x000004dc] [debug] -->[C53] DL_Rom_GetInfoAll #(api.cpp, line:2786)
[0000107] [09:49:14:125361] [Tid0x000004dc] [debug] <--[C53] DL_Rom_GetInfoAll
[0000108] [09:49:14:130370] [Tid0x000004dc] [debug] -->[C54] DL_Rom_SetEnableAttr #(api.cpp, line:2840)
[0000109] [09:49:14:130370] [Tid0x000004dc] [debug] <--[C54] DL_Rom_SetEnableAttr
[0000110] [09:49:14:145530] [Tid0x000004dc] [debug] -->[C55] DL_GetCount #(api.cpp, line:2621)
[0000111] [09:49:14:145530] [Tid0x000004dc] [debug] <--[C55] DL_GetCount
[0000112] [09:49:14:145530] [Tid0x000004dc] [debug] -->[C56] DL_Rom_GetInfoAll #(api.cpp, line:2786)
[0000113] [09:49:14:145530] [Tid0x000004dc] [debug] <--[C56] DL_Rom_GetInfoAll
[0000114] [09:49:14:155552] [Tid0x000004dc] [debug] -->[C57] DL_Rom_SetEnableAttr #(api.cpp, line:2840)
[0000115] [09:49:14:155552] [Tid0x000004dc] [debug] <--[C57] DL_Rom_SetEnableAttr
[0000116] [09:49:14:155552] [Tid0x000004dc] [debug] -->[C58] DL_GetCount #(api.cpp, line:2621)
[0000117] [09:49:14:155552] [Tid0x000004dc] [debug] <--[C58] DL_GetCount
[0000118] [09:49:14:155552] [Tid0x000004dc] [debug] -->[C59] DL_Rom_GetInfoAll #(api.cpp, line:2786)
[0000119] [09:49:14:155552] [Tid0x000004dc] [debug] <--[C59] DL_Rom_GetInfoAll
[0000120] [09:49:14:165504] [Tid0x000004dc] [debug] -->[C60] DL_Rom_SetEnableAttr #(api.cpp, line:2840)
[0000121] [09:49:14:165504] [Tid0x000004dc] [debug] <--[C60] DL_Rom_SetEnableAttr
[0000122] [09:49:14:165504] [Tid0x000004dc] [debug] -->[C61] DL_GetCount #(api.cpp, line:2621)
[0000123] [09:49:14:170514] [Tid0x000004dc] [debug] <--[C61] DL_GetCount
[0000124] [09:49:14:170514] [Tid0x000004dc] [debug] -->[C62] DL_Rom_GetInfoAll #(api.cpp, line:2786)
[0000125] [09:49:14:170514] [Tid0x000004dc] [debug] <--[C62] DL_Rom_GetInfoAll
[0000126] [09:49:14:175591] [Tid0x000004dc] [debug] -->[C63] DL_Rom_SetEnableAttr #(api.cpp, line:2840)
[0000127] [09:49:14:175591] [Tid0x000004dc] [debug] <--[C63] DL_Rom_SetEnableAttr
[0000128] [09:49:14:185202] [Tid0x000004dc] [debug] -->[C64] DL_GetCount #(api.cpp, line:2621)
[0000129] [09:49:14:185202] [Tid0x000004dc] [debug] <--[C64] DL_GetCount
[0000130] [09:49:14:185202] [Tid0x000004dc] [debug] -->[C65] DL_Rom_GetInfoAll #(api.cpp, line:2786)
[0000131] [09:49:14:185202] [Tid0x000004dc] [debug] <--[C65] DL_Rom_GetInfoAll
[0000132] [09:49:14:195423] [Tid0x000004dc] [debug] -->[C66] DL_Rom_SetEnableAttr #(api.cpp, line:2840)
[0000133] [09:49:14:195423] [Tid0x000004dc] [debug] <--[C66] DL_Rom_SetEnableAttr
[0000134] [09:49:14:205311] [Tid0x000004dc] [debug] -->[C67] DL_GetCount #(api.cpp, line:2621)
[0000135] [09:49:14:205311] [Tid0x000004dc] [debug] <--[C67] DL_GetCount
[0000136] [09:49:14:205311] [Tid0x000004dc] [debug] -->[C68] DL_Rom_GetInfoAll #(api.cpp, line:2786)
[0000137] [09:49:14:205311] [Tid0x000004dc] [debug] <--[C68] DL_Rom_GetInfoAll
[0000138] [09:49:14:210320] [Tid0x000004dc] [debug] -->[C69] DL_Rom_SetEnableAttr #(api.cpp, line:2840)
[0000139] [09:49:14:210320] [Tid0x000004dc] [debug] <--[C69] DL_Rom_SetEnableAttr
[0000140] [09:49:14:210320] [Tid0x000004dc] [debug] -->[C70] DL_GetCount #(api.cpp, line:2621)
[0000141] [09:49:14:210320] [Tid0x000004dc] [debug] <--[C70] DL_GetCount
[0000142] [09:49:14:210320] [Tid0x000004dc] [debug] -->[C71] DL_Rom_GetInfoAll #(api.cpp, line:2786)
[0000143] [09:49:14:210320] [Tid0x000004dc] [debug] <--[C71] DL_Rom_GetInfoAll
[0000144] [09:49:14:215412] [Tid0x000004dc] [debug] -->[C72] DL_Rom_SetEnableAttr #(api.cpp, line:2840)
[0000145] [09:49:14:215412] [Tid0x000004dc] [debug] <--[C72] DL_Rom_SetEnableAttr
[0000146] [09:49:14:235509] [Tid0x000004dc] [debug] -->[C73] DL_GetCount #(api.cpp, line:2621)
[0000147] [09:49:14:235509] [Tid0x000004dc] [debug] <--[C73] DL_GetCount
[0000148] [09:49:14:235509] [Tid0x000004dc] [debug] -->[C74] DL_Rom_GetInfoAll #(api.cpp, line:2786)
[0000149] [09:49:14:235509] [Tid0x000004dc] [debug] <--[C74] DL_Rom_GetInfoAll
[0000150] [09:49:14:235509] [Tid0x000004dc] [debug] -->[C75] DL_Rom_SetEnableAttr #(api.cpp, line:2840)
[0000151] [09:49:14:235509] [Tid0x000004dc] [debug] <--[C75] DL_Rom_SetEnableAttr
[0000152] [09:49:14:245521] [Tid0x000004dc] [debug] -->[C76] DL_GetCount #(api.cpp, line:2621)
[0000153] [09:49:14:245521] [Tid0x000004dc] [debug] <--[C76] DL_GetCount
[0000154] [09:49:14:245521] [Tid0x000004dc] [debug] -->[C77] DL_Rom_GetInfoAll #(api.cpp, line:2786)
[0000155] [09:49:14:245521] [Tid0x000004dc] [debug] <--[C77] DL_Rom_GetInfoAll
[0000156] [09:49:14:250537] [Tid0x000004dc] [debug] -->[C78] DL_Rom_SetEnableAttr #(api.cpp, line:2840)
[0000157] [09:49:14:250537] [Tid0x000004dc] [debug] <--[C78] DL_Rom_SetEnableAttr
[0000158] [09:49:14:250537] [Tid0x000004dc] [debug] -->[C79] DL_GetCount #(api.cpp, line:2621)
[0000159] [09:49:14:255621] [Tid0x000004dc] [debug] <--[C79] DL_GetCount
[0000160] [09:49:14:255621] [Tid0x000004dc] [debug] -->[C80] DL_Rom_GetInfoAll #(api.cpp, line:2786)
[0000161] [09:49:14:255621] [Tid0x000004dc] [debug] <--[C80] DL_Rom_GetInfoAll
[0000162] [09:49:14:260636] [Tid0x000004dc] [debug] -->[C81] DL_Rom_SetEnableAttr #(api.cpp, line:2840)
[0000163] [09:49:14:260636] [Tid0x000004dc] [debug] <--[C81] DL_Rom_SetEnableAttr
[0000164] [09:49:14:275282] [Tid0x000004dc] [debug] -->[C82] DL_GetCount #(api.cpp, line:2621)
[0000165] [09:49:14:275282] [Tid0x000004dc] [debug] <--[C82] DL_GetCount
[0000166] [09:49:14:275282] [Tid0x000004dc] [debug] -->[C83] DL_Rom_GetInfoAll #(api.cpp, line:2786)
[0000167] [09:49:14:275282] [Tid0x000004dc] [debug] <--[C83] DL_Rom_GetInfoAll
[0000168] [09:49:14:285330] [Tid0x000004dc] [debug] -->[C84] DL_Rom_SetEnableAttr #(api.cpp, line:2840)
[0000169] [09:49:14:285330] [Tid0x000004dc] [debug] <--[C84] DL_Rom_SetEnableAttr
[0000170] [09:49:14:285330] [Tid0x000004dc] [debug] -->[C85] DL_GetCount #(api.cpp, line:2621)
[0000171] [09:49:14:285330] [Tid0x000004dc] [debug] <--[C85] DL_GetCount
[0000172] [09:49:14:285330] [Tid0x000004dc] [debug] -->[C86] DL_Rom_GetInfoAll #(api.cpp, line:2786)
[0000173] [09:49:14:285330] [Tid0x000004dc] [debug] <--[C86] DL_Rom_GetInfoAll
[0000174] [09:49:14:295205] [Tid0x000004dc] [debug] -->[C87] DL_Rom_SetEnableAttr #(api.cpp, line:2840)
[0000175] [09:49:14:295205] [Tid0x000004dc] [debug] <--[C87] DL_Rom_SetEnableAttr
[0000176] [09:49:14:295205] [Tid0x000004dc] [debug] -->[C88] DL_GetCount #(api.cpp, line:2621)
[0000177] [09:49:14:295205] [Tid0x000004dc] [debug] <--[C88] DL_GetCount
[0000178] [09:49:14:295205] [Tid0x000004dc] [debug] -->[C89] DL_Rom_GetInfoAll #(api.cpp, line:2786)
[0000179] [09:49:14:295205] [Tid0x000004dc] [debug] <--[C89] DL_Rom_GetInfoAll
[0000180] [09:49:14:300214] [Tid0x000004dc] [debug] -->[C90] DL_Rom_SetEnableAttr #(api.cpp, line:2840)
[0000181] [09:49:14:300214] [Tid0x000004dc] [debug] <--[C90] DL_Rom_SetEnableAttr
[0000182] [09:49:14:320880] [Tid0x000004dc] [debug] -->[C91] DL_GetCount #(api.cpp, line:2621)
[0000183] [09:49:14:320880] [Tid0x000004dc] [debug] <--[C91] DL_GetCount
[0000184] [09:49:14:320880] [Tid0x000004dc] [debug] -->[C92] DL_Rom_GetInfoAll #(api.cpp, line:2786)
[0000185] [09:49:14:320880] [Tid0x000004dc] [debug] <--[C92] DL_Rom_GetInfoAll
[0000186] [09:49:14:325395] [Tid0x000004dc] [debug] -->[C93] DL_Rom_SetEnableAttr #(api.cpp, line:2840)
[0000187] [09:49:14:325395] [Tid0x000004dc] [debug] <--[C93] DL_Rom_SetEnableAttr
[0000188] [09:49:14:330403] [Tid0x000004dc] [debug] -->[C94] DL_GetCount #(api.cpp, line:2621)
[0000189] [09:49:14:330403] [Tid0x000004dc] [debug] <--[C94] DL_GetCount
[0000190] [09:49:14:330403] [Tid0x000004dc] [debug] -->[C95] DL_Rom_GetInfoAll #(api.cpp, line:2786)
[0000191] [09:49:14:330403] [Tid0x000004dc] [debug] <--[C95] DL_Rom_GetInfoAll
[0000192] [09:49:14:335447] [Tid0x000004dc] [debug] -->[C96] DL_Rom_SetEnableAttr #(api.cpp, line:2840)
[0000193] [09:49:14:340458] [Tid0x000004dc] [debug] <--[C96] DL_Rom_SetEnableAttr
[0000194] [09:49:14:340458] [Tid0x000004dc] [debug] -->[C97] DL_GetCount #(api.cpp, line:2621)
[0000195] [09:49:14:340458] [Tid0x000004dc] [debug] <--[C97] DL_GetCount
[0000196] [09:49:14:340458] [Tid0x000004dc] [debug] -->[C98] DL_Rom_GetInfoAll #(api.cpp, line:2786)
[0000197] [09:49:14:340458] [Tid0x000004dc] [debug] <--[C98] DL_Rom_GetInfoAll
[0000198] [09:49:14:345512] [Tid0x000004dc] [debug] -->[C99] DL_Rom_SetEnableAttr #(api.cpp, line:2840)
[0000199] [09:49:14:345512] [Tid0x000004dc] [debug] <--[C99] DL_Rom_SetEnableAttr
[0000200] [09:49:14:360478] [Tid0x000004dc] [debug] -->[C100] DL_GetCount #(api.cpp, line:2621)
[0000201] [09:49:14:360478] [Tid0x000004dc] [debug] <--[C100] DL_GetCount
[0000202] [09:49:14:360478] [Tid0x000004dc] [debug] -->[C101] DL_Rom_GetInfoAll #(api.cpp, line:2786)
[0000203] [09:49:14:360478] [Tid0x000004dc] [debug] <--[C101] DL_Rom_GetInfoAll
[0000204] [09:49:14:370554] [Tid0x000004dc] [debug] -->[C102] DL_Rom_SetEnableAttr #(api.cpp, line:2840)
[0000205] [09:49:14:370554] [Tid0x000004dc] [debug] <--[C102] DL_Rom_SetEnableAttr
[0000206] [09:49:14:375599] [Tid0x000004dc] [debug] -->[C103] DL_GetCount #(api.cpp, line:2621)
[0000207] [09:49:14:375599] [Tid0x000004dc] [debug] <--[C103] DL_GetCount
[0000208] [09:49:14:375599] [Tid0x000004dc] [debug] -->[C104] DL_Rom_GetInfoAll #(api.cpp, line:2786)
[0000209] [09:49:14:375599] [Tid0x000004dc] [debug] <--[C104] DL_Rom_GetInfoAll
[0000210] [09:49:14:380108] [Tid0x000004dc] [debug] -->[C105] DL_Rom_SetEnableAttr #(api.cpp, line:2840)
[0000211] [09:49:14:380108] [Tid0x000004dc] [debug] <--[C105] DL_Rom_SetEnableAttr
[0000212] [09:49:14:380108] [Tid0x000004dc] [debug] -->[C106] DL_GetCount #(api.cpp, line:2621)
[0000213] [09:49:14:380108] [Tid0x000004dc] [debug] <--[C106] DL_GetCount
[0000214] [09:49:14:380108] [Tid0x000004dc] [debug] -->[C107] DL_Rom_GetInfoAll #(api.cpp, line:2786)
[0000215] [09:49:14:380108] [Tid0x000004dc] [debug] <--[C107] DL_Rom_GetInfoAll
[0000216] [09:49:14:385166] [Tid0x000004dc] [debug] -->[C108] DL_Rom_SetEnableAttr #(api.cpp, line:2840)
[0000217] [09:49:14:385166] [Tid0x000004dc] [debug] <--[C108] DL_Rom_SetEnableAttr
[0000218] [09:49:14:405131] [Tid0x000004dc] [debug] -->[C109] DL_GetCount #(api.cpp, line:2621)
[0000219] [09:49:14:405131] [Tid0x000004dc] [debug] <--[C109] DL_GetCount
[0000220] [09:49:14:405131] [Tid0x000004dc] [debug] -->[C110] DL_Rom_GetInfoAll #(api.cpp, line:2786)
[0000221] [09:49:14:405131] [Tid0x000004dc] [debug] <--[C110] DL_Rom_GetInfoAll
[0000222] [09:49:14:410146] [Tid0x000004dc] [debug] -->[C111] DL_Rom_SetEnableAttr #(api.cpp, line:2840)
[0000223] [09:49:14:410146] [Tid0x000004dc] [debug] <--[C111] DL_Rom_SetEnableAttr
[0000224] [09:49:14:415218] [Tid0x000004dc] [debug] -->[C112] DL_GetCount #(api.cpp, line:2621)
[0000225] [09:49:14:415218] [Tid0x000004dc] [debug] <--[C112] DL_GetCount
[0000226] [09:49:14:415218] [Tid0x000004dc] [debug] -->[C113] DL_Rom_GetInfoAll #(api.cpp, line:2786)
[0000227] [09:49:14:415218] [Tid0x000004dc] [debug] <--[C113] DL_Rom_GetInfoAll
[0000228] [09:49:14:425360] [Tid0x000004dc] [debug] -->[C114] DL_Rom_SetEnableAttr #(api.cpp, line:2840)
[0000229] [09:49:14:425360] [Tid0x000004dc] [debug] <--[C114] DL_Rom_SetEnableAttr
[0000230] [09:49:14:425360] [Tid0x000004dc] [debug] -->[C115] DL_GetCount #(api.cpp, line:2621)
[0000231] [09:49:14:425360] [Tid0x000004dc] [debug] <--[C115] DL_GetCount
[0000232] [09:49:14:425360] [Tid0x000004dc] [debug] -->[C116] DL_Rom_GetInfoAll #(api.cpp, line:2786)
[0000233] [09:49:14:425360] [Tid0x000004dc] [debug] <--[C116] DL_Rom_GetInfoAll
[0000234] [09:49:14:430371] [Tid0x000004dc] [debug] -->[C117] DL_Rom_SetEnableAttr #(api.cpp, line:2840)
[0000235] [09:49:14:430371] [Tid0x000004dc] [debug] <--[C117] DL_Rom_SetEnableAttr
[0000236] [09:49:14:445512] [Tid0x000004dc] [debug] -->[C118] DL_GetCount #(api.cpp, line:2621)
[0000237] [09:49:14:445512] [Tid0x000004dc] [debug] <--[C118] DL_GetCount
[0000238] [09:49:14:445512] [Tid0x000004dc] [debug] -->[C119] DL_Rom_GetInfoAll #(api.cpp, line:2786)
[0000239] [09:49:14:445512] [Tid0x000004dc] [debug] <--[C119] DL_Rom_GetInfoAll
[0000240] [09:49:14:455690] [Tid0x000004dc] [debug] -->[C120] DL_Rom_SetEnableAttr #(api.cpp, line:2840)
[0000241] [09:49:14:455690] [Tid0x000004dc] [debug] <--[C120] DL_Rom_SetEnableAttr
[0000242] [09:49:14:460202] [Tid0x000004dc] [debug] -->[C121] DL_GetCount #(api.cpp, line:2621)
[0000243] [09:49:14:460202] [Tid0x000004dc] [debug] <--[C121] DL_GetCount
[0000244] [09:49:14:460202] [Tid0x000004dc] [debug] -->[C122] DL_Rom_GetInfoAll #(api.cpp, line:2786)
[0000245] [09:49:14:465249] [Tid0x000004dc] [debug] <--[C122] DL_Rom_GetInfoAll
[0000246] [09:49:14:470258] [Tid0x000004dc] [debug] -->[C123] DL_Rom_SetEnableAttr #(api.cpp, line:2840)
[0000247] [09:49:14:470258] [Tid0x000004dc] [debug] <--[C123] DL_Rom_SetEnableAttr
[0000248] [09:49:14:470258] [Tid0x000004dc] [debug] -->[C124] DL_GetCount #(api.cpp, line:2621)
[0000249] [09:49:14:470258] [Tid0x000004dc] [debug] <--[C124] DL_GetCount
[0000250] [09:49:14:470258] [Tid0x000004dc] [debug] -->[C125] DL_Rom_GetInfoAll #(api.cpp, line:2786)
[0000251] [09:49:14:470258] [Tid0x000004dc] [debug] <--[C125] DL_Rom_GetInfoAll
[0000252] [09:49:14:475343] [Tid0x000004dc] [debug] -->[C126] DL_Rom_SetEnableAttr #(api.cpp, line:2840)
[0000253] [09:49:14:475343] [Tid0x000004dc] [debug] <--[C126] DL_Rom_SetEnableAttr
[0000254] [09:49:14:490422] [Tid0x000004dc] [debug] -->[C127] DL_GetCount #(api.cpp, line:2621)
[0000255] [09:49:14:490422] [Tid0x000004dc] [debug] <--[C127] DL_GetCount
[0000256] [09:49:14:490422] [Tid0x000004dc] [debug] -->[C128] DL_Rom_GetInfoAll #(api.cpp, line:2786)
[0000257] [09:49:14:495475] [Tid0x000004dc] [debug] <--[C128] DL_Rom_GetInfoAll
[0000258] [09:49:14:500489] [Tid0x000004dc] [debug] -->[C129] DL_Rom_SetEnableAttr #(api.cpp, line:2840)
[0000259] [09:49:14:500489] [Tid0x000004dc] [debug] <--[C129] DL_Rom_SetEnableAttr
[0000260] [09:49:14:505565] [Tid0x000004dc] [debug] -->[C130] DL_GetCount #(api.cpp, line:2621)
[0000261] [09:49:14:505565] [Tid0x000004dc] [debug] <--[C130] DL_GetCount
[0000262] [09:49:14:505565] [Tid0x000004dc] [debug] -->[C131] DL_Rom_GetInfoAll #(api.cpp, line:2786)
[0000263] [09:49:14:505565] [Tid0x000004dc] [debug] <--[C131] DL_Rom_GetInfoAll
[0000264] [09:49:14:510575] [Tid0x000004dc] [debug] -->[C132] DL_Rom_SetEnableAttr #(api.cpp, line:2840)
[0000265] [09:49:14:510575] [Tid0x000004dc] [debug] <--[C132] DL_Rom_SetEnableAttr
[0000266] [09:49:14:510575] [Tid0x000004dc] [debug] -->[C133] DL_GetCount #(api.cpp, line:2621)
[0000267] [09:49:14:510575] [Tid0x000004dc] [debug] <--[C133] DL_GetCount
[0000268] [09:49:14:515096] [Tid0x000004dc] [debug] -->[C134] DL_Rom_GetInfoAll #(api.cpp, line:2786)
[0000269] [09:49:14:515157] [Tid0x000004dc] [debug] <--[C134] DL_Rom_GetInfoAll
[0000270] [09:49:14:520712] [Tid0x000004dc] [debug] -->[C135] DL_Rom_SetEnableAttr #(api.cpp, line:2840)
[0000271] [09:49:14:520712] [Tid0x000004dc] [debug] <--[C135] DL_Rom_SetEnableAttr
[0000272] [09:49:14:540387] [Tid0x000004dc] [debug] -->[C136] DL_GetCount #(api.cpp, line:2621)
[0000273] [09:49:14:540387] [Tid0x000004dc] [debug] <--[C136] DL_GetCount
[0000274] [09:49:14:540387] [Tid0x000004dc] [debug] -->[C137] DL_Rom_GetInfoAll #(api.cpp, line:2786)
[0000275] [09:49:14:540387] [Tid0x000004dc] [debug] <--[C137] DL_Rom_GetInfoAll
[0000276] [09:49:14:545461] [Tid0x000004dc] [debug] -->[C138] DL_Rom_SetEnableAttr #(api.cpp, line:2840)
[0000277] [09:49:14:545461] [Tid0x000004dc] [debug] <--[C138] DL_Rom_SetEnableAttr
[0000278] [09:49:14:550470] [Tid0x000004dc] [debug] -->[C139] DL_GetCount #(api.cpp, line:2621)
[0000279] [09:49:14:550470] [Tid0x000004dc] [debug] <--[C139] DL_GetCount
[0000280] [09:49:14:550470] [Tid0x000004dc] [debug] -->[C140] DL_Rom_GetInfoAll #(api.cpp, line:2786)
[0000281] [09:49:14:550470] [Tid0x000004dc] [debug] <--[C140] DL_Rom_GetInfoAll
[0000282] [09:49:14:555542] [Tid0x000004dc] [debug] -->[C141] DL_Rom_SetEnableAttr #(api.cpp, line:2840)
[0000283] [09:49:14:555542] [Tid0x000004dc] [debug] <--[C141] DL_Rom_SetEnableAttr
[0000284] [09:49:14:560552] [Tid0x000004dc] [debug] -->[C142] DL_GetCount #(api.cpp, line:2621)
[0000285] [09:49:14:560552] [Tid0x000004dc] [debug] <--[C142] DL_GetCount
[0000286] [09:49:14:560552] [Tid0x000004dc] [debug] -->[C143] DL_Rom_GetInfoAll #(api.cpp, line:2786)
[0000287] [09:49:14:560552] [Tid0x000004dc] [debug] <--[C143] DL_Rom_GetInfoAll
[0000288] [09:49:14:565619] [Tid0x000004dc] [debug] -->[C144] DL_Rom_SetEnableAttr #(api.cpp, line:2840)
[0000289] [09:49:14:565619] [Tid0x000004dc] [debug] <--[C144] DL_Rom_SetEnableAttr
[0000290] [09:49:14:585334] [Tid0x000004dc] [debug] -->[C145] DL_GetCount #(api.cpp, line:2621)
[0000291] [09:49:14:585334] [Tid0x000004dc] [debug] <--[C145] DL_GetCount
[0000292] [09:49:14:585334] [Tid0x000004dc] [debug] -->[C146] DL_Rom_GetInfoAll #(api.cpp, line:2786)
[0000293] [09:49:14:585334] [Tid0x000004dc] [debug] <--[C146] DL_Rom_GetInfoAll
[0000294] [09:49:14:590344] [Tid0x000004dc] [debug] -->[C147] DL_Rom_SetEnableAttr #(api.cpp, line:2840)
[0000295] [09:49:14:590344] [Tid0x000004dc] [debug] <--[C147] DL_Rom_SetEnableAttr
[0000296] [09:49:14:600428] [Tid0x000004dc] [debug] -->[C148] DL_GetCount #(api.cpp, line:2621)
[0000297] [09:49:14:600428] [Tid0x000004dc] [debug] <--[C148] DL_GetCount
[0000298] [09:49:14:600428] [Tid0x000004dc] [debug] -->[C149] DL_Rom_GetInfoAll #(api.cpp, line:2786)
[0000299] [09:49:14:605490] [Tid0x000004dc] [debug] <--[C149] DL_Rom_GetInfoAll
[0000300] [09:49:14:610498] [Tid0x000004dc] [debug] -->[C150] DL_Rom_SetEnableAttr #(api.cpp, line:2840)
[0000301] [09:49:14:610498] [Tid0x000004dc] [debug] <--[C150] DL_Rom_SetEnableAttr
[0000302] [09:49:14:610498] [Tid0x000004dc] [debug] -->[C151] DL_GetCount #(api.cpp, line:2621)
[0000303] [09:49:14:610498] [Tid0x000004dc] [debug] <--[C151] DL_GetCount
[0000304] [09:49:14:610498] [Tid0x000004dc] [debug] -->[C152] DL_Rom_GetInfoAll #(api.cpp, line:2786)
[0000305] [09:49:14:610498] [Tid0x000004dc] [debug] <--[C152] DL_Rom_GetInfoAll
[0000306] [09:49:14:615561] [Tid0x000004dc] [debug] -->[C153] DL_Rom_SetEnableAttr #(api.cpp, line:2840)
[0000307] [09:49:14:615561] [Tid0x000004dc] [debug] <--[C153] DL_Rom_SetEnableAttr
[0000308] [09:49:14:635475] [Tid0x000004dc] [debug] -->[C154] DL_GetCount #(api.cpp, line:2621)
[0000309] [09:49:14:635475] [Tid0x000004dc] [debug] <--[C154] DL_GetCount
[0000310] [09:49:14:635475] [Tid0x000004dc] [debug] -->[C155] DL_Rom_GetInfoAll #(api.cpp, line:2786)
[0000311] [09:49:14:635475] [Tid0x000004dc] [debug] <--[C155] DL_Rom_GetInfoAll
[0000312] [09:49:14:645623] [Tid0x000004dc] [debug] -->[C156] DL_Rom_SetEnableAttr #(api.cpp, line:2840)
[0000313] [09:49:14:645623] [Tid0x000004dc] [debug] <--[C156] DL_Rom_SetEnableAttr
[0000314] [09:49:14:651186] [Tid0x000004dc] [debug] -->[C157] DL_GetCount #(api.cpp, line:2621)
[0000315] [09:49:14:651186] [Tid0x000004dc] [debug] <--[C157] DL_GetCount
[0000316] [09:49:14:651186] [Tid0x000004dc] [debug] -->[C158] DL_Rom_GetInfoAll #(api.cpp, line:2786)
[0000317] [09:49:14:651186] [Tid0x000004dc] [debug] <--[C158] DL_Rom_GetInfoAll
[0000318] [09:49:14:660287] [Tid0x000004dc] [debug] -->[C159] DL_Rom_SetEnableAttr #(api.cpp, line:2840)
[0000319] [09:49:14:661348] [Tid0x000004dc] [debug] <--[C159] DL_Rom_SetEnableAttr
[0000320] [09:49:14:661348] [Tid0x000004dc] [debug] -->[C160] DL_GetCount #(api.cpp, line:2621)
[0000321] [09:49:14:661348] [Tid0x000004dc] [debug] <--[C160] DL_GetCount
[0000322] [09:49:14:661348] [Tid0x000004dc] [debug] -->[C161] DL_Rom_GetInfoAll #(api.cpp, line:2786)
[0000323] [09:49:14:661348] [Tid0x000004dc] [debug] <--[C161] DL_Rom_GetInfoAll
[0000324] [09:49:14:665428] [Tid0x000004dc] [debug] -->[C162] DL_Rom_SetEnableAttr #(api.cpp, line:2840)
[0000325] [09:49:14:665428] [Tid0x000004dc] [debug] <--[C162] DL_Rom_SetEnableAttr
[0000326] [09:49:14:690333] [Tid0x000004dc] [debug] -->[C163] DL_GetCount #(api.cpp, line:2621)
[0000327] [09:49:14:690333] [Tid0x000004dc] [debug] <--[C163] DL_GetCount
[0000328] [09:49:14:690333] [Tid0x000004dc] [debug] -->[C164] DL_Rom_GetInfoAll #(api.cpp, line:2786)
[0000329] [09:49:14:690333] [Tid0x000004dc] [debug] <--[C164] DL_Rom_GetInfoAll
[0000330] [09:49:14:695444] [Tid0x000004dc] [debug] -->[C165] DL_Rom_SetEnableAttr #(api.cpp, line:2840)
[0000331] [09:49:14:695444] [Tid0x000004dc] [debug] <--[C165] DL_Rom_SetEnableAttr
[0000332] [09:49:14:710512] [Tid0x000004dc] [debug] -->[C166] DL_GetCount #(api.cpp, line:2621)
[0000333] [09:49:14:710512] [Tid0x000004dc] [debug] <--[C166] DL_GetCount
[0000334] [09:49:14:710512] [Tid0x000004dc] [debug] -->[C167] DL_Rom_GetInfoAll #(api.cpp, line:2786)
[0000335] [09:49:14:710512] [Tid0x000004dc] [debug] <--[C167] DL_Rom_GetInfoAll
[0000336] [09:49:14:715571] [Tid0x000004dc] [debug] -->[C168] DL_Rom_SetEnableAttr #(api.cpp, line:2840)
[0000337] [09:49:14:715571] [Tid0x000004dc] [debug] <--[C168] DL_Rom_SetEnableAttr
[0000338] [09:49:14:715571] [Tid0x000004dc] [debug] -->[C169] DL_GetCount #(api.cpp, line:2621)
[0000339] [09:49:14:715571] [Tid0x000004dc] [debug] <--[C169] DL_GetCount
[0000340] [09:49:14:715571] [Tid0x000004dc] [debug] -->[C170] DL_Rom_GetInfoAll #(api.cpp, line:2786)
[0000341] [09:49:14:715571] [Tid0x000004dc] [debug] <--[C170] DL_Rom_GetInfoAll
[0000342] [09:49:14:725135] [Tid0x000004dc] [debug] -->[C171] DL_Rom_SetEnableAttr #(api.cpp, line:2840)
[0000343] [09:49:14:725135] [Tid0x000004dc] [debug] <--[C171] DL_Rom_SetEnableAttr
[0000344] [09:49:14:740231] [Tid0x000004dc] [debug] -->[C172] DL_GetCount #(api.cpp, line:2621)
[0000345] [09:49:14:740231] [Tid0x000004dc] [debug] <--[C172] DL_GetCount
[0000346] [09:49:14:740231] [Tid0x000004dc] [debug] -->[C173] DL_Rom_GetInfoAll #(api.cpp, line:2786)
[0000347] [09:49:14:740231] [Tid0x000004dc] [debug] <--[C173] DL_Rom_GetInfoAll
[0000348] [09:49:14:750288] [Tid0x000004dc] [debug] -->[C174] DL_Rom_SetEnableAttr #(api.cpp, line:2840)
[0000349] [09:49:14:750288] [Tid0x000004dc] [debug] <--[C174] DL_Rom_SetEnableAttr
[0000350] [09:49:14:755330] [Tid0x000004dc] [debug] -->[C175] DL_GetCount #(api.cpp, line:2621)
[0000351] [09:49:14:755330] [Tid0x000004dc] [debug] <--[C175] DL_GetCount
[0000352] [09:49:14:755330] [Tid0x000004dc] [debug] -->[C176] DL_Rom_GetInfoAll #(api.cpp, line:2786)
[0000353] [09:49:14:755330] [Tid0x000004dc] [debug] <--[C176] DL_Rom_GetInfoAll
[0000354] [09:49:14:760344] [Tid0x000004dc] [debug] -->[C177] DL_Rom_SetEnableAttr #(api.cpp, line:2840)
[0000355] [09:49:14:760344] [Tid0x000004dc] [debug] <--[C177] DL_Rom_SetEnableAttr
[0000356] [09:49:14:760344] [Tid0x000004dc] [debug] -->[C178] DL_GetCount #(api.cpp, line:2621)
[0000357] [09:49:14:760344] [Tid0x000004dc] [debug] <--[C178] DL_GetCount
[0000358] [09:49:14:760344] [Tid0x000004dc] [debug] -->[C179] DL_Rom_GetInfoAll #(api.cpp, line:2786)
[0000359] [09:49:14:760344] [Tid0x000004dc] [debug] <--[C179] DL_Rom_GetInfoAll
[0000360] [09:49:14:765444] [Tid0x000004dc] [debug] -->[C180] DL_Rom_SetEnableAttr #(api.cpp, line:2840)
[0000361] [09:49:14:765444] [Tid0x000004dc] [debug] <--[C180] DL_Rom_SetEnableAttr
[0000362] [09:49:14:770451] [Tid0x000004dc] [debug] -->[C181] DL_GetCount #(api.cpp, line:2621)
[0000363] [09:49:14:770451] [Tid0x000004dc] [debug] <--[C181] DL_GetCount
[0000364] [09:49:14:770451] [Tid0x000004dc] [debug] -->[C182] DL_Rom_GetInfoAll #(api.cpp, line:2786)
[0000365] [09:49:14:770451] [Tid0x000004dc] [debug] <--[C182] DL_Rom_GetInfoAll
[0000366] [09:49:14:780506] [Tid0x000004dc] [debug] -->[C183] DL_Rom_SetEnableAttr #(api.cpp, line:2840)
[0000367] [09:49:14:780506] [Tid0x000004dc] [debug] <--[C183] DL_Rom_SetEnableAttr
[0000368] [09:49:14:785607] [Tid0x000004dc] [debug] -->[C184] DL_SetChecksumLevel #(api.cpp, line:2523)
[0000369] [09:49:14:785607] [Tid0x000004dc] [debug] <--[C184] DL_SetChecksumLevel
[0000370] [09:49:43:912642] [Tid0x00001bf4] [debug] -->[C185] DL_LoadScatter #(api.cpp, line:2481)
[0000371] [09:49:44:037642] [Tid0x00001bf4] [debug] used lib version: 2 #(api.cpp, line:2503)
[0000372] [09:49:44:037642] [Tid0x00001bf4] [debug] <--[C185] DL_LoadScatter
[0000373] [09:49:44:037642] [Tid0x00001bf4] [debug] -->[C186] DL_AutoLoadRomImages #(api.cpp, line:2701)
[0000374] [09:49:46:443828] [Tid0x00001bf4] [debug] <--[C186] DL_AutoLoadRomImages
[0000375] [09:49:46:475066] [Tid0x00001bf4] [debug] -->[C187] DL_GetCount #(api.cpp, line:2621)
[0000376] [09:49:46:475066] [Tid0x00001bf4] [debug] <--[C187] DL_GetCount
[0000377] [09:49:46:475066] [Tid0x00001bf4] [debug] -->[C188] DL_Rom_GetInfoAll #(api.cpp, line:2786)
[0000378] [09:49:46:475066] [Tid0x00001bf4] [debug] <--[C188] DL_Rom_GetInfoAll
[0000379] [09:49:46:475066] [Tid0x00001bf4] [debug] -->[C189] DL_VerifyROMMemBuf #(api.cpp, line:2578)
[0000380] [09:49:46:475066] [Tid0x00001bf4] [debug] -->[C190] cflashtool_api::DL_VerifyROMMemBuf #(cflashtool_api.cpp, line:2007)
[0000381] [09:51:03:910116] [Tid0x00001bf4] [debug] <--[C190] cflashtool_api::DL_VerifyROMMemBuf
[0000382] [09:51:03:910116] [Tid0x00001bf4] [debug] <--[C189] DL_VerifyROMMemBuf
[0000383] [09:51:03:910116] [Tid0x00001bf4] [debug] -->[C191] DL_VerifyROMMemBuf #(api.cpp, line:2578)
[0000384] [09:51:03:910116] [Tid0x00001bf4] [debug] -->[C192] cflashtool_api::DL_VerifyROMMemBuf #(cflashtool_api.cpp, line:2007)
[0000385] [09:51:03:910116] [Tid0x00001bf4] [debug] <--[C192] cflashtool_api::DL_VerifyROMMemBuf
[0000386] [09:51:03:910116] [Tid0x00001bf4] [debug] <--[C191] DL_VerifyROMMemBuf
[0000387] [09:51:03:910116] [Tid0x00001bf4] [debug] -->[C193] DL_VerifyROMMemBuf #(api.cpp, line:2578)
[0000388] [09:51:03:910116] [Tid0x00001bf4] [debug] -->[C194] cflashtool_api::DL_VerifyROMMemBuf #(cflashtool_api.cpp, line:2007)
[0000389] [09:51:03:910116] [Tid0x00001bf4] [debug] <--[C194] cflashtool_api::DL_VerifyROMMemBuf
[0000390] [09:51:03:910116] [Tid0x00001bf4] [debug] <--[C193] DL_VerifyROMMemBuf
[0000391] [09:51:03:910116] [Tid0x00001bf4] [debug] -->[C195] DL_VerifyROMMemBuf #(api.cpp, line:2578)
[0000392] [09:51:03:910116] [Tid0x00001bf4] [debug] -->[C196] cflashtool_api::DL_VerifyROMMemBuf #(cflashtool_api.cpp, line:2007)
[0000393] [09:51:03:910116] [Tid0x00001bf4] [debug] <--[C196] cflashtool_api::DL_VerifyROMMemBuf
[0000394] [09:51:03:910116] [Tid0x00001bf4] [debug] <--[C195] DL_VerifyROMMemBuf
[0000395] [09:51:03:910116] [Tid0x00001bf4] [debug] -->[C197] DL_VerifyROMMemBuf #(api.cpp, line:2578)
[0000396] [09:51:03:910116] [Tid0x00001bf4] [debug] -->[C198] cflashtool_api::DL_VerifyROMMemBuf #(cflashtool_api.cpp, line:2007)
[0000397] [09:51:03:910116] [Tid0x00001bf4] [debug] <--[C198] cflashtool_api::DL_VerifyROMMemBuf
[0000398] [09:51:03:910116] [Tid0x00001bf4] [debug] <--[C197] DL_VerifyROMMemBuf
[0000399] [09:51:03:910116] [Tid0x00001bf4] [debug] -->[C199] DL_VerifyROMMemBuf #(api.cpp, line:2578)
[0000400] [09:51:03:910116] [Tid0x00001bf4] [debug] -->[C200] cflashtool_api::DL_VerifyROMMemBuf #(cflashtool_api.cpp, line:2007)
[0000401] [09:51:03:910116] [Tid0x00001bf4] [debug] <--[C200] cflashtool_api::DL_VerifyROMMemBuf
[0000402] [09:51:03:910116] [Tid0x00001bf4] [debug] <--[C199] DL_VerifyROMMemBuf
[0000403] [09:51:03:910116] [Tid0x00001bf4] [debug] -->[C201] DL_VerifyROMMemBuf #(api.cpp, line:2578)
[0000404] [09:51:03:910116] [Tid0x00001bf4] [debug] -->[C202] cflashtool_api::DL_VerifyROMMemBuf #(cflashtool_api.cpp, line:2007)
[0000405] [09:51:03:910116] [Tid0x00001bf4] [debug] <--[C202] cflashtool_api::DL_VerifyROMMemBuf
[0000406] [09:51:03:910116] [Tid0x00001bf4] [debug] <--[C201] DL_VerifyROMMemBuf
[0000407] [09:51:03:910116] [Tid0x00001bf4] [debug] -->[C203] DL_VerifyROMMemBuf #(api.cpp, line:2578)
[0000408] [09:51:03:910116] [Tid0x00001bf4] [debug] -->[C204] cflashtool_api::DL_VerifyROMMemBuf #(cflashtool_api.cpp, line:2007)
[0000409] [09:51:03:910116] [Tid0x00001bf4] [debug] <--[C204] cflashtool_api::DL_VerifyROMMemBuf
[0000410] [09:51:03:910116] [Tid0x00001bf4] [debug] <--[C203] DL_VerifyROMMemBuf
[0000411] [09:51:03:910116] [Tid0x00001bf4] [debug] -->[C205] DL_VerifyROMMemBuf #(api.cpp, line:2578)
[0000412] [09:51:03:910116] [Tid0x00001bf4] [debug] -->[C206] cflashtool_api::DL_VerifyROMMemBuf #(cflashtool_api.cpp, line:2007)
[0000413] [09:51:03:910116] [Tid0x00001bf4] [debug] <--[C206] cflashtool_api::DL_VerifyROMMemBuf
[0000414] [09:51:03:910116] [Tid0x00001bf4] [debug] <--[C205] DL_VerifyROMMemBuf
[0000415] [09:51:03:910116] [Tid0x00001bf4] [debug] -->[C207] DL_VerifyROMMemBuf #(api.cpp, line:2578)
[0000416] [09:51:03:910116] [Tid0x00001bf4] [debug] -->[C208] cflashtool_api::DL_VerifyROMMemBuf #(cflashtool_api.cpp, line:2007)
[0000417] [09:51:03:910116] [Tid0x00001bf4] [debug] <--[C208] cflashtool_api::DL_VerifyROMMemBuf
[0000418] [09:51:03:910116] [Tid0x00001bf4] [debug] <--[C207] DL_VerifyROMMemBuf
[0000419] [09:51:03:910116] [Tid0x00001bf4] [debug] -->[C209] DL_VerifyROMMemBuf #(api.cpp, line:2578)
[0000420] [09:51:03:910116] [Tid0x00001bf4] [debug] -->[C210] cflashtool_api::DL_VerifyROMMemBuf #(cflashtool_api.cpp, line:2007)
[0000421] [09:51:03:910116] [Tid0x00001bf4] [debug] <--[C210] cflashtool_api::DL_VerifyROMMemBuf
[0000422] [09:51:03:910116] [Tid0x00001bf4] [debug] <--[C209] DL_VerifyROMMemBuf
[0000423] [09:51:03:910116] [Tid0x00001bf4] [debug] -->[C211] DL_VerifyROMMemBuf #(api.cpp, line:2578)
[0000424] [09:51:03:910116] [Tid0x00001bf4] [debug] -->[C212] cflashtool_api::DL_VerifyROMMemBuf #(cflashtool_api.cpp, line:2007)
[0000425] [09:51:03:910116] [Tid0x00001bf4] [debug] <--[C212] cflashtool_api::DL_VerifyROMMemBuf
[0000426] [09:51:03:910116] [Tid0x00001bf4] [debug] <--[C211] DL_VerifyROMMemBuf
[0000427] [09:51:03:910116] [Tid0x00001bf4] [debug] -->[C213] DL_VerifyROMMemBuf #(api.cpp, line:2578)
[0000428] [09:51:03:910116] [Tid0x00001bf4] [debug] -->[C214] cflashtool_api::DL_VerifyROMMemBuf #(cflashtool_api.cpp, line:2007)
[0000429] [09:51:03:910116] [Tid0x00001bf4] [debug] <--[C214] cflashtool_api::DL_VerifyROMMemBuf
[0000430] [09:51:03:910116] [Tid0x00001bf4] [debug] <--[C213] DL_VerifyROMMemBuf
[0000431] [09:51:03:910116] [Tid0x00001bf4] [debug] -->[C215] DL_VerifyROMMemBuf #(api.cpp, line:2578)
[0000432] [09:51:03:910116] [Tid0x00001bf4] [debug] -->[C216] cflashtool_api::DL_VerifyROMMemBuf #(cflashtool_api.cpp, line:2007)
[0000433] [09:51:03:910116] [Tid0x00001bf4] [debug] <--[C216] cflashtool_api::DL_VerifyROMMemBuf
[0000434] [09:51:03:910116] [Tid0x00001bf4] [debug] <--[C215] DL_VerifyROMMemBuf
[0000435] [09:51:03:910116] [Tid0x00001bf4] [debug] -->[C217] DL_VerifyROMMemBuf #(api.cpp, line:2578)
[0000436] [09:51:03:910116] [Tid0x00001bf4] [debug] -->[C218] cflashtool_api::DL_VerifyROMMemBuf #(cflashtool_api.cpp, line:2007)
[0000437] [09:51:03:910116] [Tid0x00001bf4] [debug] <--[C218] cflashtool_api::DL_VerifyROMMemBuf
[0000438] [09:51:03:910116] [Tid0x00001bf4] [debug] <--[C217] DL_VerifyROMMemBuf
[0000439] [09:51:03:910116] [Tid0x00001bf4] [debug] -->[C219] DL_VerifyROMMemBuf #(api.cpp, line:2578)
[0000440] [09:51:03:910116] [Tid0x00001bf4] [debug] -->[C220] cflashtool_api::DL_VerifyROMMemBuf #(cflashtool_api.cpp, line:2007)
[0000441] [09:51:03:910116] [Tid0x00001bf4] [debug] <--[C220] cflashtool_api::DL_VerifyROMMemBuf
[0000442] [09:51:03:910116] [Tid0x00001bf4] [debug] <--[C219] DL_VerifyROMMemBuf
[0000443] [09:51:03:941368] [Tid0x000004dc] [debug] -->[C221] DL_GetCount #(api.cpp, line:2621)
[0000444] [09:51:03:941368] [Tid0x000004dc] [debug] <--[C221] DL_GetCount
[0000445] [09:51:03:941368] [Tid0x000004dc] [debug] -->[C222] DL_Rom_GetInfoAll #(api.cpp, line:2786)
[0000446] [09:51:03:941368] [Tid0x000004dc] [debug] <--[C222] DL_Rom_GetInfoAll
[0000447] [09:51:04:035114] [Tid0x000004dc] [debug] -->[C223] DL_GetScatterInfo #(api.cpp, line:2722)
[0000448] [09:51:04:035114] [Tid0x000004dc] [debug] <--[C223] DL_GetScatterInfo
[0000449] [09:51:04:035114] [Tid0x000004dc] [debug] -->[C224] DL_GetCount #(api.cpp, line:2621)
[0000450] [09:51:04:035114] [Tid0x000004dc] [debug] <--[C224] DL_GetCount
[0000451] [09:51:04:035114] [Tid0x000004dc] [debug] -->[C225] DL_Rom_GetInfoAll #(api.cpp, line:2786)
[0000452] [09:51:04:035114] [Tid0x000004dc] [debug] <--[C225] DL_Rom_GetInfoAll
[0000453] [09:51:04:035114] [Tid0x000004dc] [debug] -->[C226] DL_Rom_SetEnableAttr #(api.cpp, line:2840)
[0000454] [09:51:04:035114] [Tid0x000004dc] [debug] <--[C226] DL_Rom_SetEnableAttr
[0000455] [09:51:04:050739] [Tid0x000004dc] [debug] -->[C227] DL_GetCount #(api.cpp, line:2621)
[0000456] [09:51:04:050739] [Tid0x000004dc] [debug] <--[C227] DL_GetCount
[0000457] [09:51:04:050739] [Tid0x000004dc] [debug] -->[C228] DL_Rom_GetInfoAll #(api.cpp, line:2786)
[0000458] [09:51:04:050739] [Tid0x000004dc] [debug] <--[C228] DL_Rom_GetInfoAll
[0000459] [09:51:04:050739] [Tid0x000004dc] [debug] -->[C229] DL_Rom_SetEnableAttr #(api.cpp, line:2840)
[0000460] [09:51:04:050739] [Tid0x000004dc] [debug] <--[C229] DL_Rom_SetEnableAttr
[0000461] [09:51:04:066360] [Tid0x000004dc] [debug] -->[C230] DL_GetCount #(api.cpp, line:2621)
[0000462] [09:51:04:066360] [Tid0x000004dc] [debug] <--[C230] DL_GetCount
[0000463] [09:51:04:066360] [Tid0x000004dc] [debug] -->[C231] DL_Rom_GetInfoAll #(api.cpp, line:2786)
[0000464] [09:51:04:066360] [Tid0x000004dc] [debug] <--[C231] DL_Rom_GetInfoAll
[0000465] [09:51:04:081987] [Tid0x000004dc] [debug] -->[C232] DL_Rom_SetEnableAttr #(api.cpp, line:2840)
[0000466] [09:51:04:081987] [Tid0x000004dc] [debug] <--[C232] DL_Rom_SetEnableAttr
[0000467] [09:51:04:081987] [Tid0x000004dc] [debug] -->[C233] DL_GetCount #(api.cpp, line:2621)
[0000468] [09:51:04:081987] [Tid0x000004dc] [debug] <--[C233] DL_GetCount
[0000469] [09:51:04:081987] [Tid0x000004dc] [debug] -->[C234] DL_Rom_GetInfoAll #(api.cpp, line:2786)
[0000470] [09:51:04:081987] [Tid0x000004dc] [debug] <--[C234] DL_Rom_GetInfoAll
[0000471] [09:51:04:081987] [Tid0x000004dc] [debug] -->[C235] DL_Rom_SetEnableAttr #(api.cpp, line:2840)
[0000472] [09:51:04:081987] [Tid0x000004dc] [debug] <--[C235] DL_Rom_SetEnableAttr
[0000473] [09:51:04:097610] [Tid0x000004dc] [debug] -->[C236] DL_GetCount #(api.cpp, line:2621)
[0000474] [09:51:04:097610] [Tid0x000004dc] [debug] <--[C236] DL_GetCount
[0000475] [09:51:04:097610] [Tid0x000004dc] [debug] -->[C237] DL_Rom_GetInfoAll #(api.cpp, line:2786)
[0000476] [09:51:04:097610] [Tid0x000004dc] [debug] <--[C237] DL_Rom_GetInfoAll
[0000477] [09:51:04:113239] [Tid0x000004dc] [debug] -->[C238] DL_Rom_SetEnableAttr #(api.cpp, line:2840)
[0000478] [09:51:04:113239] [Tid0x000004dc] [debug] <--[C238] DL_Rom_SetEnableAttr
[0000479] [09:51:04:113239] [Tid0x000004dc] [debug] -->[C239] DL_GetCount #(api.cpp, line:2621)
[0000480] [09:51:04:113239] [Tid0x000004dc] [debug] <--[C239] DL_GetCount
[0000481] [09:51:04:113239] [Tid0x000004dc] [debug] -->[C240] DL_Rom_GetInfoAll #(api.cpp, line:2786)
[0000482] [09:51:04:113239] [Tid0x000004dc] [debug] <--[C240] DL_Rom_GetInfoAll
[0000483] [09:51:04:113239] [Tid0x000004dc] [debug] -->[C241] DL_Rom_SetEnableAttr #(api.cpp, line:2840)
[0000484] [09:51:04:113239] [Tid0x000004dc] [debug] <--[C241] DL_Rom_SetEnableAttr
[0000485] [09:51:04:128861] [Tid0x000004dc] [debug] -->[C242] DL_GetCount #(api.cpp, line:2621)
[0000486] [09:51:04:128861] [Tid0x000004dc] [debug] <--[C242] DL_GetCount
[0000487] [09:51:04:128861] [Tid0x000004dc] [debug] -->[C243] DL_Rom_GetInfoAll #(api.cpp, line:2786)
[0000488] [09:51:04:128861] [Tid0x000004dc] [debug] <--[C243] DL_Rom_GetInfoAll
[0000489] [09:51:04:144485] [Tid0x000004dc] [debug] -->[C244] DL_Rom_SetEnableAttr #(api.cpp, line:2840)
[0000490] [09:51:04:144485] [Tid0x000004dc] [debug] <--[C244] DL_Rom_SetEnableAttr
[0000491] [09:51:04:144485] [Tid0x000004dc] [debug] -->[C245] DL_GetCount #(api.cpp, line:2621)
[0000492] [09:51:04:144485] [Tid0x000004dc] [debug] <--[C245] DL_GetCount
[0000493] [09:51:04:144485] [Tid0x000004dc] [debug] -->[C246] DL_Rom_GetInfoAll #(api.cpp, line:2786)
[0000494] [09:51:04:144485] [Tid0x000004dc] [debug] <--[C246] DL_Rom_GetInfoAll
[0000495] [09:51:04:144485] [Tid0x000004dc] [debug] -->[C247] DL_Rom_SetEnableAttr #(api.cpp, line:2840)
[0000496] [09:51:04:144485] [Tid0x000004dc] [debug] <--[C247] DL_Rom_SetEnableAttr
[0000497] [09:51:04:160106] [Tid0x000004dc] [debug] -->[C248] DL_GetCount #(api.cpp, line:2621)
[0000498] [09:51:04:160106] [Tid0x000004dc] [debug] <--[C248] DL_GetCount
[0000499] [09:51:04:160106] [Tid0x000004dc] [debug] -->[C249] DL_Rom_GetInfoAll #(api.cpp, line:2786)
[0000500] [09:51:04:160106] [Tid0x000004dc] [debug] <--[C249] DL_Rom_GetInfoAll
[0000501] [09:51:04:175731] [Tid0x000004dc] [debug] -->[C250] DL_Rom_SetEnableAttr #(api.cpp, line:2840)
[0000502] [09:51:04:175731] [Tid0x000004dc] [debug] <--[C250] DL_Rom_SetEnableAttr
[0000503] [09:51:04:175731] [Tid0x000004dc] [debug] -->[C251] DL_GetCount #(api.cpp, line:2621)
[0000504] [09:51:04:175731] [Tid0x000004dc] [debug] <--[C251] DL_GetCount
[0000505] [09:51:04:175731] [Tid0x000004dc] [debug] -->[C252] DL_Rom_GetInfoAll #(api.cpp, line:2786)
[0000506] [09:51:04:175731] [Tid0x000004dc] [debug] <--[C252] DL_Rom_GetInfoAll
[0000507] [09:51:04:175731] [Tid0x000004dc] [debug] -->[C253] DL_Rom_SetEnableAttr #(api.cpp, line:2840)
[0000508] [09:51:04:175731] [Tid0x000004dc] [debug] <--[C253] DL_Rom_SetEnableAttr
[0000509] [09:51:04:191356] [Tid0x000004dc] [debug] -->[C254] DL_GetCount #(api.cpp, line:2621)
[0000510] [09:51:04:191356] [Tid0x000004dc] [debug] <--[C254] DL_GetCount
[0000511] [09:51:04:191356] [Tid0x000004dc] [debug] -->[C255] DL_Rom_GetInfoAll #(api.cpp, line:2786)
[0000512] [09:51:04:191356] [Tid0x000004dc] [debug] <--[C255] DL_Rom_GetInfoAll
[0000513] [09:51:04:191356] [Tid0x000004dc] [debug] -->[C256] DL_Rom_SetEnableAttr #(api.cpp, line:2840)
[0000514] [09:51:04:191356] [Tid0x000004dc] [debug] <--[C256] DL_Rom_SetEnableAttr
[0000515] [09:51:04:206978] [Tid0x000004dc] [debug] -->[C257] DL_GetCount #(api.cpp, line:2621)
[0000516] [09:51:04:206978] [Tid0x000004dc] [debug] <--[C257] DL_GetCount
[0000517] [09:51:04:206978] [Tid0x000004dc] [debug] -->[C258] DL_Rom_GetInfoAll #(api.cpp, line:2786)
[0000518] [09:51:04:206978] [Tid0x000004dc] [debug] <--[C258] DL_Rom_GetInfoAll
[0000519] [09:51:04:206978] [Tid0x000004dc] [debug] -->[C259] DL_Rom_SetEnableAttr #(api.cpp, line:2840)
[0000520] [09:51:04:206978] [Tid0x000004dc] [debug] <--[C259] DL_Rom_SetEnableAttr
[0000521] [09:51:04:222605] [Tid0x000004dc] [debug] -->[C260] DL_GetCount #(api.cpp, line:2621)
[0000522] [09:51:04:222605] [Tid0x000004dc] [debug] <--[C260] DL_GetCount
[0000523] [09:51:04:222605] [Tid0x000004dc] [debug] -->[C261] DL_Rom_GetInfoAll #(api.cpp, line:2786)
[0000524] [09:51:04:222605] [Tid0x000004dc] [debug] <--[C261] DL_Rom_GetInfoAll
[0000525] [09:51:04:222605] [Tid0x000004dc] [debug] -->[C262] DL_Rom_SetEnableAttr #(api.cpp, line:2840)
[0000526] [09:51:04:222605] [Tid0x000004dc] [debug] <--[C262] DL_Rom_SetEnableAttr
[0000527] [09:51:04:222605] [Tid0x000004dc] [debug] -->[C263] DL_GetCount #(api.cpp, line:2621)
[0000528] [09:51:04:238225] [Tid0x000004dc] [debug] <--[C263] DL_GetCount
[0000529] [09:51:04:238225] [Tid0x000004dc] [debug] -->[C264] DL_Rom_GetInfoAll #(api.cpp, line:2786)
[0000530] [09:51:04:238225] [Tid0x000004dc] [debug] <--[C264] DL_Rom_GetInfoAll
[0000531] [09:51:04:238225] [Tid0x000004dc] [debug] -->[C265] DL_Rom_SetEnableAttr #(api.cpp, line:2840)
[0000532] [09:51:04:238225] [Tid0x000004dc] [debug] <--[C265] DL_Rom_SetEnableAttr
[0000533] [09:51:04:253857] [Tid0x000004dc] [debug] -->[C266] DL_GetCount #(api.cpp, line:2621)
[0000534] [09:51:04:253857] [Tid0x000004dc] [debug] <--[C266] DL_GetCount
[0000535] [09:51:04:253857] [Tid0x000004dc] [debug] -->[C267] DL_Rom_GetInfoAll #(api.cpp, line:2786)
[0000536] [09:51:04:253857] [Tid0x000004dc] [debug] <--[C267] DL_Rom_GetInfoAll
[0000537] [09:51:04:253857] [Tid0x000004dc] [debug] -->[C268] DL_Rom_SetEnableAttr #(api.cpp, line:2840)
[0000538] [09:51:04:253857] [Tid0x000004dc] [debug] <--[C268] DL_Rom_SetEnableAttr
[0000539] [09:51:04:253857] [Tid0x000004dc] [debug] -->[C269] DL_GetCount #(api.cpp, line:2621)
[0000540] [09:51:04:253857] [Tid0x000004dc] [debug] <--[C269] DL_GetCount
[0000541] [09:51:04:253857] [Tid0x000004dc] [debug] -->[C270] DL_Rom_GetInfoAll #(api.cpp, line:2786)
[0000542] [09:51:04:253857] [Tid0x000004dc] [debug] <--[C270] DL_Rom_GetInfoAll
[0000543] [09:51:04:269483] [Tid0x000004dc] [debug] -->[C271] DL_Rom_SetEnableAttr #(api.cpp, line:2840)
[0000544] [09:51:04:269483] [Tid0x000004dc] [debug] <--[C271] DL_Rom_SetEnableAttr
[0000545] [09:51:04:269483] [Tid0x000004dc] [debug] -->[C272] DL_GetCount #(api.cpp, line:2621)
[0000546] [09:51:04:269483] [Tid0x000004dc] [debug] <--[C272] DL_GetCount
[0000547] [09:51:04:269483] [Tid0x000004dc] [debug] -->[C273] DL_Rom_GetInfoAll #(api.cpp, line:2786)
[0000548] [09:51:04:269483] [Tid0x000004dc] [debug] <--[C273] DL_Rom_GetInfoAll
[0000549] [09:51:04:285105] [Tid0x000004dc] [debug] -->[C274] DL_Rom_SetEnableAttr #(api.cpp, line:2840)
[0000550] [09:51:04:285105] [Tid0x000004dc] [debug] <--[C274] DL_Rom_SetEnableAttr
[0000551] [09:51:04:285105] [Tid0x000004dc] [debug] -->[C275] DL_GetCount #(api.cpp, line:2621)
[0000552] [09:51:04:285105] [Tid0x000004dc] [debug] <--[C275] DL_GetCount
[0000553] [09:51:04:285105] [Tid0x000004dc] [debug] -->[C276] DL_Rom_GetInfoAll #(api.cpp, line:2786)
[0000554] [09:51:04:285105] [Tid0x000004dc] [debug] <--[C276] DL_Rom_GetInfoAll
[0000555] [09:51:04:285105] [Tid0x000004dc] [debug] -->[C277] DL_Rom_SetEnableAttr #(api.cpp, line:2840)
[0000556] [09:51:04:285105] [Tid0x000004dc] [debug] <--[C277] DL_Rom_SetEnableAttr
[0000557] [09:51:04:300731] [Tid0x000004dc] [debug] -->[C278] DL_GetCount #(api.cpp, line:2621)
[0000558] [09:51:04:300731] [Tid0x000004dc] [debug] <--[C278] DL_GetCount
[0000559] [09:51:04:300731] [Tid0x000004dc] [debug] -->[C279] DL_Rom_GetInfoAll #(api.cpp, line:2786)
[0000560] [09:51:04:300731] [Tid0x000004dc] [debug] <--[C279] DL_Rom_GetInfoAll
[0000561] [09:51:04:316348] [Tid0x000004dc] [debug] -->[C280] DL_Rom_SetEnableAttr #(api.cpp, line:2840)
[0000562] [09:51:04:316348] [Tid0x000004dc] [debug] <--[C280] DL_Rom_SetEnableAttr
[0000563] [09:51:04:316348] [Tid0x000004dc] [debug] -->[C281] DL_GetCount #(api.cpp, line:2621)
[0000564] [09:51:04:316348] [Tid0x000004dc] [debug] <--[C281] DL_GetCount
[0000565] [09:51:04:316348] [Tid0x000004dc] [debug] -->[C282] DL_Rom_GetInfoAll #(api.cpp, line:2786)
[0000566] [09:51:04:316348] [Tid0x000004dc] [debug] <--[C282] DL_Rom_GetInfoAll
[0000567] [09:51:04:316348] [Tid0x000004dc] [debug] -->[C283] DL_Rom_SetEnableAttr #(api.cpp, line:2840)
[0000568] [09:51:04:316348] [Tid0x000004dc] [debug] <--[C283] DL_Rom_SetEnableAttr
[0000569] [09:51:04:331977] [Tid0x000004dc] [debug] -->[C284] DL_GetCount #(api.cpp, line:2621)
[0000570] [09:51:04:331977] [Tid0x000004dc] [debug] <--[C284] DL_GetCount
[0000571] [09:51:04:331977] [Tid0x000004dc] [debug] -->[C285] DL_Rom_GetInfoAll #(api.cpp, line:2786)
[0000572] [09:51:04:331977] [Tid0x000004dc] [debug] <--[C285] DL_Rom_GetInfoAll
[0000573] [09:51:04:331977] [Tid0x000004dc] [debug] -->[C286] DL_Rom_SetEnableAttr #(api.cpp, line:2840)
[0000574] [09:51:04:331977] [Tid0x000004dc] [debug] <--[C286] DL_Rom_SetEnableAttr
[0000575] [09:51:04:347597] [Tid0x000004dc] [debug] -->[C287] DL_GetCount #(api.cpp, line:2621)
[0000576] [09:51:04:347597] [Tid0x000004dc] [debug] <--[C287] DL_GetCount
[0000577] [09:51:04:347597] [Tid0x000004dc] [debug] -->[C288] DL_Rom_GetInfoAll #(api.cpp, line:2786)
[0000578] [09:51:04:347597] [Tid0x000004dc] [debug] <--[C288] DL_Rom_GetInfoAll
[0000579] [09:51:04:347597] [Tid0x000004dc] [debug] -->[C289] DL_Rom_SetEnableAttr #(api.cpp, line:2840)
[0000580] [09:51:04:347597] [Tid0x000004dc] [debug] <--[C289] DL_Rom_SetEnableAttr
[0000581] [09:51:04:363229] [Tid0x000004dc] [debug] -->[C290] DL_GetCount #(api.cpp, line:2621)
[0000582] [09:51:04:363229] [Tid0x000004dc] [debug] <--[C290] DL_GetCount
[0000583] [09:51:04:363229] [Tid0x000004dc] [debug] -->[C291] DL_Rom_GetInfoAll #(api.cpp, line:2786)
[0000584] [09:51:04:363229] [Tid0x000004dc] [debug] <--[C291] DL_Rom_GetInfoAll
[0000585] [09:51:04:363229] [Tid0x000004dc] [debug] -->[C292] DL_Rom_SetEnableAttr #(api.cpp, line:2840)
[0000586] [09:51:04:363229] [Tid0x000004dc] [debug] <--[C292] DL_Rom_SetEnableAttr
[0000587] [09:51:04:363229] [Tid0x000004dc] [debug] -->[C293] DL_GetCount #(api.cpp, line:2621)
[0000588] [09:51:04:363229] [Tid0x000004dc] [debug] <--[C293] DL_GetCount
[0000589] [09:51:04:363229] [Tid0x000004dc] [debug] -->[C294] DL_Rom_GetInfoAll #(api.cpp, line:2786)
[0000590] [09:51:04:363229] [Tid0x000004dc] [debug] <--[C294] DL_Rom_GetInfoAll
[0000591] [09:51:04:378853] [Tid0x000004dc] [debug] -->[C295] DL_Rom_SetEnableAttr #(api.cpp, line:2840)
[0000592] [09:51:04:378853] [Tid0x000004dc] [debug] <--[C295] DL_Rom_SetEnableAttr
[0000593] [09:51:04:394477] [Tid0x000004dc] [debug] -->[C296] DL_GetCount #(api.cpp, line:2621)
[0000594] [09:51:04:394477] [Tid0x000004dc] [debug] <--[C296] DL_GetCount
[0000595] [09:51:04:394477] [Tid0x000004dc] [debug] -->[C297] DL_Rom_GetInfoAll #(api.cpp, line:2786)
[0000596] [09:51:04:394477] [Tid0x000004dc] [debug] <--[C297] DL_Rom_GetInfoAll
[0000597] [09:51:04:394477] [Tid0x000004dc] [debug] -->[C298] DL_Rom_SetEnableAttr #(api.cpp, line:2840)
[0000598] [09:51:04:394477] [Tid0x000004dc] [debug] <--[C298] DL_Rom_SetEnableAttr
[0000599] [09:51:04:394477] [Tid0x000004dc] [debug] -->[C299] DL_GetCount #(api.cpp, line:2621)
[0000600] [09:51:04:394477] [Tid0x000004dc] [debug] <--[C299] DL_GetCount
[0000601] [09:51:04:394477] [Tid0x000004dc] [debug] -->[C300] DL_Rom_GetInfoAll #(api.cpp, line:2786)
[0000602] [09:51:04:394477] [Tid0x000004dc] [debug] <--[C300] DL_Rom_GetInfoAll
[0000603] [09:51:04:410100] [Tid0x000004dc] [debug] -->[C301] DL_Rom_SetEnableAttr #(api.cpp, line:2840)
[0000604] [09:51:04:410100] [Tid0x000004dc] [debug] <--[C301] DL_Rom_SetEnableAttr
[0000605] [09:51:04:410100] [Tid0x000004dc] [debug] -->[C302] DL_GetCount #(api.cpp, line:2621)
[0000606] [09:51:04:410100] [Tid0x000004dc] [debug] <--[C302] DL_GetCount
[0000607] [09:51:04:410100] [Tid0x000004dc] [debug] -->[C303] DL_Rom_GetInfoAll #(api.cpp, line:2786)
[0000608] [09:51:04:410100] [Tid0x000004dc] [debug] <--[C303] DL_Rom_GetInfoAll
[0000609] [09:51:04:425727] [Tid0x000004dc] [debug] -->[C304] DL_Rom_SetEnableAttr #(api.cpp, line:2840)
[0000610] [09:51:04:425727] [Tid0x000004dc] [debug] <--[C304] DL_Rom_SetEnableAttr
[0000611] [09:51:04:425727] [Tid0x000004dc] [debug] -->[C305] DL_GetCount #(api.cpp, line:2621)
[0000612] [09:51:04:425727] [Tid0x000004dc] [debug] <--[C305] DL_GetCount
[0000613] [09:51:04:425727] [Tid0x000004dc] [debug] -->[C306] DL_Rom_GetInfoAll #(api.cpp, line:2786)
[0000614] [09:51:04:425727] [Tid0x000004dc] [debug] <--[C306] DL_Rom_GetInfoAll
[0000615] [09:51:04:425727] [Tid0x000004dc] [debug] -->[C307] DL_Rom_SetEnableAttr #(api.cpp, line:2840)
[0000616] [09:51:04:425727] [Tid0x000004dc] [debug] <--[C307] DL_Rom_SetEnableAttr
[0000617] [09:51:04:441351] [Tid0x000004dc] [debug] -->[C308] DL_GetCount #(api.cpp, line:2621)
[0000618] [09:51:04:441351] [Tid0x000004dc] [debug] <--[C308] DL_GetCount
[0000619] [09:51:04:441351] [Tid0x000004dc] [debug] -->[C309] DL_Rom_GetInfoAll #(api.cpp, line:2786)
[0000620] [09:51:04:441351] [Tid0x000004dc] [debug] <--[C309] DL_Rom_GetInfoAll
[0000621] [09:51:04:456968] [Tid0x000004dc] [debug] -->[C310] DL_Rom_SetEnableAttr #(api.cpp, line:2840)
[0000622] [09:51:04:456968] [Tid0x000004dc] [debug] <--[C310] DL_Rom_SetEnableAttr
[0000623] [09:51:04:456968] [Tid0x000004dc] [debug] -->[C311] DL_GetCount #(api.cpp, line:2621)
[0000624] [09:51:04:456968] [Tid0x000004dc] [debug] <--[C311] DL_GetCount
[0000625] [09:51:04:456968] [Tid0x000004dc] [debug] -->[C312] DL_Rom_GetInfoAll #(api.cpp, line:2786)
[0000626] [09:51:04:456968] [Tid0x000004dc] [debug] <--[C312] DL_Rom_GetInfoAll
[0000627] [09:51:04:456968] [Tid0x000004dc] [debug] -->[C313] DL_Rom_SetEnableAttr #(api.cpp, line:2840)
[0000628] [09:51:04:456968] [Tid0x000004dc] [debug] <--[C313] DL_Rom_SetEnableAttr
[0000629] [09:51:04:472600] [Tid0x000004dc] [debug] -->[C314] DL_GetCount #(api.cpp, line:2621)
[0000630] [09:51:04:472600] [Tid0x000004dc] [debug] <--[C314] DL_GetCount
[0000631] [09:51:04:472600] [Tid0x000004dc] [debug] -->[C315] DL_Rom_GetInfoAll #(api.cpp, line:2786)
[0000632] [09:51:04:472600] [Tid0x000004dc] [debug] <--[C315] DL_Rom_GetInfoAll
[0000633] [09:51:04:472600] [Tid0x000004dc] [debug] -->[C316] DL_Rom_SetEnableAttr #(api.cpp, line:2840)
[0000634] [09:51:04:472600] [Tid0x000004dc] [debug] <--[C316] DL_Rom_SetEnableAttr
[0000635] [09:51:04:488222] [Tid0x000004dc] [debug] -->[C317] DL_GetCount #(api.cpp, line:2621)
[0000636] [09:51:04:488222] [Tid0x000004dc] [debug] <--[C317] DL_GetCount
[0000637] [09:51:04:488222] [Tid0x000004dc] [debug] -->[C318] DL_Rom_GetInfoAll #(api.cpp, line:2786)
[0000638] [09:51:04:488222] [Tid0x000004dc] [debug] <--[C318] DL_Rom_GetInfoAll
[0000639] [09:51:04:488222] [Tid0x000004dc] [debug] -->[C319] DL_Rom_SetEnableAttr #(api.cpp, line:2840)
[0000640] [09:51:04:488222] [Tid0x000004dc] [debug] <--[C319] DL_Rom_SetEnableAttr
[0000641] [09:51:04:488222] [Tid0x000004dc] [debug] -->[C320] DL_SetChecksumLevel #(api.cpp, line:2523)
[0000642] [09:51:04:488222] [Tid0x000004dc] [debug] <--[C320] DL_SetChecksumLevel
[0000643] [09:51:08:465507] [Tid0x000004dc] [debug] -->[C321] DL_GetCount #(api.cpp, line:2621)
[0000644] [09:51:08:465507] [Tid0x000004dc] [debug] <--[C321] DL_GetCount
[0000645] [09:51:08:465507] [Tid0x000004dc] [debug] -->[C322] DL_Rom_GetInfoAll #(api.cpp, line:2786)
[0000646] [09:51:08:465507] [Tid0x000004dc] [debug] <--[C322] DL_Rom_GetInfoAll
[0000647] [09:51:08:465507] [Tid0x000004dc] [debug] -->[C323] DL_Rom_SetEnableAttr #(api.cpp, line:2840)
[0000648] [09:51:08:465507] [Tid0x000004dc] [debug] <--[C323] DL_Rom_SetEnableAttr
[0000649] [09:51:08:481133] [Tid0x000004dc] [debug] -->[C324] DL_GetCount #(api.cpp, line:2621)
[0000650] [09:51:08:481133] [Tid0x000004dc] [debug] <--[C324] DL_GetCount
[0000651] [09:51:08:481133] [Tid0x000004dc] [debug] -->[C325] DL_Rom_GetInfoAll #(api.cpp, line:2786)
[0000652] [09:51:08:481133] [Tid0x000004dc] [debug] <--[C325] DL_Rom_GetInfoAll
[0000653] [09:51:08:496758] [Tid0x000004dc] [debug] -->[C326] DL_Rom_SetEnableAttr #(api.cpp, line:2840)
[0000654] [09:51:08:496758] [Tid0x000004dc] [debug] <--[C326] DL_Rom_SetEnableAttr
[0000655] [09:51:08:496758] [Tid0x000004dc] [debug] -->[C327] DL_GetCount #(api.cpp, line:2621)
[0000656] [09:51:08:496758] [Tid0x000004dc] [debug] <--[C327] DL_GetCount
[0000657] [09:51:08:496758] [Tid0x000004dc] [debug] -->[C328] DL_Rom_GetInfoAll #(api.cpp, line:2786)
[0000658] [09:51:08:496758] [Tid0x000004dc] [debug] <--[C328] DL_Rom_GetInfoAll
[0000659] [09:51:08:512382] [Tid0x000004dc] [debug] -->[C329] DL_Rom_SetEnableAttr #(api.cpp, line:2840)
[0000660] [09:51:08:512382] [Tid0x000004dc] [debug] <--[C329] DL_Rom_SetEnableAttr
[0000661] [09:51:08:512382] [Tid0x000004dc] [debug] -->[C330] DL_GetCount #(api.cpp, line:2621)
[0000662] [09:51:08:512382] [Tid0x000004dc] [debug] <--[C330] DL_GetCount
[0000663] [09:51:08:512382] [Tid0x000004dc] [debug] -->[C331] DL_Rom_GetInfoAll #(api.cpp, line:2786)
[0000664] [09:51:08:512382] [Tid0x000004dc] [debug] <--[C331] DL_Rom_GetInfoAll
[0000665] [09:51:08:512382] [Tid0x000004dc] [debug] -->[C332] DL_Rom_SetEnableAttr #(api.cpp, line:2840)
[0000666] [09:51:08:512382] [Tid0x000004dc] [debug] <--[C332] DL_Rom_SetEnableAttr
[0000667] [09:51:08:528003] [Tid0x000004dc] [debug] -->[C333] DL_GetCount #(api.cpp, line:2621)
[0000668] [09:51:08:528003] [Tid0x000004dc] [debug] <--[C333] DL_GetCount
[0000669] [09:51:08:528003] [Tid0x000004dc] [debug] -->[C334] DL_Rom_GetInfoAll #(api.cpp, line:2786)
[0000670] [09:51:08:528003] [Tid0x000004dc] [debug] <--[C334] DL_Rom_GetInfoAll
[0000671] [09:51:08:528003] [Tid0x000004dc] [debug] -->[C335] DL_Rom_SetEnableAttr #(api.cpp, line:2840)
[0000672] [09:51:08:528003] [Tid0x000004dc] [debug] <--[C335] DL_Rom_SetEnableAttr
[0000673] [09:51:08:528003] [Tid0x000004dc] [debug] -->[C336] DL_GetCount #(api.cpp, line:2621)
[0000674] [09:51:08:528003] [Tid0x000004dc] [debug] <--[C336] DL_GetCount
[0000675] [09:51:08:528003] [Tid0x000004dc] [debug] -->[C337] DL_Rom_GetInfoAll #(api.cpp, line:2786)
[0000676] [09:51:08:528003] [Tid0x000004dc] [debug] <--[C337] DL_Rom_GetInfoAll
[0000677] [09:51:08:543628] [Tid0x000004dc] [debug] -->[C338] DL_Rom_SetEnableAttr #(api.cpp, line:2840)
[0000678] [09:51:08:543628] [Tid0x000004dc] [debug] <--[C338] DL_Rom_SetEnableAttr
[0000679] [09:51:08:543628] [Tid0x000004dc] [debug] -->[C339] DL_GetCount #(api.cpp, line:2621)
[0000680] [09:51:08:543628] [Tid0x000004dc] [debug] <--[C339] DL_GetCount
[0000681] [09:51:08:543628] [Tid0x000004dc] [debug] -->[C340] DL_Rom_GetInfoAll #(api.cpp, line:2786)
[0000682] [09:51:08:543628] [Tid0x000004dc] [debug] <--[C340] DL_Rom_GetInfoAll
[0000683] [09:51:08:543628] [Tid0x000004dc] [debug] -->[C341] DL_Rom_SetEnableAttr #(api.cpp, line:2840)
[0000684] [09:51:08:543628] [Tid0x000004dc] [debug] <--[C341] DL_Rom_SetEnableAttr
[0000685] [09:51:08:559255] [Tid0x000004dc] [debug] -->[C342] DL_GetCount #(api.cpp, line:2621)
[0000686] [09:51:08:559255] [Tid0x000004dc] [debug] <--[C342] DL_GetCount
[0000687] [09:51:08:559255] [Tid0x000004dc] [debug] -->[C343] DL_Rom_GetInfoAll #(api.cpp, line:2786)
[0000688] [09:51:08:559255] [Tid0x000004dc] [debug] <--[C343] DL_Rom_GetInfoAll
[0000689] [09:51:08:559255] [Tid0x000004dc] [debug] -->[C344] DL_Rom_SetEnableAttr #(api.cpp, line:2840)
[0000690] [09:51:08:559255] [Tid0x000004dc] [debug] <--[C344] DL_Rom_SetEnableAttr
[0000691] [09:51:08:559255] [Tid0x000004dc] [debug] -->[C345] DL_GetCount #(api.cpp, line:2621)
[0000692] [09:51:08:559255] [Tid0x000004dc] [debug] <--[C345] DL_GetCount
[0000693] [09:51:08:559255] [Tid0x000004dc] [debug] -->[C346] DL_Rom_GetInfoAll #(api.cpp, line:2786)
[0000694] [09:51:08:559255] [Tid0x000004dc] [debug] <--[C346] DL_Rom_GetInfoAll
[0000695] [09:51:08:574879] [Tid0x000004dc] [debug] -->[C347] DL_Rom_SetEnableAttr #(api.cpp, line:2840)
[0000696] [09:51:08:574879] [Tid0x000004dc] [debug] <--[C347] DL_Rom_SetEnableAttr
[0000697] [09:51:08:574879] [Tid0x000004dc] [debug] -->[C348] DL_GetCount #(api.cpp, line:2621)
[0000698] [09:51:08:574879] [Tid0x000004dc] [debug] <--[C348] DL_GetCount
[0000699] [09:51:08:574879] [Tid0x000004dc] [debug] -->[C349] DL_Rom_GetInfoAll #(api.cpp, line:2786)
[0000700] [09:51:08:574879] [Tid0x000004dc] [debug] <--[C349] DL_Rom_GetInfoAll
[0000701] [09:51:08:574879] [Tid0x000004dc] [debug] -->[C350] DL_Rom_SetEnableAttr #(api.cpp, line:2840)
[0000702] [09:51:08:574879] [Tid0x000004dc] [debug] <--[C350] DL_Rom_SetEnableAttr
[0000703] [09:51:08:590504] [Tid0x000004dc] [debug] -->[C351] DL_GetCount #(api.cpp, line:2621)
[0000704] [09:51:08:590504] [Tid0x000004dc] [debug] <--[C351] DL_GetCount
[0000705] [09:51:08:590504] [Tid0x000004dc] [debug] -->[C352] DL_Rom_GetInfoAll #(api.cpp, line:2786)
[0000706] [09:51:08:590504] [Tid0x000004dc] [debug] <--[C352] DL_Rom_GetInfoAll
[0000707] [09:51:08:590504] [Tid0x000004dc] [debug] -->[C353] DL_Rom_SetEnableAttr #(api.cpp, line:2840)
[0000708] [09:51:08:590504] [Tid0x000004dc] [debug] <--[C353] DL_Rom_SetEnableAttr
[0000709] [09:51:08:590504] [Tid0x000004dc] [debug] -->[C354] DL_GetCount #(api.cpp, line:2621)
[0000710] [09:51:08:590504] [Tid0x000004dc] [debug] <--[C354] DL_GetCount
[0000711] [09:51:08:590504] [Tid0x000004dc] [debug] -->[C355] DL_Rom_GetInfoAll #(api.cpp, line:2786)
[0000712] [09:51:08:590504] [Tid0x000004dc] [debug] <--[C355] DL_Rom_GetInfoAll
[0000713] [09:51:08:590504] [Tid0x000004dc] [debug] -->[C356] DL_Rom_SetEnableAttr #(api.cpp, line:2840)
[0000714] [09:51:08:590504] [Tid0x000004dc] [debug] <--[C356] DL_Rom_SetEnableAttr
[0000715] [09:51:08:606128] [Tid0x000004dc] [debug] -->[C357] DL_GetCount #(api.cpp, line:2621)
[0000716] [09:51:08:606128] [Tid0x000004dc] [debug] <--[C357] DL_GetCount
[0000717] [09:51:08:606128] [Tid0x000004dc] [debug] -->[C358] DL_Rom_GetInfoAll #(api.cpp, line:2786)
[0000718] [09:51:08:606128] [Tid0x000004dc] [debug] <--[C358] DL_Rom_GetInfoAll
[0000719] [09:51:08:606128] [Tid0x000004dc] [debug] -->[C359] DL_Rom_SetEnableAttr #(api.cpp, line:2840)
[0000720] [09:51:08:606128] [Tid0x000004dc] [debug] <--[C359] DL_Rom_SetEnableAttr
[0000721] [09:51:08:606128] [Tid0x000004dc] [debug] -->[C360] DL_GetCount #(api.cpp, line:2621)
[0000722] [09:51:08:606128] [Tid0x000004dc] [debug] <--[C360] DL_GetCount
[0000723] [09:51:08:606128] [Tid0x000004dc] [debug] -->[C361] DL_Rom_GetInfoAll #(api.cpp, line:2786)
[0000724] [09:51:08:606128] [Tid0x000004dc] [debug] <--[C361] DL_Rom_GetInfoAll
[0000725] [09:51:08:621756] [Tid0x000004dc] [debug] -->[C362] DL_Rom_SetEnableAttr #(api.cpp, line:2840)
[0000726] [09:51:08:621756] [Tid0x000004dc] [debug] <--[C362] DL_Rom_SetEnableAttr
[0000727] [09:51:08:621756] [Tid0x000004dc] [debug] -->[C363] DL_GetCount #(api.cpp, line:2621)
[0000728] [09:51:08:621756] [Tid0x000004dc] [debug] <--[C363] DL_GetCount
[0000729] [09:51:08:621756] [Tid0x000004dc] [debug] -->[C364] DL_Rom_GetInfoAll #(api.cpp, line:2786)
[0000730] [09:51:08:621756] [Tid0x000004dc] [debug] <--[C364] DL_Rom_GetInfoAll
[0000731] [09:51:08:621756] [Tid0x000004dc] [debug] -->[C365] DL_Rom_SetEnableAttr #(api.cpp, line:2840)
[0000732] [09:51:08:621756] [Tid0x000004dc] [debug] <--[C365] DL_Rom_SetEnableAttr
[0000733] [09:51:08:621756] [Tid0x000004dc] [debug] -->[C366] DL_GetCount #(api.cpp, line:2621)
[0000734] [09:51:08:621756] [Tid0x000004dc] [debug] <--[C366] DL_GetCount
[0000735] [09:51:08:621756] [Tid0x000004dc] [debug] -->[C367] DL_Rom_GetInfoAll #(api.cpp, line:2786)
[0000736] [09:51:08:621756] [Tid0x000004dc] [debug] <--[C367] DL_Rom_GetInfoAll
[0000737] [09:51:08:637378] [Tid0x000004dc] [debug] -->[C368] DL_Rom_SetEnableAttr #(api.cpp, line:2840)
[0000738] [09:51:08:637378] [Tid0x000004dc] [debug] <--[C368] DL_Rom_SetEnableAttr
[0000739] [09:51:08:637378] [Tid0x000004dc] [debug] -->[C369] DL_GetCount #(api.cpp, line:2621)
[0000740] [09:51:08:637378] [Tid0x000004dc] [debug] <--[C369] DL_GetCount
[0000741] [09:51:08:637378] [Tid0x000004dc] [debug] -->[C370] DL_Rom_GetInfoAll #(api.cpp, line:2786)
[0000742] [09:51:08:637378] [Tid0x000004dc] [debug] <--[C370] DL_Rom_GetInfoAll
[0000743] [09:51:08:637378] [Tid0x000004dc] [debug] -->[C371] DL_Rom_SetEnableAttr #(api.cpp, line:2840)
[0000744] [09:51:08:637378] [Tid0x000004dc] [debug] <--[C371] DL_Rom_SetEnableAttr
[0000745] [09:51:08:637378] [Tid0x000004dc] [debug] -->[C372] DL_GetCount #(api.cpp, line:2621)
[0000746] [09:51:08:637378] [Tid0x000004dc] [debug] <--[C372] DL_GetCount
[0000747] [09:51:08:637378] [Tid0x000004dc] [debug] -->[C373] DL_Rom_GetInfoAll #(api.cpp, line:2786)
[0000748] [09:51:08:637378] [Tid0x000004dc] [debug] <--[C373] DL_Rom_GetInfoAll
[0000749] [09:51:08:637378] [Tid0x000004dc] [debug] -->[C374] DL_Rom_SetEnableAttr #(api.cpp, line:2840)
[0000750] [09:51:08:637378] [Tid0x000004dc] [debug] <--[C374] DL_Rom_SetEnableAttr
[0000751] [09:51:08:653002] [Tid0x000004dc] [debug] -->[C375] DL_GetCount #(api.cpp, line:2621)
[0000752] [09:51:08:653002] [Tid0x000004dc] [debug] <--[C375] DL_GetCount
[0000753] [09:51:08:653002] [Tid0x000004dc] [debug] -->[C376] DL_Rom_GetInfoAll #(api.cpp, line:2786)
[0000754] [09:51:08:653002] [Tid0x000004dc] [debug] <--[C376] DL_Rom_GetInfoAll
[0000755] [09:51:08:653002] [Tid0x000004dc] [debug] -->[C377] DL_Rom_SetEnableAttr #(api.cpp, line:2840)
[0000756] [09:51:08:653002] [Tid0x000004dc] [debug] <--[C377] DL_Rom_SetEnableAttr
[0000757] [09:51:08:653002] [Tid0x000004dc] [debug] -->[C378] DL_GetCount #(api.cpp, line:2621)
[0000758] [09:51:08:653002] [Tid0x000004dc] [debug] <--[C378] DL_GetCount
[0000759] [09:51:08:653002] [Tid0x000004dc] [debug] -->[C379] DL_Rom_GetInfoAll #(api.cpp, line:2786)
[0000760] [09:51:08:653002] [Tid0x000004dc] [debug] <--[C379] DL_Rom_GetInfoAll
[0000761] [09:51:08:668626] [Tid0x000004dc] [debug] -->[C380] DL_Rom_SetEnableAttr #(api.cpp, line:2840)
[0000762] [09:51:08:668626] [Tid0x000004dc] [debug] <--[C380] DL_Rom_SetEnableAttr
[0000763] [09:51:08:668626] [Tid0x000004dc] [debug] -->[C381] DL_GetCount #(api.cpp, line:2621)
[0000764] [09:51:08:668626] [Tid0x000004dc] [debug] <--[C381] DL_GetCount
[0000765] [09:51:08:668626] [Tid0x000004dc] [debug] -->[C382] DL_Rom_GetInfoAll #(api.cpp, line:2786)
[0000766] [09:51:08:668626] [Tid0x000004dc] [debug] <--[C382] DL_Rom_GetInfoAll
[0000767] [09:51:08:668626] [Tid0x000004dc] [debug] -->[C383] DL_Rom_SetEnableAttr #(api.cpp, line:2840)
[0000768] [09:51:08:668626] [Tid0x000004dc] [debug] <--[C383] DL_Rom_SetEnableAttr
[0000769] [09:51:08:668626] [Tid0x000004dc] [debug] -->[C384] DL_GetCount #(api.cpp, line:2621)
[0000770] [09:51:08:668626] [Tid0x000004dc] [debug] <--[C384] DL_GetCount
[0000771] [09:51:08:668626] [Tid0x000004dc] [debug] -->[C385] DL_Rom_GetInfoAll #(api.cpp, line:2786)
[0000772] [09:51:08:684253] [Tid0x000004dc] [debug] <--[C385] DL_Rom_GetInfoAll
[0000773] [09:51:08:684253] [Tid0x000004dc] [debug] -->[C386] DL_Rom_SetEnableAttr #(api.cpp, line:2840)
[0000774] [09:51:08:684253] [Tid0x000004dc] [debug] <--[C386] DL_Rom_SetEnableAttr
[0000775] [09:51:08:684253] [Tid0x000004dc] [debug] -->[C387] DL_GetCount #(api.cpp, line:2621)
[0000776] [09:51:08:684253] [Tid0x000004dc] [debug] <--[C387] DL_GetCount
[0000777] [09:51:08:684253] [Tid0x000004dc] [debug] -->[C388] DL_Rom_GetInfoAll #(api.cpp, line:2786)
[0000778] [09:51:08:684253] [Tid0x000004dc] [debug] <--[C388] DL_Rom_GetInfoAll
[0000779] [09:51:08:684253] [Tid0x000004dc] [debug] -->[C389] DL_Rom_SetEnableAttr #(api.cpp, line:2840)
[0000780] [09:51:08:684253] [Tid0x000004dc] [debug] <--[C389] DL_Rom_SetEnableAttr
[0000781] [09:51:08:699878] [Tid0x000004dc] [debug] -->[C390] DL_GetCount #(api.cpp, line:2621)
[0000782] [09:51:08:699878] [Tid0x000004dc] [debug] <--[C390] DL_GetCount
[0000783] [09:51:08:699878] [Tid0x000004dc] [debug] -->[C391] DL_Rom_GetInfoAll #(api.cpp, line:2786)
[0000784] [09:51:08:699878] [Tid0x000004dc] [debug] <--[C391] DL_Rom_GetInfoAll
[0000785] [09:51:08:699878] [Tid0x000004dc] [debug] -->[C392] DL_Rom_SetEnableAttr #(api.cpp, line:2840)
[0000786] [09:51:08:699878] [Tid0x000004dc] [debug] <--[C392] DL_Rom_SetEnableAttr
[0000787] [09:51:08:699878] [Tid0x000004dc] [debug] -->[C393] DL_GetCount #(api.cpp, line:2621)
[0000788] [09:51:08:699878] [Tid0x000004dc] [debug] <--[C393] DL_GetCount
[0000789] [09:51:08:699878] [Tid0x000004dc] [debug] -->[C394] DL_Rom_GetInfoAll #(api.cpp, line:2786)
[0000790] [09:51:08:699878] [Tid0x000004dc] [debug] <--[C394] DL_Rom_GetInfoAll
[0000791] [09:51:08:715499] [Tid0x000004dc] [debug] -->[C395] DL_Rom_SetEnableAttr #(api.cpp, line:2840)
[0000792] [09:51:08:715499] [Tid0x000004dc] [debug] <--[C395] DL_Rom_SetEnableAttr
[0000793] [09:51:08:715499] [Tid0x000004dc] [debug] -->[C396] DL_GetCount #(api.cpp, line:2621)
[0000794] [09:51:08:715499] [Tid0x000004dc] [debug] <--[C396] DL_GetCount
[0000795] [09:51:08:715499] [Tid0x000004dc] [debug] -->[C397] DL_Rom_GetInfoAll #(api.cpp, line:2786)
[0000796] [09:51:08:715499] [Tid0x000004dc] [debug] <--[C397] DL_Rom_GetInfoAll
[0000797] [09:51:08:715499] [Tid0x000004dc] [debug] -->[C398] DL_Rom_SetEnableAttr #(api.cpp, line:2840)
[0000798] [09:51:08:715499] [Tid0x000004dc] [debug] <--[C398] DL_Rom_SetEnableAttr
[0000799] [09:51:08:731123] [Tid0x000004dc] [debug] -->[C399] DL_GetCount #(api.cpp, line:2621)
[0000800] [09:51:08:731123] [Tid0x000004dc] [debug] <--[C399] DL_GetCount
[0000801] [09:51:08:731123] [Tid0x000004dc] [debug] -->[C400] DL_Rom_GetInfoAll #(api.cpp, line:2786)
[0000802] [09:51:08:731123] [Tid0x000004dc] [debug] <--[C400] DL_Rom_GetInfoAll
[0000803] [09:51:08:731123] [Tid0x000004dc] [debug] -->[C401] DL_Rom_SetEnableAttr #(api.cpp, line:2840)
[0000804] [09:51:08:731123] [Tid0x000004dc] [debug] <--[C401] DL_Rom_SetEnableAttr
[0000805] [09:51:08:731123] [Tid0x000004dc] [debug] -->[C402] DL_GetCount #(api.cpp, line:2621)
[0000806] [09:51:08:731123] [Tid0x000004dc] [debug] <--[C402] DL_GetCount
[0000807] [09:51:08:731123] [Tid0x000004dc] [debug] -->[C403] DL_Rom_GetInfoAll #(api.cpp, line:2786)
[0000808] [09:51:08:731123] [Tid0x000004dc] [debug] <--[C403] DL_Rom_GetInfoAll
[0000809] [09:51:08:746750] [Tid0x000004dc] [debug] -->[C404] DL_Rom_SetEnableAttr #(api.cpp, line:2840)
[0000810] [09:51:08:746750] [Tid0x000004dc] [debug] <--[C404] DL_Rom_SetEnableAttr
[0000811] [09:51:08:746750] [Tid0x000004dc] [debug] -->[C405] DL_GetCount #(api.cpp, line:2621)
[0000812] [09:51:08:746750] [Tid0x000004dc] [debug] <--[C405] DL_GetCount
[0000813] [09:51:08:746750] [Tid0x000004dc] [debug] -->[C406] DL_Rom_GetInfoAll #(api.cpp, line:2786)
[0000814] [09:51:08:746750] [Tid0x000004dc] [debug] <--[C406] DL_Rom_GetInfoAll
[0000815] [09:51:08:746750] [Tid0x000004dc] [debug] -->[C407] DL_Rom_SetEnableAttr #(api.cpp, line:2840)
[0000816] [09:51:08:746750] [Tid0x000004dc] [debug] <--[C407] DL_Rom_SetEnableAttr
[0000817] [09:51:08:762373] [Tid0x000004dc] [debug] -->[C408] DL_GetCount #(api.cpp, line:2621)
[0000818] [09:51:08:762373] [Tid0x000004dc] [debug] <--[C408] DL_GetCount
[0000819] [09:51:08:762373] [Tid0x000004dc] [debug] -->[C409] DL_Rom_GetInfoAll #(api.cpp, line:2786)
[0000820] [09:51:08:762373] [Tid0x000004dc] [debug] <--[C409] DL_Rom_GetInfoAll
[0000821] [09:51:08:762373] [Tid0x000004dc] [debug] -->[C410] DL_Rom_SetEnableAttr #(api.cpp, line:2840)
[0000822] [09:51:08:762373] [Tid0x000004dc] [debug] <--[C410] DL_Rom_SetEnableAttr
[0000823] [09:51:08:778006] [Tid0x000004dc] [debug] -->[C411] DL_GetCount #(api.cpp, line:2621)
[0000824] [09:51:08:778006] [Tid0x000004dc] [debug] <--[C411] DL_GetCount
[0000825] [09:51:08:778006] [Tid0x000004dc] [debug] -->[C412] DL_Rom_GetInfoAll #(api.cpp, line:2786)
[0000826] [09:51:08:778006] [Tid0x000004dc] [debug] <--[C412] DL_Rom_GetInfoAll
[0000827] [09:51:08:778006] [Tid0x000004dc] [debug] -->[C413] DL_Rom_SetEnableAttr #(api.cpp, line:2840)
[0000828] [09:51:08:778006] [Tid0x000004dc] [debug] <--[C413] DL_Rom_SetEnableAttr
[0000829] [09:51:08:793622] [Tid0x000004dc] [debug] -->[C414] DL_GetCount #(api.cpp, line:2621)
[0000830] [09:51:08:793622] [Tid0x000004dc] [debug] <--[C414] DL_GetCount
[0000831] [09:51:08:793622] [Tid0x000004dc] [debug] -->[C415] DL_Rom_GetInfoAll #(api.cpp, line:2786)
[0000832] [09:51:08:793622] [Tid0x000004dc] [debug] <--[C415] DL_Rom_GetInfoAll
[0000833] [09:51:08:793622] [Tid0x000004dc] [debug] -->[C416] DL_Rom_SetEnableAttr #(api.cpp, line:2840)
[0000834] [09:51:08:793622] [Tid0x000004dc] [debug] <--[C416] DL_Rom_SetEnableAttr
[0000835] [09:51:10:637314] [Tid0x000004dc] [debug] -->[C417] DL_GetCount #(api.cpp, line:2621)
[0000836] [09:51:10:637314] [Tid0x000004dc] [debug] <--[C417] DL_GetCount
[0000837] [09:51:10:637314] [Tid0x000004dc] [debug] -->[C418] DL_Rom_GetInfoAll #(api.cpp, line:2786)
[0000838] [09:51:10:637314] [Tid0x000004dc] [debug] <--[C418] DL_Rom_GetInfoAll
[0000839] [09:51:10:652940] [Tid0x000004dc] [debug] -->[C419] DL_GetCount #(api.cpp, line:2621)
[0000840] [09:51:10:652940] [Tid0x000004dc] [debug] <--[C419] DL_GetCount
[0000841] [09:51:10:652940] [Tid0x000004dc] [debug] -->[C420] DL_Rom_GetInfoAll #(api.cpp, line:2786)
[0000842] [09:51:10:652940] [Tid0x000004dc] [debug] <--[C420] DL_Rom_GetInfoAll
[0000843] [09:51:37:520240] [Tid0x00001c20] [debug] -->[C421] FlashTool_Connect_BROM_ByName #(api.cpp, line:1970)
[0000844] [09:51:37:520240] [Tid0x00001c20] [debug] -->[C422] FlashTool_Connect_BROM_Ex #(api.cpp, line:1875)
[0000845] [09:51:37:520240] [Tid0x00001c20] [debug] bCheckScatter: 1 #(api.cpp, line:1876)
[0000846] [09:51:37:520240] [Tid0x00001c20] [debug] have load scatter already #(api.cpp, line:1880)
[0000847] [09:51:37:520240] [Tid0x00001c20] [debug] libversion 2 #(api.cpp, line:1897)
[0000848] [09:51:37:520240] [Tid0x00001c20] [debug] -->[C423] cflashtool_api::FlashTool_Connect_BROM_Ex #(cflashtool_api.cpp, line:1008)
[0000849] [09:51:39:819541] [Tid0x00001c20] [debug] <--[C423] cflashtool_api::FlashTool_Connect_BROM_Ex
[0000850] [09:51:39:819541] [Tid0x00001c20] [debug] <--[C422] FlashTool_Connect_BROM_Ex
[0000851] [09:51:39:819541] [Tid0x00001c20] [debug] <--[C421] FlashTool_Connect_BROM_ByName
[0000852] [09:51:39:899482] [Tid0x00001c20] [debug] -->[C424] FlashTool_Disconnect_BROM #(api.cpp, line:1051)
[0000853] [09:51:39:899482] [Tid0x00001c20] [debug] -->[C425] cflashtool_api::FlashTool_Disconnect_BROM #(cflashtool_api.cpp, line:54)
[0000854] [09:51:39:899482] [Tid0x00001c20] [debug] <--[C425] cflashtool_api::FlashTool_Disconnect_BROM
[0000855] [09:51:39:899482] [Tid0x00001c20] [debug] <--[C424] FlashTool_Disconnect_BROM
[0000856] [09:53:07:549181] [Tid0x000004dc] [debug] -->[C426] DL_GetCount #(api.cpp, line:2621)
[0000857] [09:53:07:549181] [Tid0x000004dc] [debug] <--[C426] DL_GetCount
[0000858] [09:53:07:549181] [Tid0x000004dc] [debug] -->[C427] DL_Rom_GetInfoAll #(api.cpp, line:2786)
[0000859] [09:53:07:549181] [Tid0x000004dc] [debug] <--[C427] DL_Rom_GetInfoAll
[0000860] [09:53:07:564907] [Tid0x000004dc] [debug] -->[C428] DL_GetCount #(api.cpp, line:2621)
[0000861] [09:53:07:564907] [Tid0x000004dc] [debug] <--[C428] DL_GetCount
[0000862] [09:53:07:564907] [Tid0x000004dc] [debug] -->[C429] DL_Rom_GetInfoAll #(api.cpp, line:2786)
[0000863] [09:53:07:564907] [Tid0x000004dc] [debug] <--[C429] DL_Rom_GetInfoAll
[0000864] [09:53:18:075123] [Tid0x00000890] [debug] -->[C430] FlashTool_Connect_BROM_ByName #(api.cpp, line:1970)
[0000865] [09:53:18:075123] [Tid0x00000890] [debug] -->[C431] FlashTool_Connect_BROM_Ex #(api.cpp, line:1875)
[0000866] [09:53:18:075123] [Tid0x00000890] [debug] bCheckScatter: 1 #(api.cpp, line:1876)
[0000867] [09:53:18:075123] [Tid0x00000890] [debug] have load scatter already #(api.cpp, line:1880)
[0000868] [09:53:18:075123] [Tid0x00000890] [debug] libversion 2 #(api.cpp, line:1897)
[0000869] [09:53:18:075123] [Tid0x00000890] [debug] -->[C432] cflashtool_api::FlashTool_Connect_BROM_Ex #(cflashtool_api.cpp, line:1008)
[0000870] [09:53:18:660187] [Tid0x00000890] [warning] Get support Modem fail: 0xc0010007 #(cflashtool_api.cpp, line:1129)
[0000871] [09:53:18:695507] [Tid0x00000890] [debug] connect_brom_ex OK #(cflashtool_api.cpp, line:1172)
[0000872] [09:53:18:695507] [Tid0x00000890] [debug] <--[C432] cflashtool_api::FlashTool_Connect_BROM_Ex
[0000873] [09:53:18:695507] [Tid0x00000890] [debug] <--[C431] FlashTool_Connect_BROM_Ex
[0000874] [09:53:18:695507] [Tid0x00000890] [debug] <--[C430] FlashTool_Connect_BROM_ByName
[0000875] [09:53:18:695507] [Tid0x00000890] [debug] -->[C433] FlashTool_GetBootResult #(api.cpp, line:1982)
[0000876] [09:53:18:695507] [Tid0x00000890] [debug] <--[C433] FlashTool_GetBootResult
[0000877] [09:53:18:695507] [Tid0x00000890] [debug] -->[C434] FlashTool_Connect_Download_DA #(api.cpp, line:2002)
[0000878] [09:53:18:695507] [Tid0x00000890] [debug] bCheckScatter: 1 #(api.cpp, line:2003)
[0000879] [09:53:18:706503] [Tid0x00000890] [debug] -->[C435] cflashtool_api::FlashTool_Connect_Download_DA #(cflashtool_api.cpp, line:1317)
[0000880] [09:53:18:706503] [Tid0x00000890] [debug] bCheckScatter: 1 #(cflashtool_api.cpp, line:1318)
[0000881] [09:53:18:790217] [Tid0x00000890] [debug] da_source type: 0 #(cflashtool_api.cpp, line:1333)
[0000882] [09:53:18:790217] [Tid0x00000890] [debug] enable PCDRAM checksum #(cflashtool_api.cpp, line:1380)
[0000883] [09:53:18:790217] [Tid0x00000890] [debug] checksum_level: 7,  battery_setting: 2, reset_key_setting: 104 #(cflashtool_api.cpp, line:1434)
[0000884] [09:53:18:795275] [Tid0x00000890] [debug] connect_da_end_stage: 2,  enable_dram_in_1st_da: 0, da_log_level: 2 #(cflashtool_api.cpp, line:1436)
[0000885] [09:53:22:616804] [Tid0x00000890] [debug] gpx_count: 0 #(cflashtool_api.cpp, line:1472)
[0000886] [09:53:22:663679] [Tid0x00000890] [debug] m_emmc_cid[0]: 0x47000115 #(cflashtool_api.cpp, line:1536)
[0000887] [09:53:22:663679] [Tid0x00000890] [debug] m_emmc_cid[1]: 0x4d423658 #(cflashtool_api.cpp, line:1536)
[0000888] [09:53:22:663679] [Tid0x00000890] [debug] m_emmc_cid[2]: 0x23fd0342 #(cflashtool_api.cpp, line:1536)
[0000889] [09:53:22:663679] [Tid0x00000890] [debug] m_emmc_cid[3]: 0x6f943df2 #(cflashtool_api.cpp, line:1536)
[0000890] [09:53:22:663679] [Tid0x00000890] [debug] m_emmc_fwver[0]: 0x0 #(cflashtool_api.cpp, line:1542)
[0000891] [09:53:22:663679] [Tid0x00000890] [debug] m_emmc_fwver[1]: 0x0 #(cflashtool_api.cpp, line:1542)
[0000892] [09:53:22:663679] [Tid0x00000890] [debug] m_emmc_fwver[2]: 0x0 #(cflashtool_api.cpp, line:1542)
[0000893] [09:53:22:663679] [Tid0x00000890] [debug] m_emmc_fwver[3]: 0x0 #(cflashtool_api.cpp, line:1542)
[0000894] [09:53:22:663679] [Tid0x00000890] [debug] m_emmc_fwver[4]: 0x0 #(cflashtool_api.cpp, line:1542)
[0000895] [09:53:22:663679] [Tid0x00000890] [debug] m_emmc_fwver[5]: 0x0 #(cflashtool_api.cpp, line:1542)
[0000896] [09:53:22:663679] [Tid0x00000890] [debug] m_emmc_fwver[6]: 0x0 #(cflashtool_api.cpp, line:1542)
[0000897] [09:53:22:663679] [Tid0x00000890] [debug] m_emmc_fwver[7]: 0x0 #(cflashtool_api.cpp, line:1542)
[0000898] [09:53:22:663679] [Tid0x00000890] [debug] SyncWithDA(): DA_REPORT: BBCHIP_TYPE: MT6757 #(cflashtool_api.cpp, line:1228)
[0000899] [09:53:22:679303] [Tid0x00000890] [debug] SyncWithDA(): DA_REPORT: BBCHIP: "MT6757", EXT_26M 
[0000900] [09:53:22:694934] [Tid0x00000890] [debug] SyncWithDA(): DA_REPORT: BBCHIP: CODE(0x6757), VER(0xCB00), SW(0x0001)              
[0000901] [09:53:22:694934] [Tid0x00000890] [debug] SyncWithDA(): DA_REPORT: NOR: m_nor_ret="S_DA_INVALID_STORAGE_TYPE"(3178)                                  
[0000902] [09:53:22:694934] [Tid0x00000890] [debug] SyncWithDA(): DA_REPORT: NOR: m_nor_chip_select[0]="CS_0"(0x00)                   
[0000903] [09:53:22:694934] [Tid0x00000890] [debug] SyncWithDA(): DA_REPORT: NOR: m_nor_chip_select[1]="CS_0"(0x00)                   
[0000904] [09:53:22:694934] [Tid0x00000890] [debug] SyncWithDA(): DA_REPORT: NOR: m_nor_flash_id(0x0000)="[AMD] AM29DL323D"                         
[0000905] [09:53:22:694934] [Tid0x00000890] [debug] SyncWithDA(): DA_REPORT: NOR: m_nor_flash_size(0x00000000)                              
[0000906] [09:53:22:694934] [Tid0x00000890] [debug] SyncWithDA(): DA_REPORT: NOR: m_nor_flash_dev_code_1(0x0000)                        
[0000907] [09:53:22:694934] [Tid0x00000890] [debug] SyncWithDA(): DA_REPORT: NOR: m_nor_flash_dev_code_2(0x0000)                        
[0000908] [09:53:22:694934] [Tid0x00000890] [debug] SyncWithDA(): DA_REPORT: NOR: m_nor_flash_dev_code_3(0x0000)                        
[0000909] [09:53:22:694934] [Tid0x00000890] [debug] SyncWithDA(): DA_REPORT: NOR: m_nor_flash_dev_code_4(0x0000)                        
[0000910] [09:53:22:694934] [Tid0x00000890] [debug] SyncWithDA(): DA_REPORT: NOR: m_nor_flash_otp_status="S_DONE"(0)                     
[0000911] [09:53:22:694934] [Tid0x00000890] [debug] SyncWithDA(): DA_REPORT: NOR: m_nor_flash_otp_size(0x00000000)                          
[0000912] [09:53:22:694934] [Tid0x00000890] [debug] SyncWithDA(): DA_REPORT: NAND: m_nand_ret="S_DA_INVALID_STORAGE_TYPE"(3178)                                
[0000913] [09:53:22:694934] [Tid0x00000890] [debug] SyncWithDA(): DA_REPORT: NAND: m_nand_chip_select="CS_0"(0x00)                    
[0000914] [09:53:22:694934] [Tid0x00000890] [debug] SyncWithDA(): DA_REPORT: NAND: m_nand_flash_id(0x0000)="[SAMSUNG] K9F5608Q0C"                       
[0000915] [09:53:22:694934] [Tid0x00000890] [debug] SyncWithDA(): DA_REPORT: NAND: m_nand_flash_size(0x0000000000000000)                        
[0000916] [09:53:22:694934] [Tid0x00000890] [debug] SyncWithDA(): DA_REPORT: NAND: m_nand_flash_id_count(0x0000)                        
[0000917] [09:53:22:694934] [Tid0x00000890] [debug] SyncWithDA(): DA_REPORT: NAND: m_nand_pagesize(0)                                  
[0000918] [09:53:22:694934] [Tid0x00000890] [debug] SyncWithDA(): DA_REPORT: NAND: m_nand_sparesize(0)                                 
[0000919] [09:53:22:694934] [Tid0x00000890] [debug] SyncWithDA(): DA_REPORT: NAND: m_nand_pages_per_block(0)                           
[0000920] [09:53:22:694934] [Tid0x00000890] [debug] SyncWithDA(): DA_REPORT: NAND: m_nand_io_interface( )                              
[0000921] [09:53:22:694934] [Tid0x00000890] [debug] SyncWithDA(): DA_REPORT: NAND: m_nand_addr_cycle( )                                
[0000922] [09:53:22:694934] [Tid0x00000890] [debug] SyncWithDA(): DA_REPORT: NAND: m_nand_bmt_exist( )                                
[0000923] [09:53:22:694934] [Tid0x00000890] [debug] SyncWithDA(): DA_REPORT: eMMC: m_emmc_ret="S_DONE"(0)          
[0000924] [09:53:22:694934] [Tid0x00000890] [debug] SyncWithDA(): DA_REPORT: eMMC: m_emmc_boot1_size(0x00400000)      
[0000925] [09:53:22:694934] [Tid0x00000890] [debug] SyncWithDA(): DA_REPORT: eMMC: m_emmc_boot2_size(0x00400000)      
[0000926] [09:53:22:694934] [Tid0x00000890] [debug] SyncWithDA(): DA_REPORT: eMMC: m_emmc_rpmb_size(0x00400000)       
[0000927] [09:53:22:694934] [Tid0x00000890] [debug] SyncWithDA(): DA_REPORT: eMMC: m_emmc_gp1_size(0x00000000)        
[0000928] [09:53:22:694934] [Tid0x00000890] [debug] SyncWithDA(): DA_REPORT: eMMC: m_emmc_gp2_size(0x00000000)        
[0000929] [09:53:22:694934] [Tid0x00000890] [debug] SyncWithDA(): DA_REPORT: eMMC: m_emmc_gp3_size(0x00000000)        
[0000930] [09:53:22:694934] [Tid0x00000890] [debug] SyncWithDA(): DA_REPORT: eMMC: m_emmc_gp4_size(0x00000000)        
[0000931] [09:53:22:694934] [Tid0x00000890] [debug] SyncWithDA(): DA_REPORT: eMMC: m_emmc_ua_size(0x0000000747C00000)      
[0000932] [09:53:22:710559] [Tid0x00000890] [debug] SyncWithDA(): DA_REPORT: eMMC: m_emmc_cid(0x47000115 0x4D423658 0x23FD0342 0x6F943DF2)      
[0000933] [09:53:22:710559] [Tid0x00000890] [debug] DA_REPORT: eMMC: m_emmc_fwver(0x0  0x0  0x0  0x0  0x0  0x0  0x0  0x0 )      
[0000934] [09:53:22:710559] [Tid0x00000890] [debug] SyncWithDA(): DA_REPORT: SDMMC: m_sdmmc_ret="S_DA_INVALID_STORAGE_TYPE"(3178)          
[0000935] [09:53:22:710559] [Tid0x00000890] [debug] SyncWithDA(): DA_REPORT: SDMMC: m_sdmmc_ua_size(0x0000000000000000)      
[0000936] [09:53:22:710559] [Tid0x00000890] [debug] SyncWithDA(): DA_REPORT: SDMMC: m_sdmmc_cid(0x00000000 0x00000000 0x00000000 0x00000000)      
[0000937] [09:53:22:710559] [Tid0x00000890] [debug] SyncWithDA(): DA_REPORT: INT_RAM: m_int_sram_ret="S_DONE"(0)                         
[0000938] [09:53:22:710559] [Tid0x00000890] [debug] SyncWithDA(): DA_REPORT: INT_RAM: m_int_sram_size(0x00000000)                           
[0000939] [09:53:22:710559] [Tid0x00000890] [debug] SyncWithDA(): DA_REPORT: EXT_RAM: m_ext_ram_ret="S_DONE"(0)                          
[0000940] [09:53:22:710559] [Tid0x00000890] [debug] SyncWithDA(): DA_REPORT: EXT_RAM: m_ext_ram_type(0x02)="HW_RAM_DRAM"                     
[0000941] [09:53:22:710559] [Tid0x00000890] [debug] SyncWithDA(): DA_REPORT: EXT_RAM: m_ext_ram_chip_select(0x00)="CS_0"              
[0000942] [09:53:22:710559] [Tid0x00000890] [debug] SyncWithDA(): DA_REPORT: EXT_RAM: m_ext_ram_size(0x80000000)                            
[0000943] [09:53:22:710559] [Tid0x00000890] [debug] SyncWithDA(): DA_REPORT: RandomID: 0xE7384548 0x072A6AB3 0xD89D7810 0x9C7951FE
[0000944] [09:53:22:710559] [Tid0x00000890] [debug] <--[C435] cflashtool_api::FlashTool_Connect_Download_DA
[0000945] [09:53:22:710559] [Tid0x00000890] [debug] <--[C434] FlashTool_Connect_Download_DA
[0000946] [09:53:22:710559] [Tid0x00000890] [debug] -->[C436] FlashTool_CheckUSBStatus #(api.cpp, line:1154)
[0000947] [09:53:22:710559] [Tid0x00000890] [debug] -->[C437] cflashtool_api::FlashTool_CheckUSBStatus #(cflashtool_api.cpp, line:114)
[0000948] [09:53:22:726237] [Tid0x00000890] [debug] <--[C437] cflashtool_api::FlashTool_CheckUSBStatus
[0000949] [09:53:22:726237] [Tid0x00000890] [debug] <--[C436] FlashTool_CheckUSBStatus
[0000950] [09:53:22:726237] [Tid0x00000890] [debug] -->[C438] FlashTool_CheckUSBStatus #(api.cpp, line:1154)
[0000951] [09:53:22:726237] [Tid0x00000890] [debug] -->[C439] cflashtool_api::FlashTool_CheckUSBStatus #(cflashtool_api.cpp, line:114)
[0000952] [09:53:22:726237] [Tid0x00000890] [debug] <--[C439] cflashtool_api::FlashTool_CheckUSBStatus
[0000953] [09:53:22:726237] [Tid0x00000890] [debug] <--[C438] FlashTool_CheckUSBStatus
[0000954] [09:53:22:741866] [Tid0x00000890] [debug] -->[C440] FlashTool_GetReservedRomSize #(api.cpp, line:1677)
[0000955] [09:53:22:741866] [Tid0x00000890] [debug] <--[C440] FlashTool_GetReservedRomSize
[0000956] [09:53:22:741866] [Tid0x00000890] [debug] -->[C441] FlashTool_Format #(api.cpp, line:1346)
[0000957] [09:53:22:741866] [Tid0x00000890] [debug] -->[C442] cflashtool_api::FlashTool_Format #(cflashtool_api.cpp, line:662)
[0000958] [09:53:22:819929] [Tid0x00000890] [debug] <--[C442] cflashtool_api::FlashTool_Format
[0000959] [09:53:22:819929] [Tid0x00000890] [debug] <--[C441] FlashTool_Format
[0000960] [09:53:22:819929] [Tid0x00000890] [debug] -->[C443] FlashTool_GetReservedRomSize #(api.cpp, line:1677)
[0000961] [09:53:22:819929] [Tid0x00000890] [debug] <--[C443] FlashTool_GetReservedRomSize
[0000962] [09:53:22:819929] [Tid0x00000890] [debug] -->[C444] FlashTool_Format #(api.cpp, line:1346)
[0000963] [09:53:22:819929] [Tid0x00000890] [debug] -->[C445] cflashtool_api::FlashTool_Format #(cflashtool_api.cpp, line:662)
[0000964] [09:53:22:835551] [Tid0x00000890] [debug] <--[C445] cflashtool_api::FlashTool_Format
[0000965] [09:53:22:835551] [Tid0x00000890] [debug] <--[C444] FlashTool_Format
[0000966] [09:53:22:835551] [Tid0x00000890] [debug] -->[C446] FlashTool_GetReservedRomSize #(api.cpp, line:1677)
[0000967] [09:53:22:835551] [Tid0x00000890] [debug] <--[C446] FlashTool_GetReservedRomSize
[0000968] [09:53:22:835551] [Tid0x00000890] [debug] -->[C447] FlashTool_Format #(api.cpp, line:1346)
[0000969] [09:53:22:835551] [Tid0x00000890] [debug] -->[C448] cflashtool_api::FlashTool_Format #(cflashtool_api.cpp, line:662)
[0000970] [09:53:22:851174] [Tid0x00000890] [debug] <--[C448] cflashtool_api::FlashTool_Format
[0000971] [09:53:22:851174] [Tid0x00000890] [debug] <--[C447] FlashTool_Format
[0000972] [09:53:22:851174] [Tid0x00000890] [debug] -->[C449] FlashTool_GetReservedRomSize #(api.cpp, line:1677)
[0000973] [09:53:22:851174] [Tid0x00000890] [debug] <--[C449] FlashTool_GetReservedRomSize
[0000974] [09:53:22:851174] [Tid0x00000890] [debug] -->[C450] FlashTool_Format #(api.cpp, line:1346)
[0000975] [09:53:22:851174] [Tid0x00000890] [debug] -->[C451] cflashtool_api::FlashTool_Format #(cflashtool_api.cpp, line:662)
[0000976] [09:53:24:288672] [Tid0x00000890] [debug] <--[C451] cflashtool_api::FlashTool_Format
[0000977] [09:53:24:288672] [Tid0x00000890] [debug] <--[C450] FlashTool_Format
[0000978] [09:53:24:288672] [Tid0x00000890] [debug] -->[C452] FlashTool_Download #(api.cpp, line:1300)
[0000979] [09:53:24:288672] [Tid0x00000890] [debug] -->[C453] cflashtool_api::FlashTool_Download #(cflashtool_api.cpp, line:404)
[0000980] [09:53:24:288672] [Tid0x00000890] [debug] -->[C454] DL_GetCount #(api.cpp, line:2621)
[0000981] [09:53:24:288672] [Tid0x00000890] [debug] <--[C454] DL_GetCount
[0000982] [09:53:24:288672] [Tid0x00000890] [debug] -->[C455] DL_Rom_GetInfoAll #(api.cpp, line:2786)
[0000983] [09:53:24:288672] [Tid0x00000890] [debug] <--[C455] DL_Rom_GetInfoAll
[0000984] [09:57:26:761524] [Tid0x00000890] [debug] <--[C453] cflashtool_api::FlashTool_Download
[0000985] [09:57:26:761524] [Tid0x00000890] [debug] <--[C452] FlashTool_Download
[0000986] [09:57:26:761524] [Tid0x00000890] [debug] -->[C456] DL_GetCount #(api.cpp, line:2621)
[0000987] [09:57:26:761524] [Tid0x00000890] [debug] <--[C456] DL_GetCount
[0000988] [09:57:26:761524] [Tid0x00000890] [debug] -->[C457] DL_Rom_GetInfoAll #(api.cpp, line:2786)
[0000989] [09:57:26:761524] [Tid0x00000890] [debug] <--[C457] DL_Rom_GetInfoAll
[0000990] [09:57:26:761524] [Tid0x00000890] [debug] -->[C458] FlashTool_Disconnect #(api.cpp, line:1033)
[0000991] [09:57:26:761524] [Tid0x00000890] [debug] -->[C459] cflashtool_api::FlashTool_Disconnect #(cflashtool_api.cpp, line:34)
[0000992] [09:57:26:933396] [Tid0x00000890] [debug] -->[C460] DL_ClearFTHandle #(api.cpp, line:2545)
[0000993] [09:57:26:933396] [Tid0x00000890] [debug] <--[C460] DL_ClearFTHandle
[0000994] [09:57:26:933396] [Tid0x00000890] [debug] <--[C459] cflashtool_api::FlashTool_Disconnect
[0000995] [09:57:26:933396] [Tid0x00000890] [debug] <--[C458] FlashTool_Disconnect
[0000996] [10:02:39:154600] [Tid0x000004dc] [debug] -->[C461] DL_Rom_UnloadAll #(api.cpp, line:2829)
[0000997] [10:02:39:170225] [Tid0x000004dc] [debug] <--[C461] DL_Rom_UnloadAll
