[0000001] [03:29:35:648857] [Tid0x00000ab0] [debug] -->[C1] DL_LoadScatter #(api.cpp, line:2481)
[0000002] [03:29:36:006592] [Tid0x00000ab0] [debug] used lib version: 2 #(api.cpp, line:2503)
[0000003] [03:29:36:006592] [Tid0x00000ab0] [debug] <--[C1] DL_LoadScatter
[0000004] [03:29:36:006592] [Tid0x00000ab0] [debug] -->[C2] DL_AutoLoadRomImages #(api.cpp, line:2701)
[0000005] [03:29:38:816570] [Tid0x00000ab0] [debug] <--[C2] DL_AutoLoadRomImages
[0000006] [03:29:39:079650] [Tid0x00000544] [debug] -->[C3] DL_GetCount #(api.cpp, line:2621)
[0000007] [03:29:39:079650] [Tid0x00000544] [debug] <--[C3] DL_GetCount
[0000008] [03:29:39:079650] [Tid0x00000544] [debug] -->[C4] DL_Rom_GetInfoAll #(api.cpp, line:2786)
[0000009] [03:29:39:079650] [Tid0x00000544] [debug] <--[C4] DL_Rom_GetInfoAll
[0000010] [03:29:39:133059] [Tid0x00000544] [debug] -->[C5] DL_GetScatterInfo #(api.cpp, line:2722)
[0000011] [03:29:39:133059] [Tid0x00000544] [debug] <--[C5] DL_GetScatterInfo
[0000012] [03:29:39:148683] [Tid0x00000544] [debug] -->[C6] DL_GetCount #(api.cpp, line:2621)
[0000013] [03:29:39:148683] [Tid0x00000544] [debug] <--[C6] DL_GetCount
[0000014] [03:29:39:148683] [Tid0x00000544] [debug] -->[C7] DL_Rom_GetInfoAll #(api.cpp, line:2786)
[0000015] [03:29:39:148683] [Tid0x00000544] [debug] <--[C7] DL_Rom_GetInfoAll
[0000016] [03:29:39:148683] [Tid0x00000544] [debug] -->[C8] DL_Rom_SetEnableAttr #(api.cpp, line:2840)
[0000017] [03:29:39:148683] [Tid0x00000544] [debug] <--[C8] DL_Rom_SetEnableAttr
[0000018] [03:29:39:148683] [Tid0x00000544] [debug] -->[C9] DL_GetCount #(api.cpp, line:2621)
[0000019] [03:29:39:148683] [Tid0x00000544] [debug] <--[C9] DL_GetCount
[0000020] [03:29:39:148683] [Tid0x00000544] [debug] -->[C10] DL_Rom_GetInfoAll #(api.cpp, line:2786)
[0000021] [03:29:39:148683] [Tid0x00000544] [debug] <--[C10] DL_Rom_GetInfoAll
[0000022] [03:29:39:164308] [Tid0x00000544] [debug] -->[C11] DL_Rom_SetEnableAttr #(api.cpp, line:2840)
[0000023] [03:29:39:164308] [Tid0x00000544] [debug] <--[C11] DL_Rom_SetEnableAttr
[0000024] [03:29:39:179937] [Tid0x00000544] [debug] -->[C12] DL_GetCount #(api.cpp, line:2621)
[0000025] [03:29:39:179937] [Tid0x00000544] [debug] <--[C12] DL_GetCount
[0000026] [03:29:39:179937] [Tid0x00000544] [debug] -->[C13] DL_Rom_GetInfoAll #(api.cpp, line:2786)
[0000027] [03:29:39:179937] [Tid0x00000544] [debug] <--[C13] DL_Rom_GetInfoAll
[0000028] [03:29:39:179937] [Tid0x00000544] [debug] -->[C14] DL_Rom_SetEnableAttr #(api.cpp, line:2840)
[0000029] [03:29:39:179937] [Tid0x00000544] [debug] <--[C14] DL_Rom_SetEnableAttr
[0000030] [03:29:39:195556] [Tid0x00000544] [debug] -->[C15] DL_GetCount #(api.cpp, line:2621)
[0000031] [03:29:39:195556] [Tid0x00000544] [debug] <--[C15] DL_GetCount
[0000032] [03:29:39:195556] [Tid0x00000544] [debug] -->[C16] DL_Rom_GetInfoAll #(api.cpp, line:2786)
[0000033] [03:29:39:195556] [Tid0x00000544] [debug] <--[C16] DL_Rom_GetInfoAll
[0000034] [03:29:39:195556] [Tid0x00000544] [debug] -->[C17] DL_Rom_SetEnableAttr #(api.cpp, line:2840)
[0000035] [03:29:39:195556] [Tid0x00000544] [debug] <--[C17] DL_Rom_SetEnableAttr
[0000036] [03:29:39:195556] [Tid0x00000544] [debug] -->[C18] DL_GetCount #(api.cpp, line:2621)
[0000037] [03:29:39:195556] [Tid0x00000544] [debug] <--[C18] DL_GetCount
[0000038] [03:29:39:195556] [Tid0x00000544] [debug] -->[C19] DL_Rom_GetInfoAll #(api.cpp, line:2786)
[0000039] [03:29:39:195556] [Tid0x00000544] [debug] <--[C19] DL_Rom_GetInfoAll
[0000040] [03:29:39:211182] [Tid0x00000544] [debug] -->[C20] DL_Rom_SetEnableAttr #(api.cpp, line:2840)
[0000041] [03:29:39:211182] [Tid0x00000544] [debug] <--[C20] DL_Rom_SetEnableAttr
[0000042] [03:29:39:280223] [Tid0x00000544] [debug] -->[C21] DL_GetCount #(api.cpp, line:2621)
[0000043] [03:29:39:280223] [Tid0x00000544] [debug] <--[C21] DL_GetCount
[0000044] [03:29:39:280223] [Tid0x00000544] [debug] -->[C22] DL_Rom_GetInfoAll #(api.cpp, line:2786)
[0000045] [03:29:39:280223] [Tid0x00000544] [debug] <--[C22] DL_Rom_GetInfoAll
[0000046] [03:29:39:280223] [Tid0x00000544] [debug] -->[C23] DL_Rom_SetEnableAttr #(api.cpp, line:2840)
[0000047] [03:29:39:280223] [Tid0x00000544] [debug] <--[C23] DL_Rom_SetEnableAttr
[0000048] [03:29:39:295847] [Tid0x00000544] [debug] -->[C24] DL_GetCount #(api.cpp, line:2621)
[0000049] [03:29:39:295847] [Tid0x00000544] [debug] <--[C24] DL_GetCount
[0000050] [03:29:39:295847] [Tid0x00000544] [debug] -->[C25] DL_Rom_GetInfoAll #(api.cpp, line:2786)
[0000051] [03:29:39:295847] [Tid0x00000544] [debug] <--[C25] DL_Rom_GetInfoAll
[0000052] [03:29:39:295847] [Tid0x00000544] [debug] -->[C26] DL_Rom_SetEnableAttr #(api.cpp, line:2840)
[0000053] [03:29:39:295847] [Tid0x00000544] [debug] <--[C26] DL_Rom_SetEnableAttr
[0000054] [03:29:39:295847] [Tid0x00000544] [debug] -->[C27] DL_GetCount #(api.cpp, line:2621)
[0000055] [03:29:39:295847] [Tid0x00000544] [debug] <--[C27] DL_GetCount
[0000056] [03:29:39:295847] [Tid0x00000544] [debug] -->[C28] DL_Rom_GetInfoAll #(api.cpp, line:2786)
[0000057] [03:29:39:295847] [Tid0x00000544] [debug] <--[C28] DL_Rom_GetInfoAll
[0000058] [03:29:39:311473] [Tid0x00000544] [debug] -->[C29] DL_Rom_SetEnableAttr #(api.cpp, line:2840)
[0000059] [03:29:39:311473] [Tid0x00000544] [debug] <--[C29] DL_Rom_SetEnableAttr
[0000060] [03:29:39:317991] [Tid0x00000544] [debug] -->[C30] DL_GetCount #(api.cpp, line:2621)
[0000061] [03:29:39:317991] [Tid0x00000544] [debug] <--[C30] DL_GetCount
[0000062] [03:29:39:317991] [Tid0x00000544] [debug] -->[C31] DL_Rom_GetInfoAll #(api.cpp, line:2786)
[0000063] [03:29:39:317991] [Tid0x00000544] [debug] <--[C31] DL_Rom_GetInfoAll
[0000064] [03:29:39:333634] [Tid0x00000544] [debug] -->[C32] DL_Rom_SetEnableAttr #(api.cpp, line:2840)
[0000065] [03:29:39:333634] [Tid0x00000544] [debug] <--[C32] DL_Rom_SetEnableAttr
[0000066] [03:29:39:333634] [Tid0x00000544] [debug] -->[C33] DL_GetCount #(api.cpp, line:2621)
[0000067] [03:29:39:333634] [Tid0x00000544] [debug] <--[C33] DL_GetCount
[0000068] [03:29:39:333634] [Tid0x00000544] [debug] -->[C34] DL_Rom_GetInfoAll #(api.cpp, line:2786)
[0000069] [03:29:39:333634] [Tid0x00000544] [debug] <--[C34] DL_Rom_GetInfoAll
[0000070] [03:29:39:349260] [Tid0x00000544] [debug] -->[C35] DL_Rom_SetEnableAttr #(api.cpp, line:2840)
[0000071] [03:29:39:349260] [Tid0x00000544] [debug] <--[C35] DL_Rom_SetEnableAttr
[0000072] [03:29:39:349260] [Tid0x00000544] [debug] -->[C36] DL_GetCount #(api.cpp, line:2621)
[0000073] [03:29:39:349260] [Tid0x00000544] [debug] <--[C36] DL_GetCount
[0000074] [03:29:39:349260] [Tid0x00000544] [debug] -->[C37] DL_Rom_GetInfoAll #(api.cpp, line:2786)
[0000075] [03:29:39:349260] [Tid0x00000544] [debug] <--[C37] DL_Rom_GetInfoAll
[0000076] [03:29:39:349260] [Tid0x00000544] [debug] -->[C38] DL_Rom_SetEnableAttr #(api.cpp, line:2840)
[0000077] [03:29:39:349260] [Tid0x00000544] [debug] <--[C38] DL_Rom_SetEnableAttr
[0000078] [03:29:39:364884] [Tid0x00000544] [debug] -->[C39] DL_GetCount #(api.cpp, line:2621)
[0000079] [03:29:39:364884] [Tid0x00000544] [debug] <--[C39] DL_GetCount
[0000080] [03:29:39:364884] [Tid0x00000544] [debug] -->[C40] DL_Rom_GetInfoAll #(api.cpp, line:2786)
[0000081] [03:29:39:364884] [Tid0x00000544] [debug] <--[C40] DL_Rom_GetInfoAll
[0000082] [03:29:39:380508] [Tid0x00000544] [debug] -->[C41] DL_Rom_SetEnableAttr #(api.cpp, line:2840)
[0000083] [03:29:39:380508] [Tid0x00000544] [debug] <--[C41] DL_Rom_SetEnableAttr
[0000084] [03:29:39:380508] [Tid0x00000544] [debug] -->[C42] DL_GetCount #(api.cpp, line:2621)
[0000085] [03:29:39:380508] [Tid0x00000544] [debug] <--[C42] DL_GetCount
[0000086] [03:29:39:380508] [Tid0x00000544] [debug] -->[C43] DL_Rom_GetInfoAll #(api.cpp, line:2786)
[0000087] [03:29:39:380508] [Tid0x00000544] [debug] <--[C43] DL_Rom_GetInfoAll
[0000088] [03:29:39:380508] [Tid0x00000544] [debug] -->[C44] DL_Rom_SetEnableAttr #(api.cpp, line:2840)
[0000089] [03:29:39:380508] [Tid0x00000544] [debug] <--[C44] DL_Rom_SetEnableAttr
[0000090] [03:29:39:380508] [Tid0x00000544] [debug] -->[C45] DL_GetCount #(api.cpp, line:2621)
[0000091] [03:29:39:380508] [Tid0x00000544] [debug] <--[C45] DL_GetCount
[0000092] [03:29:39:380508] [Tid0x00000544] [debug] -->[C46] DL_Rom_GetInfoAll #(api.cpp, line:2786)
[0000093] [03:29:39:380508] [Tid0x00000544] [debug] <--[C46] DL_Rom_GetInfoAll
[0000094] [03:29:39:396132] [Tid0x00000544] [debug] -->[C47] DL_Rom_SetEnableAttr #(api.cpp, line:2840)
[0000095] [03:29:39:396132] [Tid0x00000544] [debug] <--[C47] DL_Rom_SetEnableAttr
[0000096] [03:29:39:440622] [Tid0x00000544] [debug] -->[C48] DL_GetCount #(api.cpp, line:2621)
[0000097] [03:29:39:440622] [Tid0x00000544] [debug] <--[C48] DL_GetCount
[0000098] [03:29:39:440622] [Tid0x00000544] [debug] -->[C49] DL_Rom_GetInfoAll #(api.cpp, line:2786)
[0000099] [03:29:39:440622] [Tid0x00000544] [debug] <--[C49] DL_Rom_GetInfoAll
[0000100] [03:29:39:450865] [Tid0x00000544] [debug] -->[C50] DL_Rom_SetEnableAttr #(api.cpp, line:2840)
[0000101] [03:29:39:450865] [Tid0x00000544] [debug] <--[C50] DL_Rom_SetEnableAttr
[0000102] [03:29:39:450865] [Tid0x00000544] [debug] -->[C51] DL_GetCount #(api.cpp, line:2621)
[0000103] [03:29:39:450865] [Tid0x00000544] [debug] <--[C51] DL_GetCount
[0000104] [03:29:39:450865] [Tid0x00000544] [debug] -->[C52] DL_Rom_GetInfoAll #(api.cpp, line:2786)
[0000105] [03:29:39:450865] [Tid0x00000544] [debug] <--[C52] DL_Rom_GetInfoAll
[0000106] [03:29:39:460992] [Tid0x00000544] [debug] -->[C53] DL_Rom_SetEnableAttr #(api.cpp, line:2840)
[0000107] [03:29:39:460992] [Tid0x00000544] [debug] <--[C53] DL_Rom_SetEnableAttr
[0000108] [03:29:39:460992] [Tid0x00000544] [debug] -->[C54] DL_GetCount #(api.cpp, line:2621)
[0000109] [03:29:39:460992] [Tid0x00000544] [debug] <--[C54] DL_GetCount
[0000110] [03:29:39:460992] [Tid0x00000544] [debug] -->[C55] DL_Rom_GetInfoAll #(api.cpp, line:2786)
[0000111] [03:29:39:460992] [Tid0x00000544] [debug] <--[C55] DL_Rom_GetInfoAll
[0000112] [03:29:39:471118] [Tid0x00000544] [debug] -->[C56] DL_Rom_SetEnableAttr #(api.cpp, line:2840)
[0000113] [03:29:39:471118] [Tid0x00000544] [debug] <--[C56] DL_Rom_SetEnableAttr
[0000114] [03:29:39:489443] [Tid0x00000544] [debug] -->[C57] DL_GetCount #(api.cpp, line:2621)
[0000115] [03:29:39:489443] [Tid0x00000544] [debug] <--[C57] DL_GetCount
[0000116] [03:29:39:489443] [Tid0x00000544] [debug] -->[C58] DL_Rom_GetInfoAll #(api.cpp, line:2786)
[0000117] [03:29:39:489443] [Tid0x00000544] [debug] <--[C58] DL_Rom_GetInfoAll
[0000118] [03:29:39:491507] [Tid0x00000544] [debug] -->[C59] DL_Rom_SetEnableAttr #(api.cpp, line:2840)
[0000119] [03:29:39:491507] [Tid0x00000544] [debug] <--[C59] DL_Rom_SetEnableAttr
[0000120] [03:29:39:501618] [Tid0x00000544] [debug] -->[C60] DL_GetCount #(api.cpp, line:2621)
[0000121] [03:29:39:501618] [Tid0x00000544] [debug] <--[C60] DL_GetCount
[0000122] [03:29:39:501618] [Tid0x00000544] [debug] -->[C61] DL_Rom_GetInfoAll #(api.cpp, line:2786)
[0000123] [03:29:39:501618] [Tid0x00000544] [debug] <--[C61] DL_Rom_GetInfoAll
[0000124] [03:29:39:501618] [Tid0x00000544] [debug] -->[C62] DL_Rom_SetEnableAttr #(api.cpp, line:2840)
[0000125] [03:29:39:501618] [Tid0x00000544] [debug] <--[C62] DL_Rom_SetEnableAttr
[0000126] [03:29:39:501618] [Tid0x00000544] [debug] -->[C63] DL_GetCount #(api.cpp, line:2621)
[0000127] [03:29:39:501618] [Tid0x00000544] [debug] <--[C63] DL_GetCount
[0000128] [03:29:39:501618] [Tid0x00000544] [debug] -->[C64] DL_Rom_GetInfoAll #(api.cpp, line:2786)
[0000129] [03:29:39:501618] [Tid0x00000544] [debug] <--[C64] DL_Rom_GetInfoAll
[0000130] [03:29:39:511768] [Tid0x00000544] [debug] -->[C65] DL_Rom_SetEnableAttr #(api.cpp, line:2840)
[0000131] [03:29:39:511768] [Tid0x00000544] [debug] <--[C65] DL_Rom_SetEnableAttr
[0000132] [03:29:39:532058] [Tid0x00000544] [debug] -->[C66] DL_GetCount #(api.cpp, line:2621)
[0000133] [03:29:39:532058] [Tid0x00000544] [debug] <--[C66] DL_GetCount
[0000134] [03:29:39:532058] [Tid0x00000544] [debug] -->[C67] DL_Rom_GetInfoAll #(api.cpp, line:2786)
[0000135] [03:29:39:532058] [Tid0x00000544] [debug] <--[C67] DL_Rom_GetInfoAll
[0000136] [03:29:39:540169] [Tid0x00000544] [debug] -->[C68] DL_Rom_SetEnableAttr #(api.cpp, line:2840)
[0000137] [03:29:39:540169] [Tid0x00000544] [debug] <--[C68] DL_Rom_SetEnableAttr
[0000138] [03:29:39:542233] [Tid0x00000544] [debug] -->[C69] DL_GetCount #(api.cpp, line:2621)
[0000139] [03:29:39:542233] [Tid0x00000544] [debug] <--[C69] DL_GetCount
[0000140] [03:29:39:542233] [Tid0x00000544] [debug] -->[C70] DL_Rom_GetInfoAll #(api.cpp, line:2786)
[0000141] [03:29:39:542233] [Tid0x00000544] [debug] <--[C70] DL_Rom_GetInfoAll
[0000142] [03:29:39:552390] [Tid0x00000544] [debug] -->[C71] DL_Rom_SetEnableAttr #(api.cpp, line:2840)
[0000143] [03:29:39:552390] [Tid0x00000544] [debug] <--[C71] DL_Rom_SetEnableAttr
[0000144] [03:29:39:552390] [Tid0x00000544] [debug] -->[C72] DL_GetCount #(api.cpp, line:2621)
[0000145] [03:29:39:552390] [Tid0x00000544] [debug] <--[C72] DL_GetCount
[0000146] [03:29:39:552390] [Tid0x00000544] [debug] -->[C73] DL_Rom_GetInfoAll #(api.cpp, line:2786)
[0000147] [03:29:39:552390] [Tid0x00000544] [debug] <--[C73] DL_Rom_GetInfoAll
[0000148] [03:29:39:552390] [Tid0x00000544] [debug] -->[C74] DL_Rom_SetEnableAttr #(api.cpp, line:2840)
[0000149] [03:29:39:552390] [Tid0x00000544] [debug] <--[C74] DL_Rom_SetEnableAttr
[0000150] [03:29:39:572725] [Tid0x00000544] [debug] -->[C75] DL_GetCount #(api.cpp, line:2621)
[0000151] [03:29:39:572725] [Tid0x00000544] [debug] <--[C75] DL_GetCount
[0000152] [03:29:39:572725] [Tid0x00000544] [debug] -->[C76] DL_Rom_GetInfoAll #(api.cpp, line:2786)
[0000153] [03:29:39:572725] [Tid0x00000544] [debug] <--[C76] DL_Rom_GetInfoAll
[0000154] [03:29:39:582834] [Tid0x00000544] [debug] -->[C77] DL_Rom_SetEnableAttr #(api.cpp, line:2840)
[0000155] [03:29:39:582834] [Tid0x00000544] [debug] <--[C77] DL_Rom_SetEnableAttr
[0000156] [03:29:39:582834] [Tid0x00000544] [debug] -->[C78] DL_GetCount #(api.cpp, line:2621)
[0000157] [03:29:39:582834] [Tid0x00000544] [debug] <--[C78] DL_GetCount
[0000158] [03:29:39:582834] [Tid0x00000544] [debug] -->[C79] DL_Rom_GetInfoAll #(api.cpp, line:2786)
[0000159] [03:29:39:582834] [Tid0x00000544] [debug] <--[C79] DL_Rom_GetInfoAll
[0000160] [03:29:39:592978] [Tid0x00000544] [debug] -->[C80] DL_Rom_SetEnableAttr #(api.cpp, line:2840)
[0000161] [03:29:39:592978] [Tid0x00000544] [debug] <--[C80] DL_Rom_SetEnableAttr
[0000162] [03:29:39:592978] [Tid0x00000544] [debug] -->[C81] DL_GetCount #(api.cpp, line:2621)
[0000163] [03:29:39:592978] [Tid0x00000544] [debug] <--[C81] DL_GetCount
[0000164] [03:29:39:592978] [Tid0x00000544] [debug] -->[C82] DL_Rom_GetInfoAll #(api.cpp, line:2786)
[0000165] [03:29:39:592978] [Tid0x00000544] [debug] <--[C82] DL_Rom_GetInfoAll
[0000166] [03:29:39:601055] [Tid0x00000544] [debug] -->[C83] DL_Rom_SetEnableAttr #(api.cpp, line:2840)
[0000167] [03:29:39:601055] [Tid0x00000544] [debug] <--[C83] DL_Rom_SetEnableAttr
[0000168] [03:29:39:613296] [Tid0x00000544] [debug] -->[C84] DL_GetCount #(api.cpp, line:2621)
[0000169] [03:29:39:613296] [Tid0x00000544] [debug] <--[C84] DL_GetCount
[0000170] [03:29:39:613296] [Tid0x00000544] [debug] -->[C85] DL_Rom_GetInfoAll #(api.cpp, line:2786)
[0000171] [03:29:39:613296] [Tid0x00000544] [debug] <--[C85] DL_Rom_GetInfoAll
[0000172] [03:29:39:623420] [Tid0x00000544] [debug] -->[C86] DL_Rom_SetEnableAttr #(api.cpp, line:2840)
[0000173] [03:29:39:623420] [Tid0x00000544] [debug] <--[C86] DL_Rom_SetEnableAttr
[0000174] [03:29:39:623420] [Tid0x00000544] [debug] -->[C87] DL_GetCount #(api.cpp, line:2621)
[0000175] [03:29:39:623420] [Tid0x00000544] [debug] <--[C87] DL_GetCount
[0000176] [03:29:39:623420] [Tid0x00000544] [debug] -->[C88] DL_Rom_GetInfoAll #(api.cpp, line:2786)
[0000177] [03:29:39:623420] [Tid0x00000544] [debug] <--[C88] DL_Rom_GetInfoAll
[0000178] [03:29:39:633858] [Tid0x00000544] [debug] -->[C89] DL_Rom_SetEnableAttr #(api.cpp, line:2840)
[0000179] [03:29:39:633858] [Tid0x00000544] [debug] <--[C89] DL_Rom_SetEnableAttr
[0000180] [03:29:39:633858] [Tid0x00000544] [debug] -->[C90] DL_GetCount #(api.cpp, line:2621)
[0000181] [03:29:39:633858] [Tid0x00000544] [debug] <--[C90] DL_GetCount
[0000182] [03:29:39:633858] [Tid0x00000544] [debug] -->[C91] DL_Rom_GetInfoAll #(api.cpp, line:2786)
[0000183] [03:29:39:633858] [Tid0x00000544] [debug] <--[C91] DL_Rom_GetInfoAll
[0000184] [03:29:39:643972] [Tid0x00000544] [debug] -->[C92] DL_Rom_SetEnableAttr #(api.cpp, line:2840)
[0000185] [03:29:39:643972] [Tid0x00000544] [debug] <--[C92] DL_Rom_SetEnableAttr
[0000186] [03:29:39:654198] [Tid0x00000544] [debug] -->[C93] DL_GetCount #(api.cpp, line:2621)
[0000187] [03:29:39:654198] [Tid0x00000544] [debug] <--[C93] DL_GetCount
[0000188] [03:29:39:662259] [Tid0x00000544] [debug] -->[C94] DL_Rom_GetInfoAll #(api.cpp, line:2786)
[0000189] [03:29:39:662259] [Tid0x00000544] [debug] <--[C94] DL_Rom_GetInfoAll
[0000190] [03:29:39:664313] [Tid0x00000544] [debug] -->[C95] DL_Rom_SetEnableAttr #(api.cpp, line:2840)
[0000191] [03:29:39:664313] [Tid0x00000544] [debug] <--[C95] DL_Rom_SetEnableAttr
[0000192] [03:29:39:672414] [Tid0x00000544] [debug] -->[C96] DL_GetCount #(api.cpp, line:2621)
[0000193] [03:29:39:672414] [Tid0x00000544] [debug] <--[C96] DL_GetCount
[0000194] [03:29:39:674470] [Tid0x00000544] [debug] -->[C97] DL_Rom_GetInfoAll #(api.cpp, line:2786)
[0000195] [03:29:39:674470] [Tid0x00000544] [debug] <--[C97] DL_Rom_GetInfoAll
[0000196] [03:29:39:674470] [Tid0x00000544] [debug] -->[C98] DL_Rom_SetEnableAttr #(api.cpp, line:2840)
[0000197] [03:29:39:674470] [Tid0x00000544] [debug] <--[C98] DL_Rom_SetEnableAttr
[0000198] [03:29:39:674470] [Tid0x00000544] [debug] -->[C99] DL_GetCount #(api.cpp, line:2621)
[0000199] [03:29:39:674470] [Tid0x00000544] [debug] <--[C99] DL_GetCount
[0000200] [03:29:39:674470] [Tid0x00000544] [debug] -->[C100] DL_Rom_GetInfoAll #(api.cpp, line:2786)
[0000201] [03:29:39:674470] [Tid0x00000544] [debug] <--[C100] DL_Rom_GetInfoAll
[0000202] [03:29:39:684681] [Tid0x00000544] [debug] -->[C101] DL_Rom_SetEnableAttr #(api.cpp, line:2840)
[0000203] [03:29:39:684681] [Tid0x00000544] [debug] <--[C101] DL_Rom_SetEnableAttr
[0000204] [03:29:39:704975] [Tid0x00000544] [debug] -->[C102] DL_GetCount #(api.cpp, line:2621)
[0000205] [03:29:39:704975] [Tid0x00000544] [debug] <--[C102] DL_GetCount
[0000206] [03:29:39:704975] [Tid0x00000544] [debug] -->[C103] DL_Rom_GetInfoAll #(api.cpp, line:2786)
[0000207] [03:29:39:704975] [Tid0x00000544] [debug] <--[C103] DL_Rom_GetInfoAll
[0000208] [03:29:39:704975] [Tid0x00000544] [debug] -->[C104] DL_Rom_SetEnableAttr #(api.cpp, line:2840)
[0000209] [03:29:39:713068] [Tid0x00000544] [debug] <--[C104] DL_Rom_SetEnableAttr
[0000210] [03:29:39:715177] [Tid0x00000544] [debug] -->[C105] DL_GetCount #(api.cpp, line:2621)
[0000211] [03:29:39:715177] [Tid0x00000544] [debug] <--[C105] DL_GetCount
[0000212] [03:29:39:715177] [Tid0x00000544] [debug] -->[C106] DL_Rom_GetInfoAll #(api.cpp, line:2786)
[0000213] [03:29:39:715177] [Tid0x00000544] [debug] <--[C106] DL_Rom_GetInfoAll
[0000214] [03:29:39:723239] [Tid0x00000544] [debug] -->[C107] DL_Rom_SetEnableAttr #(api.cpp, line:2840)
[0000215] [03:29:39:723239] [Tid0x00000544] [debug] <--[C107] DL_Rom_SetEnableAttr
[0000216] [03:29:39:723239] [Tid0x00000544] [debug] -->[C108] DL_GetCount #(api.cpp, line:2621)
[0000217] [03:29:39:725289] [Tid0x00000544] [debug] <--[C108] DL_GetCount
[0000218] [03:29:39:725289] [Tid0x00000544] [debug] -->[C109] DL_Rom_GetInfoAll #(api.cpp, line:2786)
[0000219] [03:29:39:725289] [Tid0x00000544] [debug] <--[C109] DL_Rom_GetInfoAll
[0000220] [03:29:39:725289] [Tid0x00000544] [debug] -->[C110] DL_Rom_SetEnableAttr #(api.cpp, line:2840)
[0000221] [03:29:39:725289] [Tid0x00000544] [debug] <--[C110] DL_Rom_SetEnableAttr
[0000222] [03:29:39:745873] [Tid0x00000544] [debug] -->[C111] DL_GetCount #(api.cpp, line:2621)
[0000223] [03:29:39:745873] [Tid0x00000544] [debug] <--[C111] DL_GetCount
[0000224] [03:29:39:745873] [Tid0x00000544] [debug] -->[C112] DL_Rom_GetInfoAll #(api.cpp, line:2786)
[0000225] [03:29:39:745873] [Tid0x00000544] [debug] <--[C112] DL_Rom_GetInfoAll
[0000226] [03:29:39:756006] [Tid0x00000544] [debug] -->[C113] DL_Rom_SetEnableAttr #(api.cpp, line:2840)
[0000227] [03:29:39:756006] [Tid0x00000544] [debug] <--[C113] DL_Rom_SetEnableAttr
[0000228] [03:29:39:756006] [Tid0x00000544] [debug] -->[C114] DL_GetCount #(api.cpp, line:2621)
[0000229] [03:29:39:756006] [Tid0x00000544] [debug] <--[C114] DL_GetCount
[0000230] [03:29:39:756006] [Tid0x00000544] [debug] -->[C115] DL_Rom_GetInfoAll #(api.cpp, line:2786)
[0000231] [03:29:39:756006] [Tid0x00000544] [debug] <--[C115] DL_Rom_GetInfoAll
[0000232] [03:29:39:766127] [Tid0x00000544] [debug] -->[C116] DL_Rom_SetEnableAttr #(api.cpp, line:2840)
[0000233] [03:29:39:766127] [Tid0x00000544] [debug] <--[C116] DL_Rom_SetEnableAttr
[0000234] [03:29:39:766127] [Tid0x00000544] [debug] -->[C117] DL_GetCount #(api.cpp, line:2621)
[0000235] [03:29:39:766127] [Tid0x00000544] [debug] <--[C117] DL_GetCount
[0000236] [03:29:39:766127] [Tid0x00000544] [debug] -->[C118] DL_Rom_GetInfoAll #(api.cpp, line:2786)
[0000237] [03:29:39:766127] [Tid0x00000544] [debug] <--[C118] DL_Rom_GetInfoAll
[0000238] [03:29:39:774248] [Tid0x00000544] [debug] -->[C119] DL_Rom_SetEnableAttr #(api.cpp, line:2840)
[0000239] [03:29:39:774248] [Tid0x00000544] [debug] <--[C119] DL_Rom_SetEnableAttr
[0000240] [03:29:39:786446] [Tid0x00000544] [debug] -->[C120] DL_GetCount #(api.cpp, line:2621)
[0000241] [03:29:39:786446] [Tid0x00000544] [debug] <--[C120] DL_GetCount
[0000242] [03:29:39:786446] [Tid0x00000544] [debug] -->[C121] DL_Rom_GetInfoAll #(api.cpp, line:2786)
[0000243] [03:29:39:786446] [Tid0x00000544] [debug] <--[C121] DL_Rom_GetInfoAll
[0000244] [03:29:39:796584] [Tid0x00000544] [debug] -->[C122] DL_Rom_SetEnableAttr #(api.cpp, line:2840)
[0000245] [03:29:39:796584] [Tid0x00000544] [debug] <--[C122] DL_Rom_SetEnableAttr
[0000246] [03:29:39:796584] [Tid0x00000544] [debug] -->[C123] DL_GetCount #(api.cpp, line:2621)
[0000247] [03:29:39:804649] [Tid0x00000544] [debug] <--[C123] DL_GetCount
[0000248] [03:29:39:804649] [Tid0x00000544] [debug] -->[C124] DL_Rom_GetInfoAll #(api.cpp, line:2786)
[0000249] [03:29:39:804649] [Tid0x00000544] [debug] <--[C124] DL_Rom_GetInfoAll
[0000250] [03:29:39:806697] [Tid0x00000544] [debug] -->[C125] DL_Rom_SetEnableAttr #(api.cpp, line:2840)
[0000251] [03:29:39:806697] [Tid0x00000544] [debug] <--[C125] DL_Rom_SetEnableAttr
[0000252] [03:29:39:806697] [Tid0x00000544] [debug] -->[C126] DL_GetCount #(api.cpp, line:2621)
[0000253] [03:29:39:806697] [Tid0x00000544] [debug] <--[C126] DL_GetCount
[0000254] [03:29:39:806697] [Tid0x00000544] [debug] -->[C127] DL_Rom_GetInfoAll #(api.cpp, line:2786)
[0000255] [03:29:39:806697] [Tid0x00000544] [debug] <--[C127] DL_Rom_GetInfoAll
[0000256] [03:29:39:816877] [Tid0x00000544] [debug] -->[C128] DL_Rom_SetEnableAttr #(api.cpp, line:2840)
[0000257] [03:29:39:816877] [Tid0x00000544] [debug] <--[C128] DL_Rom_SetEnableAttr
[0000258] [03:29:39:835394] [Tid0x00000544] [debug] -->[C129] DL_GetCount #(api.cpp, line:2621)
[0000259] [03:29:39:835394] [Tid0x00000544] [debug] <--[C129] DL_GetCount
[0000260] [03:29:39:835394] [Tid0x00000544] [debug] -->[C130] DL_Rom_GetInfoAll #(api.cpp, line:2786)
[0000261] [03:29:39:837403] [Tid0x00000544] [debug] <--[C130] DL_Rom_GetInfoAll
[0000262] [03:29:39:837436] [Tid0x00000544] [debug] -->[C131] DL_Rom_SetEnableAttr #(api.cpp, line:2840)
[0000263] [03:29:39:837436] [Tid0x00000544] [debug] <--[C131] DL_Rom_SetEnableAttr
[0000264] [03:29:39:847537] [Tid0x00000544] [debug] -->[C132] DL_GetCount #(api.cpp, line:2621)
[0000265] [03:29:39:847537] [Tid0x00000544] [debug] <--[C132] DL_GetCount
[0000266] [03:29:39:847537] [Tid0x00000544] [debug] -->[C133] DL_Rom_GetInfoAll #(api.cpp, line:2786)
[0000267] [03:29:39:847537] [Tid0x00000544] [debug] <--[C133] DL_Rom_GetInfoAll
[0000268] [03:29:39:855619] [Tid0x00000544] [debug] -->[C134] DL_Rom_SetEnableAttr #(api.cpp, line:2840)
[0000269] [03:29:39:855619] [Tid0x00000544] [debug] <--[C134] DL_Rom_SetEnableAttr
[0000270] [03:29:39:855619] [Tid0x00000544] [debug] -->[C135] DL_GetCount #(api.cpp, line:2621)
[0000271] [03:29:39:855619] [Tid0x00000544] [debug] <--[C135] DL_GetCount
[0000272] [03:29:39:855619] [Tid0x00000544] [debug] -->[C136] DL_Rom_GetInfoAll #(api.cpp, line:2786)
[0000273] [03:29:39:855619] [Tid0x00000544] [debug] <--[C136] DL_Rom_GetInfoAll
[0000274] [03:29:39:855619] [Tid0x00000544] [debug] -->[C137] DL_Rom_SetEnableAttr #(api.cpp, line:2840)
[0000275] [03:29:39:855619] [Tid0x00000544] [debug] <--[C137] DL_Rom_SetEnableAttr
[0000276] [03:29:39:875810] [Tid0x00000544] [debug] -->[C138] DL_GetCount #(api.cpp, line:2621)
[0000277] [03:29:39:875810] [Tid0x00000544] [debug] <--[C138] DL_GetCount
[0000278] [03:29:39:875810] [Tid0x00000544] [debug] -->[C139] DL_Rom_GetInfoAll #(api.cpp, line:2786)
[0000279] [03:29:39:875810] [Tid0x00000544] [debug] <--[C139] DL_Rom_GetInfoAll
[0000280] [03:29:39:885821] [Tid0x00000544] [debug] -->[C140] DL_Rom_SetEnableAttr #(api.cpp, line:2840)
[0000281] [03:29:39:885821] [Tid0x00000544] [debug] <--[C140] DL_Rom_SetEnableAttr
[0000282] [03:29:39:885821] [Tid0x00000544] [debug] -->[C141] DL_GetCount #(api.cpp, line:2621)
[0000283] [03:29:39:885821] [Tid0x00000544] [debug] <--[C141] DL_GetCount
[0000284] [03:29:39:885821] [Tid0x00000544] [debug] -->[C142] DL_Rom_GetInfoAll #(api.cpp, line:2786)
[0000285] [03:29:39:885821] [Tid0x00000544] [debug] <--[C142] DL_Rom_GetInfoAll
[0000286] [03:29:39:885821] [Tid0x00000544] [debug] -->[C143] DL_Rom_SetEnableAttr #(api.cpp, line:2840)
[0000287] [03:29:39:885821] [Tid0x00000544] [debug] <--[C143] DL_Rom_SetEnableAttr
[0000288] [03:29:39:885821] [Tid0x00000544] [debug] -->[C144] DL_GetCount #(api.cpp, line:2621)
[0000289] [03:29:39:885821] [Tid0x00000544] [debug] <--[C144] DL_GetCount
[0000290] [03:29:39:885821] [Tid0x00000544] [debug] -->[C145] DL_Rom_GetInfoAll #(api.cpp, line:2786)
[0000291] [03:29:39:885821] [Tid0x00000544] [debug] <--[C145] DL_Rom_GetInfoAll
[0000292] [03:29:39:901461] [Tid0x00000544] [debug] -->[C146] DL_Rom_SetEnableAttr #(api.cpp, line:2840)
[0000293] [03:29:39:901461] [Tid0x00000544] [debug] <--[C146] DL_Rom_SetEnableAttr
[0000294] [03:29:39:917088] [Tid0x00000544] [debug] -->[C147] DL_GetCount #(api.cpp, line:2621)
[0000295] [03:29:39:917088] [Tid0x00000544] [debug] <--[C147] DL_GetCount
[0000296] [03:29:39:917088] [Tid0x00000544] [debug] -->[C148] DL_Rom_GetInfoAll #(api.cpp, line:2786)
[0000297] [03:29:39:917088] [Tid0x00000544] [debug] <--[C148] DL_Rom_GetInfoAll
[0000298] [03:29:39:917088] [Tid0x00000544] [debug] -->[C149] DL_Rom_SetEnableAttr #(api.cpp, line:2840)
[0000299] [03:29:39:917088] [Tid0x00000544] [debug] <--[C149] DL_Rom_SetEnableAttr
[0000300] [03:29:39:932711] [Tid0x00000544] [debug] -->[C150] DL_SetChecksumLevel #(api.cpp, line:2523)
[0000301] [03:29:39:932711] [Tid0x00000544] [debug] <--[C150] DL_SetChecksumLevel
[0000302] [03:30:01:557780] [Tid0x00000ab0] [debug] -->[C151] DL_LoadScatter #(api.cpp, line:2481)
[0000303] [03:30:01:647212] [Tid0x00000ab0] [debug] used lib version: 2 #(api.cpp, line:2503)
[0000304] [03:30:01:647212] [Tid0x00000ab0] [debug] <--[C151] DL_LoadScatter
[0000305] [03:30:01:647212] [Tid0x00000ab0] [debug] -->[C152] DL_AutoLoadRomImages #(api.cpp, line:2701)
[0000306] [03:30:03:847976] [Tid0x00000ab0] [debug] <--[C152] DL_AutoLoadRomImages
[0000307] [03:30:03:901384] [Tid0x00000ab0] [debug] -->[C153] DL_GetCount #(api.cpp, line:2621)
[0000308] [03:30:03:901384] [Tid0x00000ab0] [debug] <--[C153] DL_GetCount
[0000309] [03:30:03:901384] [Tid0x00000ab0] [debug] -->[C154] DL_Rom_GetInfoAll #(api.cpp, line:2786)
[0000310] [03:30:03:901384] [Tid0x00000ab0] [debug] <--[C154] DL_Rom_GetInfoAll
[0000311] [03:30:03:901384] [Tid0x00000ab0] [debug] -->[C155] DL_VerifyROMMemBuf #(api.cpp, line:2578)
[0000312] [03:30:03:901384] [Tid0x00000ab0] [debug] -->[C156] cflashtool_api::DL_VerifyROMMemBuf #(cflashtool_api.cpp, line:2007)
[0000313] [03:31:22:586355] [Tid0x00000ab0] [debug] <--[C156] cflashtool_api::DL_VerifyROMMemBuf
[0000314] [03:31:22:586355] [Tid0x00000ab0] [debug] <--[C155] DL_VerifyROMMemBuf
[0000315] [03:31:22:586355] [Tid0x00000ab0] [debug] -->[C157] DL_VerifyROMMemBuf #(api.cpp, line:2578)
[0000316] [03:31:22:586355] [Tid0x00000ab0] [debug] -->[C158] cflashtool_api::DL_VerifyROMMemBuf #(cflashtool_api.cpp, line:2007)
[0000317] [03:31:22:586355] [Tid0x00000ab0] [debug] <--[C158] cflashtool_api::DL_VerifyROMMemBuf
[0000318] [03:31:22:586355] [Tid0x00000ab0] [debug] <--[C157] DL_VerifyROMMemBuf
[0000319] [03:31:22:586355] [Tid0x00000ab0] [debug] -->[C159] DL_VerifyROMMemBuf #(api.cpp, line:2578)
[0000320] [03:31:22:586355] [Tid0x00000ab0] [debug] -->[C160] cflashtool_api::DL_VerifyROMMemBuf #(cflashtool_api.cpp, line:2007)
[0000321] [03:31:22:586355] [Tid0x00000ab0] [debug] <--[C160] cflashtool_api::DL_VerifyROMMemBuf
[0000322] [03:31:22:586355] [Tid0x00000ab0] [debug] <--[C159] DL_VerifyROMMemBuf
[0000323] [03:31:22:586355] [Tid0x00000ab0] [debug] -->[C161] DL_VerifyROMMemBuf #(api.cpp, line:2578)
[0000324] [03:31:22:586355] [Tid0x00000ab0] [debug] -->[C162] cflashtool_api::DL_VerifyROMMemBuf #(cflashtool_api.cpp, line:2007)
[0000325] [03:31:22:586355] [Tid0x00000ab0] [debug] <--[C162] cflashtool_api::DL_VerifyROMMemBuf
[0000326] [03:31:22:586355] [Tid0x00000ab0] [debug] <--[C161] DL_VerifyROMMemBuf
[0000327] [03:31:22:586355] [Tid0x00000ab0] [debug] -->[C163] DL_VerifyROMMemBuf #(api.cpp, line:2578)
[0000328] [03:31:22:586355] [Tid0x00000ab0] [debug] -->[C164] cflashtool_api::DL_VerifyROMMemBuf #(cflashtool_api.cpp, line:2007)
[0000329] [03:31:22:586355] [Tid0x00000ab0] [debug] <--[C164] cflashtool_api::DL_VerifyROMMemBuf
[0000330] [03:31:22:586355] [Tid0x00000ab0] [debug] <--[C163] DL_VerifyROMMemBuf
[0000331] [03:31:22:586355] [Tid0x00000ab0] [debug] -->[C165] DL_VerifyROMMemBuf #(api.cpp, line:2578)
[0000332] [03:31:22:586355] [Tid0x00000ab0] [debug] -->[C166] cflashtool_api::DL_VerifyROMMemBuf #(cflashtool_api.cpp, line:2007)
[0000333] [03:31:22:586355] [Tid0x00000ab0] [debug] <--[C166] cflashtool_api::DL_VerifyROMMemBuf
[0000334] [03:31:22:586355] [Tid0x00000ab0] [debug] <--[C165] DL_VerifyROMMemBuf
[0000335] [03:31:22:586355] [Tid0x00000ab0] [debug] -->[C167] DL_VerifyROMMemBuf #(api.cpp, line:2578)
[0000336] [03:31:22:586355] [Tid0x00000ab0] [debug] -->[C168] cflashtool_api::DL_VerifyROMMemBuf #(cflashtool_api.cpp, line:2007)
[0000337] [03:31:22:586355] [Tid0x00000ab0] [debug] <--[C168] cflashtool_api::DL_VerifyROMMemBuf
[0000338] [03:31:22:586355] [Tid0x00000ab0] [debug] <--[C167] DL_VerifyROMMemBuf
[0000339] [03:31:22:586355] [Tid0x00000ab0] [debug] -->[C169] DL_VerifyROMMemBuf #(api.cpp, line:2578)
[0000340] [03:31:22:586355] [Tid0x00000ab0] [debug] -->[C170] cflashtool_api::DL_VerifyROMMemBuf #(cflashtool_api.cpp, line:2007)
[0000341] [03:31:22:586355] [Tid0x00000ab0] [debug] <--[C170] cflashtool_api::DL_VerifyROMMemBuf
[0000342] [03:31:22:586355] [Tid0x00000ab0] [debug] <--[C169] DL_VerifyROMMemBuf
[0000343] [03:31:22:586355] [Tid0x00000ab0] [debug] -->[C171] DL_VerifyROMMemBuf #(api.cpp, line:2578)
[0000344] [03:31:22:586355] [Tid0x00000ab0] [debug] -->[C172] cflashtool_api::DL_VerifyROMMemBuf #(cflashtool_api.cpp, line:2007)
[0000345] [03:31:22:586355] [Tid0x00000ab0] [debug] <--[C172] cflashtool_api::DL_VerifyROMMemBuf
[0000346] [03:31:22:586355] [Tid0x00000ab0] [debug] <--[C171] DL_VerifyROMMemBuf
[0000347] [03:31:22:586355] [Tid0x00000ab0] [debug] -->[C173] DL_VerifyROMMemBuf #(api.cpp, line:2578)
[0000348] [03:31:22:586355] [Tid0x00000ab0] [debug] -->[C174] cflashtool_api::DL_VerifyROMMemBuf #(cflashtool_api.cpp, line:2007)
[0000349] [03:31:22:586355] [Tid0x00000ab0] [debug] <--[C174] cflashtool_api::DL_VerifyROMMemBuf
[0000350] [03:31:22:586355] [Tid0x00000ab0] [debug] <--[C173] DL_VerifyROMMemBuf
[0000351] [03:31:22:586355] [Tid0x00000ab0] [debug] -->[C175] DL_VerifyROMMemBuf #(api.cpp, line:2578)
[0000352] [03:31:22:586355] [Tid0x00000ab0] [debug] -->[C176] cflashtool_api::DL_VerifyROMMemBuf #(cflashtool_api.cpp, line:2007)
[0000353] [03:31:22:586355] [Tid0x00000ab0] [debug] <--[C176] cflashtool_api::DL_VerifyROMMemBuf
[0000354] [03:31:22:586355] [Tid0x00000ab0] [debug] <--[C175] DL_VerifyROMMemBuf
[0000355] [03:31:22:586355] [Tid0x00000ab0] [debug] -->[C177] DL_VerifyROMMemBuf #(api.cpp, line:2578)
[0000356] [03:31:22:586355] [Tid0x00000ab0] [debug] -->[C178] cflashtool_api::DL_VerifyROMMemBuf #(cflashtool_api.cpp, line:2007)
[0000357] [03:31:22:617609] [Tid0x00000ab0] [debug] <--[C178] cflashtool_api::DL_VerifyROMMemBuf
[0000358] [03:31:22:617609] [Tid0x00000ab0] [debug] <--[C177] DL_VerifyROMMemBuf
[0000359] [03:31:22:617609] [Tid0x00000ab0] [debug] -->[C179] DL_VerifyROMMemBuf #(api.cpp, line:2578)
[0000360] [03:31:22:617609] [Tid0x00000ab0] [debug] -->[C180] cflashtool_api::DL_VerifyROMMemBuf #(cflashtool_api.cpp, line:2007)
[0000361] [03:31:22:617609] [Tid0x00000ab0] [debug] <--[C180] cflashtool_api::DL_VerifyROMMemBuf
[0000362] [03:31:22:617609] [Tid0x00000ab0] [debug] <--[C179] DL_VerifyROMMemBuf
[0000363] [03:31:22:617609] [Tid0x00000ab0] [debug] -->[C181] DL_VerifyROMMemBuf #(api.cpp, line:2578)
[0000364] [03:31:22:617609] [Tid0x00000ab0] [debug] -->[C182] cflashtool_api::DL_VerifyROMMemBuf #(cflashtool_api.cpp, line:2007)
[0000365] [03:31:22:617609] [Tid0x00000ab0] [debug] <--[C182] cflashtool_api::DL_VerifyROMMemBuf
[0000366] [03:31:22:617609] [Tid0x00000ab0] [debug] <--[C181] DL_VerifyROMMemBuf
[0000367] [03:31:22:617609] [Tid0x00000ab0] [debug] -->[C183] DL_VerifyROMMemBuf #(api.cpp, line:2578)
[0000368] [03:31:22:617609] [Tid0x00000ab0] [debug] -->[C184] cflashtool_api::DL_VerifyROMMemBuf #(cflashtool_api.cpp, line:2007)
[0000369] [03:31:22:617609] [Tid0x00000ab0] [debug] <--[C184] cflashtool_api::DL_VerifyROMMemBuf
[0000370] [03:31:22:617609] [Tid0x00000ab0] [debug] <--[C183] DL_VerifyROMMemBuf
[0000371] [03:31:22:617609] [Tid0x00000ab0] [debug] -->[C185] DL_VerifyROMMemBuf #(api.cpp, line:2578)
[0000372] [03:31:22:617609] [Tid0x00000ab0] [debug] -->[C186] cflashtool_api::DL_VerifyROMMemBuf #(cflashtool_api.cpp, line:2007)
[0000373] [03:31:22:617609] [Tid0x00000ab0] [debug] <--[C186] cflashtool_api::DL_VerifyROMMemBuf
[0000374] [03:31:22:617609] [Tid0x00000ab0] [debug] <--[C185] DL_VerifyROMMemBuf
[0000375] [03:31:22:633227] [Tid0x00000544] [debug] -->[C187] DL_GetCount #(api.cpp, line:2621)
[0000376] [03:31:22:633227] [Tid0x00000544] [debug] <--[C187] DL_GetCount
[0000377] [03:31:22:633227] [Tid0x00000544] [debug] -->[C188] DL_Rom_GetInfoAll #(api.cpp, line:2786)
[0000378] [03:31:22:633227] [Tid0x00000544] [debug] <--[C188] DL_Rom_GetInfoAll
[0000379] [03:31:22:702263] [Tid0x00000544] [debug] -->[C189] DL_GetScatterInfo #(api.cpp, line:2722)
[0000380] [03:31:22:702263] [Tid0x00000544] [debug] <--[C189] DL_GetScatterInfo
[0000381] [03:31:22:702263] [Tid0x00000544] [debug] -->[C190] DL_GetCount #(api.cpp, line:2621)
[0000382] [03:31:22:702263] [Tid0x00000544] [debug] <--[C190] DL_GetCount
[0000383] [03:31:22:702263] [Tid0x00000544] [debug] -->[C191] DL_Rom_GetInfoAll #(api.cpp, line:2786)
[0000384] [03:31:22:702263] [Tid0x00000544] [debug] <--[C191] DL_Rom_GetInfoAll
[0000385] [03:31:22:717887] [Tid0x00000544] [debug] -->[C192] DL_Rom_SetEnableAttr #(api.cpp, line:2840)
[0000386] [03:31:22:717887] [Tid0x00000544] [debug] <--[C192] DL_Rom_SetEnableAttr
[0000387] [03:31:22:733510] [Tid0x00000544] [debug] -->[C193] DL_GetCount #(api.cpp, line:2621)
[0000388] [03:31:22:733510] [Tid0x00000544] [debug] <--[C193] DL_GetCount
[0000389] [03:31:22:733510] [Tid0x00000544] [debug] -->[C194] DL_Rom_GetInfoAll #(api.cpp, line:2786)
[0000390] [03:31:22:733510] [Tid0x00000544] [debug] <--[C194] DL_Rom_GetInfoAll
[0000391] [03:31:22:733510] [Tid0x00000544] [debug] -->[C195] DL_Rom_SetEnableAttr #(api.cpp, line:2840)
[0000392] [03:31:22:733510] [Tid0x00000544] [debug] <--[C195] DL_Rom_SetEnableAttr
[0000393] [03:31:22:749136] [Tid0x00000544] [debug] -->[C196] DL_GetCount #(api.cpp, line:2621)
[0000394] [03:31:22:749136] [Tid0x00000544] [debug] <--[C196] DL_GetCount
[0000395] [03:31:22:749136] [Tid0x00000544] [debug] -->[C197] DL_Rom_GetInfoAll #(api.cpp, line:2786)
[0000396] [03:31:22:749136] [Tid0x00000544] [debug] <--[C197] DL_Rom_GetInfoAll
[0000397] [03:31:22:749136] [Tid0x00000544] [debug] -->[C198] DL_Rom_SetEnableAttr #(api.cpp, line:2840)
[0000398] [03:31:22:749136] [Tid0x00000544] [debug] <--[C198] DL_Rom_SetEnableAttr
[0000399] [03:31:22:771275] [Tid0x00000544] [debug] -->[C199] DL_GetCount #(api.cpp, line:2621)
[0000400] [03:31:22:771275] [Tid0x00000544] [debug] <--[C199] DL_GetCount
[0000401] [03:31:22:771275] [Tid0x00000544] [debug] -->[C200] DL_Rom_GetInfoAll #(api.cpp, line:2786)
[0000402] [03:31:22:771275] [Tid0x00000544] [debug] <--[C200] DL_Rom_GetInfoAll
[0000403] [03:31:22:771275] [Tid0x00000544] [debug] -->[C201] DL_Rom_SetEnableAttr #(api.cpp, line:2840)
[0000404] [03:31:22:771275] [Tid0x00000544] [debug] <--[C201] DL_Rom_SetEnableAttr
[0000405] [03:31:22:786918] [Tid0x00000544] [debug] -->[C202] DL_GetCount #(api.cpp, line:2621)
[0000406] [03:31:22:786918] [Tid0x00000544] [debug] <--[C202] DL_GetCount
[0000407] [03:31:22:786918] [Tid0x00000544] [debug] -->[C203] DL_Rom_GetInfoAll #(api.cpp, line:2786)
[0000408] [03:31:22:786918] [Tid0x00000544] [debug] <--[C203] DL_Rom_GetInfoAll
[0000409] [03:31:22:786918] [Tid0x00000544] [debug] -->[C204] DL_Rom_SetEnableAttr #(api.cpp, line:2840)
[0000410] [03:31:22:786918] [Tid0x00000544] [debug] <--[C204] DL_Rom_SetEnableAttr
[0000411] [03:31:22:802545] [Tid0x00000544] [debug] -->[C205] DL_GetCount #(api.cpp, line:2621)
[0000412] [03:31:22:802545] [Tid0x00000544] [debug] <--[C205] DL_GetCount
[0000413] [03:31:22:802545] [Tid0x00000544] [debug] -->[C206] DL_Rom_GetInfoAll #(api.cpp, line:2786)
[0000414] [03:31:22:802545] [Tid0x00000544] [debug] <--[C206] DL_Rom_GetInfoAll
[0000415] [03:31:22:802545] [Tid0x00000544] [debug] -->[C207] DL_Rom_SetEnableAttr #(api.cpp, line:2840)
[0000416] [03:31:22:802545] [Tid0x00000544] [debug] <--[C207] DL_Rom_SetEnableAttr
[0000417] [03:31:22:818166] [Tid0x00000544] [debug] -->[C208] DL_GetCount #(api.cpp, line:2621)
[0000418] [03:31:22:818166] [Tid0x00000544] [debug] <--[C208] DL_GetCount
[0000419] [03:31:22:818166] [Tid0x00000544] [debug] -->[C209] DL_Rom_GetInfoAll #(api.cpp, line:2786)
[0000420] [03:31:22:818166] [Tid0x00000544] [debug] <--[C209] DL_Rom_GetInfoAll
[0000421] [03:31:22:818166] [Tid0x00000544] [debug] -->[C210] DL_Rom_SetEnableAttr #(api.cpp, line:2840)
[0000422] [03:31:22:818166] [Tid0x00000544] [debug] <--[C210] DL_Rom_SetEnableAttr
[0000423] [03:31:22:833791] [Tid0x00000544] [debug] -->[C211] DL_GetCount #(api.cpp, line:2621)
[0000424] [03:31:22:833791] [Tid0x00000544] [debug] <--[C211] DL_GetCount
[0000425] [03:31:22:833791] [Tid0x00000544] [debug] -->[C212] DL_Rom_GetInfoAll #(api.cpp, line:2786)
[0000426] [03:31:22:833791] [Tid0x00000544] [debug] <--[C212] DL_Rom_GetInfoAll
[0000427] [03:31:22:833791] [Tid0x00000544] [debug] -->[C213] DL_Rom_SetEnableAttr #(api.cpp, line:2840)
[0000428] [03:31:22:833791] [Tid0x00000544] [debug] <--[C213] DL_Rom_SetEnableAttr
[0000429] [03:31:22:849417] [Tid0x00000544] [debug] -->[C214] DL_GetCount #(api.cpp, line:2621)
[0000430] [03:31:22:849417] [Tid0x00000544] [debug] <--[C214] DL_GetCount
[0000431] [03:31:22:849417] [Tid0x00000544] [debug] -->[C215] DL_Rom_GetInfoAll #(api.cpp, line:2786)
[0000432] [03:31:22:849417] [Tid0x00000544] [debug] <--[C215] DL_Rom_GetInfoAll
[0000433] [03:31:22:849417] [Tid0x00000544] [debug] -->[C216] DL_Rom_SetEnableAttr #(api.cpp, line:2840)
[0000434] [03:31:22:849417] [Tid0x00000544] [debug] <--[C216] DL_Rom_SetEnableAttr
[0000435] [03:31:22:865043] [Tid0x00000544] [debug] -->[C217] DL_GetCount #(api.cpp, line:2621)
[0000436] [03:31:22:865043] [Tid0x00000544] [debug] <--[C217] DL_GetCount
[0000437] [03:31:22:865043] [Tid0x00000544] [debug] -->[C218] DL_Rom_GetInfoAll #(api.cpp, line:2786)
[0000438] [03:31:22:865043] [Tid0x00000544] [debug] <--[C218] DL_Rom_GetInfoAll
[0000439] [03:31:22:871566] [Tid0x00000544] [debug] -->[C219] DL_Rom_SetEnableAttr #(api.cpp, line:2840)
[0000440] [03:31:22:871566] [Tid0x00000544] [debug] <--[C219] DL_Rom_SetEnableAttr
[0000441] [03:31:22:871566] [Tid0x00000544] [debug] -->[C220] DL_GetCount #(api.cpp, line:2621)
[0000442] [03:31:22:871566] [Tid0x00000544] [debug] <--[C220] DL_GetCount
[0000443] [03:31:22:871566] [Tid0x00000544] [debug] -->[C221] DL_Rom_GetInfoAll #(api.cpp, line:2786)
[0000444] [03:31:22:871566] [Tid0x00000544] [debug] <--[C221] DL_Rom_GetInfoAll
[0000445] [03:31:22:887210] [Tid0x00000544] [debug] -->[C222] DL_Rom_SetEnableAttr #(api.cpp, line:2840)
[0000446] [03:31:22:887210] [Tid0x00000544] [debug] <--[C222] DL_Rom_SetEnableAttr
[0000447] [03:31:22:887210] [Tid0x00000544] [debug] -->[C223] DL_GetCount #(api.cpp, line:2621)
[0000448] [03:31:22:887210] [Tid0x00000544] [debug] <--[C223] DL_GetCount
[0000449] [03:31:22:887210] [Tid0x00000544] [debug] -->[C224] DL_Rom_GetInfoAll #(api.cpp, line:2786)
[0000450] [03:31:22:887210] [Tid0x00000544] [debug] <--[C224] DL_Rom_GetInfoAll
[0000451] [03:31:22:902836] [Tid0x00000544] [debug] -->[C225] DL_Rom_SetEnableAttr #(api.cpp, line:2840)
[0000452] [03:31:22:902836] [Tid0x00000544] [debug] <--[C225] DL_Rom_SetEnableAttr
[0000453] [03:31:22:902836] [Tid0x00000544] [debug] -->[C226] DL_GetCount #(api.cpp, line:2621)
[0000454] [03:31:22:902836] [Tid0x00000544] [debug] <--[C226] DL_GetCount
[0000455] [03:31:22:902836] [Tid0x00000544] [debug] -->[C227] DL_Rom_GetInfoAll #(api.cpp, line:2786)
[0000456] [03:31:22:902836] [Tid0x00000544] [debug] <--[C227] DL_Rom_GetInfoAll
[0000457] [03:31:22:902836] [Tid0x00000544] [debug] -->[C228] DL_Rom_SetEnableAttr #(api.cpp, line:2840)
[0000458] [03:31:22:902836] [Tid0x00000544] [debug] <--[C228] DL_Rom_SetEnableAttr
[0000459] [03:31:22:918460] [Tid0x00000544] [debug] -->[C229] DL_GetCount #(api.cpp, line:2621)
[0000460] [03:31:22:918460] [Tid0x00000544] [debug] <--[C229] DL_GetCount
[0000461] [03:31:22:918460] [Tid0x00000544] [debug] -->[C230] DL_Rom_GetInfoAll #(api.cpp, line:2786)
[0000462] [03:31:22:918460] [Tid0x00000544] [debug] <--[C230] DL_Rom_GetInfoAll
[0000463] [03:31:22:934083] [Tid0x00000544] [debug] -->[C231] DL_Rom_SetEnableAttr #(api.cpp, line:2840)
[0000464] [03:31:22:934083] [Tid0x00000544] [debug] <--[C231] DL_Rom_SetEnableAttr
[0000465] [03:31:22:934083] [Tid0x00000544] [debug] -->[C232] DL_GetCount #(api.cpp, line:2621)
[0000466] [03:31:22:934083] [Tid0x00000544] [debug] <--[C232] DL_GetCount
[0000467] [03:31:22:934083] [Tid0x00000544] [debug] -->[C233] DL_Rom_GetInfoAll #(api.cpp, line:2786)
[0000468] [03:31:22:934083] [Tid0x00000544] [debug] <--[C233] DL_Rom_GetInfoAll
[0000469] [03:31:22:934083] [Tid0x00000544] [debug] -->[C234] DL_Rom_SetEnableAttr #(api.cpp, line:2840)
[0000470] [03:31:22:949707] [Tid0x00000544] [debug] <--[C234] DL_Rom_SetEnableAttr
[0000471] [03:31:22:949707] [Tid0x00000544] [debug] -->[C235] DL_GetCount #(api.cpp, line:2621)
[0000472] [03:31:22:949707] [Tid0x00000544] [debug] <--[C235] DL_GetCount
[0000473] [03:31:22:949707] [Tid0x00000544] [debug] -->[C236] DL_Rom_GetInfoAll #(api.cpp, line:2786)
[0000474] [03:31:22:949707] [Tid0x00000544] [debug] <--[C236] DL_Rom_GetInfoAll
[0000475] [03:31:22:949707] [Tid0x00000544] [debug] -->[C237] DL_Rom_SetEnableAttr #(api.cpp, line:2840)
[0000476] [03:31:22:949707] [Tid0x00000544] [debug] <--[C237] DL_Rom_SetEnableAttr
[0000477] [03:31:22:965332] [Tid0x00000544] [debug] -->[C238] DL_GetCount #(api.cpp, line:2621)
[0000478] [03:31:22:965332] [Tid0x00000544] [debug] <--[C238] DL_GetCount
[0000479] [03:31:22:965332] [Tid0x00000544] [debug] -->[C239] DL_Rom_GetInfoAll #(api.cpp, line:2786)
[0000480] [03:31:22:965332] [Tid0x00000544] [debug] <--[C239] DL_Rom_GetInfoAll
[0000481] [03:31:22:971849] [Tid0x00000544] [debug] -->[C240] DL_Rom_SetEnableAttr #(api.cpp, line:2840)
[0000482] [03:31:22:971849] [Tid0x00000544] [debug] <--[C240] DL_Rom_SetEnableAttr
[0000483] [03:31:22:971849] [Tid0x00000544] [debug] -->[C241] DL_GetCount #(api.cpp, line:2621)
[0000484] [03:31:22:971849] [Tid0x00000544] [debug] <--[C241] DL_GetCount
[0000485] [03:31:22:971849] [Tid0x00000544] [debug] -->[C242] DL_Rom_GetInfoAll #(api.cpp, line:2786)
[0000486] [03:31:22:971849] [Tid0x00000544] [debug] <--[C242] DL_Rom_GetInfoAll
[0000487] [03:31:22:987487] [Tid0x00000544] [debug] -->[C243] DL_Rom_SetEnableAttr #(api.cpp, line:2840)
[0000488] [03:31:22:987487] [Tid0x00000544] [debug] <--[C243] DL_Rom_SetEnableAttr
[0000489] [03:31:22:987487] [Tid0x00000544] [debug] -->[C244] DL_GetCount #(api.cpp, line:2621)
[0000490] [03:31:22:987487] [Tid0x00000544] [debug] <--[C244] DL_GetCount
[0000491] [03:31:22:987487] [Tid0x00000544] [debug] -->[C245] DL_Rom_GetInfoAll #(api.cpp, line:2786)
[0000492] [03:31:22:987487] [Tid0x00000544] [debug] <--[C245] DL_Rom_GetInfoAll
[0000493] [03:31:23:003113] [Tid0x00000544] [debug] -->[C246] DL_Rom_SetEnableAttr #(api.cpp, line:2840)
[0000494] [03:31:23:003113] [Tid0x00000544] [debug] <--[C246] DL_Rom_SetEnableAttr
[0000495] [03:31:23:003113] [Tid0x00000544] [debug] -->[C247] DL_GetCount #(api.cpp, line:2621)
[0000496] [03:31:23:003113] [Tid0x00000544] [debug] <--[C247] DL_GetCount
[0000497] [03:31:23:003113] [Tid0x00000544] [debug] -->[C248] DL_Rom_GetInfoAll #(api.cpp, line:2786)
[0000498] [03:31:23:003113] [Tid0x00000544] [debug] <--[C248] DL_Rom_GetInfoAll
[0000499] [03:31:23:018738] [Tid0x00000544] [debug] -->[C249] DL_Rom_SetEnableAttr #(api.cpp, line:2840)
[0000500] [03:31:23:018738] [Tid0x00000544] [debug] <--[C249] DL_Rom_SetEnableAttr
[0000501] [03:31:23:018738] [Tid0x00000544] [debug] -->[C250] DL_GetCount #(api.cpp, line:2621)
[0000502] [03:31:23:018738] [Tid0x00000544] [debug] <--[C250] DL_GetCount
[0000503] [03:31:23:018738] [Tid0x00000544] [debug] -->[C251] DL_Rom_GetInfoAll #(api.cpp, line:2786)
[0000504] [03:31:23:018738] [Tid0x00000544] [debug] <--[C251] DL_Rom_GetInfoAll
[0000505] [03:31:23:018738] [Tid0x00000544] [debug] -->[C252] DL_Rom_SetEnableAttr #(api.cpp, line:2840)
[0000506] [03:31:23:018738] [Tid0x00000544] [debug] <--[C252] DL_Rom_SetEnableAttr
[0000507] [03:31:23:034360] [Tid0x00000544] [debug] -->[C253] DL_GetCount #(api.cpp, line:2621)
[0000508] [03:31:23:034360] [Tid0x00000544] [debug] <--[C253] DL_GetCount
[0000509] [03:31:23:034360] [Tid0x00000544] [debug] -->[C254] DL_Rom_GetInfoAll #(api.cpp, line:2786)
[0000510] [03:31:23:034360] [Tid0x00000544] [debug] <--[C254] DL_Rom_GetInfoAll
[0000511] [03:31:23:034360] [Tid0x00000544] [debug] -->[C255] DL_Rom_SetEnableAttr #(api.cpp, line:2840)
[0000512] [03:31:23:034360] [Tid0x00000544] [debug] <--[C255] DL_Rom_SetEnableAttr
[0000513] [03:31:23:049984] [Tid0x00000544] [debug] -->[C256] DL_GetCount #(api.cpp, line:2621)
[0000514] [03:31:23:049984] [Tid0x00000544] [debug] <--[C256] DL_GetCount
[0000515] [03:31:23:049984] [Tid0x00000544] [debug] -->[C257] DL_Rom_GetInfoAll #(api.cpp, line:2786)
[0000516] [03:31:23:049984] [Tid0x00000544] [debug] <--[C257] DL_Rom_GetInfoAll
[0000517] [03:31:23:049984] [Tid0x00000544] [debug] -->[C258] DL_Rom_SetEnableAttr #(api.cpp, line:2840)
[0000518] [03:31:23:049984] [Tid0x00000544] [debug] <--[C258] DL_Rom_SetEnableAttr
[0000519] [03:31:23:072125] [Tid0x00000544] [debug] -->[C259] DL_GetCount #(api.cpp, line:2621)
[0000520] [03:31:23:072125] [Tid0x00000544] [debug] <--[C259] DL_GetCount
[0000521] [03:31:23:072125] [Tid0x00000544] [debug] -->[C260] DL_Rom_GetInfoAll #(api.cpp, line:2786)
[0000522] [03:31:23:072125] [Tid0x00000544] [debug] <--[C260] DL_Rom_GetInfoAll
[0000523] [03:31:23:072125] [Tid0x00000544] [debug] -->[C261] DL_Rom_SetEnableAttr #(api.cpp, line:2840)
[0000524] [03:31:23:072125] [Tid0x00000544] [debug] <--[C261] DL_Rom_SetEnableAttr
[0000525] [03:31:23:087765] [Tid0x00000544] [debug] -->[C262] DL_GetCount #(api.cpp, line:2621)
[0000526] [03:31:23:087765] [Tid0x00000544] [debug] <--[C262] DL_GetCount
[0000527] [03:31:23:087765] [Tid0x00000544] [debug] -->[C263] DL_Rom_GetInfoAll #(api.cpp, line:2786)
[0000528] [03:31:23:087765] [Tid0x00000544] [debug] <--[C263] DL_Rom_GetInfoAll
[0000529] [03:31:23:087765] [Tid0x00000544] [debug] -->[C264] DL_Rom_SetEnableAttr #(api.cpp, line:2840)
[0000530] [03:31:23:087765] [Tid0x00000544] [debug] <--[C264] DL_Rom_SetEnableAttr
[0000531] [03:31:23:087765] [Tid0x00000544] [debug] -->[C265] DL_GetCount #(api.cpp, line:2621)
[0000532] [03:31:23:087765] [Tid0x00000544] [debug] <--[C265] DL_GetCount
[0000533] [03:31:23:087765] [Tid0x00000544] [debug] -->[C266] DL_Rom_GetInfoAll #(api.cpp, line:2786)
[0000534] [03:31:23:087765] [Tid0x00000544] [debug] <--[C266] DL_Rom_GetInfoAll
[0000535] [03:31:23:103389] [Tid0x00000544] [debug] -->[C267] DL_Rom_SetEnableAttr #(api.cpp, line:2840)
[0000536] [03:31:23:103389] [Tid0x00000544] [debug] <--[C267] DL_Rom_SetEnableAttr
[0000537] [03:31:23:103389] [Tid0x00000544] [debug] -->[C268] DL_GetCount #(api.cpp, line:2621)
[0000538] [03:31:23:103389] [Tid0x00000544] [debug] <--[C268] DL_GetCount
[0000539] [03:31:23:103389] [Tid0x00000544] [debug] -->[C269] DL_Rom_GetInfoAll #(api.cpp, line:2786)
[0000540] [03:31:23:103389] [Tid0x00000544] [debug] <--[C269] DL_Rom_GetInfoAll
[0000541] [03:31:23:119014] [Tid0x00000544] [debug] -->[C270] DL_Rom_SetEnableAttr #(api.cpp, line:2840)
[0000542] [03:31:23:119014] [Tid0x00000544] [debug] <--[C270] DL_Rom_SetEnableAttr
[0000543] [03:31:23:119014] [Tid0x00000544] [debug] -->[C271] DL_GetCount #(api.cpp, line:2621)
[0000544] [03:31:23:119014] [Tid0x00000544] [debug] <--[C271] DL_GetCount
[0000545] [03:31:23:119014] [Tid0x00000544] [debug] -->[C272] DL_Rom_GetInfoAll #(api.cpp, line:2786)
[0000546] [03:31:23:119014] [Tid0x00000544] [debug] <--[C272] DL_Rom_GetInfoAll
[0000547] [03:31:23:134638] [Tid0x00000544] [debug] -->[C273] DL_Rom_SetEnableAttr #(api.cpp, line:2840)
[0000548] [03:31:23:134638] [Tid0x00000544] [debug] <--[C273] DL_Rom_SetEnableAttr
[0000549] [03:31:23:134638] [Tid0x00000544] [debug] -->[C274] DL_GetCount #(api.cpp, line:2621)
[0000550] [03:31:23:134638] [Tid0x00000544] [debug] <--[C274] DL_GetCount
[0000551] [03:31:23:134638] [Tid0x00000544] [debug] -->[C275] DL_Rom_GetInfoAll #(api.cpp, line:2786)
[0000552] [03:31:23:134638] [Tid0x00000544] [debug] <--[C275] DL_Rom_GetInfoAll
[0000553] [03:31:23:150262] [Tid0x00000544] [debug] -->[C276] DL_Rom_SetEnableAttr #(api.cpp, line:2840)
[0000554] [03:31:23:150262] [Tid0x00000544] [debug] <--[C276] DL_Rom_SetEnableAttr
[0000555] [03:31:23:150262] [Tid0x00000544] [debug] -->[C277] DL_GetCount #(api.cpp, line:2621)
[0000556] [03:31:23:150262] [Tid0x00000544] [debug] <--[C277] DL_GetCount
[0000557] [03:31:23:150262] [Tid0x00000544] [debug] -->[C278] DL_Rom_GetInfoAll #(api.cpp, line:2786)
[0000558] [03:31:23:150262] [Tid0x00000544] [debug] <--[C278] DL_Rom_GetInfoAll
[0000559] [03:31:23:165885] [Tid0x00000544] [debug] -->[C279] DL_Rom_SetEnableAttr #(api.cpp, line:2840)
[0000560] [03:31:23:165885] [Tid0x00000544] [debug] <--[C279] DL_Rom_SetEnableAttr
[0000561] [03:31:23:172403] [Tid0x00000544] [debug] -->[C280] DL_GetCount #(api.cpp, line:2621)
[0000562] [03:31:23:172403] [Tid0x00000544] [debug] <--[C280] DL_GetCount
[0000563] [03:31:23:172403] [Tid0x00000544] [debug] -->[C281] DL_Rom_GetInfoAll #(api.cpp, line:2786)
[0000564] [03:31:23:172403] [Tid0x00000544] [debug] <--[C281] DL_Rom_GetInfoAll
[0000565] [03:31:23:172403] [Tid0x00000544] [debug] -->[C282] DL_Rom_SetEnableAttr #(api.cpp, line:2840)
[0000566] [03:31:23:172403] [Tid0x00000544] [debug] <--[C282] DL_Rom_SetEnableAttr
[0000567] [03:31:23:188044] [Tid0x00000544] [debug] -->[C283] DL_GetCount #(api.cpp, line:2621)
[0000568] [03:31:23:188044] [Tid0x00000544] [debug] <--[C283] DL_GetCount
[0000569] [03:31:23:188044] [Tid0x00000544] [debug] -->[C284] DL_Rom_GetInfoAll #(api.cpp, line:2786)
[0000570] [03:31:23:188044] [Tid0x00000544] [debug] <--[C284] DL_Rom_GetInfoAll
[0000571] [03:31:23:188044] [Tid0x00000544] [debug] -->[C285] DL_Rom_SetEnableAttr #(api.cpp, line:2840)
[0000572] [03:31:23:188044] [Tid0x00000544] [debug] <--[C285] DL_Rom_SetEnableAttr
[0000573] [03:31:23:203667] [Tid0x00000544] [debug] -->[C286] DL_GetCount #(api.cpp, line:2621)
[0000574] [03:31:23:203667] [Tid0x00000544] [debug] <--[C286] DL_GetCount
[0000575] [03:31:23:203667] [Tid0x00000544] [debug] -->[C287] DL_Rom_GetInfoAll #(api.cpp, line:2786)
[0000576] [03:31:23:203667] [Tid0x00000544] [debug] <--[C287] DL_Rom_GetInfoAll
[0000577] [03:31:23:203667] [Tid0x00000544] [debug] -->[C288] DL_Rom_SetEnableAttr #(api.cpp, line:2840)
[0000578] [03:31:23:203667] [Tid0x00000544] [debug] <--[C288] DL_Rom_SetEnableAttr
[0000579] [03:31:23:219290] [Tid0x00000544] [debug] -->[C289] DL_GetCount #(api.cpp, line:2621)
[0000580] [03:31:23:219290] [Tid0x00000544] [debug] <--[C289] DL_GetCount
[0000581] [03:31:23:219290] [Tid0x00000544] [debug] -->[C290] DL_Rom_GetInfoAll #(api.cpp, line:2786)
[0000582] [03:31:23:219290] [Tid0x00000544] [debug] <--[C290] DL_Rom_GetInfoAll
[0000583] [03:31:23:219290] [Tid0x00000544] [debug] -->[C291] DL_Rom_SetEnableAttr #(api.cpp, line:2840)
[0000584] [03:31:23:219290] [Tid0x00000544] [debug] <--[C291] DL_Rom_SetEnableAttr
[0000585] [03:31:23:234914] [Tid0x00000544] [debug] -->[C292] DL_GetCount #(api.cpp, line:2621)
[0000586] [03:31:23:234914] [Tid0x00000544] [debug] <--[C292] DL_GetCount
[0000587] [03:31:23:234914] [Tid0x00000544] [debug] -->[C293] DL_Rom_GetInfoAll #(api.cpp, line:2786)
[0000588] [03:31:23:234914] [Tid0x00000544] [debug] <--[C293] DL_Rom_GetInfoAll
[0000589] [03:31:23:234914] [Tid0x00000544] [debug] -->[C294] DL_Rom_SetEnableAttr #(api.cpp, line:2840)
[0000590] [03:31:23:234914] [Tid0x00000544] [debug] <--[C294] DL_Rom_SetEnableAttr
[0000591] [03:31:23:250540] [Tid0x00000544] [debug] -->[C295] DL_GetCount #(api.cpp, line:2621)
[0000592] [03:31:23:250540] [Tid0x00000544] [debug] <--[C295] DL_GetCount
[0000593] [03:31:23:250540] [Tid0x00000544] [debug] -->[C296] DL_Rom_GetInfoAll #(api.cpp, line:2786)
[0000594] [03:31:23:250540] [Tid0x00000544] [debug] <--[C296] DL_Rom_GetInfoAll
[0000595] [03:31:23:250540] [Tid0x00000544] [debug] -->[C297] DL_Rom_SetEnableAttr #(api.cpp, line:2840)
[0000596] [03:31:23:250540] [Tid0x00000544] [debug] <--[C297] DL_Rom_SetEnableAttr
[0000597] [03:31:23:266166] [Tid0x00000544] [debug] -->[C298] DL_GetCount #(api.cpp, line:2621)
[0000598] [03:31:23:266166] [Tid0x00000544] [debug] <--[C298] DL_GetCount
[0000599] [03:31:23:266166] [Tid0x00000544] [debug] -->[C299] DL_Rom_GetInfoAll #(api.cpp, line:2786)
[0000600] [03:31:23:266166] [Tid0x00000544] [debug] <--[C299] DL_Rom_GetInfoAll
[0000601] [03:31:23:272682] [Tid0x00000544] [debug] -->[C300] DL_Rom_SetEnableAttr #(api.cpp, line:2840)
[0000602] [03:31:23:272682] [Tid0x00000544] [debug] <--[C300] DL_Rom_SetEnableAttr
[0000603] [03:31:23:288324] [Tid0x00000544] [debug] -->[C301] DL_GetCount #(api.cpp, line:2621)
[0000604] [03:31:23:288324] [Tid0x00000544] [debug] <--[C301] DL_GetCount
[0000605] [03:31:23:288324] [Tid0x00000544] [debug] -->[C302] DL_Rom_GetInfoAll #(api.cpp, line:2786)
[0000606] [03:31:23:288324] [Tid0x00000544] [debug] <--[C302] DL_Rom_GetInfoAll
[0000607] [03:31:23:288324] [Tid0x00000544] [debug] -->[C303] DL_Rom_SetEnableAttr #(api.cpp, line:2840)
[0000608] [03:31:23:288324] [Tid0x00000544] [debug] <--[C303] DL_Rom_SetEnableAttr
[0000609] [03:31:23:303949] [Tid0x00000544] [debug] -->[C304] DL_GetCount #(api.cpp, line:2621)
[0000610] [03:31:23:303949] [Tid0x00000544] [debug] <--[C304] DL_GetCount
[0000611] [03:31:23:303949] [Tid0x00000544] [debug] -->[C305] DL_Rom_GetInfoAll #(api.cpp, line:2786)
[0000612] [03:31:23:303949] [Tid0x00000544] [debug] <--[C305] DL_Rom_GetInfoAll
[0000613] [03:31:23:303949] [Tid0x00000544] [debug] -->[C306] DL_Rom_SetEnableAttr #(api.cpp, line:2840)
[0000614] [03:31:23:303949] [Tid0x00000544] [debug] <--[C306] DL_Rom_SetEnableAttr
[0000615] [03:31:23:319575] [Tid0x00000544] [debug] -->[C307] DL_GetCount #(api.cpp, line:2621)
[0000616] [03:31:23:319575] [Tid0x00000544] [debug] <--[C307] DL_GetCount
[0000617] [03:31:23:319575] [Tid0x00000544] [debug] -->[C308] DL_Rom_GetInfoAll #(api.cpp, line:2786)
[0000618] [03:31:23:319575] [Tid0x00000544] [debug] <--[C308] DL_Rom_GetInfoAll
[0000619] [03:31:23:335199] [Tid0x00000544] [debug] -->[C309] DL_Rom_SetEnableAttr #(api.cpp, line:2840)
[0000620] [03:31:23:335199] [Tid0x00000544] [debug] <--[C309] DL_Rom_SetEnableAttr
[0000621] [03:31:23:335199] [Tid0x00000544] [debug] -->[C310] DL_GetCount #(api.cpp, line:2621)
[0000622] [03:31:23:335199] [Tid0x00000544] [debug] <--[C310] DL_GetCount
[0000623] [03:31:23:335199] [Tid0x00000544] [debug] -->[C311] DL_Rom_GetInfoAll #(api.cpp, line:2786)
[0000624] [03:31:23:335199] [Tid0x00000544] [debug] <--[C311] DL_Rom_GetInfoAll
[0000625] [03:31:23:335199] [Tid0x00000544] [debug] -->[C312] DL_Rom_SetEnableAttr #(api.cpp, line:2840)
[0000626] [03:31:23:335199] [Tid0x00000544] [debug] <--[C312] DL_Rom_SetEnableAttr
[0000627] [03:31:23:350822] [Tid0x00000544] [debug] -->[C313] DL_GetCount #(api.cpp, line:2621)
[0000628] [03:31:23:350822] [Tid0x00000544] [debug] <--[C313] DL_GetCount
[0000629] [03:31:23:350822] [Tid0x00000544] [debug] -->[C314] DL_Rom_GetInfoAll #(api.cpp, line:2786)
[0000630] [03:31:23:350822] [Tid0x00000544] [debug] <--[C314] DL_Rom_GetInfoAll
[0000631] [03:31:23:366446] [Tid0x00000544] [debug] -->[C315] DL_Rom_SetEnableAttr #(api.cpp, line:2840)
[0000632] [03:31:23:366446] [Tid0x00000544] [debug] <--[C315] DL_Rom_SetEnableAttr
[0000633] [03:31:23:372962] [Tid0x00000544] [debug] -->[C316] DL_GetCount #(api.cpp, line:2621)
[0000634] [03:31:23:372962] [Tid0x00000544] [debug] <--[C316] DL_GetCount
[0000635] [03:31:23:372962] [Tid0x00000544] [debug] -->[C317] DL_Rom_GetInfoAll #(api.cpp, line:2786)
[0000636] [03:31:23:372962] [Tid0x00000544] [debug] <--[C317] DL_Rom_GetInfoAll
[0000637] [03:31:23:372962] [Tid0x00000544] [debug] -->[C318] DL_Rom_SetEnableAttr #(api.cpp, line:2840)
[0000638] [03:31:23:372962] [Tid0x00000544] [debug] <--[C318] DL_Rom_SetEnableAttr
[0000639] [03:31:23:388604] [Tid0x00000544] [debug] -->[C319] DL_GetCount #(api.cpp, line:2621)
[0000640] [03:31:23:388604] [Tid0x00000544] [debug] <--[C319] DL_GetCount
[0000641] [03:31:23:388604] [Tid0x00000544] [debug] -->[C320] DL_Rom_GetInfoAll #(api.cpp, line:2786)
[0000642] [03:31:23:388604] [Tid0x00000544] [debug] <--[C320] DL_Rom_GetInfoAll
[0000643] [03:31:23:388604] [Tid0x00000544] [debug] -->[C321] DL_Rom_SetEnableAttr #(api.cpp, line:2840)
[0000644] [03:31:23:388604] [Tid0x00000544] [debug] <--[C321] DL_Rom_SetEnableAttr
[0000645] [03:31:23:404231] [Tid0x00000544] [debug] -->[C322] DL_GetCount #(api.cpp, line:2621)
[0000646] [03:31:23:404231] [Tid0x00000544] [debug] <--[C322] DL_GetCount
[0000647] [03:31:23:404231] [Tid0x00000544] [debug] -->[C323] DL_Rom_GetInfoAll #(api.cpp, line:2786)
[0000648] [03:31:23:404231] [Tid0x00000544] [debug] <--[C323] DL_Rom_GetInfoAll
[0000649] [03:31:23:419853] [Tid0x00000544] [debug] -->[C324] DL_Rom_SetEnableAttr #(api.cpp, line:2840)
[0000650] [03:31:23:419853] [Tid0x00000544] [debug] <--[C324] DL_Rom_SetEnableAttr
[0000651] [03:31:23:419853] [Tid0x00000544] [debug] -->[C325] DL_GetCount #(api.cpp, line:2621)
[0000652] [03:31:23:419853] [Tid0x00000544] [debug] <--[C325] DL_GetCount
[0000653] [03:31:23:419853] [Tid0x00000544] [debug] -->[C326] DL_Rom_GetInfoAll #(api.cpp, line:2786)
[0000654] [03:31:23:419853] [Tid0x00000544] [debug] <--[C326] DL_Rom_GetInfoAll
[0000655] [03:31:23:419853] [Tid0x00000544] [debug] -->[C327] DL_Rom_SetEnableAttr #(api.cpp, line:2840)
[0000656] [03:31:23:419853] [Tid0x00000544] [debug] <--[C327] DL_Rom_SetEnableAttr
[0000657] [03:31:23:435477] [Tid0x00000544] [debug] -->[C328] DL_GetCount #(api.cpp, line:2621)
[0000658] [03:31:23:435477] [Tid0x00000544] [debug] <--[C328] DL_GetCount
[0000659] [03:31:23:435477] [Tid0x00000544] [debug] -->[C329] DL_Rom_GetInfoAll #(api.cpp, line:2786)
[0000660] [03:31:23:435477] [Tid0x00000544] [debug] <--[C329] DL_Rom_GetInfoAll
[0000661] [03:31:23:451103] [Tid0x00000544] [debug] -->[C330] DL_Rom_SetEnableAttr #(api.cpp, line:2840)
[0000662] [03:31:23:451103] [Tid0x00000544] [debug] <--[C330] DL_Rom_SetEnableAttr
[0000663] [03:31:23:451103] [Tid0x00000544] [debug] -->[C331] DL_GetCount #(api.cpp, line:2621)
[0000664] [03:31:23:451103] [Tid0x00000544] [debug] <--[C331] DL_GetCount
[0000665] [03:31:23:451103] [Tid0x00000544] [debug] -->[C332] DL_Rom_GetInfoAll #(api.cpp, line:2786)
[0000666] [03:31:23:451103] [Tid0x00000544] [debug] <--[C332] DL_Rom_GetInfoAll
[0000667] [03:31:23:466727] [Tid0x00000544] [debug] -->[C333] DL_Rom_SetEnableAttr #(api.cpp, line:2840)
[0000668] [03:31:23:466727] [Tid0x00000544] [debug] <--[C333] DL_Rom_SetEnableAttr
[0000669] [03:31:23:473247] [Tid0x00000544] [debug] -->[C334] DL_GetCount #(api.cpp, line:2621)
[0000670] [03:31:23:473247] [Tid0x00000544] [debug] <--[C334] DL_GetCount
[0000671] [03:31:23:473247] [Tid0x00000544] [debug] -->[C335] DL_Rom_GetInfoAll #(api.cpp, line:2786)
[0000672] [03:31:23:473247] [Tid0x00000544] [debug] <--[C335] DL_Rom_GetInfoAll
[0000673] [03:31:23:473247] [Tid0x00000544] [debug] -->[C336] DL_Rom_SetEnableAttr #(api.cpp, line:2840)
[0000674] [03:31:23:473247] [Tid0x00000544] [debug] <--[C336] DL_Rom_SetEnableAttr
[0000675] [03:31:23:488890] [Tid0x00000544] [debug] -->[C337] DL_GetCount #(api.cpp, line:2621)
[0000676] [03:31:23:488890] [Tid0x00000544] [debug] <--[C337] DL_GetCount
[0000677] [03:31:23:488890] [Tid0x00000544] [debug] -->[C338] DL_Rom_GetInfoAll #(api.cpp, line:2786)
[0000678] [03:31:23:488890] [Tid0x00000544] [debug] <--[C338] DL_Rom_GetInfoAll
[0000679] [03:31:23:504513] [Tid0x00000544] [debug] -->[C339] DL_Rom_SetEnableAttr #(api.cpp, line:2840)
[0000680] [03:31:23:504513] [Tid0x00000544] [debug] <--[C339] DL_Rom_SetEnableAttr
[0000681] [03:31:23:504513] [Tid0x00000544] [debug] -->[C340] DL_GetCount #(api.cpp, line:2621)
[0000682] [03:31:23:504513] [Tid0x00000544] [debug] <--[C340] DL_GetCount
[0000683] [03:31:23:504513] [Tid0x00000544] [debug] -->[C341] DL_Rom_GetInfoAll #(api.cpp, line:2786)
[0000684] [03:31:23:504513] [Tid0x00000544] [debug] <--[C341] DL_Rom_GetInfoAll
[0000685] [03:31:23:520139] [Tid0x00000544] [debug] -->[C342] DL_Rom_SetEnableAttr #(api.cpp, line:2840)
[0000686] [03:31:23:520139] [Tid0x00000544] [debug] <--[C342] DL_Rom_SetEnableAttr
[0000687] [03:31:23:520139] [Tid0x00000544] [debug] -->[C343] DL_GetCount #(api.cpp, line:2621)
[0000688] [03:31:23:520139] [Tid0x00000544] [debug] <--[C343] DL_GetCount
[0000689] [03:31:23:520139] [Tid0x00000544] [debug] -->[C344] DL_Rom_GetInfoAll #(api.cpp, line:2786)
[0000690] [03:31:23:520139] [Tid0x00000544] [debug] <--[C344] DL_Rom_GetInfoAll
[0000691] [03:31:23:535764] [Tid0x00000544] [debug] -->[C345] DL_Rom_SetEnableAttr #(api.cpp, line:2840)
[0000692] [03:31:23:535764] [Tid0x00000544] [debug] <--[C345] DL_Rom_SetEnableAttr
[0000693] [03:31:23:535764] [Tid0x00000544] [debug] -->[C346] DL_GetCount #(api.cpp, line:2621)
[0000694] [03:31:23:535764] [Tid0x00000544] [debug] <--[C346] DL_GetCount
[0000695] [03:31:23:535764] [Tid0x00000544] [debug] -->[C347] DL_Rom_GetInfoAll #(api.cpp, line:2786)
[0000696] [03:31:23:535764] [Tid0x00000544] [debug] <--[C347] DL_Rom_GetInfoAll
[0000697] [03:31:23:551389] [Tid0x00000544] [debug] -->[C348] DL_Rom_SetEnableAttr #(api.cpp, line:2840)
[0000698] [03:31:23:551389] [Tid0x00000544] [debug] <--[C348] DL_Rom_SetEnableAttr
[0000699] [03:31:23:551389] [Tid0x00000544] [debug] -->[C349] DL_GetCount #(api.cpp, line:2621)
[0000700] [03:31:23:551389] [Tid0x00000544] [debug] <--[C349] DL_GetCount
[0000701] [03:31:23:551389] [Tid0x00000544] [debug] -->[C350] DL_Rom_GetInfoAll #(api.cpp, line:2786)
[0000702] [03:31:23:551389] [Tid0x00000544] [debug] <--[C350] DL_Rom_GetInfoAll
[0000703] [03:31:23:567012] [Tid0x00000544] [debug] -->[C351] DL_Rom_SetEnableAttr #(api.cpp, line:2840)
[0000704] [03:31:23:567012] [Tid0x00000544] [debug] <--[C351] DL_Rom_SetEnableAttr
[0000705] [03:31:23:573532] [Tid0x00000544] [debug] -->[C352] DL_GetCount #(api.cpp, line:2621)
[0000706] [03:31:23:573532] [Tid0x00000544] [debug] <--[C352] DL_GetCount
[0000707] [03:31:23:573532] [Tid0x00000544] [debug] -->[C353] DL_Rom_GetInfoAll #(api.cpp, line:2786)
[0000708] [03:31:23:573532] [Tid0x00000544] [debug] <--[C353] DL_Rom_GetInfoAll
[0000709] [03:31:23:573532] [Tid0x00000544] [debug] -->[C354] DL_Rom_SetEnableAttr #(api.cpp, line:2840)
[0000710] [03:31:23:573532] [Tid0x00000544] [debug] <--[C354] DL_Rom_SetEnableAttr
[0000711] [03:31:23:589173] [Tid0x00000544] [debug] -->[C355] DL_GetCount #(api.cpp, line:2621)
[0000712] [03:31:23:589173] [Tid0x00000544] [debug] <--[C355] DL_GetCount
[0000713] [03:31:23:589173] [Tid0x00000544] [debug] -->[C356] DL_Rom_GetInfoAll #(api.cpp, line:2786)
[0000714] [03:31:23:589173] [Tid0x00000544] [debug] <--[C356] DL_Rom_GetInfoAll
[0000715] [03:31:23:589173] [Tid0x00000544] [debug] -->[C357] DL_Rom_SetEnableAttr #(api.cpp, line:2840)
[0000716] [03:31:23:589173] [Tid0x00000544] [debug] <--[C357] DL_Rom_SetEnableAttr
[0000717] [03:31:23:604798] [Tid0x00000544] [debug] -->[C358] DL_GetCount #(api.cpp, line:2621)
[0000718] [03:31:23:604798] [Tid0x00000544] [debug] <--[C358] DL_GetCount
[0000719] [03:31:23:604798] [Tid0x00000544] [debug] -->[C359] DL_Rom_GetInfoAll #(api.cpp, line:2786)
[0000720] [03:31:23:604798] [Tid0x00000544] [debug] <--[C359] DL_Rom_GetInfoAll
[0000721] [03:31:23:604798] [Tid0x00000544] [debug] -->[C360] DL_Rom_SetEnableAttr #(api.cpp, line:2840)
[0000722] [03:31:23:604798] [Tid0x00000544] [debug] <--[C360] DL_Rom_SetEnableAttr
[0000723] [03:31:23:620421] [Tid0x00000544] [debug] -->[C361] DL_GetCount #(api.cpp, line:2621)
[0000724] [03:31:23:620421] [Tid0x00000544] [debug] <--[C361] DL_GetCount
[0000725] [03:31:23:620421] [Tid0x00000544] [debug] -->[C362] DL_Rom_GetInfoAll #(api.cpp, line:2786)
[0000726] [03:31:23:620421] [Tid0x00000544] [debug] <--[C362] DL_Rom_GetInfoAll
[0000727] [03:31:23:620421] [Tid0x00000544] [debug] -->[C363] DL_Rom_SetEnableAttr #(api.cpp, line:2840)
[0000728] [03:31:23:620421] [Tid0x00000544] [debug] <--[C363] DL_Rom_SetEnableAttr
[0000729] [03:31:23:636045] [Tid0x00000544] [debug] -->[C364] DL_GetCount #(api.cpp, line:2621)
[0000730] [03:31:23:636045] [Tid0x00000544] [debug] <--[C364] DL_GetCount
[0000731] [03:31:23:636045] [Tid0x00000544] [debug] -->[C365] DL_Rom_GetInfoAll #(api.cpp, line:2786)
[0000732] [03:31:23:636045] [Tid0x00000544] [debug] <--[C365] DL_Rom_GetInfoAll
[0000733] [03:31:23:651671] [Tid0x00000544] [debug] -->[C366] DL_Rom_SetEnableAttr #(api.cpp, line:2840)
[0000734] [03:31:23:651671] [Tid0x00000544] [debug] <--[C366] DL_Rom_SetEnableAttr
[0000735] [03:31:23:651671] [Tid0x00000544] [debug] -->[C367] DL_GetCount #(api.cpp, line:2621)
[0000736] [03:31:23:651671] [Tid0x00000544] [debug] <--[C367] DL_GetCount
[0000737] [03:31:23:651671] [Tid0x00000544] [debug] -->[C368] DL_Rom_GetInfoAll #(api.cpp, line:2786)
[0000738] [03:31:23:651671] [Tid0x00000544] [debug] <--[C368] DL_Rom_GetInfoAll
[0000739] [03:31:23:667296] [Tid0x00000544] [debug] -->[C369] DL_Rom_SetEnableAttr #(api.cpp, line:2840)
[0000740] [03:31:23:667296] [Tid0x00000544] [debug] <--[C369] DL_Rom_SetEnableAttr
[0000741] [03:31:23:673816] [Tid0x00000544] [debug] -->[C370] DL_GetCount #(api.cpp, line:2621)
[0000742] [03:31:23:673816] [Tid0x00000544] [debug] <--[C370] DL_GetCount
[0000743] [03:31:23:673816] [Tid0x00000544] [debug] -->[C371] DL_Rom_GetInfoAll #(api.cpp, line:2786)
[0000744] [03:31:23:673816] [Tid0x00000544] [debug] <--[C371] DL_Rom_GetInfoAll
[0000745] [03:31:23:673816] [Tid0x00000544] [debug] -->[C372] DL_Rom_SetEnableAttr #(api.cpp, line:2840)
[0000746] [03:31:23:673816] [Tid0x00000544] [debug] <--[C372] DL_Rom_SetEnableAttr
[0000747] [03:31:23:689455] [Tid0x00000544] [debug] -->[C373] DL_GetCount #(api.cpp, line:2621)
[0000748] [03:31:23:689455] [Tid0x00000544] [debug] <--[C373] DL_GetCount
[0000749] [03:31:23:689455] [Tid0x00000544] [debug] -->[C374] DL_Rom_GetInfoAll #(api.cpp, line:2786)
[0000750] [03:31:23:689455] [Tid0x00000544] [debug] <--[C374] DL_Rom_GetInfoAll
[0000751] [03:31:23:689455] [Tid0x00000544] [debug] -->[C375] DL_Rom_SetEnableAttr #(api.cpp, line:2840)
[0000752] [03:31:23:689455] [Tid0x00000544] [debug] <--[C375] DL_Rom_SetEnableAttr
[0000753] [03:31:23:705085] [Tid0x00000544] [debug] -->[C376] DL_GetCount #(api.cpp, line:2621)
[0000754] [03:31:23:705085] [Tid0x00000544] [debug] <--[C376] DL_GetCount
[0000755] [03:31:23:705085] [Tid0x00000544] [debug] -->[C377] DL_Rom_GetInfoAll #(api.cpp, line:2786)
[0000756] [03:31:23:705085] [Tid0x00000544] [debug] <--[C377] DL_Rom_GetInfoAll
[0000757] [03:31:23:705085] [Tid0x00000544] [debug] -->[C378] DL_Rom_SetEnableAttr #(api.cpp, line:2840)
[0000758] [03:31:23:705085] [Tid0x00000544] [debug] <--[C378] DL_Rom_SetEnableAttr
[0000759] [03:31:23:720708] [Tid0x00000544] [debug] -->[C379] DL_GetCount #(api.cpp, line:2621)
[0000760] [03:31:23:720708] [Tid0x00000544] [debug] <--[C379] DL_GetCount
[0000761] [03:31:23:720708] [Tid0x00000544] [debug] -->[C380] DL_Rom_GetInfoAll #(api.cpp, line:2786)
[0000762] [03:31:23:720708] [Tid0x00000544] [debug] <--[C380] DL_Rom_GetInfoAll
[0000763] [03:31:23:736335] [Tid0x00000544] [debug] -->[C381] DL_Rom_SetEnableAttr #(api.cpp, line:2840)
[0000764] [03:31:23:736335] [Tid0x00000544] [debug] <--[C381] DL_Rom_SetEnableAttr
[0000765] [03:31:23:751956] [Tid0x00000544] [debug] -->[C382] DL_GetCount #(api.cpp, line:2621)
[0000766] [03:31:23:751956] [Tid0x00000544] [debug] <--[C382] DL_GetCount
[0000767] [03:31:23:751956] [Tid0x00000544] [debug] -->[C383] DL_Rom_GetInfoAll #(api.cpp, line:2786)
[0000768] [03:31:23:751956] [Tid0x00000544] [debug] <--[C383] DL_Rom_GetInfoAll
[0000769] [03:31:23:751956] [Tid0x00000544] [debug] -->[C384] DL_Rom_SetEnableAttr #(api.cpp, line:2840)
[0000770] [03:31:23:751956] [Tid0x00000544] [debug] <--[C384] DL_Rom_SetEnableAttr
[0000771] [03:31:23:751956] [Tid0x00000544] [debug] -->[C385] DL_GetCount #(api.cpp, line:2621)
[0000772] [03:31:23:751956] [Tid0x00000544] [debug] <--[C385] DL_GetCount
[0000773] [03:31:23:751956] [Tid0x00000544] [debug] -->[C386] DL_Rom_GetInfoAll #(api.cpp, line:2786)
[0000774] [03:31:23:751956] [Tid0x00000544] [debug] <--[C386] DL_Rom_GetInfoAll
[0000775] [03:31:23:767582] [Tid0x00000544] [debug] -->[C387] DL_Rom_SetEnableAttr #(api.cpp, line:2840)
[0000776] [03:31:23:767582] [Tid0x00000544] [debug] <--[C387] DL_Rom_SetEnableAttr
[0000777] [03:31:23:774099] [Tid0x00000544] [debug] -->[C388] DL_GetCount #(api.cpp, line:2621)
[0000778] [03:31:23:774099] [Tid0x00000544] [debug] <--[C388] DL_GetCount
[0000779] [03:31:23:774099] [Tid0x00000544] [debug] -->[C389] DL_Rom_GetInfoAll #(api.cpp, line:2786)
[0000780] [03:31:23:774099] [Tid0x00000544] [debug] <--[C389] DL_Rom_GetInfoAll
[0000781] [03:31:23:789738] [Tid0x00000544] [debug] -->[C390] DL_Rom_SetEnableAttr #(api.cpp, line:2840)
[0000782] [03:31:23:789738] [Tid0x00000544] [debug] <--[C390] DL_Rom_SetEnableAttr
[0000783] [03:31:23:789738] [Tid0x00000544] [debug] -->[C391] DL_GetCount #(api.cpp, line:2621)
[0000784] [03:31:23:789738] [Tid0x00000544] [debug] <--[C391] DL_GetCount
[0000785] [03:31:23:789738] [Tid0x00000544] [debug] -->[C392] DL_Rom_GetInfoAll #(api.cpp, line:2786)
[0000786] [03:31:23:789738] [Tid0x00000544] [debug] <--[C392] DL_Rom_GetInfoAll
[0000787] [03:31:23:805366] [Tid0x00000544] [debug] -->[C393] DL_Rom_SetEnableAttr #(api.cpp, line:2840)
[0000788] [03:31:23:805366] [Tid0x00000544] [debug] <--[C393] DL_Rom_SetEnableAttr
[0000789] [03:31:23:805366] [Tid0x00000544] [debug] -->[C394] DL_GetCount #(api.cpp, line:2621)
[0000790] [03:31:23:805366] [Tid0x00000544] [debug] <--[C394] DL_GetCount
[0000791] [03:31:23:805366] [Tid0x00000544] [debug] -->[C395] DL_Rom_GetInfoAll #(api.cpp, line:2786)
[0000792] [03:31:23:805366] [Tid0x00000544] [debug] <--[C395] DL_Rom_GetInfoAll
[0000793] [03:31:23:820989] [Tid0x00000544] [debug] -->[C396] DL_Rom_SetEnableAttr #(api.cpp, line:2840)
[0000794] [03:31:23:820989] [Tid0x00000544] [debug] <--[C396] DL_Rom_SetEnableAttr
[0000795] [03:31:23:836612] [Tid0x00000544] [debug] -->[C397] DL_GetCount #(api.cpp, line:2621)
[0000796] [03:31:23:836612] [Tid0x00000544] [debug] <--[C397] DL_GetCount
[0000797] [03:31:23:836612] [Tid0x00000544] [debug] -->[C398] DL_Rom_GetInfoAll #(api.cpp, line:2786)
[0000798] [03:31:23:836612] [Tid0x00000544] [debug] <--[C398] DL_Rom_GetInfoAll
[0000799] [03:31:23:836612] [Tid0x00000544] [debug] -->[C399] DL_Rom_SetEnableAttr #(api.cpp, line:2840)
[0000800] [03:31:23:836612] [Tid0x00000544] [debug] <--[C399] DL_Rom_SetEnableAttr
[0000801] [03:31:23:836612] [Tid0x00000544] [debug] -->[C400] DL_GetCount #(api.cpp, line:2621)
[0000802] [03:31:23:836612] [Tid0x00000544] [debug] <--[C400] DL_GetCount
[0000803] [03:31:23:836612] [Tid0x00000544] [debug] -->[C401] DL_Rom_GetInfoAll #(api.cpp, line:2786)
[0000804] [03:31:23:836612] [Tid0x00000544] [debug] <--[C401] DL_Rom_GetInfoAll
[0000805] [03:31:23:852236] [Tid0x00000544] [debug] -->[C402] DL_Rom_SetEnableAttr #(api.cpp, line:2840)
[0000806] [03:31:23:852236] [Tid0x00000544] [debug] <--[C402] DL_Rom_SetEnableAttr
[0000807] [03:31:23:852236] [Tid0x00000544] [debug] -->[C403] DL_GetCount #(api.cpp, line:2621)
[0000808] [03:31:23:852236] [Tid0x00000544] [debug] <--[C403] DL_GetCount
[0000809] [03:31:23:852236] [Tid0x00000544] [debug] -->[C404] DL_Rom_GetInfoAll #(api.cpp, line:2786)
[0000810] [03:31:23:852236] [Tid0x00000544] [debug] <--[C404] DL_Rom_GetInfoAll
[0000811] [03:31:23:874379] [Tid0x00000544] [debug] -->[C405] DL_Rom_SetEnableAttr #(api.cpp, line:2840)
[0000812] [03:31:23:874379] [Tid0x00000544] [debug] <--[C405] DL_Rom_SetEnableAttr
[0000813] [03:31:23:874379] [Tid0x00000544] [debug] -->[C406] DL_GetCount #(api.cpp, line:2621)
[0000814] [03:31:23:874379] [Tid0x00000544] [debug] <--[C406] DL_GetCount
[0000815] [03:31:23:874379] [Tid0x00000544] [debug] -->[C407] DL_Rom_GetInfoAll #(api.cpp, line:2786)
[0000816] [03:31:23:874379] [Tid0x00000544] [debug] <--[C407] DL_Rom_GetInfoAll
[0000817] [03:31:23:890022] [Tid0x00000544] [debug] -->[C408] DL_Rom_SetEnableAttr #(api.cpp, line:2840)
[0000818] [03:31:23:890022] [Tid0x00000544] [debug] <--[C408] DL_Rom_SetEnableAttr
[0000819] [03:31:23:890022] [Tid0x00000544] [debug] -->[C409] DL_GetCount #(api.cpp, line:2621)
[0000820] [03:31:23:890022] [Tid0x00000544] [debug] <--[C409] DL_GetCount
[0000821] [03:31:23:890022] [Tid0x00000544] [debug] -->[C410] DL_Rom_GetInfoAll #(api.cpp, line:2786)
[0000822] [03:31:23:890022] [Tid0x00000544] [debug] <--[C410] DL_Rom_GetInfoAll
[0000823] [03:31:23:905648] [Tid0x00000544] [debug] -->[C411] DL_Rom_SetEnableAttr #(api.cpp, line:2840)
[0000824] [03:31:23:905648] [Tid0x00000544] [debug] <--[C411] DL_Rom_SetEnableAttr
[0000825] [03:31:23:905648] [Tid0x00000544] [debug] -->[C412] DL_GetCount #(api.cpp, line:2621)
[0000826] [03:31:23:905648] [Tid0x00000544] [debug] <--[C412] DL_GetCount
[0000827] [03:31:23:905648] [Tid0x00000544] [debug] -->[C413] DL_Rom_GetInfoAll #(api.cpp, line:2786)
[0000828] [03:31:23:905648] [Tid0x00000544] [debug] <--[C413] DL_Rom_GetInfoAll
[0000829] [03:31:23:921274] [Tid0x00000544] [debug] -->[C414] DL_Rom_SetEnableAttr #(api.cpp, line:2840)
[0000830] [03:31:23:921274] [Tid0x00000544] [debug] <--[C414] DL_Rom_SetEnableAttr
[0000831] [03:31:23:921274] [Tid0x00000544] [debug] -->[C415] DL_GetCount #(api.cpp, line:2621)
[0000832] [03:31:23:921274] [Tid0x00000544] [debug] <--[C415] DL_GetCount
[0000833] [03:31:23:921274] [Tid0x00000544] [debug] -->[C416] DL_Rom_GetInfoAll #(api.cpp, line:2786)
[0000834] [03:31:23:921274] [Tid0x00000544] [debug] <--[C416] DL_Rom_GetInfoAll
[0000835] [03:31:23:921274] [Tid0x00000544] [debug] -->[C417] DL_Rom_SetEnableAttr #(api.cpp, line:2840)
[0000836] [03:31:23:921274] [Tid0x00000544] [debug] <--[C417] DL_Rom_SetEnableAttr
[0000837] [03:31:23:936898] [Tid0x00000544] [debug] -->[C418] DL_GetCount #(api.cpp, line:2621)
[0000838] [03:31:23:936898] [Tid0x00000544] [debug] <--[C418] DL_GetCount
[0000839] [03:31:23:936898] [Tid0x00000544] [debug] -->[C419] DL_Rom_GetInfoAll #(api.cpp, line:2786)
[0000840] [03:31:23:936898] [Tid0x00000544] [debug] <--[C419] DL_Rom_GetInfoAll
[0000841] [03:31:23:952521] [Tid0x00000544] [debug] -->[C420] DL_Rom_SetEnableAttr #(api.cpp, line:2840)
[0000842] [03:31:23:952521] [Tid0x00000544] [debug] <--[C420] DL_Rom_SetEnableAttr
[0000843] [03:31:23:952521] [Tid0x00000544] [debug] -->[C421] DL_GetCount #(api.cpp, line:2621)
[0000844] [03:31:23:952521] [Tid0x00000544] [debug] <--[C421] DL_GetCount
[0000845] [03:31:23:952521] [Tid0x00000544] [debug] -->[C422] DL_Rom_GetInfoAll #(api.cpp, line:2786)
[0000846] [03:31:23:952521] [Tid0x00000544] [debug] <--[C422] DL_Rom_GetInfoAll
[0000847] [03:31:23:968144] [Tid0x00000544] [debug] -->[C423] DL_Rom_SetEnableAttr #(api.cpp, line:2840)
[0000848] [03:31:23:968144] [Tid0x00000544] [debug] <--[C423] DL_Rom_SetEnableAttr
[0000849] [03:31:23:974661] [Tid0x00000544] [debug] -->[C424] DL_GetCount #(api.cpp, line:2621)
[0000850] [03:31:23:974661] [Tid0x00000544] [debug] <--[C424] DL_GetCount
[0000851] [03:31:23:974661] [Tid0x00000544] [debug] -->[C425] DL_Rom_GetInfoAll #(api.cpp, line:2786)
[0000852] [03:31:23:974661] [Tid0x00000544] [debug] <--[C425] DL_Rom_GetInfoAll
[0000853] [03:31:23:974661] [Tid0x00000544] [debug] -->[C426] DL_Rom_SetEnableAttr #(api.cpp, line:2840)
[0000854] [03:31:23:990301] [Tid0x00000544] [debug] <--[C426] DL_Rom_SetEnableAttr
[0000855] [03:31:23:990301] [Tid0x00000544] [debug] -->[C427] DL_GetCount #(api.cpp, line:2621)
[0000856] [03:31:23:990301] [Tid0x00000544] [debug] <--[C427] DL_GetCount
[0000857] [03:31:23:990301] [Tid0x00000544] [debug] -->[C428] DL_Rom_GetInfoAll #(api.cpp, line:2786)
[0000858] [03:31:23:990301] [Tid0x00000544] [debug] <--[C428] DL_Rom_GetInfoAll
[0000859] [03:31:24:005928] [Tid0x00000544] [debug] -->[C429] DL_Rom_SetEnableAttr #(api.cpp, line:2840)
[0000860] [03:31:24:005928] [Tid0x00000544] [debug] <--[C429] DL_Rom_SetEnableAttr
[0000861] [03:31:24:005928] [Tid0x00000544] [debug] -->[C430] DL_GetCount #(api.cpp, line:2621)
[0000862] [03:31:24:005928] [Tid0x00000544] [debug] <--[C430] DL_GetCount
[0000863] [03:31:24:005928] [Tid0x00000544] [debug] -->[C431] DL_Rom_GetInfoAll #(api.cpp, line:2786)
[0000864] [03:31:24:005928] [Tid0x00000544] [debug] <--[C431] DL_Rom_GetInfoAll
[0000865] [03:31:24:021552] [Tid0x00000544] [debug] -->[C432] DL_Rom_SetEnableAttr #(api.cpp, line:2840)
[0000866] [03:31:24:021552] [Tid0x00000544] [debug] <--[C432] DL_Rom_SetEnableAttr
[0000867] [03:31:24:021552] [Tid0x00000544] [debug] -->[C433] DL_GetCount #(api.cpp, line:2621)
[0000868] [03:31:24:021552] [Tid0x00000544] [debug] <--[C433] DL_GetCount
[0000869] [03:31:24:021552] [Tid0x00000544] [debug] -->[C434] DL_Rom_GetInfoAll #(api.cpp, line:2786)
[0000870] [03:31:24:021552] [Tid0x00000544] [debug] <--[C434] DL_Rom_GetInfoAll
[0000871] [03:31:24:037175] [Tid0x00000544] [debug] -->[C435] DL_Rom_SetEnableAttr #(api.cpp, line:2840)
[0000872] [03:31:24:037175] [Tid0x00000544] [debug] <--[C435] DL_Rom_SetEnableAttr
[0000873] [03:31:24:037175] [Tid0x00000544] [debug] -->[C436] DL_GetCount #(api.cpp, line:2621)
[0000874] [03:31:24:037175] [Tid0x00000544] [debug] <--[C436] DL_GetCount
[0000875] [03:31:24:037175] [Tid0x00000544] [debug] -->[C437] DL_Rom_GetInfoAll #(api.cpp, line:2786)
[0000876] [03:31:24:037175] [Tid0x00000544] [debug] <--[C437] DL_Rom_GetInfoAll
[0000877] [03:31:24:052799] [Tid0x00000544] [debug] -->[C438] DL_Rom_SetEnableAttr #(api.cpp, line:2840)
[0000878] [03:31:24:052799] [Tid0x00000544] [debug] <--[C438] DL_Rom_SetEnableAttr
[0000879] [03:31:24:068424] [Tid0x00000544] [debug] -->[C439] DL_GetCount #(api.cpp, line:2621)
[0000880] [03:31:24:068424] [Tid0x00000544] [debug] <--[C439] DL_GetCount
[0000881] [03:31:24:068424] [Tid0x00000544] [debug] -->[C440] DL_Rom_GetInfoAll #(api.cpp, line:2786)
[0000882] [03:31:24:068424] [Tid0x00000544] [debug] <--[C440] DL_Rom_GetInfoAll
[0000883] [03:31:24:068424] [Tid0x00000544] [debug] -->[C441] DL_Rom_SetEnableAttr #(api.cpp, line:2840)
[0000884] [03:31:24:074941] [Tid0x00000544] [debug] <--[C441] DL_Rom_SetEnableAttr
[0000885] [03:31:24:074941] [Tid0x00000544] [debug] -->[C442] DL_SetChecksumLevel #(api.cpp, line:2523)
[0000886] [03:31:24:074941] [Tid0x00000544] [debug] <--[C442] DL_SetChecksumLevel
[0000887] [03:31:26:551618] [Tid0x00000544] [debug] -->[C443] DL_GetCount #(api.cpp, line:2621)
[0000888] [03:31:26:551618] [Tid0x00000544] [debug] <--[C443] DL_GetCount
[0000889] [03:31:26:551618] [Tid0x00000544] [debug] -->[C444] DL_Rom_GetInfoAll #(api.cpp, line:2786)
[0000890] [03:31:26:551618] [Tid0x00000544] [debug] <--[C444] DL_Rom_GetInfoAll
[0000891] [03:31:26:567243] [Tid0x00000544] [debug] -->[C445] DL_Rom_SetEnableAttr #(api.cpp, line:2840)
[0000892] [03:31:26:567243] [Tid0x00000544] [debug] <--[C445] DL_Rom_SetEnableAttr
[0000893] [03:31:32:799580] [Tid0x00000544] [debug] -->[C446] DL_GetCount #(api.cpp, line:2621)
[0000894] [03:31:32:799580] [Tid0x00000544] [debug] <--[C446] DL_GetCount
[0000895] [03:31:32:799580] [Tid0x00000544] [debug] -->[C447] DL_Rom_GetInfoAll #(api.cpp, line:2786)
[0000896] [03:31:32:799580] [Tid0x00000544] [debug] <--[C447] DL_Rom_GetInfoAll
[0000897] [03:31:32:799580] [Tid0x00000544] [debug] -->[C448] DL_Rom_SetEnableAttr #(api.cpp, line:2840)
[0000898] [03:31:32:799580] [Tid0x00000544] [debug] <--[C448] DL_Rom_SetEnableAttr
[0000899] [03:31:37:803981] [Tid0x00000544] [debug] -->[C449] DL_GetCount #(api.cpp, line:2621)
[0000900] [03:31:37:803981] [Tid0x00000544] [debug] <--[C449] DL_GetCount
[0000901] [03:31:37:803981] [Tid0x00000544] [debug] -->[C450] DL_Rom_GetInfoAll #(api.cpp, line:2786)
[0000902] [03:31:37:803981] [Tid0x00000544] [debug] <--[C450] DL_Rom_GetInfoAll
[0000903] [03:31:37:803981] [Tid0x00000544] [debug] -->[C451] DL_GetCount #(api.cpp, line:2621)
[0000904] [03:31:37:803981] [Tid0x00000544] [debug] <--[C451] DL_GetCount
[0000905] [03:31:37:803981] [Tid0x00000544] [debug] -->[C452] DL_Rom_GetInfoAll #(api.cpp, line:2786)
[0000906] [03:31:37:803981] [Tid0x00000544] [debug] <--[C452] DL_Rom_GetInfoAll
[0000907] [03:31:50:584710] [Tid0x00000eb8] [debug] -->[C453] FlashTool_Connect_BROM_ByName #(api.cpp, line:1970)
[0000908] [03:31:50:584710] [Tid0x00000eb8] [debug] -->[C454] FlashTool_Connect_BROM_Ex #(api.cpp, line:1875)
[0000909] [03:31:50:584710] [Tid0x00000eb8] [debug] bCheckScatter: 1 #(api.cpp, line:1876)
[0000910] [03:31:50:584710] [Tid0x00000eb8] [debug] have load scatter already #(api.cpp, line:1880)
[0000911] [03:31:50:584710] [Tid0x00000eb8] [debug] libversion 2 #(api.cpp, line:1897)
[0000912] [03:31:50:631582] [Tid0x00000eb8] [debug] -->[C455] cflashtool_api::FlashTool_Connect_BROM_Ex #(cflashtool_api.cpp, line:1008)
[0000913] [03:31:51:377266] [Tid0x00000eb8] [debug] <--[C455] cflashtool_api::FlashTool_Connect_BROM_Ex
[0000914] [03:31:51:377266] [Tid0x00000eb8] [debug] <--[C454] FlashTool_Connect_BROM_Ex
[0000915] [03:31:51:377266] [Tid0x00000eb8] [debug] <--[C453] FlashTool_Connect_BROM_ByName
[0000916] [03:31:51:524877] [Tid0x00000eb8] [debug] -->[C456] FlashTool_Disconnect_BROM #(api.cpp, line:1051)
[0000917] [03:31:51:524877] [Tid0x00000eb8] [debug] -->[C457] cflashtool_api::FlashTool_Disconnect_BROM #(cflashtool_api.cpp, line:54)
[0000918] [03:31:51:524877] [Tid0x00000eb8] [debug] <--[C457] cflashtool_api::FlashTool_Disconnect_BROM
[0000919] [03:31:51:524877] [Tid0x00000eb8] [debug] <--[C456] FlashTool_Disconnect_BROM
[0000920] [03:31:55:691426] [Tid0x00000544] [debug] -->[C458] DL_GetCount #(api.cpp, line:2621)
[0000921] [03:31:55:691426] [Tid0x00000544] [debug] <--[C458] DL_GetCount
[0000922] [03:31:55:691426] [Tid0x00000544] [debug] -->[C459] DL_Rom_GetInfoAll #(api.cpp, line:2786)
[0000923] [03:31:55:691426] [Tid0x00000544] [debug] <--[C459] DL_Rom_GetInfoAll
[0000924] [03:31:55:707049] [Tid0x00000544] [debug] -->[C460] DL_GetCount #(api.cpp, line:2621)
[0000925] [03:31:55:707049] [Tid0x00000544] [debug] <--[C460] DL_GetCount
[0000926] [03:31:55:707049] [Tid0x00000544] [debug] -->[C461] DL_Rom_GetInfoAll #(api.cpp, line:2786)
[0000927] [03:31:55:707049] [Tid0x00000544] [debug] <--[C461] DL_Rom_GetInfoAll
[0000928] [03:32:17:965299] [Tid0x00000d8c] [debug] -->[C462] FlashTool_Connect_BROM_ByName #(api.cpp, line:1970)
[0000929] [03:32:17:965299] [Tid0x00000d8c] [debug] -->[C463] FlashTool_Connect_BROM_Ex #(api.cpp, line:1875)
[0000930] [03:32:17:965299] [Tid0x00000d8c] [debug] bCheckScatter: 1 #(api.cpp, line:1876)
[0000931] [03:32:17:965299] [Tid0x00000d8c] [debug] have load scatter already #(api.cpp, line:1880)
[0000932] [03:32:17:965299] [Tid0x00000d8c] [debug] libversion 2 #(api.cpp, line:1897)
[0000933] [03:32:17:965299] [Tid0x00000d8c] [debug] -->[C464] cflashtool_api::FlashTool_Connect_BROM_Ex #(cflashtool_api.cpp, line:1008)
[0000934] [03:32:18:379914] [Tid0x00000d8c] [warning] Get support Modem fail: 0xc0010007 #(cflashtool_api.cpp, line:1129)
[0000935] [03:32:18:395008] [Tid0x00000d8c] [debug] connect_brom_ex OK #(cflashtool_api.cpp, line:1172)
[0000936] [03:32:18:395008] [Tid0x00000d8c] [debug] <--[C464] cflashtool_api::FlashTool_Connect_BROM_Ex
[0000937] [03:32:18:395008] [Tid0x00000d8c] [debug] <--[C463] FlashTool_Connect_BROM_Ex
[0000938] [03:32:18:395008] [Tid0x00000d8c] [debug] <--[C462] FlashTool_Connect_BROM_ByName
[0000939] [03:32:18:395008] [Tid0x00000d8c] [debug] -->[C465] FlashTool_GetBootResult #(api.cpp, line:1982)
[0000940] [03:32:18:395008] [Tid0x00000d8c] [debug] <--[C465] FlashTool_GetBootResult
[0000941] [03:32:18:395008] [Tid0x00000d8c] [debug] -->[C466] FlashTool_Connect_Download_DA #(api.cpp, line:2002)
[0000942] [03:32:18:395008] [Tid0x00000d8c] [debug] bCheckScatter: 1 #(api.cpp, line:2003)
[0000943] [03:32:18:400108] [Tid0x00000d8c] [debug] -->[C467] cflashtool_api::FlashTool_Connect_Download_DA #(cflashtool_api.cpp, line:1317)
[0000944] [03:32:18:400108] [Tid0x00000d8c] [debug] bCheckScatter: 1 #(cflashtool_api.cpp, line:1318)
[0000945] [03:32:18:610255] [Tid0x00000d8c] [debug] da_source type: 0 #(cflashtool_api.cpp, line:1333)
[0000946] [03:32:18:611307] [Tid0x00000d8c] [debug] enable PCDRAM checksum #(cflashtool_api.cpp, line:1380)
[0000947] [03:32:18:611307] [Tid0x00000d8c] [debug] checksum_level: 7,  battery_setting: 2, reset_key_setting: 104 #(cflashtool_api.cpp, line:1434)
[0000948] [03:32:18:611307] [Tid0x00000d8c] [debug] connect_da_end_stage: 2,  enable_dram_in_1st_da: 0, da_log_level: 2 #(cflashtool_api.cpp, line:1436)
[0000949] [03:32:22:553988] [Tid0x00000d8c] [debug] gpx_count: 0 #(cflashtool_api.cpp, line:1472)
[0000950] [03:32:22:650191] [Tid0x00000d8c] [debug] m_emmc_cid[0]: 0x47000115 #(cflashtool_api.cpp, line:1536)
[0000951] [03:32:22:650191] [Tid0x00000d8c] [debug] m_emmc_cid[1]: 0x4d423658 #(cflashtool_api.cpp, line:1536)
[0000952] [03:32:22:650191] [Tid0x00000d8c] [debug] m_emmc_cid[2]: 0x23fd0342 #(cflashtool_api.cpp, line:1536)
[0000953] [03:32:22:650191] [Tid0x00000d8c] [debug] m_emmc_cid[3]: 0x6f943df2 #(cflashtool_api.cpp, line:1536)
[0000954] [03:32:22:650191] [Tid0x00000d8c] [debug] m_emmc_fwver[0]: 0x0 #(cflashtool_api.cpp, line:1542)
[0000955] [03:32:22:650191] [Tid0x00000d8c] [debug] m_emmc_fwver[1]: 0x0 #(cflashtool_api.cpp, line:1542)
[0000956] [03:32:22:650191] [Tid0x00000d8c] [debug] m_emmc_fwver[2]: 0x0 #(cflashtool_api.cpp, line:1542)
[0000957] [03:32:22:650191] [Tid0x00000d8c] [debug] m_emmc_fwver[3]: 0x0 #(cflashtool_api.cpp, line:1542)
[0000958] [03:32:22:650191] [Tid0x00000d8c] [debug] m_emmc_fwver[4]: 0x0 #(cflashtool_api.cpp, line:1542)
[0000959] [03:32:22:650191] [Tid0x00000d8c] [debug] m_emmc_fwver[5]: 0x0 #(cflashtool_api.cpp, line:1542)
[0000960] [03:32:22:650191] [Tid0x00000d8c] [debug] m_emmc_fwver[6]: 0x0 #(cflashtool_api.cpp, line:1542)
[0000961] [03:32:22:650191] [Tid0x00000d8c] [debug] m_emmc_fwver[7]: 0x0 #(cflashtool_api.cpp, line:1542)
[0000962] [03:32:22:650191] [Tid0x00000d8c] [debug] SyncWithDA(): DA_REPORT: BBCHIP_TYPE: MT6757 #(cflashtool_api.cpp, line:1228)
[0000963] [03:32:22:687969] [Tid0x00000d8c] [debug] SyncWithDA(): DA_REPORT: BBCHIP: "MT6757", EXT_26M 
[0000964] [03:32:22:750465] [Tid0x00000d8c] [debug] SyncWithDA(): DA_REPORT: BBCHIP: CODE(0x6757), VER(0xCB00), SW(0x0001)              
[0000965] [03:32:22:750465] [Tid0x00000d8c] [debug] SyncWithDA(): DA_REPORT: NOR: m_nor_ret="S_DA_INVALID_STORAGE_TYPE"(3178)                                  
[0000966] [03:32:22:750465] [Tid0x00000d8c] [debug] SyncWithDA(): DA_REPORT: NOR: m_nor_chip_select[0]="CS_0"(0x00)                   
[0000967] [03:32:22:750465] [Tid0x00000d8c] [debug] SyncWithDA(): DA_REPORT: NOR: m_nor_chip_select[1]="CS_0"(0x00)                   
[0000968] [03:32:22:750465] [Tid0x00000d8c] [debug] SyncWithDA(): DA_REPORT: NOR: m_nor_flash_id(0x0000)="[AMD] AM29DL323D"                         
[0000969] [03:32:22:750465] [Tid0x00000d8c] [debug] SyncWithDA(): DA_REPORT: NOR: m_nor_flash_size(0x00000000)                              
[0000970] [03:32:22:750465] [Tid0x00000d8c] [debug] SyncWithDA(): DA_REPORT: NOR: m_nor_flash_dev_code_1(0x0000)                        
[0000971] [03:32:22:750465] [Tid0x00000d8c] [debug] SyncWithDA(): DA_REPORT: NOR: m_nor_flash_dev_code_2(0x0000)                        
[0000972] [03:32:22:750465] [Tid0x00000d8c] [debug] SyncWithDA(): DA_REPORT: NOR: m_nor_flash_dev_code_3(0x0000)                        
[0000973] [03:32:22:750465] [Tid0x00000d8c] [debug] SyncWithDA(): DA_REPORT: NOR: m_nor_flash_dev_code_4(0x0000)                        
[0000974] [03:32:22:750465] [Tid0x00000d8c] [debug] SyncWithDA(): DA_REPORT: NOR: m_nor_flash_otp_status="S_DONE"(0)                     
[0000975] [03:32:22:772610] [Tid0x00000d8c] [debug] SyncWithDA(): DA_REPORT: NOR: m_nor_flash_otp_size(0x00000000)                          
[0000976] [03:32:22:772610] [Tid0x00000d8c] [debug] SyncWithDA(): DA_REPORT: NAND: m_nand_ret="S_DA_INVALID_STORAGE_TYPE"(3178)                                
[0000977] [03:32:22:772610] [Tid0x00000d8c] [debug] SyncWithDA(): DA_REPORT: NAND: m_nand_chip_select="CS_0"(0x00)                    
[0000978] [03:32:22:772610] [Tid0x00000d8c] [debug] SyncWithDA(): DA_REPORT: NAND: m_nand_flash_id(0x0000)="[SAMSUNG] K9F5608Q0C"                       
[0000979] [03:32:22:772610] [Tid0x00000d8c] [debug] SyncWithDA(): DA_REPORT: NAND: m_nand_flash_size(0x0000000000000000)                        
[0000980] [03:32:22:772610] [Tid0x00000d8c] [debug] SyncWithDA(): DA_REPORT: NAND: m_nand_flash_id_count(0x0000)                        
[0000981] [03:32:22:772610] [Tid0x00000d8c] [debug] SyncWithDA(): DA_REPORT: NAND: m_nand_pagesize(0)                                  
[0000982] [03:32:22:772610] [Tid0x00000d8c] [debug] SyncWithDA(): DA_REPORT: NAND: m_nand_sparesize(0)                                 
[0000983] [03:32:22:772610] [Tid0x00000d8c] [debug] SyncWithDA(): DA_REPORT: NAND: m_nand_pages_per_block(0)                           
[0000984] [03:32:22:772610] [Tid0x00000d8c] [debug] SyncWithDA(): DA_REPORT: NAND: m_nand_io_interface( )                              
[0000985] [03:32:22:772610] [Tid0x00000d8c] [debug] SyncWithDA(): DA_REPORT: NAND: m_nand_addr_cycle( )                                
[0000986] [03:32:22:772610] [Tid0x00000d8c] [debug] SyncWithDA(): DA_REPORT: NAND: m_nand_bmt_exist( )                                
[0000987] [03:32:22:772610] [Tid0x00000d8c] [debug] SyncWithDA(): DA_REPORT: eMMC: m_emmc_ret="S_DONE"(0)          
[0000988] [03:32:22:772610] [Tid0x00000d8c] [debug] SyncWithDA(): DA_REPORT: eMMC: m_emmc_boot1_size(0x00400000)      
[0000989] [03:32:22:772610] [Tid0x00000d8c] [debug] SyncWithDA(): DA_REPORT: eMMC: m_emmc_boot2_size(0x00400000)      
[0000990] [03:32:22:772610] [Tid0x00000d8c] [debug] SyncWithDA(): DA_REPORT: eMMC: m_emmc_rpmb_size(0x00400000)       
[0000991] [03:32:22:772610] [Tid0x00000d8c] [debug] SyncWithDA(): DA_REPORT: eMMC: m_emmc_gp1_size(0x00000000)        
[0000992] [03:32:22:772610] [Tid0x00000d8c] [debug] SyncWithDA(): DA_REPORT: eMMC: m_emmc_gp2_size(0x00000000)        
[0000993] [03:32:22:772610] [Tid0x00000d8c] [debug] SyncWithDA(): DA_REPORT: eMMC: m_emmc_gp3_size(0x00000000)        
[0000994] [03:32:22:772610] [Tid0x00000d8c] [debug] SyncWithDA(): DA_REPORT: eMMC: m_emmc_gp4_size(0x00000000)        
[0000995] [03:32:22:772610] [Tid0x00000d8c] [debug] SyncWithDA(): DA_REPORT: eMMC: m_emmc_ua_size(0x0000000747C00000)      
[0000996] [03:32:22:772610] [Tid0x00000d8c] [debug] SyncWithDA(): DA_REPORT: eMMC: m_emmc_cid(0x47000115 0x4D423658 0x23FD0342 0x6F943DF2)      
[0000997] [03:32:22:772610] [Tid0x00000d8c] [debug] DA_REPORT: eMMC: m_emmc_fwver(0x0  0x0  0x0  0x0  0x0  0x0  0x0  0x0 )      
[0000998] [03:32:22:772610] [Tid0x00000d8c] [debug] SyncWithDA(): DA_REPORT: SDMMC: m_sdmmc_ret="S_DA_INVALID_STORAGE_TYPE"(3178)          
[0000999] [03:32:22:772610] [Tid0x00000d8c] [debug] SyncWithDA(): DA_REPORT: SDMMC: m_sdmmc_ua_size(0x0000000000000000)      
[0001000] [03:32:22:772610] [Tid0x00000d8c] [debug] SyncWithDA(): DA_REPORT: SDMMC: m_sdmmc_cid(0x00000000 0x00000000 0x00000000 0x00000000)      
[0001001] [03:32:22:772610] [Tid0x00000d8c] [debug] SyncWithDA(): DA_REPORT: INT_RAM: m_int_sram_ret="S_DONE"(0)                         
[0001002] [03:32:22:772610] [Tid0x00000d8c] [debug] SyncWithDA(): DA_REPORT: INT_RAM: m_int_sram_size(0x00000000)                           
[0001003] [03:32:22:772610] [Tid0x00000d8c] [debug] SyncWithDA(): DA_REPORT: EXT_RAM: m_ext_ram_ret="S_DONE"(0)                          
[0001004] [03:32:22:772610] [Tid0x00000d8c] [debug] SyncWithDA(): DA_REPORT: EXT_RAM: m_ext_ram_type(0x02)="HW_RAM_DRAM"                     
[0001005] [03:32:22:772610] [Tid0x00000d8c] [debug] SyncWithDA(): DA_REPORT: EXT_RAM: m_ext_ram_chip_select(0x00)="CS_0"              
[0001006] [03:32:22:772610] [Tid0x00000d8c] [debug] SyncWithDA(): DA_REPORT: EXT_RAM: m_ext_ram_size(0x80000000)                            
[0001007] [03:32:22:772610] [Tid0x00000d8c] [debug] SyncWithDA(): DA_REPORT: RandomID: 0xE7384548 0x072A6AB3 0xD89D7810 0x9C7951FE
[0001008] [03:32:22:772610] [Tid0x00000d8c] [debug] <--[C467] cflashtool_api::FlashTool_Connect_Download_DA
[0001009] [03:32:22:772610] [Tid0x00000d8c] [debug] <--[C466] FlashTool_Connect_Download_DA
[0001010] [03:32:22:788245] [Tid0x00000d8c] [debug] -->[C468] FlashTool_CheckUSBStatus #(api.cpp, line:1154)
[0001011] [03:32:22:788245] [Tid0x00000d8c] [debug] -->[C469] cflashtool_api::FlashTool_CheckUSBStatus #(cflashtool_api.cpp, line:114)
[0001012] [03:32:22:788245] [Tid0x00000d8c] [debug] <--[C469] cflashtool_api::FlashTool_CheckUSBStatus
[0001013] [03:32:22:788245] [Tid0x00000d8c] [debug] <--[C468] FlashTool_CheckUSBStatus
[0001014] [03:32:22:788245] [Tid0x00000d8c] [debug] -->[C470] FlashTool_CheckUSBStatus #(api.cpp, line:1154)
[0001015] [03:32:22:788245] [Tid0x00000d8c] [debug] -->[C471] cflashtool_api::FlashTool_CheckUSBStatus #(cflashtool_api.cpp, line:114)
[0001016] [03:32:22:788245] [Tid0x00000d8c] [debug] <--[C471] cflashtool_api::FlashTool_CheckUSBStatus
[0001017] [03:32:22:788245] [Tid0x00000d8c] [debug] <--[C470] FlashTool_CheckUSBStatus
[0001018] [03:32:22:788245] [Tid0x00000d8c] [debug] -->[C472] FlashTool_GetReservedRomSize #(api.cpp, line:1677)
[0001019] [03:32:22:788245] [Tid0x00000d8c] [debug] <--[C472] FlashTool_GetReservedRomSize
[0001020] [03:32:22:850747] [Tid0x00000d8c] [debug] -->[C473] FlashTool_RomGetCount #(api.cpp, line:1702)
[0001021] [03:32:22:850747] [Tid0x00000d8c] [debug] -->[C474] cflashtool_api::FlashTool_RomGetCount #(cflashtool_api.cpp, line:892)
[0001022] [03:32:24:016068] [Tid0x00000d8c] [debug] <--[C474] cflashtool_api::FlashTool_RomGetCount
[0001023] [03:32:24:016068] [Tid0x00000d8c] [debug] <--[C473] FlashTool_RomGetCount
[0001024] [03:32:24:016068] [Tid0x00000d8c] [debug] -->[C475] FlashTool_RomGetInfoAll #(api.cpp, line:1726)
[0001025] [03:32:24:016068] [Tid0x00000d8c] [debug] -->[C476] cflashtool_api::FlashTool_RomGetInfoAll #(cflashtool_api.cpp, line:923)
[0001026] [03:32:25:097504] [Tid0x00000d8c] [debug] <--[C476] cflashtool_api::FlashTool_RomGetInfoAll
[0001027] [03:32:25:097504] [Tid0x00000d8c] [debug] <--[C475] FlashTool_RomGetInfoAll
[0001028] [03:32:25:115681] [Tid0x00000d8c] [debug] -->[C477] FlashTool_ReadPartitionCount #(api.cpp, line:1633)
[0001029] [03:32:25:115681] [Tid0x00000d8c] [debug] -->[C478] cflashtool_api::FlashTool_ReadPartitionCount #(cflashtool_api.cpp, line:965)
[0001030] [03:32:25:188203] [Tid0x00000d8c] [debug] <--[C478] cflashtool_api::FlashTool_ReadPartitionCount
[0001031] [03:32:25:188203] [Tid0x00000d8c] [debug] <--[C477] FlashTool_ReadPartitionCount
[0001032] [03:32:25:188203] [Tid0x00000d8c] [debug] -->[C479] FlashTool_ReadPartitionInfo #(api.cpp, line:1654)
[0001033] [03:32:25:188203] [Tid0x00000d8c] [debug] -->[C480] cflashtool_api::FlashTool_ReadPartitionInfo #(cflashtool_api.cpp, line:981)
[0001034] [03:32:25:203826] [Tid0x00000d8c] [debug] <--[C480] cflashtool_api::FlashTool_ReadPartitionInfo
[0001035] [03:32:25:203826] [Tid0x00000d8c] [debug] <--[C479] FlashTool_ReadPartitionInfo
[0001036] [03:32:25:225966] [Tid0x00000d8c] [debug] -->[C481] FlashTool_Disconnect #(api.cpp, line:1033)
[0001037] [03:32:25:225966] [Tid0x00000d8c] [debug] -->[C482] cflashtool_api::FlashTool_Disconnect #(cflashtool_api.cpp, line:34)
[0001038] [03:32:25:304098] [Tid0x00000d8c] [debug] -->[C483] DL_ClearFTHandle #(api.cpp, line:2545)
[0001039] [03:32:25:304098] [Tid0x00000d8c] [debug] <--[C483] DL_ClearFTHandle
[0001040] [03:32:25:304098] [Tid0x00000d8c] [debug] <--[C482] cflashtool_api::FlashTool_Disconnect
[0001041] [03:32:25:304098] [Tid0x00000d8c] [debug] <--[C481] FlashTool_Disconnect
[0001042] [03:32:45:102054] [Tid0x00000ad8] [debug] -->[C484] DL_LoadScatter #(api.cpp, line:2481)
[0001043] [03:32:45:265053] [Tid0x00000ad8] [debug] used lib version: 2 #(api.cpp, line:2503)
[0001044] [03:32:45:265053] [Tid0x00000ad8] [debug] <--[C484] DL_LoadScatter
[0001045] [03:32:45:265053] [Tid0x00000ad8] [debug] -->[C485] DL_AutoLoadRomImages #(api.cpp, line:2701)
[0001046] [03:32:46:865312] [Tid0x00000ad8] [debug] <--[C485] DL_AutoLoadRomImages
[0001047] [03:32:46:880955] [Tid0x00000ad8] [debug] -->[C486] DL_GetCount #(api.cpp, line:2621)
[0001048] [03:32:46:880955] [Tid0x00000ad8] [debug] <--[C486] DL_GetCount
[0001049] [03:32:46:880955] [Tid0x00000ad8] [debug] -->[C487] DL_Rom_GetInfoAll #(api.cpp, line:2786)
[0001050] [03:32:46:880955] [Tid0x00000ad8] [debug] <--[C487] DL_Rom_GetInfoAll
[0001051] [03:32:46:880955] [Tid0x00000ad8] [debug] -->[C488] DL_VerifyROMMemBuf #(api.cpp, line:2578)
[0001052] [03:32:46:880955] [Tid0x00000ad8] [debug] -->[C489] cflashtool_api::DL_VerifyROMMemBuf #(cflashtool_api.cpp, line:2007)
[0001053] [03:35:07:910824] [Tid0x00000544] [debug] -->[C490] DL_Rom_UnloadAll #(api.cpp, line:2829)
[0001054] [03:35:07:926449] [Tid0x00000544] [debug] <--[C490] DL_Rom_UnloadAll
