[0000001] [15:40:20:891883] [Tid0x00000f1c] [debug] -->[C1] DL_LoadScatter #(api.cpp, line:2481)
[0000002] [15:40:21:110628] [Tid0x00000f1c] [debug] used lib version: 2 #(api.cpp, line:2503)
[0000003] [15:40:21:110628] [Tid0x00000f1c] [debug] <--[C1] DL_LoadScatter
[0000004] [15:40:21:110628] [Tid0x00000f1c] [debug] -->[C2] DL_AutoLoadRomImages #(api.cpp, line:2701)
[0000005] [15:40:22:860570] [Tid0x00000f1c] [debug] <--[C2] DL_AutoLoadRomImages
[0000006] [15:40:22:876203] [Tid0x00000f1c] [debug] -->[C3] DL_GetCount #(api.cpp, line:2621)
[0000007] [15:40:22:876203] [Tid0x00000f1c] [debug] <--[C3] DL_GetCount
[0000008] [15:40:22:876203] [Tid0x00000f1c] [debug] -->[C4] DL_Rom_GetInfoAll #(api.cpp, line:2786)
[0000009] [15:40:22:876203] [Tid0x00000f1c] [debug] <--[C4] DL_Rom_GetInfoAll
[0000010] [15:40:22:876203] [Tid0x00000f1c] [debug] -->[C5] DL_VerifyROMMemBuf #(api.cpp, line:2578)
[0000011] [15:40:22:876203] [Tid0x00000f1c] [debug] -->[C6] cflashtool_api::DL_VerifyROMMemBuf #(cflashtool_api.cpp, line:2007)
[0000012] [15:41:39:597184] [Tid0x00000f1c] [debug] <--[C6] cflashtool_api::DL_VerifyROMMemBuf
[0000013] [15:41:39:597184] [Tid0x00000f1c] [debug] <--[C5] DL_VerifyROMMemBuf
[0000014] [15:41:39:597184] [Tid0x00000f1c] [debug] -->[C7] DL_VerifyROMMemBuf #(api.cpp, line:2578)
[0000015] [15:41:39:597184] [Tid0x00000f1c] [debug] -->[C8] cflashtool_api::DL_VerifyROMMemBuf #(cflashtool_api.cpp, line:2007)
[0000016] [15:41:39:597184] [Tid0x00000f1c] [debug] <--[C8] cflashtool_api::DL_VerifyROMMemBuf
[0000017] [15:41:39:597184] [Tid0x00000f1c] [debug] <--[C7] DL_VerifyROMMemBuf
[0000018] [15:41:39:597184] [Tid0x00000f1c] [debug] -->[C9] DL_VerifyROMMemBuf #(api.cpp, line:2578)
[0000019] [15:41:39:597184] [Tid0x00000f1c] [debug] -->[C10] cflashtool_api::DL_VerifyROMMemBuf #(cflashtool_api.cpp, line:2007)
[0000020] [15:41:39:597184] [Tid0x00000f1c] [debug] <--[C10] cflashtool_api::DL_VerifyROMMemBuf
[0000021] [15:41:39:597184] [Tid0x00000f1c] [debug] <--[C9] DL_VerifyROMMemBuf
[0000022] [15:41:39:597184] [Tid0x00000f1c] [debug] -->[C11] DL_VerifyROMMemBuf #(api.cpp, line:2578)
[0000023] [15:41:39:597184] [Tid0x00000f1c] [debug] -->[C12] cflashtool_api::DL_VerifyROMMemBuf #(cflashtool_api.cpp, line:2007)
[0000024] [15:41:39:597184] [Tid0x00000f1c] [debug] <--[C12] cflashtool_api::DL_VerifyROMMemBuf
[0000025] [15:41:39:597184] [Tid0x00000f1c] [debug] <--[C11] DL_VerifyROMMemBuf
[0000026] [15:41:39:597184] [Tid0x00000f1c] [debug] -->[C13] DL_VerifyROMMemBuf #(api.cpp, line:2578)
[0000027] [15:41:39:597184] [Tid0x00000f1c] [debug] -->[C14] cflashtool_api::DL_VerifyROMMemBuf #(cflashtool_api.cpp, line:2007)
[0000028] [15:41:39:597184] [Tid0x00000f1c] [debug] <--[C14] cflashtool_api::DL_VerifyROMMemBuf
[0000029] [15:41:39:597184] [Tid0x00000f1c] [debug] <--[C13] DL_VerifyROMMemBuf
[0000030] [15:41:39:597184] [Tid0x00000f1c] [debug] -->[C15] DL_VerifyROMMemBuf #(api.cpp, line:2578)
[0000031] [15:41:39:597184] [Tid0x00000f1c] [debug] -->[C16] cflashtool_api::DL_VerifyROMMemBuf #(cflashtool_api.cpp, line:2007)
[0000032] [15:41:39:597184] [Tid0x00000f1c] [debug] <--[C16] cflashtool_api::DL_VerifyROMMemBuf
[0000033] [15:41:39:597184] [Tid0x00000f1c] [debug] <--[C15] DL_VerifyROMMemBuf
[0000034] [15:41:39:597184] [Tid0x00000f1c] [debug] -->[C17] DL_VerifyROMMemBuf #(api.cpp, line:2578)
[0000035] [15:41:39:597184] [Tid0x00000f1c] [debug] -->[C18] cflashtool_api::DL_VerifyROMMemBuf #(cflashtool_api.cpp, line:2007)
[0000036] [15:41:39:597184] [Tid0x00000f1c] [debug] <--[C18] cflashtool_api::DL_VerifyROMMemBuf
[0000037] [15:41:39:597184] [Tid0x00000f1c] [debug] <--[C17] DL_VerifyROMMemBuf
[0000038] [15:41:39:597184] [Tid0x00000f1c] [debug] -->[C19] DL_VerifyROMMemBuf #(api.cpp, line:2578)
[0000039] [15:41:39:597184] [Tid0x00000f1c] [debug] -->[C20] cflashtool_api::DL_VerifyROMMemBuf #(cflashtool_api.cpp, line:2007)
[0000040] [15:41:39:597184] [Tid0x00000f1c] [debug] <--[C20] cflashtool_api::DL_VerifyROMMemBuf
[0000041] [15:41:39:597184] [Tid0x00000f1c] [debug] <--[C19] DL_VerifyROMMemBuf
[0000042] [15:41:39:597184] [Tid0x00000f1c] [debug] -->[C21] DL_VerifyROMMemBuf #(api.cpp, line:2578)
[0000043] [15:41:39:597184] [Tid0x00000f1c] [debug] -->[C22] cflashtool_api::DL_VerifyROMMemBuf #(cflashtool_api.cpp, line:2007)
[0000044] [15:41:39:597184] [Tid0x00000f1c] [debug] <--[C22] cflashtool_api::DL_VerifyROMMemBuf
[0000045] [15:41:39:597184] [Tid0x00000f1c] [debug] <--[C21] DL_VerifyROMMemBuf
[0000046] [15:41:39:597184] [Tid0x00000f1c] [debug] -->[C23] DL_VerifyROMMemBuf #(api.cpp, line:2578)
[0000047] [15:41:39:597184] [Tid0x00000f1c] [debug] -->[C24] cflashtool_api::DL_VerifyROMMemBuf #(cflashtool_api.cpp, line:2007)
[0000048] [15:41:39:597184] [Tid0x00000f1c] [debug] <--[C24] cflashtool_api::DL_VerifyROMMemBuf
[0000049] [15:41:39:597184] [Tid0x00000f1c] [debug] <--[C23] DL_VerifyROMMemBuf
[0000050] [15:41:39:597184] [Tid0x00000f1c] [debug] -->[C25] DL_VerifyROMMemBuf #(api.cpp, line:2578)
[0000051] [15:41:39:597184] [Tid0x00000f1c] [debug] -->[C26] cflashtool_api::DL_VerifyROMMemBuf #(cflashtool_api.cpp, line:2007)
[0000052] [15:41:39:597184] [Tid0x00000f1c] [debug] <--[C26] cflashtool_api::DL_VerifyROMMemBuf
[0000053] [15:41:39:597184] [Tid0x00000f1c] [debug] <--[C25] DL_VerifyROMMemBuf
[0000054] [15:41:39:597184] [Tid0x00000f1c] [debug] -->[C27] DL_VerifyROMMemBuf #(api.cpp, line:2578)
[0000055] [15:41:39:597184] [Tid0x00000f1c] [debug] -->[C28] cflashtool_api::DL_VerifyROMMemBuf #(cflashtool_api.cpp, line:2007)
[0000056] [15:41:39:597184] [Tid0x00000f1c] [debug] <--[C28] cflashtool_api::DL_VerifyROMMemBuf
[0000057] [15:41:39:597184] [Tid0x00000f1c] [debug] <--[C27] DL_VerifyROMMemBuf
[0000058] [15:41:39:597184] [Tid0x00000f1c] [debug] -->[C29] DL_VerifyROMMemBuf #(api.cpp, line:2578)
[0000059] [15:41:39:597184] [Tid0x00000f1c] [debug] -->[C30] cflashtool_api::DL_VerifyROMMemBuf #(cflashtool_api.cpp, line:2007)
[0000060] [15:41:39:597184] [Tid0x00000f1c] [debug] <--[C30] cflashtool_api::DL_VerifyROMMemBuf
[0000061] [15:41:39:597184] [Tid0x00000f1c] [debug] <--[C29] DL_VerifyROMMemBuf
[0000062] [15:41:39:597184] [Tid0x00000f1c] [debug] -->[C31] DL_VerifyROMMemBuf #(api.cpp, line:2578)
[0000063] [15:41:39:597184] [Tid0x00000f1c] [debug] -->[C32] cflashtool_api::DL_VerifyROMMemBuf #(cflashtool_api.cpp, line:2007)
[0000064] [15:41:39:597184] [Tid0x00000f1c] [debug] <--[C32] cflashtool_api::DL_VerifyROMMemBuf
[0000065] [15:41:39:597184] [Tid0x00000f1c] [debug] <--[C31] DL_VerifyROMMemBuf
[0000066] [15:41:39:597184] [Tid0x00000f1c] [debug] -->[C33] DL_VerifyROMMemBuf #(api.cpp, line:2578)
[0000067] [15:41:39:597184] [Tid0x00000f1c] [debug] -->[C34] cflashtool_api::DL_VerifyROMMemBuf #(cflashtool_api.cpp, line:2007)
[0000068] [15:41:39:597184] [Tid0x00000f1c] [debug] <--[C34] cflashtool_api::DL_VerifyROMMemBuf
[0000069] [15:41:39:597184] [Tid0x00000f1c] [debug] <--[C33] DL_VerifyROMMemBuf
[0000070] [15:41:39:597184] [Tid0x00000f1c] [debug] -->[C35] DL_VerifyROMMemBuf #(api.cpp, line:2578)
[0000071] [15:41:39:597184] [Tid0x00000f1c] [debug] -->[C36] cflashtool_api::DL_VerifyROMMemBuf #(cflashtool_api.cpp, line:2007)
[0000072] [15:41:39:597184] [Tid0x00000f1c] [debug] <--[C36] cflashtool_api::DL_VerifyROMMemBuf
[0000073] [15:41:39:597184] [Tid0x00000f1c] [debug] <--[C35] DL_VerifyROMMemBuf
[0000074] [15:41:40:034668] [Tid0x000012dc] [debug] -->[C37] DL_GetCount #(api.cpp, line:2621)
[0000075] [15:41:40:034668] [Tid0x000012dc] [debug] <--[C37] DL_GetCount
[0000076] [15:41:40:034668] [Tid0x000012dc] [debug] -->[C38] DL_Rom_GetInfoAll #(api.cpp, line:2786)
[0000077] [15:41:40:034668] [Tid0x000012dc] [debug] <--[C38] DL_Rom_GetInfoAll
[0000078] [15:41:40:112785] [Tid0x000012dc] [debug] -->[C39] DL_GetScatterInfo #(api.cpp, line:2722)
[0000079] [15:41:40:112785] [Tid0x000012dc] [debug] <--[C39] DL_GetScatterInfo
[0000080] [15:41:40:128413] [Tid0x000012dc] [debug] -->[C40] DL_GetCount #(api.cpp, line:2621)
[0000081] [15:41:40:128413] [Tid0x000012dc] [debug] <--[C40] DL_GetCount
[0000082] [15:41:40:128413] [Tid0x000012dc] [debug] -->[C41] DL_Rom_GetInfoAll #(api.cpp, line:2786)
[0000083] [15:41:40:128413] [Tid0x000012dc] [debug] <--[C41] DL_Rom_GetInfoAll
[0000084] [15:41:40:144038] [Tid0x000012dc] [debug] -->[C42] DL_Rom_SetEnableAttr #(api.cpp, line:2840)
[0000085] [15:41:40:144038] [Tid0x000012dc] [debug] <--[C42] DL_Rom_SetEnableAttr
[0000086] [15:41:40:144038] [Tid0x000012dc] [debug] -->[C43] DL_GetCount #(api.cpp, line:2621)
[0000087] [15:41:40:144038] [Tid0x000012dc] [debug] <--[C43] DL_GetCount
[0000088] [15:41:40:144038] [Tid0x000012dc] [debug] -->[C44] DL_Rom_GetInfoAll #(api.cpp, line:2786)
[0000089] [15:41:40:144038] [Tid0x000012dc] [debug] <--[C44] DL_Rom_GetInfoAll
[0000090] [15:41:40:144038] [Tid0x000012dc] [debug] -->[C45] DL_Rom_SetEnableAttr #(api.cpp, line:2840)
[0000091] [15:41:40:144038] [Tid0x000012dc] [debug] <--[C45] DL_Rom_SetEnableAttr
[0000092] [15:41:40:159659] [Tid0x000012dc] [debug] -->[C46] DL_GetCount #(api.cpp, line:2621)
[0000093] [15:41:40:159659] [Tid0x000012dc] [debug] <--[C46] DL_GetCount
[0000094] [15:41:40:159659] [Tid0x000012dc] [debug] -->[C47] DL_Rom_GetInfoAll #(api.cpp, line:2786)
[0000095] [15:41:40:159659] [Tid0x000012dc] [debug] <--[C47] DL_Rom_GetInfoAll
[0000096] [15:41:40:175288] [Tid0x000012dc] [debug] -->[C48] DL_Rom_SetEnableAttr #(api.cpp, line:2840)
[0000097] [15:41:40:175288] [Tid0x000012dc] [debug] <--[C48] DL_Rom_SetEnableAttr
[0000098] [15:41:40:175288] [Tid0x000012dc] [debug] -->[C49] DL_GetCount #(api.cpp, line:2621)
[0000099] [15:41:40:175288] [Tid0x000012dc] [debug] <--[C49] DL_GetCount
[0000100] [15:41:40:175288] [Tid0x000012dc] [debug] -->[C50] DL_Rom_GetInfoAll #(api.cpp, line:2786)
[0000101] [15:41:40:175288] [Tid0x000012dc] [debug] <--[C50] DL_Rom_GetInfoAll
[0000102] [15:41:40:190911] [Tid0x000012dc] [debug] -->[C51] DL_Rom_SetEnableAttr #(api.cpp, line:2840)
[0000103] [15:41:40:190911] [Tid0x000012dc] [debug] <--[C51] DL_Rom_SetEnableAttr
[0000104] [15:41:40:190911] [Tid0x000012dc] [debug] -->[C52] DL_GetCount #(api.cpp, line:2621)
[0000105] [15:41:40:190911] [Tid0x000012dc] [debug] <--[C52] DL_GetCount
[0000106] [15:41:40:190911] [Tid0x000012dc] [debug] -->[C53] DL_Rom_GetInfoAll #(api.cpp, line:2786)
[0000107] [15:41:40:190911] [Tid0x000012dc] [debug] <--[C53] DL_Rom_GetInfoAll
[0000108] [15:41:40:190911] [Tid0x000012dc] [debug] -->[C54] DL_Rom_SetEnableAttr #(api.cpp, line:2840)
[0000109] [15:41:40:190911] [Tid0x000012dc] [debug] <--[C54] DL_Rom_SetEnableAttr
[0000110] [15:41:40:206534] [Tid0x000012dc] [debug] -->[C55] DL_GetCount #(api.cpp, line:2621)
[0000111] [15:41:40:206534] [Tid0x000012dc] [debug] <--[C55] DL_GetCount
[0000112] [15:41:40:206534] [Tid0x000012dc] [debug] -->[C56] DL_Rom_GetInfoAll #(api.cpp, line:2786)
[0000113] [15:41:40:206534] [Tid0x000012dc] [debug] <--[C56] DL_Rom_GetInfoAll
[0000114] [15:41:40:206534] [Tid0x000012dc] [debug] -->[C57] DL_Rom_SetEnableAttr #(api.cpp, line:2840)
[0000115] [15:41:40:206534] [Tid0x000012dc] [debug] <--[C57] DL_Rom_SetEnableAttr
[0000116] [15:41:40:222163] [Tid0x000012dc] [debug] -->[C58] DL_GetCount #(api.cpp, line:2621)
[0000117] [15:41:40:222163] [Tid0x000012dc] [debug] <--[C58] DL_GetCount
[0000118] [15:41:40:222163] [Tid0x000012dc] [debug] -->[C59] DL_Rom_GetInfoAll #(api.cpp, line:2786)
[0000119] [15:41:40:222163] [Tid0x000012dc] [debug] <--[C59] DL_Rom_GetInfoAll
[0000120] [15:41:40:222163] [Tid0x000012dc] [debug] -->[C60] DL_Rom_SetEnableAttr #(api.cpp, line:2840)
[0000121] [15:41:40:222163] [Tid0x000012dc] [debug] <--[C60] DL_Rom_SetEnableAttr
[0000122] [15:41:40:222163] [Tid0x000012dc] [debug] -->[C61] DL_GetCount #(api.cpp, line:2621)
[0000123] [15:41:40:222163] [Tid0x000012dc] [debug] <--[C61] DL_GetCount
[0000124] [15:41:40:222163] [Tid0x000012dc] [debug] -->[C62] DL_Rom_GetInfoAll #(api.cpp, line:2786)
[0000125] [15:41:40:222163] [Tid0x000012dc] [debug] <--[C62] DL_Rom_GetInfoAll
[0000126] [15:41:40:237781] [Tid0x000012dc] [debug] -->[C63] DL_Rom_SetEnableAttr #(api.cpp, line:2840)
[0000127] [15:41:40:237781] [Tid0x000012dc] [debug] <--[C63] DL_Rom_SetEnableAttr
[0000128] [15:41:40:253412] [Tid0x000012dc] [debug] -->[C64] DL_GetCount #(api.cpp, line:2621)
[0000129] [15:41:40:253412] [Tid0x000012dc] [debug] <--[C64] DL_GetCount
[0000130] [15:41:40:253412] [Tid0x000012dc] [debug] -->[C65] DL_Rom_GetInfoAll #(api.cpp, line:2786)
[0000131] [15:41:40:253412] [Tid0x000012dc] [debug] <--[C65] DL_Rom_GetInfoAll
[0000132] [15:41:40:253412] [Tid0x000012dc] [debug] -->[C66] DL_Rom_SetEnableAttr #(api.cpp, line:2840)
[0000133] [15:41:40:253412] [Tid0x000012dc] [debug] <--[C66] DL_Rom_SetEnableAttr
[0000134] [15:41:40:253412] [Tid0x000012dc] [debug] -->[C67] DL_GetCount #(api.cpp, line:2621)
[0000135] [15:41:40:253412] [Tid0x000012dc] [debug] <--[C67] DL_GetCount
[0000136] [15:41:40:253412] [Tid0x000012dc] [debug] -->[C68] DL_Rom_GetInfoAll #(api.cpp, line:2786)
[0000137] [15:41:40:253412] [Tid0x000012dc] [debug] <--[C68] DL_Rom_GetInfoAll
[0000138] [15:41:40:269031] [Tid0x000012dc] [debug] -->[C69] DL_Rom_SetEnableAttr #(api.cpp, line:2840)
[0000139] [15:41:40:269031] [Tid0x000012dc] [debug] <--[C69] DL_Rom_SetEnableAttr
[0000140] [15:41:40:269031] [Tid0x000012dc] [debug] -->[C70] DL_GetCount #(api.cpp, line:2621)
[0000141] [15:41:40:269031] [Tid0x000012dc] [debug] <--[C70] DL_GetCount
[0000142] [15:41:40:269031] [Tid0x000012dc] [debug] -->[C71] DL_Rom_GetInfoAll #(api.cpp, line:2786)
[0000143] [15:41:40:269031] [Tid0x000012dc] [debug] <--[C71] DL_Rom_GetInfoAll
[0000144] [15:41:40:269031] [Tid0x000012dc] [debug] -->[C72] DL_Rom_SetEnableAttr #(api.cpp, line:2840)
[0000145] [15:41:40:269031] [Tid0x000012dc] [debug] <--[C72] DL_Rom_SetEnableAttr
[0000146] [15:41:40:284660] [Tid0x000012dc] [debug] -->[C73] DL_GetCount #(api.cpp, line:2621)
[0000147] [15:41:40:284660] [Tid0x000012dc] [debug] <--[C73] DL_GetCount
[0000148] [15:41:40:284660] [Tid0x000012dc] [debug] -->[C74] DL_Rom_GetInfoAll #(api.cpp, line:2786)
[0000149] [15:41:40:284660] [Tid0x000012dc] [debug] <--[C74] DL_Rom_GetInfoAll
[0000150] [15:41:40:300277] [Tid0x000012dc] [debug] -->[C75] DL_Rom_SetEnableAttr #(api.cpp, line:2840)
[0000151] [15:41:40:300277] [Tid0x000012dc] [debug] <--[C75] DL_Rom_SetEnableAttr
[0000152] [15:41:40:300277] [Tid0x000012dc] [debug] -->[C76] DL_GetCount #(api.cpp, line:2621)
[0000153] [15:41:40:300277] [Tid0x000012dc] [debug] <--[C76] DL_GetCount
[0000154] [15:41:40:300277] [Tid0x000012dc] [debug] -->[C77] DL_Rom_GetInfoAll #(api.cpp, line:2786)
[0000155] [15:41:40:300277] [Tid0x000012dc] [debug] <--[C77] DL_Rom_GetInfoAll
[0000156] [15:41:40:300277] [Tid0x000012dc] [debug] -->[C78] DL_Rom_SetEnableAttr #(api.cpp, line:2840)
[0000157] [15:41:40:300277] [Tid0x000012dc] [debug] <--[C78] DL_Rom_SetEnableAttr
[0000158] [15:41:40:300277] [Tid0x000012dc] [debug] -->[C79] DL_GetCount #(api.cpp, line:2621)
[0000159] [15:41:40:300277] [Tid0x000012dc] [debug] <--[C79] DL_GetCount
[0000160] [15:41:40:300277] [Tid0x000012dc] [debug] -->[C80] DL_Rom_GetInfoAll #(api.cpp, line:2786)
[0000161] [15:41:40:300277] [Tid0x000012dc] [debug] <--[C80] DL_Rom_GetInfoAll
[0000162] [15:41:40:315908] [Tid0x000012dc] [debug] -->[C81] DL_Rom_SetEnableAttr #(api.cpp, line:2840)
[0000163] [15:41:40:315908] [Tid0x000012dc] [debug] <--[C81] DL_Rom_SetEnableAttr
[0000164] [15:41:40:331531] [Tid0x000012dc] [debug] -->[C82] DL_GetCount #(api.cpp, line:2621)
[0000165] [15:41:40:331531] [Tid0x000012dc] [debug] <--[C82] DL_GetCount
[0000166] [15:41:40:331531] [Tid0x000012dc] [debug] -->[C83] DL_Rom_GetInfoAll #(api.cpp, line:2786)
[0000167] [15:41:40:331531] [Tid0x000012dc] [debug] <--[C83] DL_Rom_GetInfoAll
[0000168] [15:41:40:331531] [Tid0x000012dc] [debug] -->[C84] DL_Rom_SetEnableAttr #(api.cpp, line:2840)
[0000169] [15:41:40:331531] [Tid0x000012dc] [debug] <--[C84] DL_Rom_SetEnableAttr
[0000170] [15:41:40:347154] [Tid0x000012dc] [debug] -->[C85] DL_GetCount #(api.cpp, line:2621)
[0000171] [15:41:40:347154] [Tid0x000012dc] [debug] <--[C85] DL_GetCount
[0000172] [15:41:40:347154] [Tid0x000012dc] [debug] -->[C86] DL_Rom_GetInfoAll #(api.cpp, line:2786)
[0000173] [15:41:40:347154] [Tid0x000012dc] [debug] <--[C86] DL_Rom_GetInfoAll
[0000174] [15:41:40:347154] [Tid0x000012dc] [debug] -->[C87] DL_Rom_SetEnableAttr #(api.cpp, line:2840)
[0000175] [15:41:40:347154] [Tid0x000012dc] [debug] <--[C87] DL_Rom_SetEnableAttr
[0000176] [15:41:40:347154] [Tid0x000012dc] [debug] -->[C88] DL_GetCount #(api.cpp, line:2621)
[0000177] [15:41:40:347154] [Tid0x000012dc] [debug] <--[C88] DL_GetCount
[0000178] [15:41:40:347154] [Tid0x000012dc] [debug] -->[C89] DL_Rom_GetInfoAll #(api.cpp, line:2786)
[0000179] [15:41:40:347154] [Tid0x000012dc] [debug] <--[C89] DL_Rom_GetInfoAll
[0000180] [15:41:40:347154] [Tid0x000012dc] [debug] -->[C90] DL_Rom_SetEnableAttr #(api.cpp, line:2840)
[0000181] [15:41:40:347154] [Tid0x000012dc] [debug] <--[C90] DL_Rom_SetEnableAttr
[0000182] [15:41:40:362780] [Tid0x000012dc] [debug] -->[C91] DL_GetCount #(api.cpp, line:2621)
[0000183] [15:41:40:362780] [Tid0x000012dc] [debug] <--[C91] DL_GetCount
[0000184] [15:41:40:362780] [Tid0x000012dc] [debug] -->[C92] DL_Rom_GetInfoAll #(api.cpp, line:2786)
[0000185] [15:41:40:362780] [Tid0x000012dc] [debug] <--[C92] DL_Rom_GetInfoAll
[0000186] [15:41:40:378406] [Tid0x000012dc] [debug] -->[C93] DL_Rom_SetEnableAttr #(api.cpp, line:2840)
[0000187] [15:41:40:378406] [Tid0x000012dc] [debug] <--[C93] DL_Rom_SetEnableAttr
[0000188] [15:41:40:378406] [Tid0x000012dc] [debug] -->[C94] DL_GetCount #(api.cpp, line:2621)
[0000189] [15:41:40:378406] [Tid0x000012dc] [debug] <--[C94] DL_GetCount
[0000190] [15:41:40:378406] [Tid0x000012dc] [debug] -->[C95] DL_Rom_GetInfoAll #(api.cpp, line:2786)
[0000191] [15:41:40:378406] [Tid0x000012dc] [debug] <--[C95] DL_Rom_GetInfoAll
[0000192] [15:41:40:394029] [Tid0x000012dc] [debug] -->[C96] DL_Rom_SetEnableAttr #(api.cpp, line:2840)
[0000193] [15:41:40:394029] [Tid0x000012dc] [debug] <--[C96] DL_Rom_SetEnableAttr
[0000194] [15:41:40:394029] [Tid0x000012dc] [debug] -->[C97] DL_GetCount #(api.cpp, line:2621)
[0000195] [15:41:40:394029] [Tid0x000012dc] [debug] <--[C97] DL_GetCount
[0000196] [15:41:40:394029] [Tid0x000012dc] [debug] -->[C98] DL_Rom_GetInfoAll #(api.cpp, line:2786)
[0000197] [15:41:40:394029] [Tid0x000012dc] [debug] <--[C98] DL_Rom_GetInfoAll
[0000198] [15:41:40:394029] [Tid0x000012dc] [debug] -->[C99] DL_Rom_SetEnableAttr #(api.cpp, line:2840)
[0000199] [15:41:40:394029] [Tid0x000012dc] [debug] <--[C99] DL_Rom_SetEnableAttr
[0000200] [15:41:40:409653] [Tid0x000012dc] [debug] -->[C100] DL_GetCount #(api.cpp, line:2621)
[0000201] [15:41:40:409653] [Tid0x000012dc] [debug] <--[C100] DL_GetCount
[0000202] [15:41:40:409653] [Tid0x000012dc] [debug] -->[C101] DL_Rom_GetInfoAll #(api.cpp, line:2786)
[0000203] [15:41:40:409653] [Tid0x000012dc] [debug] <--[C101] DL_Rom_GetInfoAll
[0000204] [15:41:40:409653] [Tid0x000012dc] [debug] -->[C102] DL_Rom_SetEnableAttr #(api.cpp, line:2840)
[0000205] [15:41:40:409653] [Tid0x000012dc] [debug] <--[C102] DL_Rom_SetEnableAttr
[0000206] [15:41:40:425278] [Tid0x000012dc] [debug] -->[C103] DL_GetCount #(api.cpp, line:2621)
[0000207] [15:41:40:425278] [Tid0x000012dc] [debug] <--[C103] DL_GetCount
[0000208] [15:41:40:425278] [Tid0x000012dc] [debug] -->[C104] DL_Rom_GetInfoAll #(api.cpp, line:2786)
[0000209] [15:41:40:425278] [Tid0x000012dc] [debug] <--[C104] DL_Rom_GetInfoAll
[0000210] [15:41:40:425278] [Tid0x000012dc] [debug] -->[C105] DL_Rom_SetEnableAttr #(api.cpp, line:2840)
[0000211] [15:41:40:425278] [Tid0x000012dc] [debug] <--[C105] DL_Rom_SetEnableAttr
[0000212] [15:41:40:425278] [Tid0x000012dc] [debug] -->[C106] DL_GetCount #(api.cpp, line:2621)
[0000213] [15:41:40:425278] [Tid0x000012dc] [debug] <--[C106] DL_GetCount
[0000214] [15:41:40:425278] [Tid0x000012dc] [debug] -->[C107] DL_Rom_GetInfoAll #(api.cpp, line:2786)
[0000215] [15:41:40:425278] [Tid0x000012dc] [debug] <--[C107] DL_Rom_GetInfoAll
[0000216] [15:41:40:440903] [Tid0x000012dc] [debug] -->[C108] DL_Rom_SetEnableAttr #(api.cpp, line:2840)
[0000217] [15:41:40:440903] [Tid0x000012dc] [debug] <--[C108] DL_Rom_SetEnableAttr
[0000218] [15:41:40:487776] [Tid0x000012dc] [debug] -->[C109] DL_GetCount #(api.cpp, line:2621)
[0000219] [15:41:40:487776] [Tid0x000012dc] [debug] <--[C109] DL_GetCount
[0000220] [15:41:40:487776] [Tid0x000012dc] [debug] -->[C110] DL_Rom_GetInfoAll #(api.cpp, line:2786)
[0000221] [15:41:40:487776] [Tid0x000012dc] [debug] <--[C110] DL_Rom_GetInfoAll
[0000222] [15:41:40:503402] [Tid0x000012dc] [debug] -->[C111] DL_Rom_SetEnableAttr #(api.cpp, line:2840)
[0000223] [15:41:40:503402] [Tid0x000012dc] [debug] <--[C111] DL_Rom_SetEnableAttr
[0000224] [15:41:40:503402] [Tid0x000012dc] [debug] -->[C112] DL_GetCount #(api.cpp, line:2621)
[0000225] [15:41:40:503402] [Tid0x000012dc] [debug] <--[C112] DL_GetCount
[0000226] [15:41:40:503402] [Tid0x000012dc] [debug] -->[C113] DL_Rom_GetInfoAll #(api.cpp, line:2786)
[0000227] [15:41:40:503402] [Tid0x000012dc] [debug] <--[C113] DL_Rom_GetInfoAll
[0000228] [15:41:40:503402] [Tid0x000012dc] [debug] -->[C114] DL_Rom_SetEnableAttr #(api.cpp, line:2840)
[0000229] [15:41:40:503402] [Tid0x000012dc] [debug] <--[C114] DL_Rom_SetEnableAttr
[0000230] [15:41:40:503402] [Tid0x000012dc] [debug] -->[C115] DL_GetCount #(api.cpp, line:2621)
[0000231] [15:41:40:503402] [Tid0x000012dc] [debug] <--[C115] DL_GetCount
[0000232] [15:41:40:503402] [Tid0x000012dc] [debug] -->[C116] DL_Rom_GetInfoAll #(api.cpp, line:2786)
[0000233] [15:41:40:503402] [Tid0x000012dc] [debug] <--[C116] DL_Rom_GetInfoAll
[0000234] [15:41:40:519027] [Tid0x000012dc] [debug] -->[C117] DL_Rom_SetEnableAttr #(api.cpp, line:2840)
[0000235] [15:41:40:519027] [Tid0x000012dc] [debug] <--[C117] DL_Rom_SetEnableAttr
[0000236] [15:41:40:534650] [Tid0x000012dc] [debug] -->[C118] DL_GetCount #(api.cpp, line:2621)
[0000237] [15:41:40:534650] [Tid0x000012dc] [debug] <--[C118] DL_GetCount
[0000238] [15:41:40:534650] [Tid0x000012dc] [debug] -->[C119] DL_Rom_GetInfoAll #(api.cpp, line:2786)
[0000239] [15:41:40:534650] [Tid0x000012dc] [debug] <--[C119] DL_Rom_GetInfoAll
[0000240] [15:41:40:534650] [Tid0x000012dc] [debug] -->[C120] DL_Rom_SetEnableAttr #(api.cpp, line:2840)
[0000241] [15:41:40:534650] [Tid0x000012dc] [debug] <--[C120] DL_Rom_SetEnableAttr
[0000242] [15:41:40:550274] [Tid0x000012dc] [debug] -->[C121] DL_GetCount #(api.cpp, line:2621)
[0000243] [15:41:40:550274] [Tid0x000012dc] [debug] <--[C121] DL_GetCount
[0000244] [15:41:40:550274] [Tid0x000012dc] [debug] -->[C122] DL_Rom_GetInfoAll #(api.cpp, line:2786)
[0000245] [15:41:40:550274] [Tid0x000012dc] [debug] <--[C122] DL_Rom_GetInfoAll
[0000246] [15:41:40:550274] [Tid0x000012dc] [debug] -->[C123] DL_Rom_SetEnableAttr #(api.cpp, line:2840)
[0000247] [15:41:40:550274] [Tid0x000012dc] [debug] <--[C123] DL_Rom_SetEnableAttr
[0000248] [15:41:40:550274] [Tid0x000012dc] [debug] -->[C124] DL_GetCount #(api.cpp, line:2621)
[0000249] [15:41:40:550274] [Tid0x000012dc] [debug] <--[C124] DL_GetCount
[0000250] [15:41:40:550274] [Tid0x000012dc] [debug] -->[C125] DL_Rom_GetInfoAll #(api.cpp, line:2786)
[0000251] [15:41:40:550274] [Tid0x000012dc] [debug] <--[C125] DL_Rom_GetInfoAll
[0000252] [15:41:40:565899] [Tid0x000012dc] [debug] -->[C126] DL_Rom_SetEnableAttr #(api.cpp, line:2840)
[0000253] [15:41:40:565899] [Tid0x000012dc] [debug] <--[C126] DL_Rom_SetEnableAttr
[0000254] [15:41:40:581520] [Tid0x000012dc] [debug] -->[C127] DL_GetCount #(api.cpp, line:2621)
[0000255] [15:41:40:581520] [Tid0x000012dc] [debug] <--[C127] DL_GetCount
[0000256] [15:41:40:581520] [Tid0x000012dc] [debug] -->[C128] DL_Rom_GetInfoAll #(api.cpp, line:2786)
[0000257] [15:41:40:581520] [Tid0x000012dc] [debug] <--[C128] DL_Rom_GetInfoAll
[0000258] [15:41:40:581520] [Tid0x000012dc] [debug] -->[C129] DL_Rom_SetEnableAttr #(api.cpp, line:2840)
[0000259] [15:41:40:581520] [Tid0x000012dc] [debug] <--[C129] DL_Rom_SetEnableAttr
[0000260] [15:41:40:597147] [Tid0x000012dc] [debug] -->[C130] DL_GetCount #(api.cpp, line:2621)
[0000261] [15:41:40:597147] [Tid0x000012dc] [debug] <--[C130] DL_GetCount
[0000262] [15:41:40:597147] [Tid0x000012dc] [debug] -->[C131] DL_Rom_GetInfoAll #(api.cpp, line:2786)
[0000263] [15:41:40:597147] [Tid0x000012dc] [debug] <--[C131] DL_Rom_GetInfoAll
[0000264] [15:41:40:597147] [Tid0x000012dc] [debug] -->[C132] DL_Rom_SetEnableAttr #(api.cpp, line:2840)
[0000265] [15:41:40:597147] [Tid0x000012dc] [debug] <--[C132] DL_Rom_SetEnableAttr
[0000266] [15:41:40:597147] [Tid0x000012dc] [debug] -->[C133] DL_GetCount #(api.cpp, line:2621)
[0000267] [15:41:40:597147] [Tid0x000012dc] [debug] <--[C133] DL_GetCount
[0000268] [15:41:40:597147] [Tid0x000012dc] [debug] -->[C134] DL_Rom_GetInfoAll #(api.cpp, line:2786)
[0000269] [15:41:40:597147] [Tid0x000012dc] [debug] <--[C134] DL_Rom_GetInfoAll
[0000270] [15:41:40:612772] [Tid0x000012dc] [debug] -->[C135] DL_Rom_SetEnableAttr #(api.cpp, line:2840)
[0000271] [15:41:40:612772] [Tid0x000012dc] [debug] <--[C135] DL_Rom_SetEnableAttr
[0000272] [15:41:40:628395] [Tid0x000012dc] [debug] -->[C136] DL_GetCount #(api.cpp, line:2621)
[0000273] [15:41:40:628395] [Tid0x000012dc] [debug] <--[C136] DL_GetCount
[0000274] [15:41:40:628395] [Tid0x000012dc] [debug] -->[C137] DL_Rom_GetInfoAll #(api.cpp, line:2786)
[0000275] [15:41:40:628395] [Tid0x000012dc] [debug] <--[C137] DL_Rom_GetInfoAll
[0000276] [15:41:40:628395] [Tid0x000012dc] [debug] -->[C138] DL_Rom_SetEnableAttr #(api.cpp, line:2840)
[0000277] [15:41:40:628395] [Tid0x000012dc] [debug] <--[C138] DL_Rom_SetEnableAttr
[0000278] [15:41:40:628395] [Tid0x000012dc] [debug] -->[C139] DL_GetCount #(api.cpp, line:2621)
[0000279] [15:41:40:628395] [Tid0x000012dc] [debug] <--[C139] DL_GetCount
[0000280] [15:41:40:628395] [Tid0x000012dc] [debug] -->[C140] DL_Rom_GetInfoAll #(api.cpp, line:2786)
[0000281] [15:41:40:628395] [Tid0x000012dc] [debug] <--[C140] DL_Rom_GetInfoAll
[0000282] [15:41:40:644020] [Tid0x000012dc] [debug] -->[C141] DL_Rom_SetEnableAttr #(api.cpp, line:2840)
[0000283] [15:41:40:644020] [Tid0x000012dc] [debug] <--[C141] DL_Rom_SetEnableAttr
[0000284] [15:41:40:644020] [Tid0x000012dc] [debug] -->[C142] DL_GetCount #(api.cpp, line:2621)
[0000285] [15:41:40:644020] [Tid0x000012dc] [debug] <--[C142] DL_GetCount
[0000286] [15:41:40:644020] [Tid0x000012dc] [debug] -->[C143] DL_Rom_GetInfoAll #(api.cpp, line:2786)
[0000287] [15:41:40:644020] [Tid0x000012dc] [debug] <--[C143] DL_Rom_GetInfoAll
[0000288] [15:41:40:644020] [Tid0x000012dc] [debug] -->[C144] DL_Rom_SetEnableAttr #(api.cpp, line:2840)
[0000289] [15:41:40:644020] [Tid0x000012dc] [debug] <--[C144] DL_Rom_SetEnableAttr
[0000290] [15:41:40:659645] [Tid0x000012dc] [debug] -->[C145] DL_GetCount #(api.cpp, line:2621)
[0000291] [15:41:40:659645] [Tid0x000012dc] [debug] <--[C145] DL_GetCount
[0000292] [15:41:40:659645] [Tid0x000012dc] [debug] -->[C146] DL_Rom_GetInfoAll #(api.cpp, line:2786)
[0000293] [15:41:40:659645] [Tid0x000012dc] [debug] <--[C146] DL_Rom_GetInfoAll
[0000294] [15:41:40:675267] [Tid0x000012dc] [debug] -->[C147] DL_Rom_SetEnableAttr #(api.cpp, line:2840)
[0000295] [15:41:40:675267] [Tid0x000012dc] [debug] <--[C147] DL_Rom_SetEnableAttr
[0000296] [15:41:40:675267] [Tid0x000012dc] [debug] -->[C148] DL_GetCount #(api.cpp, line:2621)
[0000297] [15:41:40:675267] [Tid0x000012dc] [debug] <--[C148] DL_GetCount
[0000298] [15:41:40:675267] [Tid0x000012dc] [debug] -->[C149] DL_Rom_GetInfoAll #(api.cpp, line:2786)
[0000299] [15:41:40:675267] [Tid0x000012dc] [debug] <--[C149] DL_Rom_GetInfoAll
[0000300] [15:41:40:675267] [Tid0x000012dc] [debug] -->[C150] DL_Rom_SetEnableAttr #(api.cpp, line:2840)
[0000301] [15:41:40:675267] [Tid0x000012dc] [debug] <--[C150] DL_Rom_SetEnableAttr
[0000302] [15:41:40:675267] [Tid0x000012dc] [debug] -->[C151] DL_GetCount #(api.cpp, line:2621)
[0000303] [15:41:40:675267] [Tid0x000012dc] [debug] <--[C151] DL_GetCount
[0000304] [15:41:40:675267] [Tid0x000012dc] [debug] -->[C152] DL_Rom_GetInfoAll #(api.cpp, line:2786)
[0000305] [15:41:40:675267] [Tid0x000012dc] [debug] <--[C152] DL_Rom_GetInfoAll
[0000306] [15:41:40:690897] [Tid0x000012dc] [debug] -->[C153] DL_Rom_SetEnableAttr #(api.cpp, line:2840)
[0000307] [15:41:40:690897] [Tid0x000012dc] [debug] <--[C153] DL_Rom_SetEnableAttr
[0000308] [15:41:40:706517] [Tid0x000012dc] [debug] -->[C154] DL_GetCount #(api.cpp, line:2621)
[0000309] [15:41:40:706517] [Tid0x000012dc] [debug] <--[C154] DL_GetCount
[0000310] [15:41:40:706517] [Tid0x000012dc] [debug] -->[C155] DL_Rom_GetInfoAll #(api.cpp, line:2786)
[0000311] [15:41:40:706517] [Tid0x000012dc] [debug] <--[C155] DL_Rom_GetInfoAll
[0000312] [15:41:40:706517] [Tid0x000012dc] [debug] -->[C156] DL_Rom_SetEnableAttr #(api.cpp, line:2840)
[0000313] [15:41:40:706517] [Tid0x000012dc] [debug] <--[C156] DL_Rom_SetEnableAttr
[0000314] [15:41:40:722147] [Tid0x000012dc] [debug] -->[C157] DL_GetCount #(api.cpp, line:2621)
[0000315] [15:41:40:722147] [Tid0x000012dc] [debug] <--[C157] DL_GetCount
[0000316] [15:41:40:722147] [Tid0x000012dc] [debug] -->[C158] DL_Rom_GetInfoAll #(api.cpp, line:2786)
[0000317] [15:41:40:722147] [Tid0x000012dc] [debug] <--[C158] DL_Rom_GetInfoAll
[0000318] [15:41:40:722147] [Tid0x000012dc] [debug] -->[C159] DL_Rom_SetEnableAttr #(api.cpp, line:2840)
[0000319] [15:41:40:722147] [Tid0x000012dc] [debug] <--[C159] DL_Rom_SetEnableAttr
[0000320] [15:41:40:722147] [Tid0x000012dc] [debug] -->[C160] DL_GetCount #(api.cpp, line:2621)
[0000321] [15:41:40:722147] [Tid0x000012dc] [debug] <--[C160] DL_GetCount
[0000322] [15:41:40:722147] [Tid0x000012dc] [debug] -->[C161] DL_Rom_GetInfoAll #(api.cpp, line:2786)
[0000323] [15:41:40:722147] [Tid0x000012dc] [debug] <--[C161] DL_Rom_GetInfoAll
[0000324] [15:41:40:737770] [Tid0x000012dc] [debug] -->[C162] DL_Rom_SetEnableAttr #(api.cpp, line:2840)
[0000325] [15:41:40:737770] [Tid0x000012dc] [debug] <--[C162] DL_Rom_SetEnableAttr
[0000326] [15:41:40:753396] [Tid0x000012dc] [debug] -->[C163] DL_GetCount #(api.cpp, line:2621)
[0000327] [15:41:40:753396] [Tid0x000012dc] [debug] <--[C163] DL_GetCount
[0000328] [15:41:40:753396] [Tid0x000012dc] [debug] -->[C164] DL_Rom_GetInfoAll #(api.cpp, line:2786)
[0000329] [15:41:40:753396] [Tid0x000012dc] [debug] <--[C164] DL_Rom_GetInfoAll
[0000330] [15:41:40:753396] [Tid0x000012dc] [debug] -->[C165] DL_Rom_SetEnableAttr #(api.cpp, line:2840)
[0000331] [15:41:40:753396] [Tid0x000012dc] [debug] <--[C165] DL_Rom_SetEnableAttr
[0000332] [15:41:40:753396] [Tid0x000012dc] [debug] -->[C166] DL_GetCount #(api.cpp, line:2621)
[0000333] [15:41:40:769021] [Tid0x000012dc] [debug] <--[C166] DL_GetCount
[0000334] [15:41:40:769021] [Tid0x000012dc] [debug] -->[C167] DL_Rom_GetInfoAll #(api.cpp, line:2786)
[0000335] [15:41:40:769021] [Tid0x000012dc] [debug] <--[C167] DL_Rom_GetInfoAll
[0000336] [15:41:40:769021] [Tid0x000012dc] [debug] -->[C168] DL_Rom_SetEnableAttr #(api.cpp, line:2840)
[0000337] [15:41:40:769021] [Tid0x000012dc] [debug] <--[C168] DL_Rom_SetEnableAttr
[0000338] [15:41:40:769021] [Tid0x000012dc] [debug] -->[C169] DL_GetCount #(api.cpp, line:2621)
[0000339] [15:41:40:769021] [Tid0x000012dc] [debug] <--[C169] DL_GetCount
[0000340] [15:41:40:769021] [Tid0x000012dc] [debug] -->[C170] DL_Rom_GetInfoAll #(api.cpp, line:2786)
[0000341] [15:41:40:769021] [Tid0x000012dc] [debug] <--[C170] DL_Rom_GetInfoAll
[0000342] [15:41:40:769021] [Tid0x000012dc] [debug] -->[C171] DL_Rom_SetEnableAttr #(api.cpp, line:2840)
[0000343] [15:41:40:769021] [Tid0x000012dc] [debug] <--[C171] DL_Rom_SetEnableAttr
[0000344] [15:41:40:784643] [Tid0x000012dc] [debug] -->[C172] DL_GetCount #(api.cpp, line:2621)
[0000345] [15:41:40:784643] [Tid0x000012dc] [debug] <--[C172] DL_GetCount
[0000346] [15:41:40:784643] [Tid0x000012dc] [debug] -->[C173] DL_Rom_GetInfoAll #(api.cpp, line:2786)
[0000347] [15:41:40:784643] [Tid0x000012dc] [debug] <--[C173] DL_Rom_GetInfoAll
[0000348] [15:41:40:800269] [Tid0x000012dc] [debug] -->[C174] DL_Rom_SetEnableAttr #(api.cpp, line:2840)
[0000349] [15:41:40:800269] [Tid0x000012dc] [debug] <--[C174] DL_Rom_SetEnableAttr
[0000350] [15:41:40:800269] [Tid0x000012dc] [debug] -->[C175] DL_GetCount #(api.cpp, line:2621)
[0000351] [15:41:40:800269] [Tid0x000012dc] [debug] <--[C175] DL_GetCount
[0000352] [15:41:40:800269] [Tid0x000012dc] [debug] -->[C176] DL_Rom_GetInfoAll #(api.cpp, line:2786)
[0000353] [15:41:40:800269] [Tid0x000012dc] [debug] <--[C176] DL_Rom_GetInfoAll
[0000354] [15:41:40:815890] [Tid0x000012dc] [debug] -->[C177] DL_Rom_SetEnableAttr #(api.cpp, line:2840)
[0000355] [15:41:40:815890] [Tid0x000012dc] [debug] <--[C177] DL_Rom_SetEnableAttr
[0000356] [15:41:40:815890] [Tid0x000012dc] [debug] -->[C178] DL_GetCount #(api.cpp, line:2621)
[0000357] [15:41:40:815890] [Tid0x000012dc] [debug] <--[C178] DL_GetCount
[0000358] [15:41:40:815890] [Tid0x000012dc] [debug] -->[C179] DL_Rom_GetInfoAll #(api.cpp, line:2786)
[0000359] [15:41:40:815890] [Tid0x000012dc] [debug] <--[C179] DL_Rom_GetInfoAll
[0000360] [15:41:40:815890] [Tid0x000012dc] [debug] -->[C180] DL_Rom_SetEnableAttr #(api.cpp, line:2840)
[0000361] [15:41:40:815890] [Tid0x000012dc] [debug] <--[C180] DL_Rom_SetEnableAttr
[0000362] [15:41:40:815890] [Tid0x000012dc] [debug] -->[C181] DL_GetCount #(api.cpp, line:2621)
[0000363] [15:41:40:815890] [Tid0x000012dc] [debug] <--[C181] DL_GetCount
[0000364] [15:41:40:815890] [Tid0x000012dc] [debug] -->[C182] DL_Rom_GetInfoAll #(api.cpp, line:2786)
[0000365] [15:41:40:815890] [Tid0x000012dc] [debug] <--[C182] DL_Rom_GetInfoAll
[0000366] [15:41:40:831517] [Tid0x000012dc] [debug] -->[C183] DL_Rom_SetEnableAttr #(api.cpp, line:2840)
[0000367] [15:41:40:831517] [Tid0x000012dc] [debug] <--[C183] DL_Rom_SetEnableAttr
[0000368] [15:41:40:831517] [Tid0x000012dc] [debug] -->[C184] DL_SetChecksumLevel #(api.cpp, line:2523)
[0000369] [15:41:40:831517] [Tid0x000012dc] [debug] <--[C184] DL_SetChecksumLevel
[0000370] [15:42:06:721356] [Tid0x00000f1c] [debug] -->[C185] DL_LoadScatter #(api.cpp, line:2481)
[0000371] [15:42:06:799477] [Tid0x00000f1c] [debug] used lib version: 2 #(api.cpp, line:2503)
[0000372] [15:42:06:799477] [Tid0x00000f1c] [debug] <--[C185] DL_LoadScatter
[0000373] [15:42:06:799477] [Tid0x00000f1c] [debug] -->[C186] DL_AutoLoadRomImages #(api.cpp, line:2701)
[0000374] [15:42:08:143186] [Tid0x00000f1c] [debug] <--[C186] DL_AutoLoadRomImages
[0000375] [15:42:08:143186] [Tid0x00000f1c] [debug] -->[C187] DL_GetCount #(api.cpp, line:2621)
[0000376] [15:42:08:143186] [Tid0x00000f1c] [debug] <--[C187] DL_GetCount
[0000377] [15:42:08:143186] [Tid0x00000f1c] [debug] -->[C188] DL_Rom_GetInfoAll #(api.cpp, line:2786)
[0000378] [15:42:08:143186] [Tid0x00000f1c] [debug] <--[C188] DL_Rom_GetInfoAll
[0000379] [15:42:08:143186] [Tid0x00000f1c] [debug] -->[C189] DL_VerifyROMMemBuf #(api.cpp, line:2578)
[0000380] [15:42:08:143186] [Tid0x00000f1c] [debug] -->[C190] cflashtool_api::DL_VerifyROMMemBuf #(cflashtool_api.cpp, line:2007)
[0000381] [15:42:09:315025] [Tid0x00000f1c] [debug] <--[C190] cflashtool_api::DL_VerifyROMMemBuf
[0000382] [15:42:09:315025] [Tid0x00000f1c] [debug] <--[C189] DL_VerifyROMMemBuf
[0000383] [15:42:09:315025] [Tid0x00000f1c] [debug] -->[C191] FlashTool_GetLastErrorMessage #(api.cpp, line:3923)
[0000384] [15:42:09:315025] [Tid0x00000f1c] [debug] <--[C191] FlashTool_GetLastErrorMessage
[0000385] [15:42:09:440071] [Tid0x000012dc] [debug] -->[C192] DL_SetChecksumLevel #(api.cpp, line:2523)
[0000386] [15:42:09:440071] [Tid0x000012dc] [debug] <--[C192] DL_SetChecksumLevel
[0000387] [15:42:53:139473] [Tid0x00000c90] [debug] -->[C193] DL_LoadScatter #(api.cpp, line:2481)
[0000388] [15:42:53:233220] [Tid0x00000c90] [debug] used lib version: 2 #(api.cpp, line:2503)
[0000389] [15:42:53:233220] [Tid0x00000c90] [debug] <--[C193] DL_LoadScatter
[0000390] [15:42:53:233220] [Tid0x00000c90] [debug] -->[C194] DL_AutoLoadRomImages #(api.cpp, line:2701)
[0000391] [15:42:53:342593] [Tid0x00000c90] [debug] <--[C194] DL_AutoLoadRomImages
[0000392] [15:42:53:342593] [Tid0x00000c90] [debug] -->[C195] DL_GetCount #(api.cpp, line:2621)
[0000393] [15:42:53:342593] [Tid0x00000c90] [debug] <--[C195] DL_GetCount
[0000394] [15:42:53:342593] [Tid0x00000c90] [debug] -->[C196] DL_Rom_GetInfoAll #(api.cpp, line:2786)
[0000395] [15:42:53:342593] [Tid0x00000c90] [debug] <--[C196] DL_Rom_GetInfoAll
[0000396] [15:42:53:342593] [Tid0x00000c90] [debug] -->[C197] DL_VerifyROMMemBuf #(api.cpp, line:2578)
[0000397] [15:42:53:342593] [Tid0x00000c90] [debug] -->[C198] cflashtool_api::DL_VerifyROMMemBuf #(cflashtool_api.cpp, line:2007)
[0000398] [15:42:54:483186] [Tid0x00000c90] [debug] <--[C198] cflashtool_api::DL_VerifyROMMemBuf
[0000399] [15:42:54:483186] [Tid0x00000c90] [debug] <--[C197] DL_VerifyROMMemBuf
[0000400] [15:42:54:483186] [Tid0x00000c90] [debug] -->[C199] FlashTool_GetLastErrorMessage #(api.cpp, line:3923)
[0000401] [15:42:54:483186] [Tid0x00000c90] [debug] <--[C199] FlashTool_GetLastErrorMessage
[0000402] [15:42:54:530059] [Tid0x000012dc] [debug] -->[C200] DL_SetChecksumLevel #(api.cpp, line:2523)
[0000403] [15:42:54:530059] [Tid0x000012dc] [debug] <--[C200] DL_SetChecksumLevel
[0000404] [15:44:08:789712] [Tid0x00000db8] [debug] -->[C201] DL_LoadScatter #(api.cpp, line:2481)
[0000405] [15:44:08:899086] [Tid0x00000db8] [debug] used lib version: 2 #(api.cpp, line:2503)
[0000406] [15:44:08:899086] [Tid0x00000db8] [debug] <--[C201] DL_LoadScatter
[0000407] [15:44:08:899086] [Tid0x00000db8] [debug] -->[C202] DL_AutoLoadRomImages #(api.cpp, line:2701)
[0000408] [15:44:10:289676] [Tid0x00000db8] [debug] <--[C202] DL_AutoLoadRomImages
[0000409] [15:44:10:320920] [Tid0x000012dc] [debug] -->[C203] DL_GetCount #(api.cpp, line:2621)
[0000410] [15:44:10:320920] [Tid0x000012dc] [debug] <--[C203] DL_GetCount
[0000411] [15:44:10:320920] [Tid0x000012dc] [debug] -->[C204] DL_Rom_GetInfoAll #(api.cpp, line:2786)
[0000412] [15:44:10:320920] [Tid0x000012dc] [debug] <--[C204] DL_Rom_GetInfoAll
[0000413] [15:44:10:336541] [Tid0x000012dc] [debug] -->[C205] DL_GetScatterInfo #(api.cpp, line:2722)
[0000414] [15:44:10:336541] [Tid0x000012dc] [debug] <--[C205] DL_GetScatterInfo
[0000415] [15:44:10:352166] [Tid0x000012dc] [debug] -->[C206] DL_GetCount #(api.cpp, line:2621)
[0000416] [15:44:10:352166] [Tid0x000012dc] [debug] <--[C206] DL_GetCount
[0000417] [15:44:10:352166] [Tid0x000012dc] [debug] -->[C207] DL_Rom_GetInfoAll #(api.cpp, line:2786)
[0000418] [15:44:10:352166] [Tid0x000012dc] [debug] <--[C207] DL_Rom_GetInfoAll
[0000419] [15:44:10:352166] [Tid0x000012dc] [debug] -->[C208] DL_Rom_SetEnableAttr #(api.cpp, line:2840)
[0000420] [15:44:10:352166] [Tid0x000012dc] [debug] <--[C208] DL_Rom_SetEnableAttr
[0000421] [15:44:10:367794] [Tid0x000012dc] [debug] -->[C209] DL_GetCount #(api.cpp, line:2621)
[0000422] [15:44:10:367794] [Tid0x000012dc] [debug] <--[C209] DL_GetCount
[0000423] [15:44:10:367794] [Tid0x000012dc] [debug] -->[C210] DL_Rom_GetInfoAll #(api.cpp, line:2786)
[0000424] [15:44:10:367794] [Tid0x000012dc] [debug] <--[C210] DL_Rom_GetInfoAll
[0000425] [15:44:10:367794] [Tid0x000012dc] [debug] -->[C211] DL_Rom_SetEnableAttr #(api.cpp, line:2840)
[0000426] [15:44:10:367794] [Tid0x000012dc] [debug] <--[C211] DL_Rom_SetEnableAttr
[0000427] [15:44:10:383414] [Tid0x000012dc] [debug] -->[C212] DL_GetCount #(api.cpp, line:2621)
[0000428] [15:44:10:383414] [Tid0x000012dc] [debug] <--[C212] DL_GetCount
[0000429] [15:44:10:383414] [Tid0x000012dc] [debug] -->[C213] DL_Rom_GetInfoAll #(api.cpp, line:2786)
[0000430] [15:44:10:383414] [Tid0x000012dc] [debug] <--[C213] DL_Rom_GetInfoAll
[0000431] [15:44:10:383414] [Tid0x000012dc] [debug] -->[C214] DL_Rom_SetEnableAttr #(api.cpp, line:2840)
[0000432] [15:44:10:383414] [Tid0x000012dc] [debug] <--[C214] DL_Rom_SetEnableAttr
[0000433] [15:44:10:399038] [Tid0x000012dc] [debug] -->[C215] DL_GetCount #(api.cpp, line:2621)
[0000434] [15:44:10:399038] [Tid0x000012dc] [debug] <--[C215] DL_GetCount
[0000435] [15:44:10:399038] [Tid0x000012dc] [debug] -->[C216] DL_Rom_GetInfoAll #(api.cpp, line:2786)
[0000436] [15:44:10:399038] [Tid0x000012dc] [debug] <--[C216] DL_Rom_GetInfoAll
[0000437] [15:44:10:399038] [Tid0x000012dc] [debug] -->[C217] DL_Rom_SetEnableAttr #(api.cpp, line:2840)
[0000438] [15:44:10:399038] [Tid0x000012dc] [debug] <--[C217] DL_Rom_SetEnableAttr
[0000439] [15:44:10:414664] [Tid0x000012dc] [debug] -->[C218] DL_GetCount #(api.cpp, line:2621)
[0000440] [15:44:10:414664] [Tid0x000012dc] [debug] <--[C218] DL_GetCount
[0000441] [15:44:10:414664] [Tid0x000012dc] [debug] -->[C219] DL_Rom_GetInfoAll #(api.cpp, line:2786)
[0000442] [15:44:10:414664] [Tid0x000012dc] [debug] <--[C219] DL_Rom_GetInfoAll
[0000443] [15:44:10:430289] [Tid0x000012dc] [debug] -->[C220] DL_Rom_SetEnableAttr #(api.cpp, line:2840)
[0000444] [15:44:10:430289] [Tid0x000012dc] [debug] <--[C220] DL_Rom_SetEnableAttr
[0000445] [15:44:10:430289] [Tid0x000012dc] [debug] -->[C221] DL_GetCount #(api.cpp, line:2621)
[0000446] [15:44:10:430289] [Tid0x000012dc] [debug] <--[C221] DL_GetCount
[0000447] [15:44:10:430289] [Tid0x000012dc] [debug] -->[C222] DL_Rom_GetInfoAll #(api.cpp, line:2786)
[0000448] [15:44:10:430289] [Tid0x000012dc] [debug] <--[C222] DL_Rom_GetInfoAll
[0000449] [15:44:10:445915] [Tid0x000012dc] [debug] -->[C223] DL_Rom_SetEnableAttr #(api.cpp, line:2840)
[0000450] [15:44:10:445915] [Tid0x000012dc] [debug] <--[C223] DL_Rom_SetEnableAttr
[0000451] [15:44:10:445915] [Tid0x000012dc] [debug] -->[C224] DL_GetCount #(api.cpp, line:2621)
[0000452] [15:44:10:445915] [Tid0x000012dc] [debug] <--[C224] DL_GetCount
[0000453] [15:44:10:445915] [Tid0x000012dc] [debug] -->[C225] DL_Rom_GetInfoAll #(api.cpp, line:2786)
[0000454] [15:44:10:445915] [Tid0x000012dc] [debug] <--[C225] DL_Rom_GetInfoAll
[0000455] [15:44:10:461537] [Tid0x000012dc] [debug] -->[C226] DL_Rom_SetEnableAttr #(api.cpp, line:2840)
[0000456] [15:44:10:461537] [Tid0x000012dc] [debug] <--[C226] DL_Rom_SetEnableAttr
[0000457] [15:44:10:461537] [Tid0x000012dc] [debug] -->[C227] DL_GetCount #(api.cpp, line:2621)
[0000458] [15:44:10:461537] [Tid0x000012dc] [debug] <--[C227] DL_GetCount
[0000459] [15:44:10:461537] [Tid0x000012dc] [debug] -->[C228] DL_Rom_GetInfoAll #(api.cpp, line:2786)
[0000460] [15:44:10:461537] [Tid0x000012dc] [debug] <--[C228] DL_Rom_GetInfoAll
[0000461] [15:44:10:477162] [Tid0x000012dc] [debug] -->[C229] DL_Rom_SetEnableAttr #(api.cpp, line:2840)
[0000462] [15:44:10:477162] [Tid0x000012dc] [debug] <--[C229] DL_Rom_SetEnableAttr
[0000463] [15:44:10:477162] [Tid0x000012dc] [debug] -->[C230] DL_GetCount #(api.cpp, line:2621)
[0000464] [15:44:10:477162] [Tid0x000012dc] [debug] <--[C230] DL_GetCount
[0000465] [15:44:10:477162] [Tid0x000012dc] [debug] -->[C231] DL_Rom_GetInfoAll #(api.cpp, line:2786)
[0000466] [15:44:10:477162] [Tid0x000012dc] [debug] <--[C231] DL_Rom_GetInfoAll
[0000467] [15:44:10:492787] [Tid0x000012dc] [debug] -->[C232] DL_Rom_SetEnableAttr #(api.cpp, line:2840)
[0000468] [15:44:10:492787] [Tid0x000012dc] [debug] <--[C232] DL_Rom_SetEnableAttr
[0000469] [15:44:10:492787] [Tid0x000012dc] [debug] -->[C233] DL_GetCount #(api.cpp, line:2621)
[0000470] [15:44:10:492787] [Tid0x000012dc] [debug] <--[C233] DL_GetCount
[0000471] [15:44:10:492787] [Tid0x000012dc] [debug] -->[C234] DL_Rom_GetInfoAll #(api.cpp, line:2786)
[0000472] [15:44:10:492787] [Tid0x000012dc] [debug] <--[C234] DL_Rom_GetInfoAll
[0000473] [15:44:10:508412] [Tid0x000012dc] [debug] -->[C235] DL_Rom_SetEnableAttr #(api.cpp, line:2840)
[0000474] [15:44:10:508412] [Tid0x000012dc] [debug] <--[C235] DL_Rom_SetEnableAttr
[0000475] [15:44:10:524038] [Tid0x000012dc] [debug] -->[C236] DL_GetCount #(api.cpp, line:2621)
[0000476] [15:44:10:524038] [Tid0x000012dc] [debug] <--[C236] DL_GetCount
[0000477] [15:44:10:524038] [Tid0x000012dc] [debug] -->[C237] DL_Rom_GetInfoAll #(api.cpp, line:2786)
[0000478] [15:44:10:524038] [Tid0x000012dc] [debug] <--[C237] DL_Rom_GetInfoAll
[0000479] [15:44:10:524038] [Tid0x000012dc] [debug] -->[C238] DL_Rom_SetEnableAttr #(api.cpp, line:2840)
[0000480] [15:44:10:524038] [Tid0x000012dc] [debug] <--[C238] DL_Rom_SetEnableAttr
[0000481] [15:44:10:524038] [Tid0x000012dc] [debug] -->[C239] DL_GetCount #(api.cpp, line:2621)
[0000482] [15:44:10:539659] [Tid0x000012dc] [debug] <--[C239] DL_GetCount
[0000483] [15:44:10:539659] [Tid0x000012dc] [debug] -->[C240] DL_Rom_GetInfoAll #(api.cpp, line:2786)
[0000484] [15:44:10:539659] [Tid0x000012dc] [debug] <--[C240] DL_Rom_GetInfoAll
[0000485] [15:44:10:539659] [Tid0x000012dc] [debug] -->[C241] DL_Rom_SetEnableAttr #(api.cpp, line:2840)
[0000486] [15:44:10:539659] [Tid0x000012dc] [debug] <--[C241] DL_Rom_SetEnableAttr
[0000487] [15:44:10:555289] [Tid0x000012dc] [debug] -->[C242] DL_GetCount #(api.cpp, line:2621)
[0000488] [15:44:10:555289] [Tid0x000012dc] [debug] <--[C242] DL_GetCount
[0000489] [15:44:10:555289] [Tid0x000012dc] [debug] -->[C243] DL_Rom_GetInfoAll #(api.cpp, line:2786)
[0000490] [15:44:10:555289] [Tid0x000012dc] [debug] <--[C243] DL_Rom_GetInfoAll
[0000491] [15:44:10:555289] [Tid0x000012dc] [debug] -->[C244] DL_Rom_SetEnableAttr #(api.cpp, line:2840)
[0000492] [15:44:10:555289] [Tid0x000012dc] [debug] <--[C244] DL_Rom_SetEnableAttr
[0000493] [15:44:10:570912] [Tid0x000012dc] [debug] -->[C245] DL_GetCount #(api.cpp, line:2621)
[0000494] [15:44:10:570912] [Tid0x000012dc] [debug] <--[C245] DL_GetCount
[0000495] [15:44:10:570912] [Tid0x000012dc] [debug] -->[C246] DL_Rom_GetInfoAll #(api.cpp, line:2786)
[0000496] [15:44:10:570912] [Tid0x000012dc] [debug] <--[C246] DL_Rom_GetInfoAll
[0000497] [15:44:10:570912] [Tid0x000012dc] [debug] -->[C247] DL_Rom_SetEnableAttr #(api.cpp, line:2840)
[0000498] [15:44:10:570912] [Tid0x000012dc] [debug] <--[C247] DL_Rom_SetEnableAttr
[0000499] [15:44:10:570912] [Tid0x000012dc] [debug] -->[C248] DL_GetCount #(api.cpp, line:2621)
[0000500] [15:44:10:570912] [Tid0x000012dc] [debug] <--[C248] DL_GetCount
[0000501] [15:44:10:570912] [Tid0x000012dc] [debug] -->[C249] DL_Rom_GetInfoAll #(api.cpp, line:2786)
[0000502] [15:44:10:570912] [Tid0x000012dc] [debug] <--[C249] DL_Rom_GetInfoAll
[0000503] [15:44:10:586537] [Tid0x000012dc] [debug] -->[C250] DL_Rom_SetEnableAttr #(api.cpp, line:2840)
[0000504] [15:44:10:586537] [Tid0x000012dc] [debug] <--[C250] DL_Rom_SetEnableAttr
[0000505] [15:44:10:586537] [Tid0x000012dc] [debug] -->[C251] DL_GetCount #(api.cpp, line:2621)
[0000506] [15:44:10:586537] [Tid0x000012dc] [debug] <--[C251] DL_GetCount
[0000507] [15:44:10:586537] [Tid0x000012dc] [debug] -->[C252] DL_Rom_GetInfoAll #(api.cpp, line:2786)
[0000508] [15:44:10:586537] [Tid0x000012dc] [debug] <--[C252] DL_Rom_GetInfoAll
[0000509] [15:44:10:602156] [Tid0x000012dc] [debug] -->[C253] DL_Rom_SetEnableAttr #(api.cpp, line:2840)
[0000510] [15:44:10:602156] [Tid0x000012dc] [debug] <--[C253] DL_Rom_SetEnableAttr
[0000511] [15:44:10:602156] [Tid0x000012dc] [debug] -->[C254] DL_GetCount #(api.cpp, line:2621)
[0000512] [15:44:10:602156] [Tid0x000012dc] [debug] <--[C254] DL_GetCount
[0000513] [15:44:10:602156] [Tid0x000012dc] [debug] -->[C255] DL_Rom_GetInfoAll #(api.cpp, line:2786)
[0000514] [15:44:10:602156] [Tid0x000012dc] [debug] <--[C255] DL_Rom_GetInfoAll
[0000515] [15:44:10:602156] [Tid0x000012dc] [debug] -->[C256] DL_Rom_SetEnableAttr #(api.cpp, line:2840)
[0000516] [15:44:10:602156] [Tid0x000012dc] [debug] <--[C256] DL_Rom_SetEnableAttr
[0000517] [15:44:10:617782] [Tid0x000012dc] [debug] -->[C257] DL_GetCount #(api.cpp, line:2621)
[0000518] [15:44:10:617782] [Tid0x000012dc] [debug] <--[C257] DL_GetCount
[0000519] [15:44:10:617782] [Tid0x000012dc] [debug] -->[C258] DL_Rom_GetInfoAll #(api.cpp, line:2786)
[0000520] [15:44:10:617782] [Tid0x000012dc] [debug] <--[C258] DL_Rom_GetInfoAll
[0000521] [15:44:10:617782] [Tid0x000012dc] [debug] -->[C259] DL_Rom_SetEnableAttr #(api.cpp, line:2840)
[0000522] [15:44:10:617782] [Tid0x000012dc] [debug] <--[C259] DL_Rom_SetEnableAttr
[0000523] [15:44:10:633403] [Tid0x000012dc] [debug] -->[C260] DL_GetCount #(api.cpp, line:2621)
[0000524] [15:44:10:633403] [Tid0x000012dc] [debug] <--[C260] DL_GetCount
[0000525] [15:44:10:633403] [Tid0x000012dc] [debug] -->[C261] DL_Rom_GetInfoAll #(api.cpp, line:2786)
[0000526] [15:44:10:633403] [Tid0x000012dc] [debug] <--[C261] DL_Rom_GetInfoAll
[0000527] [15:44:10:633403] [Tid0x000012dc] [debug] -->[C262] DL_Rom_SetEnableAttr #(api.cpp, line:2840)
[0000528] [15:44:10:633403] [Tid0x000012dc] [debug] <--[C262] DL_Rom_SetEnableAttr
[0000529] [15:44:10:649032] [Tid0x000012dc] [debug] -->[C263] DL_GetCount #(api.cpp, line:2621)
[0000530] [15:44:10:649032] [Tid0x000012dc] [debug] <--[C263] DL_GetCount
[0000531] [15:44:10:649032] [Tid0x000012dc] [debug] -->[C264] DL_Rom_GetInfoAll #(api.cpp, line:2786)
[0000532] [15:44:10:649032] [Tid0x000012dc] [debug] <--[C264] DL_Rom_GetInfoAll
[0000533] [15:44:10:649032] [Tid0x000012dc] [debug] -->[C265] DL_Rom_SetEnableAttr #(api.cpp, line:2840)
[0000534] [15:44:10:649032] [Tid0x000012dc] [debug] <--[C265] DL_Rom_SetEnableAttr
[0000535] [15:44:10:664658] [Tid0x000012dc] [debug] -->[C266] DL_GetCount #(api.cpp, line:2621)
[0000536] [15:44:10:664658] [Tid0x000012dc] [debug] <--[C266] DL_GetCount
[0000537] [15:44:10:664658] [Tid0x000012dc] [debug] -->[C267] DL_Rom_GetInfoAll #(api.cpp, line:2786)
[0000538] [15:44:10:664658] [Tid0x000012dc] [debug] <--[C267] DL_Rom_GetInfoAll
[0000539] [15:44:10:664658] [Tid0x000012dc] [debug] -->[C268] DL_Rom_SetEnableAttr #(api.cpp, line:2840)
[0000540] [15:44:10:664658] [Tid0x000012dc] [debug] <--[C268] DL_Rom_SetEnableAttr
[0000541] [15:44:10:680284] [Tid0x000012dc] [debug] -->[C269] DL_GetCount #(api.cpp, line:2621)
[0000542] [15:44:10:680284] [Tid0x000012dc] [debug] <--[C269] DL_GetCount
[0000543] [15:44:10:680284] [Tid0x000012dc] [debug] -->[C270] DL_Rom_GetInfoAll #(api.cpp, line:2786)
[0000544] [15:44:10:680284] [Tid0x000012dc] [debug] <--[C270] DL_Rom_GetInfoAll
[0000545] [15:44:10:680284] [Tid0x000012dc] [debug] -->[C271] DL_Rom_SetEnableAttr #(api.cpp, line:2840)
[0000546] [15:44:10:680284] [Tid0x000012dc] [debug] <--[C271] DL_Rom_SetEnableAttr
[0000547] [15:44:10:680284] [Tid0x000012dc] [debug] -->[C272] DL_GetCount #(api.cpp, line:2621)
[0000548] [15:44:10:680284] [Tid0x000012dc] [debug] <--[C272] DL_GetCount
[0000549] [15:44:10:680284] [Tid0x000012dc] [debug] -->[C273] DL_Rom_GetInfoAll #(api.cpp, line:2786)
[0000550] [15:44:10:680284] [Tid0x000012dc] [debug] <--[C273] DL_Rom_GetInfoAll
[0000551] [15:44:10:695953] [Tid0x000012dc] [debug] -->[C274] DL_Rom_SetEnableAttr #(api.cpp, line:2840)
[0000552] [15:44:10:695953] [Tid0x000012dc] [debug] <--[C274] DL_Rom_SetEnableAttr
[0000553] [15:44:10:695953] [Tid0x000012dc] [debug] -->[C275] DL_GetCount #(api.cpp, line:2621)
[0000554] [15:44:10:695953] [Tid0x000012dc] [debug] <--[C275] DL_GetCount
[0000555] [15:44:10:695953] [Tid0x000012dc] [debug] -->[C276] DL_Rom_GetInfoAll #(api.cpp, line:2786)
[0000556] [15:44:10:695953] [Tid0x000012dc] [debug] <--[C276] DL_Rom_GetInfoAll
[0000557] [15:44:10:711573] [Tid0x000012dc] [debug] -->[C277] DL_Rom_SetEnableAttr #(api.cpp, line:2840)
[0000558] [15:44:10:711573] [Tid0x000012dc] [debug] <--[C277] DL_Rom_SetEnableAttr
[0000559] [15:44:10:711573] [Tid0x000012dc] [debug] -->[C278] DL_GetCount #(api.cpp, line:2621)
[0000560] [15:44:10:711573] [Tid0x000012dc] [debug] <--[C278] DL_GetCount
[0000561] [15:44:10:711573] [Tid0x000012dc] [debug] -->[C279] DL_Rom_GetInfoAll #(api.cpp, line:2786)
[0000562] [15:44:10:711573] [Tid0x000012dc] [debug] <--[C279] DL_Rom_GetInfoAll
[0000563] [15:44:10:727158] [Tid0x000012dc] [debug] -->[C280] DL_Rom_SetEnableAttr #(api.cpp, line:2840)
[0000564] [15:44:10:727158] [Tid0x000012dc] [debug] <--[C280] DL_Rom_SetEnableAttr
[0000565] [15:44:10:727158] [Tid0x000012dc] [debug] -->[C281] DL_GetCount #(api.cpp, line:2621)
[0000566] [15:44:10:727158] [Tid0x000012dc] [debug] <--[C281] DL_GetCount
[0000567] [15:44:10:727158] [Tid0x000012dc] [debug] -->[C282] DL_Rom_GetInfoAll #(api.cpp, line:2786)
[0000568] [15:44:10:727158] [Tid0x000012dc] [debug] <--[C282] DL_Rom_GetInfoAll
[0000569] [15:44:10:727158] [Tid0x000012dc] [debug] -->[C283] DL_Rom_SetEnableAttr #(api.cpp, line:2840)
[0000570] [15:44:10:727158] [Tid0x000012dc] [debug] <--[C283] DL_Rom_SetEnableAttr
[0000571] [15:44:10:742784] [Tid0x000012dc] [debug] -->[C284] DL_GetCount #(api.cpp, line:2621)
[0000572] [15:44:10:742784] [Tid0x000012dc] [debug] <--[C284] DL_GetCount
[0000573] [15:44:10:742784] [Tid0x000012dc] [debug] -->[C285] DL_Rom_GetInfoAll #(api.cpp, line:2786)
[0000574] [15:44:10:742784] [Tid0x000012dc] [debug] <--[C285] DL_Rom_GetInfoAll
[0000575] [15:44:10:742784] [Tid0x000012dc] [debug] -->[C286] DL_Rom_SetEnableAttr #(api.cpp, line:2840)
[0000576] [15:44:10:742784] [Tid0x000012dc] [debug] <--[C286] DL_Rom_SetEnableAttr
[0000577] [15:44:10:758454] [Tid0x000012dc] [debug] -->[C287] DL_GetCount #(api.cpp, line:2621)
[0000578] [15:44:10:758454] [Tid0x000012dc] [debug] <--[C287] DL_GetCount
[0000579] [15:44:10:758454] [Tid0x000012dc] [debug] -->[C288] DL_Rom_GetInfoAll #(api.cpp, line:2786)
[0000580] [15:44:10:758454] [Tid0x000012dc] [debug] <--[C288] DL_Rom_GetInfoAll
[0000581] [15:44:10:758454] [Tid0x000012dc] [debug] -->[C289] DL_Rom_SetEnableAttr #(api.cpp, line:2840)
[0000582] [15:44:10:758454] [Tid0x000012dc] [debug] <--[C289] DL_Rom_SetEnableAttr
[0000583] [15:44:10:774032] [Tid0x000012dc] [debug] -->[C290] DL_GetCount #(api.cpp, line:2621)
[0000584] [15:44:10:774032] [Tid0x000012dc] [debug] <--[C290] DL_GetCount
[0000585] [15:44:10:774032] [Tid0x000012dc] [debug] -->[C291] DL_Rom_GetInfoAll #(api.cpp, line:2786)
[0000586] [15:44:10:774032] [Tid0x000012dc] [debug] <--[C291] DL_Rom_GetInfoAll
[0000587] [15:44:10:774032] [Tid0x000012dc] [debug] -->[C292] DL_Rom_SetEnableAttr #(api.cpp, line:2840)
[0000588] [15:44:10:774032] [Tid0x000012dc] [debug] <--[C292] DL_Rom_SetEnableAttr
[0000589] [15:44:10:789656] [Tid0x000012dc] [debug] -->[C293] DL_GetCount #(api.cpp, line:2621)
[0000590] [15:44:10:789656] [Tid0x000012dc] [debug] <--[C293] DL_GetCount
[0000591] [15:44:10:789656] [Tid0x000012dc] [debug] -->[C294] DL_Rom_GetInfoAll #(api.cpp, line:2786)
[0000592] [15:44:10:789656] [Tid0x000012dc] [debug] <--[C294] DL_Rom_GetInfoAll
[0000593] [15:44:10:789656] [Tid0x000012dc] [debug] -->[C295] DL_Rom_SetEnableAttr #(api.cpp, line:2840)
[0000594] [15:44:10:789656] [Tid0x000012dc] [debug] <--[C295] DL_Rom_SetEnableAttr
[0000595] [15:44:10:789656] [Tid0x000012dc] [debug] -->[C296] DL_GetCount #(api.cpp, line:2621)
[0000596] [15:44:10:789656] [Tid0x000012dc] [debug] <--[C296] DL_GetCount
[0000597] [15:44:10:789656] [Tid0x000012dc] [debug] -->[C297] DL_Rom_GetInfoAll #(api.cpp, line:2786)
[0000598] [15:44:10:789656] [Tid0x000012dc] [debug] <--[C297] DL_Rom_GetInfoAll
[0000599] [15:44:10:805281] [Tid0x000012dc] [debug] -->[C298] DL_Rom_SetEnableAttr #(api.cpp, line:2840)
[0000600] [15:44:10:805281] [Tid0x000012dc] [debug] <--[C298] DL_Rom_SetEnableAttr
[0000601] [15:44:10:805281] [Tid0x000012dc] [debug] -->[C299] DL_GetCount #(api.cpp, line:2621)
[0000602] [15:44:10:805281] [Tid0x000012dc] [debug] <--[C299] DL_GetCount
[0000603] [15:44:10:805281] [Tid0x000012dc] [debug] -->[C300] DL_Rom_GetInfoAll #(api.cpp, line:2786)
[0000604] [15:44:10:805281] [Tid0x000012dc] [debug] <--[C300] DL_Rom_GetInfoAll
[0000605] [15:44:10:820899] [Tid0x000012dc] [debug] -->[C301] DL_Rom_SetEnableAttr #(api.cpp, line:2840)
[0000606] [15:44:10:820899] [Tid0x000012dc] [debug] <--[C301] DL_Rom_SetEnableAttr
[0000607] [15:44:10:820899] [Tid0x000012dc] [debug] -->[C302] DL_GetCount #(api.cpp, line:2621)
[0000608] [15:44:10:820899] [Tid0x000012dc] [debug] <--[C302] DL_GetCount
[0000609] [15:44:10:820899] [Tid0x000012dc] [debug] -->[C303] DL_Rom_GetInfoAll #(api.cpp, line:2786)
[0000610] [15:44:10:820899] [Tid0x000012dc] [debug] <--[C303] DL_Rom_GetInfoAll
[0000611] [15:44:10:836528] [Tid0x000012dc] [debug] -->[C304] DL_Rom_SetEnableAttr #(api.cpp, line:2840)
[0000612] [15:44:10:836528] [Tid0x000012dc] [debug] <--[C304] DL_Rom_SetEnableAttr
[0000613] [15:44:10:836528] [Tid0x000012dc] [debug] -->[C305] DL_GetCount #(api.cpp, line:2621)
[0000614] [15:44:10:836528] [Tid0x000012dc] [debug] <--[C305] DL_GetCount
[0000615] [15:44:10:836528] [Tid0x000012dc] [debug] -->[C306] DL_Rom_GetInfoAll #(api.cpp, line:2786)
[0000616] [15:44:10:836528] [Tid0x000012dc] [debug] <--[C306] DL_Rom_GetInfoAll
[0000617] [15:44:10:836528] [Tid0x000012dc] [debug] -->[C307] DL_Rom_SetEnableAttr #(api.cpp, line:2840)
[0000618] [15:44:10:836528] [Tid0x000012dc] [debug] <--[C307] DL_Rom_SetEnableAttr
[0000619] [15:44:10:852154] [Tid0x000012dc] [debug] -->[C308] DL_GetCount #(api.cpp, line:2621)
[0000620] [15:44:10:852154] [Tid0x000012dc] [debug] <--[C308] DL_GetCount
[0000621] [15:44:10:852154] [Tid0x000012dc] [debug] -->[C309] DL_Rom_GetInfoAll #(api.cpp, line:2786)
[0000622] [15:44:10:852154] [Tid0x000012dc] [debug] <--[C309] DL_Rom_GetInfoAll
[0000623] [15:44:10:852154] [Tid0x000012dc] [debug] -->[C310] DL_Rom_SetEnableAttr #(api.cpp, line:2840)
[0000624] [15:44:10:852154] [Tid0x000012dc] [debug] <--[C310] DL_Rom_SetEnableAttr
[0000625] [15:44:10:867779] [Tid0x000012dc] [debug] -->[C311] DL_GetCount #(api.cpp, line:2621)
[0000626] [15:44:10:867779] [Tid0x000012dc] [debug] <--[C311] DL_GetCount
[0000627] [15:44:10:867779] [Tid0x000012dc] [debug] -->[C312] DL_Rom_GetInfoAll #(api.cpp, line:2786)
[0000628] [15:44:10:867779] [Tid0x000012dc] [debug] <--[C312] DL_Rom_GetInfoAll
[0000629] [15:44:10:867779] [Tid0x000012dc] [debug] -->[C313] DL_Rom_SetEnableAttr #(api.cpp, line:2840)
[0000630] [15:44:10:867779] [Tid0x000012dc] [debug] <--[C313] DL_Rom_SetEnableAttr
[0000631] [15:44:10:883404] [Tid0x000012dc] [debug] -->[C314] DL_GetCount #(api.cpp, line:2621)
[0000632] [15:44:10:883404] [Tid0x000012dc] [debug] <--[C314] DL_GetCount
[0000633] [15:44:10:883404] [Tid0x000012dc] [debug] -->[C315] DL_Rom_GetInfoAll #(api.cpp, line:2786)
[0000634] [15:44:10:883404] [Tid0x000012dc] [debug] <--[C315] DL_Rom_GetInfoAll
[0000635] [15:44:10:883404] [Tid0x000012dc] [debug] -->[C316] DL_Rom_SetEnableAttr #(api.cpp, line:2840)
[0000636] [15:44:10:883404] [Tid0x000012dc] [debug] <--[C316] DL_Rom_SetEnableAttr
[0000637] [15:44:10:899029] [Tid0x000012dc] [debug] -->[C317] DL_GetCount #(api.cpp, line:2621)
[0000638] [15:44:10:899029] [Tid0x000012dc] [debug] <--[C317] DL_GetCount
[0000639] [15:44:10:899029] [Tid0x000012dc] [debug] -->[C318] DL_Rom_GetInfoAll #(api.cpp, line:2786)
[0000640] [15:44:10:899029] [Tid0x000012dc] [debug] <--[C318] DL_Rom_GetInfoAll
[0000641] [15:44:10:899029] [Tid0x000012dc] [debug] -->[C319] DL_Rom_SetEnableAttr #(api.cpp, line:2840)
[0000642] [15:44:10:899029] [Tid0x000012dc] [debug] <--[C319] DL_Rom_SetEnableAttr
[0000643] [15:44:10:914652] [Tid0x000012dc] [debug] -->[C320] DL_GetCount #(api.cpp, line:2621)
[0000644] [15:44:10:914652] [Tid0x000012dc] [debug] <--[C320] DL_GetCount
[0000645] [15:44:10:914652] [Tid0x000012dc] [debug] -->[C321] DL_Rom_GetInfoAll #(api.cpp, line:2786)
[0000646] [15:44:10:914652] [Tid0x000012dc] [debug] <--[C321] DL_Rom_GetInfoAll
[0000647] [15:44:10:914652] [Tid0x000012dc] [debug] -->[C322] DL_Rom_SetEnableAttr #(api.cpp, line:2840)
[0000648] [15:44:10:914652] [Tid0x000012dc] [debug] <--[C322] DL_Rom_SetEnableAttr
[0000649] [15:44:10:914652] [Tid0x000012dc] [debug] -->[C323] DL_GetCount #(api.cpp, line:2621)
[0000650] [15:44:10:914652] [Tid0x000012dc] [debug] <--[C323] DL_GetCount
[0000651] [15:44:10:914652] [Tid0x000012dc] [debug] -->[C324] DL_Rom_GetInfoAll #(api.cpp, line:2786)
[0000652] [15:44:10:914652] [Tid0x000012dc] [debug] <--[C324] DL_Rom_GetInfoAll
[0000653] [15:44:10:930276] [Tid0x000012dc] [debug] -->[C325] DL_Rom_SetEnableAttr #(api.cpp, line:2840)
[0000654] [15:44:10:930276] [Tid0x000012dc] [debug] <--[C325] DL_Rom_SetEnableAttr
[0000655] [15:44:10:930276] [Tid0x000012dc] [debug] -->[C326] DL_GetCount #(api.cpp, line:2621)
[0000656] [15:44:10:930276] [Tid0x000012dc] [debug] <--[C326] DL_GetCount
[0000657] [15:44:10:930276] [Tid0x000012dc] [debug] -->[C327] DL_Rom_GetInfoAll #(api.cpp, line:2786)
[0000658] [15:44:10:930276] [Tid0x000012dc] [debug] <--[C327] DL_Rom_GetInfoAll
[0000659] [15:44:10:945901] [Tid0x000012dc] [debug] -->[C328] DL_Rom_SetEnableAttr #(api.cpp, line:2840)
[0000660] [15:44:10:945901] [Tid0x000012dc] [debug] <--[C328] DL_Rom_SetEnableAttr
[0000661] [15:44:10:945901] [Tid0x000012dc] [debug] -->[C329] DL_GetCount #(api.cpp, line:2621)
[0000662] [15:44:10:945901] [Tid0x000012dc] [debug] <--[C329] DL_GetCount
[0000663] [15:44:10:945901] [Tid0x000012dc] [debug] -->[C330] DL_Rom_GetInfoAll #(api.cpp, line:2786)
[0000664] [15:44:10:945901] [Tid0x000012dc] [debug] <--[C330] DL_Rom_GetInfoAll
[0000665] [15:44:10:961525] [Tid0x000012dc] [debug] -->[C331] DL_Rom_SetEnableAttr #(api.cpp, line:2840)
[0000666] [15:44:10:961525] [Tid0x000012dc] [debug] <--[C331] DL_Rom_SetEnableAttr
[0000667] [15:44:10:961525] [Tid0x000012dc] [debug] -->[C332] DL_GetCount #(api.cpp, line:2621)
[0000668] [15:44:10:961525] [Tid0x000012dc] [debug] <--[C332] DL_GetCount
[0000669] [15:44:10:961525] [Tid0x000012dc] [debug] -->[C333] DL_Rom_GetInfoAll #(api.cpp, line:2786)
[0000670] [15:44:10:961525] [Tid0x000012dc] [debug] <--[C333] DL_Rom_GetInfoAll
[0000671] [15:44:10:961525] [Tid0x000012dc] [debug] -->[C334] DL_Rom_SetEnableAttr #(api.cpp, line:2840)
[0000672] [15:44:10:961525] [Tid0x000012dc] [debug] <--[C334] DL_Rom_SetEnableAttr
[0000673] [15:44:10:977150] [Tid0x000012dc] [debug] -->[C335] DL_GetCount #(api.cpp, line:2621)
[0000674] [15:44:10:977150] [Tid0x000012dc] [debug] <--[C335] DL_GetCount
[0000675] [15:44:10:977150] [Tid0x000012dc] [debug] -->[C336] DL_Rom_GetInfoAll #(api.cpp, line:2786)
[0000676] [15:44:10:977150] [Tid0x000012dc] [debug] <--[C336] DL_Rom_GetInfoAll
[0000677] [15:44:10:977150] [Tid0x000012dc] [debug] -->[C337] DL_Rom_SetEnableAttr #(api.cpp, line:2840)
[0000678] [15:44:10:977150] [Tid0x000012dc] [debug] <--[C337] DL_Rom_SetEnableAttr
[0000679] [15:44:10:992775] [Tid0x000012dc] [debug] -->[C338] DL_GetCount #(api.cpp, line:2621)
[0000680] [15:44:10:992775] [Tid0x000012dc] [debug] <--[C338] DL_GetCount
[0000681] [15:44:10:992775] [Tid0x000012dc] [debug] -->[C339] DL_Rom_GetInfoAll #(api.cpp, line:2786)
[0000682] [15:44:10:992775] [Tid0x000012dc] [debug] <--[C339] DL_Rom_GetInfoAll
[0000683] [15:44:10:992775] [Tid0x000012dc] [debug] -->[C340] DL_Rom_SetEnableAttr #(api.cpp, line:2840)
[0000684] [15:44:10:992775] [Tid0x000012dc] [debug] <--[C340] DL_Rom_SetEnableAttr
[0000685] [15:44:10:992775] [Tid0x000012dc] [debug] -->[C341] DL_SetChecksumLevel #(api.cpp, line:2523)
[0000686] [15:44:10:992775] [Tid0x000012dc] [debug] <--[C341] DL_SetChecksumLevel
[0000687] [15:44:20:640022] [Tid0x000012dc] [debug] -->[C342] DL_GetCount #(api.cpp, line:2621)
[0000688] [15:44:20:640022] [Tid0x000012dc] [debug] <--[C342] DL_GetCount
[0000689] [15:44:20:640022] [Tid0x000012dc] [debug] -->[C343] DL_Rom_GetInfoAll #(api.cpp, line:2786)
[0000690] [15:44:20:640022] [Tid0x000012dc] [debug] <--[C343] DL_Rom_GetInfoAll
[0000691] [15:44:20:655638] [Tid0x000012dc] [debug] -->[C344] DL_Rom_SetEnableAttr #(api.cpp, line:2840)
[0000692] [15:44:20:655638] [Tid0x000012dc] [debug] <--[C344] DL_Rom_SetEnableAttr
[0000693] [15:44:20:671270] [Tid0x000012dc] [debug] -->[C345] DL_GetCount #(api.cpp, line:2621)
[0000694] [15:44:20:671270] [Tid0x000012dc] [debug] <--[C345] DL_GetCount
[0000695] [15:44:20:671270] [Tid0x000012dc] [debug] -->[C346] DL_Rom_GetInfoAll #(api.cpp, line:2786)
[0000696] [15:44:20:671270] [Tid0x000012dc] [debug] <--[C346] DL_Rom_GetInfoAll
[0000697] [15:44:20:671270] [Tid0x000012dc] [debug] -->[C347] DL_Rom_SetEnableAttr #(api.cpp, line:2840)
[0000698] [15:44:20:671270] [Tid0x000012dc] [debug] <--[C347] DL_Rom_SetEnableAttr
[0000699] [15:44:20:671270] [Tid0x000012dc] [debug] -->[C348] DL_GetCount #(api.cpp, line:2621)
[0000700] [15:44:20:671270] [Tid0x000012dc] [debug] <--[C348] DL_GetCount
[0000701] [15:44:20:671270] [Tid0x000012dc] [debug] -->[C349] DL_Rom_GetInfoAll #(api.cpp, line:2786)
[0000702] [15:44:20:671270] [Tid0x000012dc] [debug] <--[C349] DL_Rom_GetInfoAll
[0000703] [15:44:20:686890] [Tid0x000012dc] [debug] -->[C350] DL_Rom_SetEnableAttr #(api.cpp, line:2840)
[0000704] [15:44:20:686890] [Tid0x000012dc] [debug] <--[C350] DL_Rom_SetEnableAttr
[0000705] [15:44:20:686890] [Tid0x000012dc] [debug] -->[C351] DL_GetCount #(api.cpp, line:2621)
[0000706] [15:44:20:686890] [Tid0x000012dc] [debug] <--[C351] DL_GetCount
[0000707] [15:44:20:686890] [Tid0x000012dc] [debug] -->[C352] DL_Rom_GetInfoAll #(api.cpp, line:2786)
[0000708] [15:44:20:686890] [Tid0x000012dc] [debug] <--[C352] DL_Rom_GetInfoAll
[0000709] [15:44:20:686890] [Tid0x000012dc] [debug] -->[C353] DL_Rom_SetEnableAttr #(api.cpp, line:2840)
[0000710] [15:44:20:686890] [Tid0x000012dc] [debug] <--[C353] DL_Rom_SetEnableAttr
[0000711] [15:44:20:702517] [Tid0x000012dc] [debug] -->[C354] DL_GetCount #(api.cpp, line:2621)
[0000712] [15:44:20:702517] [Tid0x000012dc] [debug] <--[C354] DL_GetCount
[0000713] [15:44:20:702517] [Tid0x000012dc] [debug] -->[C355] DL_Rom_GetInfoAll #(api.cpp, line:2786)
[0000714] [15:44:20:702517] [Tid0x000012dc] [debug] <--[C355] DL_Rom_GetInfoAll
[0000715] [15:44:20:702517] [Tid0x000012dc] [debug] -->[C356] DL_Rom_SetEnableAttr #(api.cpp, line:2840)
[0000716] [15:44:20:702517] [Tid0x000012dc] [debug] <--[C356] DL_Rom_SetEnableAttr
[0000717] [15:44:20:702517] [Tid0x000012dc] [debug] -->[C357] DL_GetCount #(api.cpp, line:2621)
[0000718] [15:44:20:702517] [Tid0x000012dc] [debug] <--[C357] DL_GetCount
[0000719] [15:44:20:718137] [Tid0x000012dc] [debug] -->[C358] DL_Rom_GetInfoAll #(api.cpp, line:2786)
[0000720] [15:44:20:718137] [Tid0x000012dc] [debug] <--[C358] DL_Rom_GetInfoAll
[0000721] [15:44:20:718137] [Tid0x000012dc] [debug] -->[C359] DL_Rom_SetEnableAttr #(api.cpp, line:2840)
[0000722] [15:44:20:718137] [Tid0x000012dc] [debug] <--[C359] DL_Rom_SetEnableAttr
[0000723] [15:44:20:718137] [Tid0x000012dc] [debug] -->[C360] DL_GetCount #(api.cpp, line:2621)
[0000724] [15:44:20:718137] [Tid0x000012dc] [debug] <--[C360] DL_GetCount
[0000725] [15:44:20:718137] [Tid0x000012dc] [debug] -->[C361] DL_Rom_GetInfoAll #(api.cpp, line:2786)
[0000726] [15:44:20:718137] [Tid0x000012dc] [debug] <--[C361] DL_Rom_GetInfoAll
[0000727] [15:44:20:718137] [Tid0x000012dc] [debug] -->[C362] DL_Rom_SetEnableAttr #(api.cpp, line:2840)
[0000728] [15:44:20:718137] [Tid0x000012dc] [debug] <--[C362] DL_Rom_SetEnableAttr
[0000729] [15:44:20:733765] [Tid0x000012dc] [debug] -->[C363] DL_GetCount #(api.cpp, line:2621)
[0000730] [15:44:20:733765] [Tid0x000012dc] [debug] <--[C363] DL_GetCount
[0000731] [15:44:20:733765] [Tid0x000012dc] [debug] -->[C364] DL_Rom_GetInfoAll #(api.cpp, line:2786)
[0000732] [15:44:20:733765] [Tid0x000012dc] [debug] <--[C364] DL_Rom_GetInfoAll
[0000733] [15:44:20:733765] [Tid0x000012dc] [debug] -->[C365] DL_Rom_SetEnableAttr #(api.cpp, line:2840)
[0000734] [15:44:20:733765] [Tid0x000012dc] [debug] <--[C365] DL_Rom_SetEnableAttr
[0000735] [15:44:20:733765] [Tid0x000012dc] [debug] -->[C366] DL_GetCount #(api.cpp, line:2621)
[0000736] [15:44:20:733765] [Tid0x000012dc] [debug] <--[C366] DL_GetCount
[0000737] [15:44:20:733765] [Tid0x000012dc] [debug] -->[C367] DL_Rom_GetInfoAll #(api.cpp, line:2786)
[0000738] [15:44:20:733765] [Tid0x000012dc] [debug] <--[C367] DL_Rom_GetInfoAll
[0000739] [15:44:20:749390] [Tid0x000012dc] [debug] -->[C368] DL_Rom_SetEnableAttr #(api.cpp, line:2840)
[0000740] [15:44:20:749390] [Tid0x000012dc] [debug] <--[C368] DL_Rom_SetEnableAttr
[0000741] [15:44:20:749390] [Tid0x000012dc] [debug] -->[C369] DL_GetCount #(api.cpp, line:2621)
[0000742] [15:44:20:749390] [Tid0x000012dc] [debug] <--[C369] DL_GetCount
[0000743] [15:44:20:749390] [Tid0x000012dc] [debug] -->[C370] DL_Rom_GetInfoAll #(api.cpp, line:2786)
[0000744] [15:44:20:749390] [Tid0x000012dc] [debug] <--[C370] DL_Rom_GetInfoAll
[0000745] [15:44:20:749390] [Tid0x000012dc] [debug] -->[C371] DL_Rom_SetEnableAttr #(api.cpp, line:2840)
[0000746] [15:44:20:749390] [Tid0x000012dc] [debug] <--[C371] DL_Rom_SetEnableAttr
[0000747] [15:44:20:765014] [Tid0x000012dc] [debug] -->[C372] DL_GetCount #(api.cpp, line:2621)
[0000748] [15:44:20:765014] [Tid0x000012dc] [debug] <--[C372] DL_GetCount
[0000749] [15:44:20:765014] [Tid0x000012dc] [debug] -->[C373] DL_Rom_GetInfoAll #(api.cpp, line:2786)
[0000750] [15:44:20:765014] [Tid0x000012dc] [debug] <--[C373] DL_Rom_GetInfoAll
[0000751] [15:44:20:765014] [Tid0x000012dc] [debug] -->[C374] DL_Rom_SetEnableAttr #(api.cpp, line:2840)
[0000752] [15:44:20:765014] [Tid0x000012dc] [debug] <--[C374] DL_Rom_SetEnableAttr
[0000753] [15:44:20:765014] [Tid0x000012dc] [debug] -->[C375] DL_GetCount #(api.cpp, line:2621)
[0000754] [15:44:20:765014] [Tid0x000012dc] [debug] <--[C375] DL_GetCount
[0000755] [15:44:20:765014] [Tid0x000012dc] [debug] -->[C376] DL_Rom_GetInfoAll #(api.cpp, line:2786)
[0000756] [15:44:20:765014] [Tid0x000012dc] [debug] <--[C376] DL_Rom_GetInfoAll
[0000757] [15:44:20:765014] [Tid0x000012dc] [debug] -->[C377] DL_Rom_SetEnableAttr #(api.cpp, line:2840)
[0000758] [15:44:20:765014] [Tid0x000012dc] [debug] <--[C377] DL_Rom_SetEnableAttr
[0000759] [15:44:20:780635] [Tid0x000012dc] [debug] -->[C378] DL_GetCount #(api.cpp, line:2621)
[0000760] [15:44:20:780635] [Tid0x000012dc] [debug] <--[C378] DL_GetCount
[0000761] [15:44:20:780635] [Tid0x000012dc] [debug] -->[C379] DL_Rom_GetInfoAll #(api.cpp, line:2786)
[0000762] [15:44:20:780635] [Tid0x000012dc] [debug] <--[C379] DL_Rom_GetInfoAll
[0000763] [15:44:20:780635] [Tid0x000012dc] [debug] -->[C380] DL_Rom_SetEnableAttr #(api.cpp, line:2840)
[0000764] [15:44:20:780635] [Tid0x000012dc] [debug] <--[C380] DL_Rom_SetEnableAttr
[0000765] [15:44:20:780635] [Tid0x000012dc] [debug] -->[C381] DL_GetCount #(api.cpp, line:2621)
[0000766] [15:44:20:780635] [Tid0x000012dc] [debug] <--[C381] DL_GetCount
[0000767] [15:44:20:780635] [Tid0x000012dc] [debug] -->[C382] DL_Rom_GetInfoAll #(api.cpp, line:2786)
[0000768] [15:44:20:780635] [Tid0x000012dc] [debug] <--[C382] DL_Rom_GetInfoAll
[0000769] [15:44:20:780635] [Tid0x000012dc] [debug] -->[C383] DL_Rom_SetEnableAttr #(api.cpp, line:2840)
[0000770] [15:44:20:780635] [Tid0x000012dc] [debug] <--[C383] DL_Rom_SetEnableAttr
[0000771] [15:44:20:796261] [Tid0x000012dc] [debug] -->[C384] DL_GetCount #(api.cpp, line:2621)
[0000772] [15:44:20:796261] [Tid0x000012dc] [debug] <--[C384] DL_GetCount
[0000773] [15:44:20:796261] [Tid0x000012dc] [debug] -->[C385] DL_Rom_GetInfoAll #(api.cpp, line:2786)
[0000774] [15:44:20:796261] [Tid0x000012dc] [debug] <--[C385] DL_Rom_GetInfoAll
[0000775] [15:44:20:796261] [Tid0x000012dc] [debug] -->[C386] DL_Rom_SetEnableAttr #(api.cpp, line:2840)
[0000776] [15:44:20:796261] [Tid0x000012dc] [debug] <--[C386] DL_Rom_SetEnableAttr
[0000777] [15:44:20:796261] [Tid0x000012dc] [debug] -->[C387] DL_GetCount #(api.cpp, line:2621)
[0000778] [15:44:20:796261] [Tid0x000012dc] [debug] <--[C387] DL_GetCount
[0000779] [15:44:20:796261] [Tid0x000012dc] [debug] -->[C388] DL_Rom_GetInfoAll #(api.cpp, line:2786)
[0000780] [15:44:20:796261] [Tid0x000012dc] [debug] <--[C388] DL_Rom_GetInfoAll
[0000781] [15:44:20:796261] [Tid0x000012dc] [debug] -->[C389] DL_Rom_SetEnableAttr #(api.cpp, line:2840)
[0000782] [15:44:20:796261] [Tid0x000012dc] [debug] <--[C389] DL_Rom_SetEnableAttr
[0000783] [15:44:20:796261] [Tid0x000012dc] [debug] -->[C390] DL_GetCount #(api.cpp, line:2621)
[0000784] [15:44:20:796261] [Tid0x000012dc] [debug] <--[C390] DL_GetCount
[0000785] [15:44:20:796261] [Tid0x000012dc] [debug] -->[C391] DL_Rom_GetInfoAll #(api.cpp, line:2786)
[0000786] [15:44:20:796261] [Tid0x000012dc] [debug] <--[C391] DL_Rom_GetInfoAll
[0000787] [15:44:20:811885] [Tid0x000012dc] [debug] -->[C392] DL_Rom_SetEnableAttr #(api.cpp, line:2840)
[0000788] [15:44:20:811885] [Tid0x000012dc] [debug] <--[C392] DL_Rom_SetEnableAttr
[0000789] [15:44:20:811885] [Tid0x000012dc] [debug] -->[C393] DL_GetCount #(api.cpp, line:2621)
[0000790] [15:44:20:811885] [Tid0x000012dc] [debug] <--[C393] DL_GetCount
[0000791] [15:44:20:811885] [Tid0x000012dc] [debug] -->[C394] DL_Rom_GetInfoAll #(api.cpp, line:2786)
[0000792] [15:44:20:811885] [Tid0x000012dc] [debug] <--[C394] DL_Rom_GetInfoAll
[0000793] [15:44:20:811885] [Tid0x000012dc] [debug] -->[C395] DL_Rom_SetEnableAttr #(api.cpp, line:2840)
[0000794] [15:44:20:811885] [Tid0x000012dc] [debug] <--[C395] DL_Rom_SetEnableAttr
[0000795] [15:44:20:811885] [Tid0x000012dc] [debug] -->[C396] DL_GetCount #(api.cpp, line:2621)
[0000796] [15:44:20:811885] [Tid0x000012dc] [debug] <--[C396] DL_GetCount
[0000797] [15:44:20:811885] [Tid0x000012dc] [debug] -->[C397] DL_Rom_GetInfoAll #(api.cpp, line:2786)
[0000798] [15:44:20:811885] [Tid0x000012dc] [debug] <--[C397] DL_Rom_GetInfoAll
[0000799] [15:44:20:811885] [Tid0x000012dc] [debug] -->[C398] DL_Rom_SetEnableAttr #(api.cpp, line:2840)
[0000800] [15:44:20:811885] [Tid0x000012dc] [debug] <--[C398] DL_Rom_SetEnableAttr
[0000801] [15:44:20:827513] [Tid0x000012dc] [debug] -->[C399] DL_GetCount #(api.cpp, line:2621)
[0000802] [15:44:20:827513] [Tid0x000012dc] [debug] <--[C399] DL_GetCount
[0000803] [15:44:20:827513] [Tid0x000012dc] [debug] -->[C400] DL_Rom_GetInfoAll #(api.cpp, line:2786)
[0000804] [15:44:20:827513] [Tid0x000012dc] [debug] <--[C400] DL_Rom_GetInfoAll
[0000805] [15:44:20:827513] [Tid0x000012dc] [debug] -->[C401] DL_Rom_SetEnableAttr #(api.cpp, line:2840)
[0000806] [15:44:20:827513] [Tid0x000012dc] [debug] <--[C401] DL_Rom_SetEnableAttr
[0000807] [15:44:20:827513] [Tid0x000012dc] [debug] -->[C402] DL_GetCount #(api.cpp, line:2621)
[0000808] [15:44:20:827513] [Tid0x000012dc] [debug] <--[C402] DL_GetCount
[0000809] [15:44:20:827513] [Tid0x000012dc] [debug] -->[C403] DL_Rom_GetInfoAll #(api.cpp, line:2786)
[0000810] [15:44:20:827513] [Tid0x000012dc] [debug] <--[C403] DL_Rom_GetInfoAll
[0000811] [15:44:20:827513] [Tid0x000012dc] [debug] -->[C404] DL_Rom_SetEnableAttr #(api.cpp, line:2840)
[0000812] [15:44:20:827513] [Tid0x000012dc] [debug] <--[C404] DL_Rom_SetEnableAttr
[0000813] [15:44:20:843137] [Tid0x000012dc] [debug] -->[C405] DL_GetCount #(api.cpp, line:2621)
[0000814] [15:44:20:843137] [Tid0x000012dc] [debug] <--[C405] DL_GetCount
[0000815] [15:44:20:843137] [Tid0x000012dc] [debug] -->[C406] DL_Rom_GetInfoAll #(api.cpp, line:2786)
[0000816] [15:44:20:843137] [Tid0x000012dc] [debug] <--[C406] DL_Rom_GetInfoAll
[0000817] [15:44:20:843137] [Tid0x000012dc] [debug] -->[C407] DL_Rom_SetEnableAttr #(api.cpp, line:2840)
[0000818] [15:44:20:843137] [Tid0x000012dc] [debug] <--[C407] DL_Rom_SetEnableAttr
[0000819] [15:44:20:843137] [Tid0x000012dc] [debug] -->[C408] DL_GetCount #(api.cpp, line:2621)
[0000820] [15:44:20:843137] [Tid0x000012dc] [debug] <--[C408] DL_GetCount
[0000821] [15:44:20:843137] [Tid0x000012dc] [debug] -->[C409] DL_Rom_GetInfoAll #(api.cpp, line:2786)
[0000822] [15:44:20:843137] [Tid0x000012dc] [debug] <--[C409] DL_Rom_GetInfoAll
[0000823] [15:44:20:858761] [Tid0x000012dc] [debug] -->[C410] DL_Rom_SetEnableAttr #(api.cpp, line:2840)
[0000824] [15:44:20:858761] [Tid0x000012dc] [debug] <--[C410] DL_Rom_SetEnableAttr
[0000825] [15:44:20:858761] [Tid0x000012dc] [debug] -->[C411] DL_GetCount #(api.cpp, line:2621)
[0000826] [15:44:20:858761] [Tid0x000012dc] [debug] <--[C411] DL_GetCount
[0000827] [15:44:20:858761] [Tid0x000012dc] [debug] -->[C412] DL_Rom_GetInfoAll #(api.cpp, line:2786)
[0000828] [15:44:20:858761] [Tid0x000012dc] [debug] <--[C412] DL_Rom_GetInfoAll
[0000829] [15:44:20:858761] [Tid0x000012dc] [debug] -->[C413] DL_Rom_SetEnableAttr #(api.cpp, line:2840)
[0000830] [15:44:20:858761] [Tid0x000012dc] [debug] <--[C413] DL_Rom_SetEnableAttr
[0000831] [15:44:20:858761] [Tid0x000012dc] [debug] -->[C414] DL_GetCount #(api.cpp, line:2621)
[0000832] [15:44:20:858761] [Tid0x000012dc] [debug] <--[C414] DL_GetCount
[0000833] [15:44:20:858761] [Tid0x000012dc] [debug] -->[C415] DL_Rom_GetInfoAll #(api.cpp, line:2786)
[0000834] [15:44:20:858761] [Tid0x000012dc] [debug] <--[C415] DL_Rom_GetInfoAll
[0000835] [15:44:20:874385] [Tid0x000012dc] [debug] -->[C416] DL_Rom_SetEnableAttr #(api.cpp, line:2840)
[0000836] [15:44:20:874385] [Tid0x000012dc] [debug] <--[C416] DL_Rom_SetEnableAttr
[0000837] [15:44:20:874385] [Tid0x000012dc] [debug] -->[C417] DL_GetCount #(api.cpp, line:2621)
[0000838] [15:44:20:874385] [Tid0x000012dc] [debug] <--[C417] DL_GetCount
[0000839] [15:44:20:874385] [Tid0x000012dc] [debug] -->[C418] DL_Rom_GetInfoAll #(api.cpp, line:2786)
[0000840] [15:44:20:874385] [Tid0x000012dc] [debug] <--[C418] DL_Rom_GetInfoAll
[0000841] [15:44:20:874385] [Tid0x000012dc] [debug] -->[C419] DL_Rom_SetEnableAttr #(api.cpp, line:2840)
[0000842] [15:44:20:874385] [Tid0x000012dc] [debug] <--[C419] DL_Rom_SetEnableAttr
[0000843] [15:44:20:890010] [Tid0x000012dc] [debug] -->[C420] DL_GetCount #(api.cpp, line:2621)
[0000844] [15:44:20:890010] [Tid0x000012dc] [debug] <--[C420] DL_GetCount
[0000845] [15:44:20:890010] [Tid0x000012dc] [debug] -->[C421] DL_Rom_GetInfoAll #(api.cpp, line:2786)
[0000846] [15:44:20:890010] [Tid0x000012dc] [debug] <--[C421] DL_Rom_GetInfoAll
[0000847] [15:44:20:890010] [Tid0x000012dc] [debug] -->[C422] DL_Rom_SetEnableAttr #(api.cpp, line:2840)
[0000848] [15:44:20:890010] [Tid0x000012dc] [debug] <--[C422] DL_Rom_SetEnableAttr
[0000849] [15:44:20:890010] [Tid0x000012dc] [debug] -->[C423] DL_GetCount #(api.cpp, line:2621)
[0000850] [15:44:20:890010] [Tid0x000012dc] [debug] <--[C423] DL_GetCount
[0000851] [15:44:20:890010] [Tid0x000012dc] [debug] -->[C424] DL_Rom_GetInfoAll #(api.cpp, line:2786)
[0000852] [15:44:20:890010] [Tid0x000012dc] [debug] <--[C424] DL_Rom_GetInfoAll
[0000853] [15:44:20:905632] [Tid0x000012dc] [debug] -->[C425] DL_Rom_SetEnableAttr #(api.cpp, line:2840)
[0000854] [15:44:20:905632] [Tid0x000012dc] [debug] <--[C425] DL_Rom_SetEnableAttr
[0000855] [15:44:20:905632] [Tid0x000012dc] [debug] -->[C426] DL_GetCount #(api.cpp, line:2621)
[0000856] [15:44:20:905632] [Tid0x000012dc] [debug] <--[C426] DL_GetCount
[0000857] [15:44:20:905632] [Tid0x000012dc] [debug] -->[C427] DL_Rom_GetInfoAll #(api.cpp, line:2786)
[0000858] [15:44:20:905632] [Tid0x000012dc] [debug] <--[C427] DL_Rom_GetInfoAll
[0000859] [15:44:20:905632] [Tid0x000012dc] [debug] -->[C428] DL_Rom_SetEnableAttr #(api.cpp, line:2840)
[0000860] [15:44:20:905632] [Tid0x000012dc] [debug] <--[C428] DL_Rom_SetEnableAttr
[0000861] [15:44:20:921259] [Tid0x000012dc] [debug] -->[C429] DL_GetCount #(api.cpp, line:2621)
[0000862] [15:44:20:921259] [Tid0x000012dc] [debug] <--[C429] DL_GetCount
[0000863] [15:44:20:921259] [Tid0x000012dc] [debug] -->[C430] DL_Rom_GetInfoAll #(api.cpp, line:2786)
[0000864] [15:44:20:921259] [Tid0x000012dc] [debug] <--[C430] DL_Rom_GetInfoAll
[0000865] [15:44:20:921259] [Tid0x000012dc] [debug] -->[C431] DL_Rom_SetEnableAttr #(api.cpp, line:2840)
[0000866] [15:44:20:921259] [Tid0x000012dc] [debug] <--[C431] DL_Rom_SetEnableAttr
[0000867] [15:44:20:921259] [Tid0x000012dc] [debug] -->[C432] DL_GetCount #(api.cpp, line:2621)
[0000868] [15:44:20:921259] [Tid0x000012dc] [debug] <--[C432] DL_GetCount
[0000869] [15:44:20:921259] [Tid0x000012dc] [debug] -->[C433] DL_Rom_GetInfoAll #(api.cpp, line:2786)
[0000870] [15:44:20:921259] [Tid0x000012dc] [debug] <--[C433] DL_Rom_GetInfoAll
[0000871] [15:44:20:936884] [Tid0x000012dc] [debug] -->[C434] DL_Rom_SetEnableAttr #(api.cpp, line:2840)
[0000872] [15:44:20:936884] [Tid0x000012dc] [debug] <--[C434] DL_Rom_SetEnableAttr
[0000873] [15:44:20:936884] [Tid0x000012dc] [debug] -->[C435] DL_GetCount #(api.cpp, line:2621)
[0000874] [15:44:20:936884] [Tid0x000012dc] [debug] <--[C435] DL_GetCount
[0000875] [15:44:20:936884] [Tid0x000012dc] [debug] -->[C436] DL_Rom_GetInfoAll #(api.cpp, line:2786)
[0000876] [15:44:20:936884] [Tid0x000012dc] [debug] <--[C436] DL_Rom_GetInfoAll
[0000877] [15:44:20:952508] [Tid0x000012dc] [debug] -->[C437] DL_Rom_SetEnableAttr #(api.cpp, line:2840)
[0000878] [15:44:20:952508] [Tid0x000012dc] [debug] <--[C437] DL_Rom_SetEnableAttr
[0000879] [15:44:23:733672] [Tid0x000012dc] [debug] -->[C438] DL_GetCount #(api.cpp, line:2621)
[0000880] [15:44:23:733672] [Tid0x000012dc] [debug] <--[C438] DL_GetCount
[0000881] [15:44:23:733672] [Tid0x000012dc] [debug] -->[C439] DL_Rom_GetInfoAll #(api.cpp, line:2786)
[0000882] [15:44:23:733672] [Tid0x000012dc] [debug] <--[C439] DL_Rom_GetInfoAll
[0000883] [15:44:23:733672] [Tid0x000012dc] [debug] -->[C440] DL_GetCount #(api.cpp, line:2621)
[0000884] [15:44:23:733672] [Tid0x000012dc] [debug] <--[C440] DL_GetCount
[0000885] [15:44:23:733672] [Tid0x000012dc] [debug] -->[C441] DL_Rom_GetInfoAll #(api.cpp, line:2786)
[0000886] [15:44:23:733672] [Tid0x000012dc] [debug] <--[C441] DL_Rom_GetInfoAll
[0000887] [15:44:33:237474] [Tid0x000012ac] [debug] -->[C442] FlashTool_Connect_BROM_ByName #(api.cpp, line:1970)
[0000888] [15:44:33:237474] [Tid0x000012ac] [debug] -->[C443] FlashTool_Connect_BROM_Ex #(api.cpp, line:1875)
[0000889] [15:44:33:237474] [Tid0x000012ac] [debug] bCheckScatter: 1 #(api.cpp, line:1876)
[0000890] [15:44:33:237474] [Tid0x000012ac] [debug] have load scatter already #(api.cpp, line:1880)
[0000891] [15:44:33:237474] [Tid0x000012ac] [debug] libversion 2 #(api.cpp, line:1897)
[0000892] [15:44:33:253105] [Tid0x000012ac] [debug] -->[C444] cflashtool_api::FlashTool_Connect_BROM_Ex #(cflashtool_api.cpp, line:1008)
[0000893] [15:44:33:880038] [Tid0x000012ac] [warning] Get support Modem fail: 0xc0010007 #(cflashtool_api.cpp, line:1129)
[0000894] [15:44:33:885101] [Tid0x000012ac] [debug] connect_brom_ex OK #(cflashtool_api.cpp, line:1172)
[0000895] [15:44:33:885101] [Tid0x000012ac] [debug] <--[C444] cflashtool_api::FlashTool_Connect_BROM_Ex
[0000896] [15:44:33:885101] [Tid0x000012ac] [debug] <--[C443] FlashTool_Connect_BROM_Ex
[0000897] [15:44:33:885101] [Tid0x000012ac] [debug] <--[C442] FlashTool_Connect_BROM_ByName
[0000898] [15:44:33:885101] [Tid0x000012ac] [debug] -->[C445] FlashTool_GetBootResult #(api.cpp, line:1982)
[0000899] [15:44:33:885101] [Tid0x000012ac] [debug] <--[C445] FlashTool_GetBootResult
[0000900] [15:44:33:885101] [Tid0x000012ac] [debug] -->[C446] FlashTool_Connect_Download_DA #(api.cpp, line:2002)
[0000901] [15:44:33:885101] [Tid0x000012ac] [debug] bCheckScatter: 1 #(api.cpp, line:2003)
[0000902] [15:44:33:885101] [Tid0x000012ac] [debug] -->[C447] cflashtool_api::FlashTool_Connect_Download_DA #(cflashtool_api.cpp, line:1317)
[0000903] [15:44:33:885101] [Tid0x000012ac] [debug] bCheckScatter: 1 #(cflashtool_api.cpp, line:1318)
[0000904] [15:44:33:885101] [Tid0x000012ac] [debug] da_source type: 0 #(cflashtool_api.cpp, line:1333)
[0000905] [15:44:33:885101] [Tid0x000012ac] [debug] checksum_level: 3,  battery_setting: 2, reset_key_setting: 104 #(cflashtool_api.cpp, line:1434)
[0000906] [15:44:33:885101] [Tid0x000012ac] [debug] connect_da_end_stage: 2,  enable_dram_in_1st_da: 0, da_log_level: 2 #(cflashtool_api.cpp, line:1436)
[0000907] [15:44:37:767606] [Tid0x000012ac] [debug] gpx_count: 0 #(cflashtool_api.cpp, line:1472)
[0000908] [15:44:37:798855] [Tid0x000012ac] [debug] m_emmc_cid[0]: 0x47000115 #(cflashtool_api.cpp, line:1536)
[0000909] [15:44:37:798855] [Tid0x000012ac] [debug] m_emmc_cid[1]: 0x4d423658 #(cflashtool_api.cpp, line:1536)
[0000910] [15:44:37:798855] [Tid0x000012ac] [debug] m_emmc_cid[2]: 0x23fd0342 #(cflashtool_api.cpp, line:1536)
[0000911] [15:44:37:798855] [Tid0x000012ac] [debug] m_emmc_cid[3]: 0x6f943df2 #(cflashtool_api.cpp, line:1536)
[0000912] [15:44:37:798855] [Tid0x000012ac] [debug] m_emmc_fwver[0]: 0x0 #(cflashtool_api.cpp, line:1542)
[0000913] [15:44:37:798855] [Tid0x000012ac] [debug] m_emmc_fwver[1]: 0x0 #(cflashtool_api.cpp, line:1542)
[0000914] [15:44:37:798855] [Tid0x000012ac] [debug] m_emmc_fwver[2]: 0x0 #(cflashtool_api.cpp, line:1542)
[0000915] [15:44:37:798855] [Tid0x000012ac] [debug] m_emmc_fwver[3]: 0x0 #(cflashtool_api.cpp, line:1542)
[0000916] [15:44:37:798855] [Tid0x000012ac] [debug] m_emmc_fwver[4]: 0x0 #(cflashtool_api.cpp, line:1542)
[0000917] [15:44:37:798855] [Tid0x000012ac] [debug] m_emmc_fwver[5]: 0x0 #(cflashtool_api.cpp, line:1542)
[0000918] [15:44:37:798855] [Tid0x000012ac] [debug] m_emmc_fwver[6]: 0x0 #(cflashtool_api.cpp, line:1542)
[0000919] [15:44:37:798855] [Tid0x000012ac] [debug] m_emmc_fwver[7]: 0x0 #(cflashtool_api.cpp, line:1542)
[0000920] [15:44:37:814481] [Tid0x000012ac] [debug] SyncWithDA(): DA_REPORT: BBCHIP_TYPE: MT6757 #(cflashtool_api.cpp, line:1228)
[0000921] [15:44:37:814481] [Tid0x000012ac] [debug] SyncWithDA(): DA_REPORT: BBCHIP: "MT6757", EXT_26M 
[0000922] [15:44:37:814481] [Tid0x000012ac] [debug] SyncWithDA(): DA_REPORT: BBCHIP: CODE(0x6757), VER(0xCB00), SW(0x0001)              
[0000923] [15:44:37:814481] [Tid0x000012ac] [debug] SyncWithDA(): DA_REPORT: NOR: m_nor_ret="S_DA_INVALID_STORAGE_TYPE"(3178)                                  
[0000924] [15:44:37:814481] [Tid0x000012ac] [debug] SyncWithDA(): DA_REPORT: NOR: m_nor_chip_select[0]="CS_0"(0x00)                   
[0000925] [15:44:37:814481] [Tid0x000012ac] [debug] SyncWithDA(): DA_REPORT: NOR: m_nor_chip_select[1]="CS_0"(0x00)                   
[0000926] [15:44:37:814481] [Tid0x000012ac] [debug] SyncWithDA(): DA_REPORT: NOR: m_nor_flash_id(0x0000)="[AMD] AM29DL323D"                         
[0000927] [15:44:37:814481] [Tid0x000012ac] [debug] SyncWithDA(): DA_REPORT: NOR: m_nor_flash_size(0x00000000)                              
[0000928] [15:44:37:814481] [Tid0x000012ac] [debug] SyncWithDA(): DA_REPORT: NOR: m_nor_flash_dev_code_1(0x0000)                        
[0000929] [15:44:37:814481] [Tid0x000012ac] [debug] SyncWithDA(): DA_REPORT: NOR: m_nor_flash_dev_code_2(0x0000)                        
[0000930] [15:44:37:814481] [Tid0x000012ac] [debug] SyncWithDA(): DA_REPORT: NOR: m_nor_flash_dev_code_3(0x0000)                        
[0000931] [15:44:37:814481] [Tid0x000012ac] [debug] SyncWithDA(): DA_REPORT: NOR: m_nor_flash_dev_code_4(0x0000)                        
[0000932] [15:44:37:814481] [Tid0x000012ac] [debug] SyncWithDA(): DA_REPORT: NOR: m_nor_flash_otp_status="S_DONE"(0)                     
[0000933] [15:44:37:830109] [Tid0x000012ac] [debug] SyncWithDA(): DA_REPORT: NOR: m_nor_flash_otp_size(0x00000000)                          
[0000934] [15:44:37:830109] [Tid0x000012ac] [debug] SyncWithDA(): DA_REPORT: NAND: m_nand_ret="S_DA_INVALID_STORAGE_TYPE"(3178)                                
[0000935] [15:44:37:830109] [Tid0x000012ac] [debug] SyncWithDA(): DA_REPORT: NAND: m_nand_chip_select="CS_0"(0x00)                    
[0000936] [15:44:37:830109] [Tid0x000012ac] [debug] SyncWithDA(): DA_REPORT: NAND: m_nand_flash_id(0x0000)="[SAMSUNG] K9F5608Q0C"                       
[0000937] [15:44:37:830109] [Tid0x000012ac] [debug] SyncWithDA(): DA_REPORT: NAND: m_nand_flash_size(0x0000000000000000)                        
[0000938] [15:44:37:830109] [Tid0x000012ac] [debug] SyncWithDA(): DA_REPORT: NAND: m_nand_flash_id_count(0x0000)                        
[0000939] [15:44:37:830109] [Tid0x000012ac] [debug] SyncWithDA(): DA_REPORT: NAND: m_nand_pagesize(0)                                  
[0000940] [15:44:37:830109] [Tid0x000012ac] [debug] SyncWithDA(): DA_REPORT: NAND: m_nand_sparesize(0)                                 
[0000941] [15:44:37:830109] [Tid0x000012ac] [debug] SyncWithDA(): DA_REPORT: NAND: m_nand_pages_per_block(0)                           
[0000942] [15:44:37:830109] [Tid0x000012ac] [debug] SyncWithDA(): DA_REPORT: NAND: m_nand_io_interface( )                              
[0000943] [15:44:37:830109] [Tid0x000012ac] [debug] SyncWithDA(): DA_REPORT: NAND: m_nand_addr_cycle( )                                
[0000944] [15:44:37:830109] [Tid0x000012ac] [debug] SyncWithDA(): DA_REPORT: NAND: m_nand_bmt_exist( )                                
[0000945] [15:44:37:830109] [Tid0x000012ac] [debug] SyncWithDA(): DA_REPORT: eMMC: m_emmc_ret="S_DONE"(0)          
[0000946] [15:44:37:830109] [Tid0x000012ac] [debug] SyncWithDA(): DA_REPORT: eMMC: m_emmc_boot1_size(0x00400000)      
[0000947] [15:44:37:830109] [Tid0x000012ac] [debug] SyncWithDA(): DA_REPORT: eMMC: m_emmc_boot2_size(0x00400000)      
[0000948] [15:44:37:830109] [Tid0x000012ac] [debug] SyncWithDA(): DA_REPORT: eMMC: m_emmc_rpmb_size(0x00400000)       
[0000949] [15:44:37:830109] [Tid0x000012ac] [debug] SyncWithDA(): DA_REPORT: eMMC: m_emmc_gp1_size(0x00000000)        
[0000950] [15:44:37:830109] [Tid0x000012ac] [debug] SyncWithDA(): DA_REPORT: eMMC: m_emmc_gp2_size(0x00000000)        
[0000951] [15:44:37:830109] [Tid0x000012ac] [debug] SyncWithDA(): DA_REPORT: eMMC: m_emmc_gp3_size(0x00000000)        
[0000952] [15:44:37:830109] [Tid0x000012ac] [debug] SyncWithDA(): DA_REPORT: eMMC: m_emmc_gp4_size(0x00000000)        
[0000953] [15:44:37:830109] [Tid0x000012ac] [debug] SyncWithDA(): DA_REPORT: eMMC: m_emmc_ua_size(0x0000000747C00000)      
[0000954] [15:44:37:830109] [Tid0x000012ac] [debug] SyncWithDA(): DA_REPORT: eMMC: m_emmc_cid(0x47000115 0x4D423658 0x23FD0342 0x6F943DF2)      
[0000955] [15:44:37:830109] [Tid0x000012ac] [debug] DA_REPORT: eMMC: m_emmc_fwver(0x0  0x0  0x0  0x0  0x0  0x0  0x0  0x0 )      
[0000956] [15:44:37:830109] [Tid0x000012ac] [debug] SyncWithDA(): DA_REPORT: SDMMC: m_sdmmc_ret="S_DA_INVALID_STORAGE_TYPE"(3178)          
[0000957] [15:44:37:830109] [Tid0x000012ac] [debug] SyncWithDA(): DA_REPORT: SDMMC: m_sdmmc_ua_size(0x0000000000000000)      
[0000958] [15:44:37:830109] [Tid0x000012ac] [debug] SyncWithDA(): DA_REPORT: SDMMC: m_sdmmc_cid(0x00000000 0x00000000 0x00000000 0x00000000)      
[0000959] [15:44:37:830109] [Tid0x000012ac] [debug] SyncWithDA(): DA_REPORT: INT_RAM: m_int_sram_ret="S_DONE"(0)                         
[0000960] [15:44:37:830109] [Tid0x000012ac] [debug] SyncWithDA(): DA_REPORT: INT_RAM: m_int_sram_size(0x00000000)                           
[0000961] [15:44:37:830109] [Tid0x000012ac] [debug] SyncWithDA(): DA_REPORT: EXT_RAM: m_ext_ram_ret="S_DONE"(0)                          
[0000962] [15:44:37:830109] [Tid0x000012ac] [debug] SyncWithDA(): DA_REPORT: EXT_RAM: m_ext_ram_type(0x02)="HW_RAM_DRAM"                     
[0000963] [15:44:37:830109] [Tid0x000012ac] [debug] SyncWithDA(): DA_REPORT: EXT_RAM: m_ext_ram_chip_select(0x00)="CS_0"              
[0000964] [15:44:37:830109] [Tid0x000012ac] [debug] SyncWithDA(): DA_REPORT: EXT_RAM: m_ext_ram_size(0x80000000)                            
[0000965] [15:44:37:830109] [Tid0x000012ac] [debug] SyncWithDA(): DA_REPORT: RandomID: 0xE7384548 0x072A6AB3 0xD89D7810 0x9C7951FE
[0000966] [15:44:37:830109] [Tid0x000012ac] [debug] <--[C447] cflashtool_api::FlashTool_Connect_Download_DA
[0000967] [15:44:37:830109] [Tid0x000012ac] [debug] <--[C446] FlashTool_Connect_Download_DA
[0000968] [15:44:37:830109] [Tid0x000012ac] [debug] -->[C448] FlashTool_CheckUSBStatus #(api.cpp, line:1154)
[0000969] [15:44:37:830109] [Tid0x000012ac] [debug] -->[C449] cflashtool_api::FlashTool_CheckUSBStatus #(cflashtool_api.cpp, line:114)
[0000970] [15:44:37:830109] [Tid0x000012ac] [debug] <--[C449] cflashtool_api::FlashTool_CheckUSBStatus
[0000971] [15:44:37:830109] [Tid0x000012ac] [debug] <--[C448] FlashTool_CheckUSBStatus
[0000972] [15:44:37:830109] [Tid0x000012ac] [debug] -->[C450] FlashTool_CheckUSBStatus #(api.cpp, line:1154)
[0000973] [15:44:37:830109] [Tid0x000012ac] [debug] -->[C451] cflashtool_api::FlashTool_CheckUSBStatus #(cflashtool_api.cpp, line:114)
[0000974] [15:44:37:845730] [Tid0x000012ac] [debug] <--[C451] cflashtool_api::FlashTool_CheckUSBStatus
[0000975] [15:44:37:845730] [Tid0x000012ac] [debug] <--[C450] FlashTool_CheckUSBStatus
[0000976] [15:44:37:845730] [Tid0x000012ac] [debug] -->[C452] FlashTool_GetReservedRomSize #(api.cpp, line:1677)
[0000977] [15:44:37:845730] [Tid0x000012ac] [debug] <--[C452] FlashTool_GetReservedRomSize
[0000978] [15:44:37:845730] [Tid0x000012ac] [debug] -->[C453] FlashTool_Format #(api.cpp, line:1346)
[0000979] [15:44:37:845730] [Tid0x000012ac] [debug] -->[C454] cflashtool_api::FlashTool_Format #(cflashtool_api.cpp, line:662)
[0000980] [15:44:37:892604] [Tid0x000012ac] [debug] <--[C454] cflashtool_api::FlashTool_Format
[0000981] [15:44:37:892604] [Tid0x000012ac] [debug] <--[C453] FlashTool_Format
[0000982] [15:44:37:892604] [Tid0x000012ac] [debug] -->[C455] FlashTool_GetReservedRomSize #(api.cpp, line:1677)
[0000983] [15:44:37:892604] [Tid0x000012ac] [debug] <--[C455] FlashTool_GetReservedRomSize
[0000984] [15:44:37:892604] [Tid0x000012ac] [debug] -->[C456] FlashTool_Format #(api.cpp, line:1346)
[0000985] [15:44:37:892604] [Tid0x000012ac] [debug] -->[C457] cflashtool_api::FlashTool_Format #(cflashtool_api.cpp, line:662)
[0000986] [15:44:37:923853] [Tid0x000012ac] [debug] <--[C457] cflashtool_api::FlashTool_Format
[0000987] [15:44:37:923853] [Tid0x000012ac] [debug] <--[C456] FlashTool_Format
[0000988] [15:44:37:923853] [Tid0x000012ac] [debug] -->[C458] FlashTool_GetReservedRomSize #(api.cpp, line:1677)
[0000989] [15:44:37:923853] [Tid0x000012ac] [debug] <--[C458] FlashTool_GetReservedRomSize
[0000990] [15:44:37:923853] [Tid0x000012ac] [debug] -->[C459] FlashTool_Format #(api.cpp, line:1346)
[0000991] [15:44:37:923853] [Tid0x000012ac] [debug] -->[C460] cflashtool_api::FlashTool_Format #(cflashtool_api.cpp, line:662)
[0000992] [15:44:37:939478] [Tid0x000012ac] [debug] <--[C460] cflashtool_api::FlashTool_Format
[0000993] [15:44:37:939478] [Tid0x000012ac] [debug] <--[C459] FlashTool_Format
[0000994] [15:44:37:939478] [Tid0x000012ac] [debug] -->[C461] FlashTool_GetReservedRomSize #(api.cpp, line:1677)
[0000995] [15:44:37:939478] [Tid0x000012ac] [debug] <--[C461] FlashTool_GetReservedRomSize
[0000996] [15:44:37:939478] [Tid0x000012ac] [debug] -->[C462] FlashTool_Format #(api.cpp, line:1346)
[0000997] [15:44:37:939478] [Tid0x000012ac] [debug] -->[C463] cflashtool_api::FlashTool_Format #(cflashtool_api.cpp, line:662)
[0000998] [15:44:39:251936] [Tid0x000012ac] [debug] <--[C463] cflashtool_api::FlashTool_Format
[0000999] [15:44:39:251936] [Tid0x000012ac] [debug] <--[C462] FlashTool_Format
[0001000] [15:44:39:251936] [Tid0x000012ac] [debug] -->[C464] FlashTool_Download #(api.cpp, line:1300)
[0001001] [15:44:39:251936] [Tid0x000012ac] [debug] -->[C465] cflashtool_api::FlashTool_Download #(cflashtool_api.cpp, line:404)
[0001002] [15:44:39:251936] [Tid0x000012ac] [debug] -->[C466] DL_GetCount #(api.cpp, line:2621)
[0001003] [15:44:39:251936] [Tid0x000012ac] [debug] <--[C466] DL_GetCount
[0001004] [15:44:39:251936] [Tid0x000012ac] [debug] -->[C467] DL_Rom_GetInfoAll #(api.cpp, line:2786)
[0001005] [15:44:39:251936] [Tid0x000012ac] [debug] <--[C467] DL_Rom_GetInfoAll
[0001006] [15:48:25:667075] [Tid0x000012ac] [debug] <--[C465] cflashtool_api::FlashTool_Download
[0001007] [15:48:25:667075] [Tid0x000012ac] [debug] <--[C464] FlashTool_Download
[0001008] [15:48:25:667075] [Tid0x000012ac] [debug] -->[C468] DL_GetCount #(api.cpp, line:2621)
[0001009] [15:48:25:667075] [Tid0x000012ac] [debug] <--[C468] DL_GetCount
[0001010] [15:48:25:667075] [Tid0x000012ac] [debug] -->[C469] DL_Rom_GetInfoAll #(api.cpp, line:2786)
[0001011] [15:48:25:667075] [Tid0x000012ac] [debug] <--[C469] DL_Rom_GetInfoAll
[0001012] [15:48:25:667075] [Tid0x000012ac] [debug] -->[C470] FlashTool_Disconnect #(api.cpp, line:1033)
[0001013] [15:48:25:667075] [Tid0x000012ac] [debug] -->[C471] cflashtool_api::FlashTool_Disconnect #(cflashtool_api.cpp, line:34)
[0001014] [15:48:25:729580] [Tid0x000012ac] [debug] -->[C472] DL_ClearFTHandle #(api.cpp, line:2545)
[0001015] [15:48:25:729580] [Tid0x000012ac] [debug] <--[C472] DL_ClearFTHandle
[0001016] [15:48:25:729580] [Tid0x000012ac] [debug] <--[C471] cflashtool_api::FlashTool_Disconnect
[0001017] [15:48:25:729580] [Tid0x000012ac] [debug] <--[C470] FlashTool_Disconnect
[0001018] [15:54:05:488832] [Tid0x000012dc] [debug] -->[C473] DL_Rom_UnloadAll #(api.cpp, line:2829)
[0001019] [15:54:05:504453] [Tid0x000012dc] [debug] <--[C473] DL_Rom_UnloadAll
